[ 2016-09-25T17:14:54+08:00 ] 127.0.0.1 /
INFO: [ app_init ] --START--
INFO: Run Behavior\BuildLiteBehavior [ RunTime:0.000000s ]
INFO: [ app_init ] --END-- [ RunTime:0.008000s ]
INFO: [ app_begin ] --START--
INFO: Run Behavior\ReadHtmlCacheBehavior [ RunTime:0.002000s ]
INFO: [ app_begin ] --END-- [ RunTime:0.002000s ]
SQL: SHOW COLUMNS FROM `m_users` [ RunTime:0.0610s ]
SQL: SHOW COLUMNS FROM `m_users` [ RunTime:0.0020s ]
SQL: SELECT * FROM `m_users` WHERE `id` = null LIMIT 1   [ RunTime:0.0000s ]
SQL: SHOW COLUMNS FROM `m_article_category` [ RunTime:0.0520s ]
SQL: SHOW COLUMNS FROM `m_article_category` [ RunTime:0.0020s ]
SQL: SELECT * FROM `m_article_category` WHERE `channel_id` = 7 AND `parent_id` = 0 AND `is_top` = 2  [ RunTime:0.0010s ]
SQL: SHOW COLUMNS FROM `m_article` [ RunTime:0.0640s ]
SQL: select id,link_url,img_url,title from m_article a where exists( select articleid from m_art_cat_relation acr where categoryid=74 and articleid=a.id) order by  sort_id desc limit 1 [ RunTime:0.0660s ]
SQL: select id,link_url,img_url,title from m_article a where exists( select articleid from m_art_cat_relation acr where categoryid=75 and articleid=a.id) order by  sort_id desc limit 3 [ RunTime:0.0020s ]
SQL: select id,link_url,img_url,title from m_article a where exists( select articleid from m_art_cat_relation acr where categoryid=76 and articleid=a.id) order by  sort_id desc limit 3 [ RunTime:0.0010s ]
SQL: select id,link_url,img_url,title from m_article a where exists( select articleid from m_art_cat_relation acr where categoryid=77 and articleid=a.id) order by  sort_id desc limit 1 [ RunTime:0.0010s ]
SQL: select id,link_url,img_url,title from m_article a where exists( select articleid from m_art_cat_relation acr where categoryid=78 and articleid=a.id) order by  sort_id desc limit 1 [ RunTime:0.0010s ]
SQL: select id,link_url,img_url,title from m_article a where exists( select articleid from m_art_cat_relation acr where categoryid=79 and articleid=a.id) order by  sort_id desc limit 1 [ RunTime:0.0010s ]
SQL: select id,link_url,img_url,title from m_article a where exists( select articleid from m_art_cat_relation acr where categoryid=80 and articleid=a.id) order by  sort_id desc limit 1 [ RunTime:0.0020s ]
SQL: select id,link_url,img_url,title from m_article a where exists( select articleid from m_art_cat_relation acr where categoryid=81 and articleid=a.id) order by  sort_id desc limit 1 [ RunTime:0.0020s ]
SQL: select id,link_url,img_url,title from m_article a where exists( select articleid from m_art_cat_relation acr where categoryid=82 and articleid=a.id) order by  sort_id desc limit 1 [ RunTime:0.0020s ]
SQL: select a.id,a.img_url,b.market_price,b.sell_price,a.title FROM m_article as a,m_article_attribute_value as b  WHERE a.id=b.article_id AND a.channel_id=7 AND status=0 AND is_hot=1 ORDER BY RAND() limit 8 [ RunTime:0.0510s ]
SQL: SELECT * FROM `m_article_category` WHERE `is_rec` = 2 AND `channel_id` = 7 AND `parent_id` = 0 LIMIT 5   [ RunTime:0.0000s ]
SQL: SELECT * FROM `m_article_category` WHERE `is_rec` = 2 AND `channel_id` = 7 AND `parent_id` = 0 LIMIT 5   [ RunTime:0.0000s ]
SQL: SELECT `id`,`title`,`channel_id` FROM `m_article_category` WHERE `parent_id` = 64  [ RunTime:0.0000s ]
NOTIC: [8] Undefined index: child_str D:\wamp\www\hsc_mall\Apps\Home\Model\ArticleModel.class.php 第 77 行.
SQL: SHOW COLUMNS FROM `m_art_cat_relation` [ RunTime:0.0020s ]
SQL: SELECT `articleid` FROM `m_art_cat_relation` WHERE `categoryid` IN ('94')  [ RunTime:0.0000s ]
NOTIC: [8] Undefined index: article_str D:\wamp\www\hsc_mall\Apps\Home\Model\ArticleModel.class.php 第 81 行.
SQL: SHOW COLUMNS FROM `m_article` [ RunTime:0.0020s ]
SQL: SELECT a.id,a.title,b.market_price,a.img_url,b.stock_quantity FROM m_article a,m_article_attribute_value b WHERE ( id in (93) AND a.channel_id=7 AND is_red=1 AND status=0 AND a.id=b.article_id ) LIMIT 24   [ RunTime:0.0010s ]
SQL: SHOW COLUMNS FROM `m_article` [ RunTime:0.0020s ]
SQL: SELECT a.id,a.title,b.market_price,a.img_url,b.stock_quantity FROM m_article a,m_article_attribute_value b WHERE ( id in (93,94) AND a.channel_id=7 AND is_red=1 AND status=0 AND a.id=b.article_id ) LIMIT 24   [ RunTime:0.0000s ]
SQL: SHOW COLUMNS FROM `m_article` [ RunTime:0.0020s ]
SQL: SELECT a.id,a.title,b.market_price,a.img_url,b.stock_quantity FROM m_article a,m_article_attribute_value b WHERE ( id in (93,94,91) AND a.channel_id=7 AND is_red=1 AND status=0 AND a.id=b.article_id ) LIMIT 24   [ RunTime:0.0010s ]
SQL: SHOW COLUMNS FROM `m_article` [ RunTime:0.0010s ]
SQL: SELECT a.id,a.title,b.market_price,a.img_url,b.stock_quantity FROM m_article a,m_article_attribute_value b WHERE ( id in (93,94,91,90) AND a.channel_id=7 AND is_red=1 AND status=0 AND a.id=b.article_id ) LIMIT 24   [ RunTime:0.0000s ]
SQL: SHOW COLUMNS FROM `m_article` [ RunTime:0.0010s ]
SQL: SELECT a.id,a.title,b.market_price,a.img_url,b.stock_quantity FROM m_article a,m_article_attribute_value b WHERE ( id in (93,94,91,90,87) AND a.channel_id=7 AND is_red=1 AND status=0 AND a.id=b.article_id ) LIMIT 24   [ RunTime:0.0010s ]
SQL: SELECT `articleid` FROM `m_art_cat_relation` WHERE `categoryid` IN ('94','95')  [ RunTime:0.0000s ]
SQL: SHOW COLUMNS FROM `m_article` [ RunTime:0.0010s ]
SQL: SELECT a.id,a.title,b.market_price,a.img_url,b.stock_quantity FROM m_article a,m_article_attribute_value b WHERE ( id in (93,94,91,90,87,93) AND a.channel_id=7 AND is_red=1 AND status=0 AND a.id=b.article_id ) LIMIT 24   [ RunTime:0.0010s ]
SQL: SHOW COLUMNS FROM `m_article` [ RunTime:0.0020s ]
SQL: SELECT a.id,a.title,b.market_price,a.img_url,b.stock_quantity FROM m_article a,m_article_attribute_value b WHERE ( id in (93,94,91,90,87,93,93) AND a.channel_id=7 AND is_red=1 AND status=0 AND a.id=b.article_id ) LIMIT 24   [ RunTime:0.0010s ]
SQL: SHOW COLUMNS FROM `m_article` [ RunTime:0.0020s ]
SQL: SELECT a.id,a.title,b.market_price,a.img_url,b.stock_quantity FROM m_article a,m_article_attribute_value b WHERE ( id in (93,94,91,90,87,93,93,94) AND a.channel_id=7 AND is_red=1 AND status=0 AND a.id=b.article_id ) LIMIT 24   [ RunTime:0.0000s ]
SQL: SHOW COLUMNS FROM `m_article` [ RunTime:0.0020s ]
SQL: SELECT a.id,a.title,b.market_price,a.img_url,b.stock_quantity FROM m_article a,m_article_attribute_value b WHERE ( id in (93,94,91,90,87,93,93,94,101) AND a.channel_id=7 AND is_red=1 AND status=0 AND a.id=b.article_id ) LIMIT 24   [ RunTime:0.0000s ]
SQL: SHOW COLUMNS FROM `m_article` [ RunTime:0.0020s ]
SQL: SELECT a.id,a.title,b.market_price,a.img_url,b.stock_quantity FROM m_article a,m_article_attribute_value b WHERE ( id in (93,94,91,90,87,93,93,94,101,91) AND a.channel_id=7 AND is_red=1 AND status=0 AND a.id=b.article_id ) LIMIT 24   [ RunTime:0.0000s ]
SQL: SHOW COLUMNS FROM `m_article` [ RunTime:0.0020s ]
SQL: SELECT a.id,a.title,b.market_price,a.img_url,b.stock_quantity FROM m_article a,m_article_attribute_value b WHERE ( id in (93,94,91,90,87,93,93,94,101,91,92) AND a.channel_id=7 AND is_red=1 AND status=0 AND a.id=b.article_id ) LIMIT 24   [ RunTime:0.0010s ]
SQL: SHOW COLUMNS FROM `m_article` [ RunTime:0.0020s ]
SQL: SELECT a.id,a.title,b.market_price,a.img_url,b.stock_quantity FROM m_article a,m_article_attribute_value b WHERE ( id in (93,94,91,90,87,93,93,94,101,91,92,90) AND a.channel_id=7 AND is_red=1 AND status=0 AND a.id=b.article_id ) LIMIT 24   [ RunTime:0.0000s ]
SQL: SHOW COLUMNS FROM `m_article` [ RunTime:0.0010s ]
SQL: SELECT a.id,a.title,b.market_price,a.img_url,b.stock_quantity FROM m_article a,m_article_attribute_value b WHERE ( id in (93,94,91,90,87,93,93,94,101,91,92,90,90) AND a.channel_id=7 AND is_red=1 AND status=0 AND a.id=b.article_id ) LIMIT 24   [ RunTime:0.0000s ]
SQL: SHOW COLUMNS FROM `m_article` [ RunTime:0.0010s ]
SQL: SELECT a.id,a.title,b.market_price,a.img_url,b.stock_quantity FROM m_article a,m_article_attribute_value b WHERE ( id in (93,94,91,90,87,93,93,94,101,91,92,90,90,87) AND a.channel_id=7 AND is_red=1 AND status=0 AND a.id=b.article_id ) LIMIT 24   [ RunTime:0.0010s ]
SQL: SHOW COLUMNS FROM `m_article` [ RunTime:0.0020s ]
SQL: SELECT a.id,a.title,b.market_price,a.img_url,b.stock_quantity FROM m_article a,m_article_attribute_value b WHERE ( id in (93,94,91,90,87,93,93,94,101,91,92,90,90,87,87) AND a.channel_id=7 AND is_red=1 AND status=0 AND a.id=b.article_id ) LIMIT 24   [ RunTime:0.0000s ]
SQL: SELECT `id`,`title`,`channel_id` FROM `m_article_category` WHERE `parent_id` = 65  [ RunTime:0.0000s ]
NOTIC: [8] Undefined index: child_str D:\wamp\www\hsc_mall\Apps\Home\Model\ArticleModel.class.php 第 77 行.
SQL: SELECT `articleid` FROM `m_art_cat_relation` WHERE `categoryid` IN ('92')  [ RunTime:0.0010s ]
NOTIC: [8] Undefined index: article_str D:\wamp\www\hsc_mall\Apps\Home\Model\ArticleModel.class.php 第 81 行.
SQL: SHOW COLUMNS FROM `m_article` [ RunTime:0.0020s ]
SQL: SELECT a.id,a.title,b.market_price,a.img_url,b.stock_quantity FROM m_article a,m_article_attribute_value b WHERE ( id in (90) AND a.channel_id=7 AND is_red=1 AND status=0 AND a.id=b.article_id ) LIMIT 24   [ RunTime:0.0000s ]
SQL: SHOW COLUMNS FROM `m_article` [ RunTime:0.0020s ]
SQL: SELECT a.id,a.title,b.market_price,a.img_url,b.stock_quantity FROM m_article a,m_article_attribute_value b WHERE ( id in (90,87) AND a.channel_id=7 AND is_red=1 AND status=0 AND a.id=b.article_id ) LIMIT 24   [ RunTime:0.0000s ]
SQL: SELECT `articleid` FROM `m_art_cat_relation` WHERE `categoryid` IN ('92','93')  [ RunTime:0.0000s ]
SQL: SHOW COLUMNS FROM `m_article` [ RunTime:0.0030s ]
SQL: SELECT a.id,a.title,b.market_price,a.img_url,b.stock_quantity FROM m_article a,m_article_attribute_value b WHERE ( id in (90,87,101) AND a.channel_id=7 AND is_red=1 AND status=0 AND a.id=b.article_id ) LIMIT 24   [ RunTime:0.0010s ]
SQL: SHOW COLUMNS FROM `m_article` [ RunTime:0.0030s ]
SQL: SELECT a.id,a.title,b.market_price,a.img_url,b.stock_quantity FROM m_article a,m_article_attribute_value b WHERE ( id in (90,87,101,90) AND a.channel_id=7 AND is_red=1 AND status=0 AND a.id=b.article_id ) LIMIT 24   [ RunTime:0.0010s ]
SQL: SHOW COLUMNS FROM `m_article` [ RunTime:0.0040s ]
SQL: SELECT a.id,a.title,b.market_price,a.img_url,b.stock_quantity FROM m_article a,m_article_attribute_value b WHERE ( id in (90,87,101,90,87) AND a.channel_id=7 AND is_red=1 AND status=0 AND a.id=b.article_id ) LIMIT 24   [ RunTime:0.0010s ]
SQL: SELECT `id`,`title`,`channel_id` FROM `m_article_category` WHERE `parent_id` = 83  [ RunTime:0.0010s ]
NOTIC: [8] Undefined index: child_str D:\wamp\www\hsc_mall\Apps\Home\Model\ArticleModel.class.php 第 77 行.
SQL: SELECT `articleid` FROM `m_art_cat_relation` WHERE `categoryid` IN ('84')  [ RunTime:0.0000s ]
NOTIC: [8] Undefined index: article_str D:\wamp\www\hsc_mall\Apps\Home\Model\ArticleModel.class.php 第 81 行.
SQL: SHOW COLUMNS FROM `m_article` [ RunTime:0.0020s ]
SQL: SELECT a.id,a.title,b.market_price,a.img_url,b.stock_quantity FROM m_article a,m_article_attribute_value b WHERE ( id in (91) AND a.channel_id=7 AND is_red=1 AND status=0 AND a.id=b.article_id ) LIMIT 24   [ RunTime:0.0000s ]
SQL: SHOW COLUMNS FROM `m_article` [ RunTime:0.0020s ]
SQL: SELECT a.id,a.title,b.market_price,a.img_url,b.stock_quantity FROM m_article a,m_article_attribute_value b WHERE ( id in (91,87) AND a.channel_id=7 AND is_red=1 AND status=0 AND a.id=b.article_id ) LIMIT 24   [ RunTime:0.0000s ]
SQL: SELECT `articleid` FROM `m_art_cat_relation` WHERE `categoryid` IN ('84','85')  [ RunTime:0.0000s ]
SQL: SHOW COLUMNS FROM `m_article` [ RunTime:0.0020s ]
SQL: SELECT a.id,a.title,b.market_price,a.img_url,b.stock_quantity FROM m_article a,m_article_attribute_value b WHERE ( id in (91,87,91) AND a.channel_id=7 AND is_red=1 AND status=0 AND a.id=b.article_id ) LIMIT 24   [ RunTime:0.0000s ]
SQL: SHOW COLUMNS FROM `m_article` [ RunTime:0.0020s ]
SQL: SELECT a.id,a.title,b.market_price,a.img_url,b.stock_quantity FROM m_article a,m_article_attribute_value b WHERE ( id in (91,87,91,87) AND a.channel_id=7 AND is_red=1 AND status=0 AND a.id=b.article_id ) LIMIT 24   [ RunTime:0.0010s ]
SQL: SHOW COLUMNS FROM `m_article` [ RunTime:0.0020s ]
SQL: SELECT a.id,a.title,b.market_price,a.img_url,b.stock_quantity FROM m_article a,m_article_attribute_value b WHERE ( id in (91,87,91,87,87) AND a.channel_id=7 AND is_red=1 AND status=0 AND a.id=b.article_id ) LIMIT 24   [ RunTime:0.0000s ]
SQL: SELECT `articleid` FROM `m_art_cat_relation` WHERE `categoryid` IN ('84','85','86')  [ RunTime:0.0000s ]
SQL: SHOW COLUMNS FROM `m_article` [ RunTime:0.0020s ]
SQL: SELECT a.id,a.title,b.market_price,a.img_url,b.stock_quantity FROM m_article a,m_article_attribute_value b WHERE ( id in (91,87,91,87,87,91) AND a.channel_id=7 AND is_red=1 AND status=0 AND a.id=b.article_id ) LIMIT 24   [ RunTime:0.0010s ]
SQL: SHOW COLUMNS FROM `m_article` [ RunTime:0.0020s ]
SQL: SELECT a.id,a.title,b.market_price,a.img_url,b.stock_quantity FROM m_article a,m_article_attribute_value b WHERE ( id in (91,87,91,87,87,91,87) AND a.channel_id=7 AND is_red=1 AND status=0 AND a.id=b.article_id ) LIMIT 24   [ RunTime:0.0010s ]
SQL: SHOW COLUMNS FROM `m_article` [ RunTime:0.0020s ]
SQL: SELECT a.id,a.title,b.market_price,a.img_url,b.stock_quantity FROM m_article a,m_article_attribute_value b WHERE ( id in (91,87,91,87,87,91,87,87) AND a.channel_id=7 AND is_red=1 AND status=0 AND a.id=b.article_id ) LIMIT 24   [ RunTime:0.0000s ]
SQL: SHOW COLUMNS FROM `m_article` [ RunTime:0.0020s ]
SQL: SELECT a.id,a.title,b.market_price,a.img_url,b.stock_quantity FROM m_article a,m_article_attribute_value b WHERE ( id in (91,87,91,87,87,91,87,87,87) AND a.channel_id=7 AND is_red=1 AND status=0 AND a.id=b.article_id ) LIMIT 24   [ RunTime:0.0000s ]
SQL: SELECT `id`,`title`,`channel_id` FROM `m_article_category` WHERE `parent_id` = 87  [ RunTime:0.0000s ]
NOTIC: [8] Undefined index: child_str D:\wamp\www\hsc_mall\Apps\Home\Model\ArticleModel.class.php 第 77 行.
SQL: SELECT `articleid` FROM `m_art_cat_relation` WHERE `categoryid` IN ('88')  [ RunTime:0.0000s ]
NOTIC: [8] Undefined index: article_str D:\wamp\www\hsc_mall\Apps\Home\Model\ArticleModel.class.php 第 81 行.
SQL: SHOW COLUMNS FROM `m_article` [ RunTime:0.0010s ]
SQL: SELECT a.id,a.title,b.market_price,a.img_url,b.stock_quantity FROM m_article a,m_article_attribute_value b WHERE ( id in (90) AND a.channel_id=7 AND is_red=1 AND status=0 AND a.id=b.article_id ) LIMIT 24   [ RunTime:0.0000s ]
SQL: SELECT `articleid` FROM `m_art_cat_relation` WHERE `categoryid` IN ('88','89')  [ RunTime:0.0000s ]
SQL: SHOW COLUMNS FROM `m_article` [ RunTime:0.0020s ]
SQL: SELECT a.id,a.title,b.market_price,a.img_url,b.stock_quantity FROM m_article a,m_article_attribute_value b WHERE ( id in (90,90) AND a.channel_id=7 AND is_red=1 AND status=0 AND a.id=b.article_id ) LIMIT 24   [ RunTime:0.0000s ]
SQL: SELECT `articleid` FROM `m_art_cat_relation` WHERE `categoryid` IN ('88','89','90')  [ RunTime:0.0010s ]
SQL: SHOW COLUMNS FROM `m_article` [ RunTime:0.0010s ]
SQL: SELECT a.id,a.title,b.market_price,a.img_url,b.stock_quantity FROM m_article a,m_article_attribute_value b WHERE ( id in (90,90,90) AND a.channel_id=7 AND is_red=1 AND status=0 AND a.id=b.article_id ) LIMIT 24   [ RunTime:0.0000s ]
SQL: SELECT `articleid` FROM `m_art_cat_relation` WHERE `categoryid` IN ('88','89','90','91')  [ RunTime:0.0000s ]
SQL: SHOW COLUMNS FROM `m_article` [ RunTime:0.0020s ]
SQL: SELECT a.id,a.title,b.market_price,a.img_url,b.stock_quantity FROM m_article a,m_article_attribute_value b WHERE ( id in (90,90,90,90) AND a.channel_id=7 AND is_red=1 AND status=0 AND a.id=b.article_id ) LIMIT 24   [ RunTime:0.0010s ]
SQL: SELECT `id`,`title`,`channel_id` FROM `m_article_category` WHERE `parent_id` = 96  [ RunTime:0.0000s ]
NOTIC: [8] Undefined index: child_str D:\wamp\www\hsc_mall\Apps\Home\Model\ArticleModel.class.php 第 77 行.
SQL: SELECT `articleid` FROM `m_art_cat_relation` WHERE `categoryid` IN ('98')  [ RunTime:0.0000s ]
NOTIC: [8] Undefined index: article_str D:\wamp\www\hsc_mall\Apps\Home\Model\ArticleModel.class.php 第 81 行.
SQL: SHOW COLUMNS FROM `m_article` [ RunTime:0.0030s ]
SQL: SELECT a.id,a.title,b.market_price,a.img_url,b.stock_quantity FROM m_article a,m_article_attribute_value b WHERE ( id in (90) AND a.channel_id=7 AND is_red=1 AND status=0 AND a.id=b.article_id ) LIMIT 24   [ RunTime:0.0010s ]
SQL: SELECT `articleid` FROM `m_art_cat_relation` WHERE `categoryid` IN ('98','99')  [ RunTime:0.0000s ]
SQL: SHOW COLUMNS FROM `m_article` [ RunTime:0.0010s ]
SQL: SELECT a.id,a.title,b.market_price,a.img_url,b.stock_quantity FROM m_article a,m_article_attribute_value b WHERE ( id in (90,101) AND a.channel_id=7 AND is_red=1 AND status=0 AND a.id=b.article_id ) LIMIT 24   [ RunTime:0.0010s ]
SQL: SHOW COLUMNS FROM `m_article` [ RunTime:0.0020s ]
SQL: SELECT a.id,a.title,b.market_price,a.img_url,b.stock_quantity FROM m_article a,m_article_attribute_value b WHERE ( id in (90,101,90) AND a.channel_id=7 AND is_red=1 AND status=0 AND a.id=b.article_id ) LIMIT 24   [ RunTime:0.0000s ]
SQL: SHOW COLUMNS FROM `m_article` [ RunTime:0.0020s ]
SQL: SELECT a.id,a.title,b.market_price,a.img_url,b.stock_quantity FROM m_article a,m_article_attribute_value b WHERE ( id in (90,101,90,87) AND a.channel_id=7 AND is_red=1 AND status=0 AND a.id=b.article_id ) LIMIT 24   [ RunTime:0.0000s ]
INFO: [ view_parse ] --START--
INFO: [ template_filter ] --START--
INFO: Run Behavior\ContentReplaceBehavior [ RunTime:0.000000s ]
INFO: [ template_filter ] --END-- [ RunTime:0.000000s ]
NOTIC: [8] Undefined index: USERS D:\wamp\www\hsc_mall\Apps\Runtime\Cache\Home\400c995c330f1f6ecac6b9102849eb7e.php 第 851 行.
INFO: Run Behavior\ParseTemplateBehavior [ RunTime:0.106006s ]
INFO: [ view_parse ] --END-- [ RunTime:0.106006s ]
INFO: [ view_filter ] --START--
INFO: Run Behavior\WriteHtmlCacheBehavior [ RunTime:0.007000s ]
INFO: [ view_filter ] --END-- [ RunTime:0.007000s ]
INFO: [ app_end ] --START--
INFO: Run Behavior\ShowPageTraceBehavior [ RunTime:0.025002s ]
INFO: [ app_end ] --END-- [ RunTime:0.025002s ]

[ 2016-09-25T17:14:56+08:00 ] 127.0.0.1 /index.php/Home/Goods/index/id/61.html
INFO: [ app_init ] --START--
INFO: Run Behavior\BuildLiteBehavior [ RunTime:0.000000s ]
INFO: [ app_init ] --END-- [ RunTime:0.001000s ]
INFO: [ app_begin ] --START--
INFO: Run Behavior\ReadHtmlCacheBehavior [ RunTime:0.001000s ]
INFO: [ app_begin ] --END-- [ RunTime:0.001000s ]
SQL: SHOW COLUMNS FROM `m_users` [ RunTime:0.0020s ]
SQL: SHOW COLUMNS FROM `m_users` [ RunTime:0.0020s ]
SQL: SELECT * FROM `m_users` WHERE `id` = null LIMIT 1   [ RunTime:0.0000s ]
SQL: SHOW COLUMNS FROM `m_article_category` [ RunTime:0.0020s ]
SQL: SHOW COLUMNS FROM `m_article_category` [ RunTime:0.0020s ]
SQL: SELECT * FROM `m_article_category` WHERE `channel_id` = 7 AND `parent_id` = 0 AND `is_top` = 2  [ RunTime:0.0000s ]
SQL: SHOW COLUMNS FROM `m_article` [ RunTime:0.0020s ]
SQL: select id,link_url,img_url,title from m_article a where exists( select articleid from m_art_cat_relation acr where categoryid=74 and articleid=a.id) order by  sort_id desc limit 1 [ RunTime:0.0020s ]
SQL: SELECT * FROM `m_article_category` WHERE `parent_id` = 61 ORDER BY sort_id asc  [ RunTime:0.0000s ]
SQL: SELECT * FROM `m_article_category` WHERE `parent_id` = 97 ORDER BY sort_id asc  [ RunTime:0.0000s ]
SQL: SELECT * FROM `m_article_category` WHERE `parent_id` = 107 ORDER BY sort_id asc  [ RunTime:0.0010s ]
NOTIC: [8] Undefined offset: 0 D:\wamp\www\hsc_mall\Apps\Home\Action\GoodsAction.class.php 第 27 行.
NOTIC: [8] Undefined offset: 0 D:\wamp\www\hsc_mall\Apps\Home\Action\GoodsAction.class.php 第 27 行.
NOTIC: [8] Undefined offset: 0 D:\wamp\www\hsc_mall\Apps\Home\Action\GoodsAction.class.php 第 27 行.
NOTIC: [8] Undefined offset: 0 D:\wamp\www\hsc_mall\Apps\Home\Action\GoodsAction.class.php 第 27 行.
NOTIC: [8] Uninitialized string offset: 0 D:\wamp\www\hsc_mall\Apps\Home\Action\GoodsAction.class.php 第 38 行.
NOTIC: [8] Undefined index: three D:\wamp\www\hsc_mall\Apps\Home\Action\GoodsAction.class.php 第 72 行.
NOTIC: [8] Undefined index: three D:\wamp\www\hsc_mall\Apps\Home\Action\GoodsAction.class.php 第 72 行.
INFO: [ view_parse ] --START--
INFO: [ template_filter ] --START--
INFO: Run Behavior\ContentReplaceBehavior [ RunTime:0.000000s ]
INFO: [ template_filter ] --END-- [ RunTime:0.000000s ]
NOTIC: [8] Undefined variable: type D:\wamp\www\hsc_mall\Apps\Runtime\Cache\Home\9f37a52cf12560a23b6a2158d9c39780.php 第 142 行.
NOTIC: [8] Undefined variable: seek D:\wamp\www\hsc_mall\Apps\Runtime\Cache\Home\9f37a52cf12560a23b6a2158d9c39780.php 第 148 行.
NOTIC: [8] Undefined index: three D:\wamp\www\hsc_mall\Apps\Runtime\Cache\Home\9f37a52cf12560a23b6a2158d9c39780.php 第 149 行.
NOTIC: [8] Undefined variable: seek D:\wamp\www\hsc_mall\Apps\Runtime\Cache\Home\9f37a52cf12560a23b6a2158d9c39780.php 第 148 行.
NOTIC: [8] Undefined index: three D:\wamp\www\hsc_mall\Apps\Runtime\Cache\Home\9f37a52cf12560a23b6a2158d9c39780.php 第 149 行.
NOTIC: [8] Undefined variable: type D:\wamp\www\hsc_mall\Apps\Runtime\Cache\Home\9f37a52cf12560a23b6a2158d9c39780.php 第 157 行.
NOTIC: [8] Undefined variable: type D:\wamp\www\hsc_mall\Apps\Runtime\Cache\Home\9f37a52cf12560a23b6a2158d9c39780.php 第 158 行.
NOTIC: [8] Undefined variable: type D:\wamp\www\hsc_mall\Apps\Runtime\Cache\Home\9f37a52cf12560a23b6a2158d9c39780.php 第 159 行.
NOTIC: [8] Undefined variable: type D:\wamp\www\hsc_mall\Apps\Runtime\Cache\Home\9f37a52cf12560a23b6a2158d9c39780.php 第 160 行.
NOTIC: [8] Undefined variable: list D:\wamp\www\hsc_mall\Apps\Runtime\Cache\Home\9f37a52cf12560a23b6a2158d9c39780.php 第 170 行.
NOTIC: [8] Undefined variable: list D:\wamp\www\hsc_mall\Apps\Runtime\Cache\Home\9f37a52cf12560a23b6a2158d9c39780.php 第 192 行.
NOTIC: [8] Undefined variable: like D:\wamp\www\hsc_mall\Apps\Runtime\Cache\Home\9f37a52cf12560a23b6a2158d9c39780.php 第 204 行.
NOTIC: [8] Undefined variable: Hot D:\wamp\www\hsc_mall\Apps\Runtime\Cache\Home\9f37a52cf12560a23b6a2158d9c39780.php 第 237 行.
NOTIC: [8] Undefined index: USERS D:\wamp\www\hsc_mall\Apps\Runtime\Cache\Home\9f37a52cf12560a23b6a2158d9c39780.php 第 503 行.
INFO: Run Behavior\ParseTemplateBehavior [ RunTime:0.043003s ]
INFO: [ view_parse ] --END-- [ RunTime:0.043003s ]
INFO: [ view_filter ] --START--
INFO: Run Behavior\WriteHtmlCacheBehavior [ RunTime:0.000000s ]
INFO: [ view_filter ] --END-- [ RunTime:0.000000s ]

[ 2016-09-25T17:34:42+08:00 ] 127.0.0.1 /index.php/Home/Goods/index/id/63.html
INFO: [ app_init ] --START--
INFO: Run Behavior\BuildLiteBehavior [ RunTime:0.000000s ]
INFO: [ app_init ] --END-- [ RunTime:0.001000s ]
INFO: [ app_begin ] --START--
INFO: Run Behavior\ReadHtmlCacheBehavior [ RunTime:0.000000s ]
INFO: [ app_begin ] --END-- [ RunTime:0.001000s ]
SQL: SHOW COLUMNS FROM `m_users` [ RunTime:0.0020s ]
SQL: SHOW COLUMNS FROM `m_users` [ RunTime:0.0020s ]
SQL: SELECT * FROM `m_users` WHERE `id` = null LIMIT 1   [ RunTime:0.0010s ]
SQL: SHOW COLUMNS FROM `m_article_category` [ RunTime:0.0020s ]
SQL: SHOW COLUMNS FROM `m_article_category` [ RunTime:0.0010s ]
SQL: SELECT * FROM `m_article_category` WHERE `channel_id` = 7 AND `parent_id` = 0 AND `is_top` = 2  [ RunTime:0.0000s ]
SQL: SHOW COLUMNS FROM `m_article` [ RunTime:0.0020s ]
SQL: select id,link_url,img_url,title from m_article a where exists( select articleid from m_art_cat_relation acr where categoryid=74 and articleid=a.id) order by  sort_id desc limit 1 [ RunTime:0.0030s ]
SQL: SELECT * FROM `m_article_category` WHERE `parent_id` = 63 ORDER BY sort_id asc  [ RunTime:0.0000s ]
NOTIC: [8] Uninitialized string offset: 0 D:\wamp\www\hsc_mall\Apps\Home\Action\GoodsAction.class.php 第 38 行.
SQL: SHOW COLUMNS FROM `m_article` [ RunTime:0.0020s ]
SQL: select count(*) counts from (select a.*,aa.market_price,aa.stock_quantity from m_art_cat_relation acr,m_article a,m_article_attribute_value aa where aa.article_id=a.id  and  a.id=acr.articleid and acr.categoryid in (63) group by a.id) as a [ RunTime:0.0040s ]
SQL: select a.*,aa.market_price,aa.stock_quantity from m_art_cat_relation acr,m_article a,m_article_attribute_value aa where aa.article_id=a.id  and  a.id=acr.articleid and acr.categoryid in (63) group by a.id limit 0,15 [ RunTime:0.0030s ]
SQL: select a.id,a.img_url,b.market_price,b.sell_price,a.title FROM m_article as a,m_article_attribute_value as b  WHERE a.id=b.article_id AND a.channel_id=7 AND status=0 AND is_hot=1 ORDER BY RAND() limit 5 [ RunTime:0.0010s ]
SQL: SELECT * FROM `m_article_category` WHERE `is_rec` = 2 AND `channel_id` = 7 AND `parent_id` = 0 LIMIT 5   [ RunTime:0.0000s ]
NOTIC: [8] Undefined variable: cookie D:\wamp\www\hsc_mall\Apps\Home\Action\GoodsAction.class.php 第 96 行.
SQL: select a.id,a.img_url,b.market_price,b.sell_price,a.title FROM m_article as a,m_article_attribute_value as b  WHERE a.id=b.article_id AND a.channel_id=7 AND status=0 ORDER BY RAND() limit 20 [ RunTime:0.0010s ]
INFO: [ view_parse ] --START--
INFO: [ template_filter ] --START--
INFO: Run Behavior\ContentReplaceBehavior [ RunTime:0.000000s ]
INFO: [ template_filter ] --END-- [ RunTime:0.000000s ]
NOTIC: [8] Undefined index: USERS D:\wamp\www\hsc_mall\Apps\Runtime\Cache\Home\9f37a52cf12560a23b6a2158d9c39780.php 第 503 行.
INFO: Run Behavior\ParseTemplateBehavior [ RunTime:0.039002s ]
INFO: [ view_parse ] --END-- [ RunTime:0.039002s ]
INFO: [ view_filter ] --START--
INFO: Run Behavior\WriteHtmlCacheBehavior [ RunTime:0.001000s ]
INFO: [ view_filter ] --END-- [ RunTime:0.001000s ]
INFO: [ app_end ] --START--
INFO: Run Behavior\ShowPageTraceBehavior [ RunTime:0.001000s ]
INFO: [ app_end ] --END-- [ RunTime:0.001000s ]

[ 2016-09-25T17:34:43+08:00 ] 127.0.0.1 /index.php/Home/Goods/index/id/64.html
INFO: [ app_init ] --START--
INFO: Run Behavior\BuildLiteBehavior [ RunTime:0.000000s ]
INFO: [ app_init ] --END-- [ RunTime:0.001000s ]
INFO: [ app_begin ] --START--
INFO: Run Behavior\ReadHtmlCacheBehavior [ RunTime:0.001000s ]
INFO: [ app_begin ] --END-- [ RunTime:0.001000s ]
SQL: SHOW COLUMNS FROM `m_users` [ RunTime:0.0030s ]
SQL: SHOW COLUMNS FROM `m_users` [ RunTime:0.0020s ]
SQL: SELECT * FROM `m_users` WHERE `id` = null LIMIT 1   [ RunTime:0.0000s ]
SQL: SHOW COLUMNS FROM `m_article_category` [ RunTime:0.0030s ]
SQL: SHOW COLUMNS FROM `m_article_category` [ RunTime:0.0020s ]
SQL: SELECT * FROM `m_article_category` WHERE `channel_id` = 7 AND `parent_id` = 0 AND `is_top` = 2  [ RunTime:0.0000s ]
SQL: SHOW COLUMNS FROM `m_article` [ RunTime:0.0030s ]
SQL: select id,link_url,img_url,title from m_article a where exists( select articleid from m_art_cat_relation acr where categoryid=74 and articleid=a.id) order by  sort_id desc limit 1 [ RunTime:0.0050s ]
SQL: SELECT * FROM `m_article_category` WHERE `parent_id` = 64 ORDER BY sort_id asc  [ RunTime:0.0000s ]
SQL: SELECT * FROM `m_article_category` WHERE `parent_id` = 94 ORDER BY sort_id asc  [ RunTime:0.0000s ]
SQL: SELECT * FROM `m_article_category` WHERE `parent_id` = 95 ORDER BY sort_id asc  [ RunTime:0.0000s ]
NOTIC: [8] Undefined offset: 0 D:\wamp\www\hsc_mall\Apps\Home\Action\GoodsAction.class.php 第 27 行.
NOTIC: [8] Undefined offset: 0 D:\wamp\www\hsc_mall\Apps\Home\Action\GoodsAction.class.php 第 27 行.
NOTIC: [8] Undefined offset: 0 D:\wamp\www\hsc_mall\Apps\Home\Action\GoodsAction.class.php 第 27 行.
NOTIC: [8] Undefined offset: 0 D:\wamp\www\hsc_mall\Apps\Home\Action\GoodsAction.class.php 第 27 行.
NOTIC: [8] Uninitialized string offset: 0 D:\wamp\www\hsc_mall\Apps\Home\Action\GoodsAction.class.php 第 38 行.
NOTIC: [8] Undefined index: three D:\wamp\www\hsc_mall\Apps\Home\Action\GoodsAction.class.php 第 72 行.
NOTIC: [8] Undefined index: three D:\wamp\www\hsc_mall\Apps\Home\Action\GoodsAction.class.php 第 72 行.
INFO: [ view_parse ] --START--
INFO: [ template_filter ] --START--
INFO: Run Behavior\ContentReplaceBehavior [ RunTime:0.001000s ]
INFO: [ template_filter ] --END-- [ RunTime:0.001000s ]
NOTIC: [8] Undefined variable: type D:\wamp\www\hsc_mall\Apps\Runtime\Cache\Home\9f37a52cf12560a23b6a2158d9c39780.php 第 142 行.
NOTIC: [8] Undefined variable: seek D:\wamp\www\hsc_mall\Apps\Runtime\Cache\Home\9f37a52cf12560a23b6a2158d9c39780.php 第 148 行.
NOTIC: [8] Undefined index: three D:\wamp\www\hsc_mall\Apps\Runtime\Cache\Home\9f37a52cf12560a23b6a2158d9c39780.php 第 149 行.
NOTIC: [8] Undefined variable: seek D:\wamp\www\hsc_mall\Apps\Runtime\Cache\Home\9f37a52cf12560a23b6a2158d9c39780.php 第 148 行.
NOTIC: [8] Undefined index: three D:\wamp\www\hsc_mall\Apps\Runtime\Cache\Home\9f37a52cf12560a23b6a2158d9c39780.php 第 149 行.
NOTIC: [8] Undefined variable: type D:\wamp\www\hsc_mall\Apps\Runtime\Cache\Home\9f37a52cf12560a23b6a2158d9c39780.php 第 157 行.
NOTIC: [8] Undefined variable: type D:\wamp\www\hsc_mall\Apps\Runtime\Cache\Home\9f37a52cf12560a23b6a2158d9c39780.php 第 158 行.
NOTIC: [8] Undefined variable: type D:\wamp\www\hsc_mall\Apps\Runtime\Cache\Home\9f37a52cf12560a23b6a2158d9c39780.php 第 159 行.
NOTIC: [8] Undefined variable: type D:\wamp\www\hsc_mall\Apps\Runtime\Cache\Home\9f37a52cf12560a23b6a2158d9c39780.php 第 160 行.
NOTIC: [8] Undefined variable: list D:\wamp\www\hsc_mall\Apps\Runtime\Cache\Home\9f37a52cf12560a23b6a2158d9c39780.php 第 170 行.
NOTIC: [8] Undefined variable: list D:\wamp\www\hsc_mall\Apps\Runtime\Cache\Home\9f37a52cf12560a23b6a2158d9c39780.php 第 192 行.
NOTIC: [8] Undefined variable: like D:\wamp\www\hsc_mall\Apps\Runtime\Cache\Home\9f37a52cf12560a23b6a2158d9c39780.php 第 204 行.
NOTIC: [8] Undefined variable: Hot D:\wamp\www\hsc_mall\Apps\Runtime\Cache\Home\9f37a52cf12560a23b6a2158d9c39780.php 第 237 行.
NOTIC: [8] Undefined index: USERS D:\wamp\www\hsc_mall\Apps\Runtime\Cache\Home\9f37a52cf12560a23b6a2158d9c39780.php 第 503 行.
INFO: Run Behavior\ParseTemplateBehavior [ RunTime:0.030001s ]
INFO: [ view_parse ] --END-- [ RunTime:0.030001s ]
INFO: [ view_filter ] --START--
INFO: Run Behavior\WriteHtmlCacheBehavior [ RunTime:0.001001s ]
INFO: [ view_filter ] --END-- [ RunTime:0.001001s ]

[ 2016-09-25T17:34:44+08:00 ] 127.0.0.1 /index.php/Home/Goods/index/id/66.html
INFO: [ app_init ] --START--
INFO: Run Behavior\BuildLiteBehavior [ RunTime:0.001000s ]
INFO: [ app_init ] --END-- [ RunTime:0.001000s ]
INFO: [ app_begin ] --START--
INFO: Run Behavior\ReadHtmlCacheBehavior [ RunTime:0.001000s ]
INFO: [ app_begin ] --END-- [ RunTime:0.001000s ]
SQL: SHOW COLUMNS FROM `m_users` [ RunTime:0.0020s ]
SQL: SHOW COLUMNS FROM `m_users` [ RunTime:0.0010s ]
SQL: SELECT * FROM `m_users` WHERE `id` = null LIMIT 1   [ RunTime:0.0000s ]
SQL: SHOW COLUMNS FROM `m_article_category` [ RunTime:0.0020s ]
SQL: SHOW COLUMNS FROM `m_article_category` [ RunTime:0.0010s ]
SQL: SELECT * FROM `m_article_category` WHERE `channel_id` = 7 AND `parent_id` = 0 AND `is_top` = 2  [ RunTime:0.0000s ]
SQL: SHOW COLUMNS FROM `m_article` [ RunTime:0.0010s ]
SQL: select id,link_url,img_url,title from m_article a where exists( select articleid from m_art_cat_relation acr where categoryid=74 and articleid=a.id) order by  sort_id desc limit 1 [ RunTime:0.0020s ]
SQL: SELECT * FROM `m_article_category` WHERE `parent_id` = 66 ORDER BY sort_id asc  [ RunTime:0.0010s ]
NOTIC: [8] Uninitialized string offset: 0 D:\wamp\www\hsc_mall\Apps\Home\Action\GoodsAction.class.php 第 38 行.
SQL: SHOW COLUMNS FROM `m_article` [ RunTime:0.0020s ]
SQL: select count(*) counts from (select a.*,aa.market_price,aa.stock_quantity from m_art_cat_relation acr,m_article a,m_article_attribute_value aa where aa.article_id=a.id  and  a.id=acr.articleid and acr.categoryid in (66) group by a.id) as a [ RunTime:0.0030s ]
SQL: select a.*,aa.market_price,aa.stock_quantity from m_art_cat_relation acr,m_article a,m_article_attribute_value aa where aa.article_id=a.id  and  a.id=acr.articleid and acr.categoryid in (66) group by a.id limit 0,15 [ RunTime:0.0020s ]
SQL: select a.id,a.img_url,b.market_price,b.sell_price,a.title FROM m_article as a,m_article_attribute_value as b  WHERE a.id=b.article_id AND a.channel_id=7 AND status=0 AND is_hot=1 ORDER BY RAND() limit 5 [ RunTime:0.0010s ]
SQL: SELECT * FROM `m_article_category` WHERE `is_rec` = 2 AND `channel_id` = 7 AND `parent_id` = 0 LIMIT 5   [ RunTime:0.0000s ]
NOTIC: [8] Undefined variable: cookie D:\wamp\www\hsc_mall\Apps\Home\Action\GoodsAction.class.php 第 96 行.
SQL: select a.id,a.img_url,b.market_price,b.sell_price,a.title FROM m_article as a,m_article_attribute_value as b  WHERE a.id=b.article_id AND a.channel_id=7 AND status=0 ORDER BY RAND() limit 20 [ RunTime:0.0010s ]
INFO: [ view_parse ] --START--
INFO: [ template_filter ] --START--
INFO: Run Behavior\ContentReplaceBehavior [ RunTime:0.000000s ]
INFO: [ template_filter ] --END-- [ RunTime:0.000000s ]
NOTIC: [8] Undefined index: USERS D:\wamp\www\hsc_mall\Apps\Runtime\Cache\Home\9f37a52cf12560a23b6a2158d9c39780.php 第 503 行.
INFO: Run Behavior\ParseTemplateBehavior [ RunTime:0.042002s ]
INFO: [ view_parse ] --END-- [ RunTime:0.042002s ]
INFO: [ view_filter ] --START--
INFO: Run Behavior\WriteHtmlCacheBehavior [ RunTime:0.001000s ]
INFO: [ view_filter ] --END-- [ RunTime:0.001000s ]
INFO: [ app_end ] --START--
INFO: Run Behavior\ShowPageTraceBehavior [ RunTime:0.001000s ]
INFO: [ app_end ] --END-- [ RunTime:0.001000s ]

[ 2016-09-25T17:34:45+08:00 ] 127.0.0.1 /index.php/Home/Goods/index/id/67.html
INFO: [ app_init ] --START--
INFO: Run Behavior\BuildLiteBehavior [ RunTime:0.000000s ]
INFO: [ app_init ] --END-- [ RunTime:0.001000s ]
INFO: [ app_begin ] --START--
INFO: Run Behavior\ReadHtmlCacheBehavior [ RunTime:0.001001s ]
INFO: [ app_begin ] --END-- [ RunTime:0.001001s ]
SQL: SHOW COLUMNS FROM `m_users` [ RunTime:0.0020s ]
SQL: SHOW COLUMNS FROM `m_users` [ RunTime:0.0020s ]
SQL: SELECT * FROM `m_users` WHERE `id` = null LIMIT 1   [ RunTime:0.0010s ]
SQL: SHOW COLUMNS FROM `m_article_category` [ RunTime:0.0010s ]
SQL: SHOW COLUMNS FROM `m_article_category` [ RunTime:0.0020s ]
SQL: SELECT * FROM `m_article_category` WHERE `channel_id` = 7 AND `parent_id` = 0 AND `is_top` = 2  [ RunTime:0.0010s ]
SQL: SHOW COLUMNS FROM `m_article` [ RunTime:0.0020s ]
SQL: select id,link_url,img_url,title from m_article a where exists( select articleid from m_art_cat_relation acr where categoryid=74 and articleid=a.id) order by  sort_id desc limit 1 [ RunTime:0.0020s ]
SQL: SELECT * FROM `m_article_category` WHERE `parent_id` = 67 ORDER BY sort_id asc  [ RunTime:0.0000s ]
NOTIC: [8] Uninitialized string offset: 0 D:\wamp\www\hsc_mall\Apps\Home\Action\GoodsAction.class.php 第 38 行.
SQL: SHOW COLUMNS FROM `m_article` [ RunTime:0.0020s ]
SQL: select count(*) counts from (select a.*,aa.market_price,aa.stock_quantity from m_art_cat_relation acr,m_article a,m_article_attribute_value aa where aa.article_id=a.id  and  a.id=acr.articleid and acr.categoryid in (67) group by a.id) as a [ RunTime:0.0030s ]
SQL: select a.*,aa.market_price,aa.stock_quantity from m_art_cat_relation acr,m_article a,m_article_attribute_value aa where aa.article_id=a.id  and  a.id=acr.articleid and acr.categoryid in (67) group by a.id limit 0,15 [ RunTime:0.0020s ]
SQL: select a.id,a.img_url,b.market_price,b.sell_price,a.title FROM m_article as a,m_article_attribute_value as b  WHERE a.id=b.article_id AND a.channel_id=7 AND status=0 AND is_hot=1 ORDER BY RAND() limit 5 [ RunTime:0.0000s ]
SQL: SELECT * FROM `m_article_category` WHERE `is_rec` = 2 AND `channel_id` = 7 AND `parent_id` = 0 LIMIT 5   [ RunTime:0.0000s ]
NOTIC: [8] Undefined variable: cookie D:\wamp\www\hsc_mall\Apps\Home\Action\GoodsAction.class.php 第 96 行.
SQL: select a.id,a.img_url,b.market_price,b.sell_price,a.title FROM m_article as a,m_article_attribute_value as b  WHERE a.id=b.article_id AND a.channel_id=7 AND status=0 ORDER BY RAND() limit 20 [ RunTime:0.0010s ]
INFO: [ view_parse ] --START--
INFO: [ template_filter ] --START--
INFO: Run Behavior\ContentReplaceBehavior [ RunTime:0.001000s ]
INFO: [ template_filter ] --END-- [ RunTime:0.001000s ]
NOTIC: [8] Undefined index: USERS D:\wamp\www\hsc_mall\Apps\Runtime\Cache\Home\9f37a52cf12560a23b6a2158d9c39780.php 第 503 行.
INFO: Run Behavior\ParseTemplateBehavior [ RunTime:0.043003s ]
INFO: [ view_parse ] --END-- [ RunTime:0.043003s ]
INFO: [ view_filter ] --START--
INFO: Run Behavior\WriteHtmlCacheBehavior [ RunTime:0.001000s ]
INFO: [ view_filter ] --END-- [ RunTime:0.001000s ]
INFO: [ app_end ] --START--
INFO: Run Behavior\ShowPageTraceBehavior [ RunTime:0.001000s ]
INFO: [ app_end ] --END-- [ RunTime:0.001000s ]

[ 2016-09-25T17:34:46+08:00 ] 127.0.0.1 /index.php/Home/Index/index.html
INFO: [ app_init ] --START--
INFO: Run Behavior\BuildLiteBehavior [ RunTime:0.000000s ]
INFO: [ app_init ] --END-- [ RunTime:0.000000s ]
INFO: [ app_begin ] --START--
INFO: Run Behavior\ReadHtmlCacheBehavior [ RunTime:0.001001s ]
INFO: [ app_begin ] --END-- [ RunTime:0.001001s ]
SQL: SHOW COLUMNS FROM `m_users` [ RunTime:0.0030s ]
SQL: SHOW COLUMNS FROM `m_users` [ RunTime:0.0020s ]
SQL: SELECT * FROM `m_users` WHERE `id` = null LIMIT 1   [ RunTime:0.0010s ]
SQL: SHOW COLUMNS FROM `m_article_category` [ RunTime:0.0030s ]
SQL: SHOW COLUMNS FROM `m_article_category` [ RunTime:0.0010s ]
SQL: SELECT * FROM `m_article_category` WHERE `channel_id` = 7 AND `parent_id` = 0 AND `is_top` = 2  [ RunTime:0.0010s ]
SQL: SHOW COLUMNS FROM `m_article` [ RunTime:0.0020s ]
SQL: select id,link_url,img_url,title from m_article a where exists( select articleid from m_art_cat_relation acr where categoryid=74 and articleid=a.id) order by  sort_id desc limit 1 [ RunTime:0.0020s ]
SQL: select id,link_url,img_url,title from m_article a where exists( select articleid from m_art_cat_relation acr where categoryid=75 and articleid=a.id) order by  sort_id desc limit 3 [ RunTime:0.0020s ]
SQL: select id,link_url,img_url,title from m_article a where exists( select articleid from m_art_cat_relation acr where categoryid=76 and articleid=a.id) order by  sort_id desc limit 3 [ RunTime:0.0020s ]
SQL: select id,link_url,img_url,title from m_article a where exists( select articleid from m_art_cat_relation acr where categoryid=77 and articleid=a.id) order by  sort_id desc limit 1 [ RunTime:0.0010s ]
SQL: select id,link_url,img_url,title from m_article a where exists( select articleid from m_art_cat_relation acr where categoryid=78 and articleid=a.id) order by  sort_id desc limit 1 [ RunTime:0.0010s ]
SQL: select id,link_url,img_url,title from m_article a where exists( select articleid from m_art_cat_relation acr where categoryid=79 and articleid=a.id) order by  sort_id desc limit 1 [ RunTime:0.0020s ]
SQL: select id,link_url,img_url,title from m_article a where exists( select articleid from m_art_cat_relation acr where categoryid=80 and articleid=a.id) order by  sort_id desc limit 1 [ RunTime:0.0020s ]
SQL: select id,link_url,img_url,title from m_article a where exists( select articleid from m_art_cat_relation acr where categoryid=81 and articleid=a.id) order by  sort_id desc limit 1 [ RunTime:0.0010s ]
SQL: select id,link_url,img_url,title from m_article a where exists( select articleid from m_art_cat_relation acr where categoryid=82 and articleid=a.id) order by  sort_id desc limit 1 [ RunTime:0.0010s ]
SQL: select a.id,a.img_url,b.market_price,b.sell_price,a.title FROM m_article as a,m_article_attribute_value as b  WHERE a.id=b.article_id AND a.channel_id=7 AND status=0 AND is_hot=1 ORDER BY RAND() limit 8 [ RunTime:0.0010s ]
SQL: SELECT * FROM `m_article_category` WHERE `is_rec` = 2 AND `channel_id` = 7 AND `parent_id` = 0 LIMIT 5   [ RunTime:0.0000s ]
SQL: SELECT * FROM `m_article_category` WHERE `is_rec` = 2 AND `channel_id` = 7 AND `parent_id` = 0 LIMIT 5   [ RunTime:0.0000s ]
SQL: SELECT `id`,`title`,`channel_id` FROM `m_article_category` WHERE `parent_id` = 64  [ RunTime:0.0000s ]
NOTIC: [8] Undefined index: child_str D:\wamp\www\hsc_mall\Apps\Home\Model\ArticleModel.class.php 第 77 行.
SQL: SHOW COLUMNS FROM `m_art_cat_relation` [ RunTime:0.0010s ]
SQL: SELECT `articleid` FROM `m_art_cat_relation` WHERE `categoryid` IN ('94')  [ RunTime:0.0000s ]
NOTIC: [8] Undefined index: article_str D:\wamp\www\hsc_mall\Apps\Home\Model\ArticleModel.class.php 第 81 行.
SQL: SHOW COLUMNS FROM `m_article` [ RunTime:0.0010s ]
SQL: SELECT a.id,a.title,b.market_price,a.img_url,b.stock_quantity FROM m_article a,m_article_attribute_value b WHERE ( id in (93) AND a.channel_id=7 AND is_red=1 AND status=0 AND a.id=b.article_id ) LIMIT 24   [ RunTime:0.0000s ]
SQL: SHOW COLUMNS FROM `m_article` [ RunTime:0.0010s ]
SQL: SELECT a.id,a.title,b.market_price,a.img_url,b.stock_quantity FROM m_article a,m_article_attribute_value b WHERE ( id in (93,94) AND a.channel_id=7 AND is_red=1 AND status=0 AND a.id=b.article_id ) LIMIT 24   [ RunTime:0.0000s ]
SQL: SHOW COLUMNS FROM `m_article` [ RunTime:0.0020s ]
SQL: SELECT a.id,a.title,b.market_price,a.img_url,b.stock_quantity FROM m_article a,m_article_attribute_value b WHERE ( id in (93,94,91) AND a.channel_id=7 AND is_red=1 AND status=0 AND a.id=b.article_id ) LIMIT 24   [ RunTime:0.0000s ]
SQL: SHOW COLUMNS FROM `m_article` [ RunTime:0.0020s ]
SQL: SELECT a.id,a.title,b.market_price,a.img_url,b.stock_quantity FROM m_article a,m_article_attribute_value b WHERE ( id in (93,94,91,90) AND a.channel_id=7 AND is_red=1 AND status=0 AND a.id=b.article_id ) LIMIT 24   [ RunTime:0.0010s ]
SQL: SHOW COLUMNS FROM `m_article` [ RunTime:0.0020s ]
SQL: SELECT a.id,a.title,b.market_price,a.img_url,b.stock_quantity FROM m_article a,m_article_attribute_value b WHERE ( id in (93,94,91,90,87) AND a.channel_id=7 AND is_red=1 AND status=0 AND a.id=b.article_id ) LIMIT 24   [ RunTime:0.0000s ]
SQL: SELECT `articleid` FROM `m_art_cat_relation` WHERE `categoryid` IN ('94','95')  [ RunTime:0.0010s ]
SQL: SHOW COLUMNS FROM `m_article` [ RunTime:0.0020s ]
SQL: SELECT a.id,a.title,b.market_price,a.img_url,b.stock_quantity FROM m_article a,m_article_attribute_value b WHERE ( id in (93,94,91,90,87,93) AND a.channel_id=7 AND is_red=1 AND status=0 AND a.id=b.article_id ) LIMIT 24   [ RunTime:0.0010s ]
SQL: SHOW COLUMNS FROM `m_article` [ RunTime:0.0010s ]
SQL: SELECT a.id,a.title,b.market_price,a.img_url,b.stock_quantity FROM m_article a,m_article_attribute_value b WHERE ( id in (93,94,91,90,87,93,93) AND a.channel_id=7 AND is_red=1 AND status=0 AND a.id=b.article_id ) LIMIT 24   [ RunTime:0.0010s ]
SQL: SHOW COLUMNS FROM `m_article` [ RunTime:0.0020s ]
SQL: SELECT a.id,a.title,b.market_price,a.img_url,b.stock_quantity FROM m_article a,m_article_attribute_value b WHERE ( id in (93,94,91,90,87,93,93,94) AND a.channel_id=7 AND is_red=1 AND status=0 AND a.id=b.article_id ) LIMIT 24   [ RunTime:0.0000s ]
SQL: SHOW COLUMNS FROM `m_article` [ RunTime:0.0020s ]
SQL: SELECT a.id,a.title,b.market_price,a.img_url,b.stock_quantity FROM m_article a,m_article_attribute_value b WHERE ( id in (93,94,91,90,87,93,93,94,101) AND a.channel_id=7 AND is_red=1 AND status=0 AND a.id=b.article_id ) LIMIT 24   [ RunTime:0.0000s ]
SQL: SHOW COLUMNS FROM `m_article` [ RunTime:0.0020s ]
SQL: SELECT a.id,a.title,b.market_price,a.img_url,b.stock_quantity FROM m_article a,m_article_attribute_value b WHERE ( id in (93,94,91,90,87,93,93,94,101,91) AND a.channel_id=7 AND is_red=1 AND status=0 AND a.id=b.article_id ) LIMIT 24   [ RunTime:0.0000s ]
SQL: SHOW COLUMNS FROM `m_article` [ RunTime:0.0020s ]
SQL: SELECT a.id,a.title,b.market_price,a.img_url,b.stock_quantity FROM m_article a,m_article_attribute_value b WHERE ( id in (93,94,91,90,87,93,93,94,101,91,92) AND a.channel_id=7 AND is_red=1 AND status=0 AND a.id=b.article_id ) LIMIT 24   [ RunTime:0.0010s ]
SQL: SHOW COLUMNS FROM `m_article` [ RunTime:0.0020s ]
SQL: SELECT a.id,a.title,b.market_price,a.img_url,b.stock_quantity FROM m_article a,m_article_attribute_value b WHERE ( id in (93,94,91,90,87,93,93,94,101,91,92,90) AND a.channel_id=7 AND is_red=1 AND status=0 AND a.id=b.article_id ) LIMIT 24   [ RunTime:0.0010s ]
SQL: SHOW COLUMNS FROM `m_article` [ RunTime:0.0020s ]
SQL: SELECT a.id,a.title,b.market_price,a.img_url,b.stock_quantity FROM m_article a,m_article_attribute_value b WHERE ( id in (93,94,91,90,87,93,93,94,101,91,92,90,90) AND a.channel_id=7 AND is_red=1 AND status=0 AND a.id=b.article_id ) LIMIT 24   [ RunTime:0.0010s ]
SQL: SHOW COLUMNS FROM `m_article` [ RunTime:0.0020s ]
SQL: SELECT a.id,a.title,b.market_price,a.img_url,b.stock_quantity FROM m_article a,m_article_attribute_value b WHERE ( id in (93,94,91,90,87,93,93,94,101,91,92,90,90,87) AND a.channel_id=7 AND is_red=1 AND status=0 AND a.id=b.article_id ) LIMIT 24   [ RunTime:0.0010s ]
SQL: SHOW COLUMNS FROM `m_article` [ RunTime:0.0020s ]
SQL: SELECT a.id,a.title,b.market_price,a.img_url,b.stock_quantity FROM m_article a,m_article_attribute_value b WHERE ( id in (93,94,91,90,87,93,93,94,101,91,92,90,90,87,87) AND a.channel_id=7 AND is_red=1 AND status=0 AND a.id=b.article_id ) LIMIT 24   [ RunTime:0.0000s ]
SQL: SELECT `id`,`title`,`channel_id` FROM `m_article_category` WHERE `parent_id` = 65  [ RunTime:0.0010s ]
NOTIC: [8] Undefined index: child_str D:\wamp\www\hsc_mall\Apps\Home\Model\ArticleModel.class.php 第 77 行.
SQL: SELECT `articleid` FROM `m_art_cat_relation` WHERE `categoryid` IN ('92')  [ RunTime:0.0000s ]
NOTIC: [8] Undefined index: article_str D:\wamp\www\hsc_mall\Apps\Home\Model\ArticleModel.class.php 第 81 行.
SQL: SHOW COLUMNS FROM `m_article` [ RunTime:0.0020s ]
SQL: SELECT a.id,a.title,b.market_price,a.img_url,b.stock_quantity FROM m_article a,m_article_attribute_value b WHERE ( id in (90) AND a.channel_id=7 AND is_red=1 AND status=0 AND a.id=b.article_id ) LIMIT 24   [ RunTime:0.0000s ]
SQL: SHOW COLUMNS FROM `m_article` [ RunTime:0.0020s ]
SQL: SELECT a.id,a.title,b.market_price,a.img_url,b.stock_quantity FROM m_article a,m_article_attribute_value b WHERE ( id in (90,87) AND a.channel_id=7 AND is_red=1 AND status=0 AND a.id=b.article_id ) LIMIT 24   [ RunTime:0.0010s ]
SQL: SELECT `articleid` FROM `m_art_cat_relation` WHERE `categoryid` IN ('92','93')  [ RunTime:0.0000s ]
SQL: SHOW COLUMNS FROM `m_article` [ RunTime:0.0010s ]
SQL: SELECT a.id,a.title,b.market_price,a.img_url,b.stock_quantity FROM m_article a,m_article_attribute_value b WHERE ( id in (90,87,101) AND a.channel_id=7 AND is_red=1 AND status=0 AND a.id=b.article_id ) LIMIT 24   [ RunTime:0.0000s ]
SQL: SHOW COLUMNS FROM `m_article` [ RunTime:0.0010s ]
SQL: SELECT a.id,a.title,b.market_price,a.img_url,b.stock_quantity FROM m_article a,m_article_attribute_value b WHERE ( id in (90,87,101,90) AND a.channel_id=7 AND is_red=1 AND status=0 AND a.id=b.article_id ) LIMIT 24   [ RunTime:0.0010s ]
SQL: SHOW COLUMNS FROM `m_article` [ RunTime:0.0020s ]
SQL: SELECT a.id,a.title,b.market_price,a.img_url,b.stock_quantity FROM m_article a,m_article_attribute_value b WHERE ( id in (90,87,101,90,87) AND a.channel_id=7 AND is_red=1 AND status=0 AND a.id=b.article_id ) LIMIT 24   [ RunTime:0.0010s ]
SQL: SELECT `id`,`title`,`channel_id` FROM `m_article_category` WHERE `parent_id` = 83  [ RunTime:0.0010s ]
NOTIC: [8] Undefined index: child_str D:\wamp\www\hsc_mall\Apps\Home\Model\ArticleModel.class.php 第 77 行.
SQL: SELECT `articleid` FROM `m_art_cat_relation` WHERE `categoryid` IN ('84')  [ RunTime:0.0000s ]
NOTIC: [8] Undefined index: article_str D:\wamp\www\hsc_mall\Apps\Home\Model\ArticleModel.class.php 第 81 行.
SQL: SHOW COLUMNS FROM `m_article` [ RunTime:0.0010s ]
SQL: SELECT a.id,a.title,b.market_price,a.img_url,b.stock_quantity FROM m_article a,m_article_attribute_value b WHERE ( id in (91) AND a.channel_id=7 AND is_red=1 AND status=0 AND a.id=b.article_id ) LIMIT 24   [ RunTime:0.0000s ]
SQL: SHOW COLUMNS FROM `m_article` [ RunTime:0.0020s ]
SQL: SELECT a.id,a.title,b.market_price,a.img_url,b.stock_quantity FROM m_article a,m_article_attribute_value b WHERE ( id in (91,87) AND a.channel_id=7 AND is_red=1 AND status=0 AND a.id=b.article_id ) LIMIT 24   [ RunTime:0.0000s ]
SQL: SELECT `articleid` FROM `m_art_cat_relation` WHERE `categoryid` IN ('84','85')  [ RunTime:0.0000s ]
SQL: SHOW COLUMNS FROM `m_article` [ RunTime:0.0020s ]
SQL: SELECT a.id,a.title,b.market_price,a.img_url,b.stock_quantity FROM m_article a,m_article_attribute_value b WHERE ( id in (91,87,91) AND a.channel_id=7 AND is_red=1 AND status=0 AND a.id=b.article_id ) LIMIT 24   [ RunTime:0.0000s ]
SQL: SHOW COLUMNS FROM `m_article` [ RunTime:0.0020s ]
SQL: SELECT a.id,a.title,b.market_price,a.img_url,b.stock_quantity FROM m_article a,m_article_attribute_value b WHERE ( id in (91,87,91,87) AND a.channel_id=7 AND is_red=1 AND status=0 AND a.id=b.article_id ) LIMIT 24   [ RunTime:0.0010s ]
SQL: SHOW COLUMNS FROM `m_article` [ RunTime:0.0020s ]
SQL: SELECT a.id,a.title,b.market_price,a.img_url,b.stock_quantity FROM m_article a,m_article_attribute_value b WHERE ( id in (91,87,91,87,87) AND a.channel_id=7 AND is_red=1 AND status=0 AND a.id=b.article_id ) LIMIT 24   [ RunTime:0.0010s ]
SQL: SELECT `articleid` FROM `m_art_cat_relation` WHERE `categoryid` IN ('84','85','86')  [ RunTime:0.0000s ]
SQL: SHOW COLUMNS FROM `m_article` [ RunTime:0.0010s ]
SQL: SELECT a.id,a.title,b.market_price,a.img_url,b.stock_quantity FROM m_article a,m_article_attribute_value b WHERE ( id in (91,87,91,87,87,91) AND a.channel_id=7 AND is_red=1 AND status=0 AND a.id=b.article_id ) LIMIT 24   [ RunTime:0.0010s ]
SQL: SHOW COLUMNS FROM `m_article` [ RunTime:0.0010s ]
SQL: SELECT a.id,a.title,b.market_price,a.img_url,b.stock_quantity FROM m_article a,m_article_attribute_value b WHERE ( id in (91,87,91,87,87,91,87) AND a.channel_id=7 AND is_red=1 AND status=0 AND a.id=b.article_id ) LIMIT 24   [ RunTime:0.0000s ]
SQL: SHOW COLUMNS FROM `m_article` [ RunTime:0.0010s ]
SQL: SELECT a.id,a.title,b.market_price,a.img_url,b.stock_quantity FROM m_article a,m_article_attribute_value b WHERE ( id in (91,87,91,87,87,91,87,87) AND a.channel_id=7 AND is_red=1 AND status=0 AND a.id=b.article_id ) LIMIT 24   [ RunTime:0.0010s ]
SQL: SHOW COLUMNS FROM `m_article` [ RunTime:0.0020s ]
SQL: SELECT a.id,a.title,b.market_price,a.img_url,b.stock_quantity FROM m_article a,m_article_attribute_value b WHERE ( id in (91,87,91,87,87,91,87,87,87) AND a.channel_id=7 AND is_red=1 AND status=0 AND a.id=b.article_id ) LIMIT 24   [ RunTime:0.0010s ]
SQL: SELECT `id`,`title`,`channel_id` FROM `m_article_category` WHERE `parent_id` = 87  [ RunTime:0.0000s ]
NOTIC: [8] Undefined index: child_str D:\wamp\www\hsc_mall\Apps\Home\Model\ArticleModel.class.php 第 77 行.
SQL: SELECT `articleid` FROM `m_art_cat_relation` WHERE `categoryid` IN ('88')  [ RunTime:0.0000s ]
NOTIC: [8] Undefined index: article_str D:\wamp\www\hsc_mall\Apps\Home\Model\ArticleModel.class.php 第 81 行.
SQL: SHOW COLUMNS FROM `m_article` [ RunTime:0.0020s ]
SQL: SELECT a.id,a.title,b.market_price,a.img_url,b.stock_quantity FROM m_article a,m_article_attribute_value b WHERE ( id in (90) AND a.channel_id=7 AND is_red=1 AND status=0 AND a.id=b.article_id ) LIMIT 24   [ RunTime:0.0000s ]
SQL: SELECT `articleid` FROM `m_art_cat_relation` WHERE `categoryid` IN ('88','89')  [ RunTime:0.0000s ]
SQL: SHOW COLUMNS FROM `m_article` [ RunTime:0.0020s ]
SQL: SELECT a.id,a.title,b.market_price,a.img_url,b.stock_quantity FROM m_article a,m_article_attribute_value b WHERE ( id in (90,90) AND a.channel_id=7 AND is_red=1 AND status=0 AND a.id=b.article_id ) LIMIT 24   [ RunTime:0.0000s ]
SQL: SELECT `articleid` FROM `m_art_cat_relation` WHERE `categoryid` IN ('88','89','90')  [ RunTime:0.0000s ]
SQL: SHOW COLUMNS FROM `m_article` [ RunTime:0.0020s ]
SQL: SELECT a.id,a.title,b.market_price,a.img_url,b.stock_quantity FROM m_article a,m_article_attribute_value b WHERE ( id in (90,90,90) AND a.channel_id=7 AND is_red=1 AND status=0 AND a.id=b.article_id ) LIMIT 24   [ RunTime:0.0000s ]
SQL: SELECT `articleid` FROM `m_art_cat_relation` WHERE `categoryid` IN ('88','89','90','91')  [ RunTime:0.0000s ]
SQL: SHOW COLUMNS FROM `m_article` [ RunTime:0.0020s ]
SQL: SELECT a.id,a.title,b.market_price,a.img_url,b.stock_quantity FROM m_article a,m_article_attribute_value b WHERE ( id in (90,90,90,90) AND a.channel_id=7 AND is_red=1 AND status=0 AND a.id=b.article_id ) LIMIT 24   [ RunTime:0.0010s ]
SQL: SELECT `id`,`title`,`channel_id` FROM `m_article_category` WHERE `parent_id` = 96  [ RunTime:0.0000s ]
NOTIC: [8] Undefined index: child_str D:\wamp\www\hsc_mall\Apps\Home\Model\ArticleModel.class.php 第 77 行.
SQL: SELECT `articleid` FROM `m_art_cat_relation` WHERE `categoryid` IN ('98')  [ RunTime:0.0000s ]
NOTIC: [8] Undefined index: article_str D:\wamp\www\hsc_mall\Apps\Home\Model\ArticleModel.class.php 第 81 行.
SQL: SHOW COLUMNS FROM `m_article` [ RunTime:0.0020s ]
SQL: SELECT a.id,a.title,b.market_price,a.img_url,b.stock_quantity FROM m_article a,m_article_attribute_value b WHERE ( id in (90) AND a.channel_id=7 AND is_red=1 AND status=0 AND a.id=b.article_id ) LIMIT 24   [ RunTime:0.0000s ]
SQL: SELECT `articleid` FROM `m_art_cat_relation` WHERE `categoryid` IN ('98','99')  [ RunTime:0.0000s ]
SQL: SHOW COLUMNS FROM `m_article` [ RunTime:0.0020s ]
SQL: SELECT a.id,a.title,b.market_price,a.img_url,b.stock_quantity FROM m_article a,m_article_attribute_value b WHERE ( id in (90,101) AND a.channel_id=7 AND is_red=1 AND status=0 AND a.id=b.article_id ) LIMIT 24   [ RunTime:0.0000s ]
SQL: SHOW COLUMNS FROM `m_article` [ RunTime:0.0020s ]
SQL: SELECT a.id,a.title,b.market_price,a.img_url,b.stock_quantity FROM m_article a,m_article_attribute_value b WHERE ( id in (90,101,90) AND a.channel_id=7 AND is_red=1 AND status=0 AND a.id=b.article_id ) LIMIT 24   [ RunTime:0.0000s ]
SQL: SHOW COLUMNS FROM `m_article` [ RunTime:0.0020s ]
SQL: SELECT a.id,a.title,b.market_price,a.img_url,b.stock_quantity FROM m_article a,m_article_attribute_value b WHERE ( id in (90,101,90,87) AND a.channel_id=7 AND is_red=1 AND status=0 AND a.id=b.article_id ) LIMIT 24   [ RunTime:0.0000s ]
INFO: [ view_parse ] --START--
INFO: [ template_filter ] --START--
INFO: Run Behavior\ContentReplaceBehavior [ RunTime:0.000000s ]
INFO: [ template_filter ] --END-- [ RunTime:0.000000s ]
NOTIC: [8] Undefined index: USERS D:\wamp\www\hsc_mall\Apps\Runtime\Cache\Home\400c995c330f1f6ecac6b9102849eb7e.php 第 851 行.
INFO: Run Behavior\ParseTemplateBehavior [ RunTime:0.061004s ]
INFO: [ view_parse ] --END-- [ RunTime:0.061004s ]
INFO: [ view_filter ] --START--
INFO: Run Behavior\WriteHtmlCacheBehavior [ RunTime:0.001000s ]
INFO: [ view_filter ] --END-- [ RunTime:0.001000s ]
INFO: [ app_end ] --START--
INFO: Run Behavior\ShowPageTraceBehavior [ RunTime:0.001000s ]
INFO: [ app_end ] --END-- [ RunTime:0.001000s ]

[ 2016-09-25T17:34:48+08:00 ] 127.0.0.1 /index.php/Home/Goods/index/id/62.html
INFO: [ app_init ] --START--
INFO: Run Behavior\BuildLiteBehavior [ RunTime:0.000000s ]
INFO: [ app_init ] --END-- [ RunTime:0.000000s ]
INFO: [ app_begin ] --START--
INFO: Run Behavior\ReadHtmlCacheBehavior [ RunTime:0.000000s ]
INFO: [ app_begin ] --END-- [ RunTime:0.001000s ]
SQL: SHOW COLUMNS FROM `m_users` [ RunTime:0.0020s ]
SQL: SHOW COLUMNS FROM `m_users` [ RunTime:0.0010s ]
SQL: SELECT * FROM `m_users` WHERE `id` = null LIMIT 1   [ RunTime:0.0000s ]
SQL: SHOW COLUMNS FROM `m_article_category` [ RunTime:0.0020s ]
SQL: SHOW COLUMNS FROM `m_article_category` [ RunTime:0.0020s ]
SQL: SELECT * FROM `m_article_category` WHERE `channel_id` = 7 AND `parent_id` = 0 AND `is_top` = 2  [ RunTime:0.0000s ]
SQL: SHOW COLUMNS FROM `m_article` [ RunTime:0.0020s ]
SQL: select id,link_url,img_url,title from m_article a where exists( select articleid from m_art_cat_relation acr where categoryid=74 and articleid=a.id) order by  sort_id desc limit 1 [ RunTime:0.0020s ]
SQL: SELECT * FROM `m_article_category` WHERE `parent_id` = 62 ORDER BY sort_id asc  [ RunTime:0.0000s ]
NOTIC: [8] Uninitialized string offset: 0 D:\wamp\www\hsc_mall\Apps\Home\Action\GoodsAction.class.php 第 38 行.
SQL: SHOW COLUMNS FROM `m_article` [ RunTime:0.0010s ]
SQL: select count(*) counts from (select a.*,aa.market_price,aa.stock_quantity from m_art_cat_relation acr,m_article a,m_article_attribute_value aa where aa.article_id=a.id  and  a.id=acr.articleid and acr.categoryid in (62) group by a.id) as a [ RunTime:0.0030s ]
SQL: select a.*,aa.market_price,aa.stock_quantity from m_art_cat_relation acr,m_article a,m_article_attribute_value aa where aa.article_id=a.id  and  a.id=acr.articleid and acr.categoryid in (62) group by a.id limit 0,15 [ RunTime:0.0010s ]
SQL: select a.id,a.img_url,b.market_price,b.sell_price,a.title FROM m_article as a,m_article_attribute_value as b  WHERE a.id=b.article_id AND a.channel_id=7 AND status=0 AND is_hot=1 ORDER BY RAND() limit 5 [ RunTime:0.0010s ]
SQL: SELECT * FROM `m_article_category` WHERE `is_rec` = 2 AND `channel_id` = 7 AND `parent_id` = 0 LIMIT 5   [ RunTime:0.0000s ]
NOTIC: [8] Undefined variable: cookie D:\wamp\www\hsc_mall\Apps\Home\Action\GoodsAction.class.php 第 96 行.
SQL: select a.id,a.img_url,b.market_price,b.sell_price,a.title FROM m_article as a,m_article_attribute_value as b  WHERE a.id=b.article_id AND a.channel_id=7 AND status=0 ORDER BY RAND() limit 20 [ RunTime:0.0010s ]
INFO: [ view_parse ] --START--
INFO: [ template_filter ] --START--
INFO: Run Behavior\ContentReplaceBehavior [ RunTime:0.000000s ]
INFO: [ template_filter ] --END-- [ RunTime:0.001000s ]
NOTIC: [8] Undefined index: USERS D:\wamp\www\hsc_mall\Apps\Runtime\Cache\Home\9f37a52cf12560a23b6a2158d9c39780.php 第 503 行.
INFO: Run Behavior\ParseTemplateBehavior [ RunTime:0.042002s ]
INFO: [ view_parse ] --END-- [ RunTime:0.042002s ]
INFO: [ view_filter ] --START--
INFO: Run Behavior\WriteHtmlCacheBehavior [ RunTime:0.001000s ]
INFO: [ view_filter ] --END-- [ RunTime:0.001000s ]
INFO: [ app_end ] --START--
INFO: Run Behavior\ShowPageTraceBehavior [ RunTime:0.001000s ]
INFO: [ app_end ] --END-- [ RunTime:0.001000s ]

[ 2016-09-25T17:34:50+08:00 ] 127.0.0.1 /index.php/Home/Index/index.html
INFO: [ app_init ] --START--
INFO: Run Behavior\BuildLiteBehavior [ RunTime:0.000000s ]
INFO: [ app_init ] --END-- [ RunTime:0.001000s ]
INFO: [ app_begin ] --START--
INFO: Run Behavior\ReadHtmlCacheBehavior [ RunTime:0.000000s ]
INFO: [ app_begin ] --END-- [ RunTime:0.000000s ]
SQL: SHOW COLUMNS FROM `m_users` [ RunTime:0.0020s ]
SQL: SHOW COLUMNS FROM `m_users` [ RunTime:0.0020s ]
SQL: SELECT * FROM `m_users` WHERE `id` = null LIMIT 1   [ RunTime:0.0000s ]
SQL: SHOW COLUMNS FROM `m_article_category` [ RunTime:0.0010s ]
SQL: SHOW COLUMNS FROM `m_article_category` [ RunTime:0.0020s ]
SQL: SELECT * FROM `m_article_category` WHERE `channel_id` = 7 AND `parent_id` = 0 AND `is_top` = 2  [ RunTime:0.0000s ]
SQL: SHOW COLUMNS FROM `m_article` [ RunTime:0.0020s ]
SQL: select id,link_url,img_url,title from m_article a where exists( select articleid from m_art_cat_relation acr where categoryid=74 and articleid=a.id) order by  sort_id desc limit 1 [ RunTime:0.0020s ]
SQL: select id,link_url,img_url,title from m_article a where exists( select articleid from m_art_cat_relation acr where categoryid=75 and articleid=a.id) order by  sort_id desc limit 3 [ RunTime:0.0020s ]
SQL: select id,link_url,img_url,title from m_article a where exists( select articleid from m_art_cat_relation acr where categoryid=76 and articleid=a.id) order by  sort_id desc limit 3 [ RunTime:0.0020s ]
SQL: select id,link_url,img_url,title from m_article a where exists( select articleid from m_art_cat_relation acr where categoryid=77 and articleid=a.id) order by  sort_id desc limit 1 [ RunTime:0.0020s ]
SQL: select id,link_url,img_url,title from m_article a where exists( select articleid from m_art_cat_relation acr where categoryid=78 and articleid=a.id) order by  sort_id desc limit 1 [ RunTime:0.0020s ]
SQL: select id,link_url,img_url,title from m_article a where exists( select articleid from m_art_cat_relation acr where categoryid=79 and articleid=a.id) order by  sort_id desc limit 1 [ RunTime:0.0020s ]
SQL: select id,link_url,img_url,title from m_article a where exists( select articleid from m_art_cat_relation acr where categoryid=80 and articleid=a.id) order by  sort_id desc limit 1 [ RunTime:0.0020s ]
SQL: select id,link_url,img_url,title from m_article a where exists( select articleid from m_art_cat_relation acr where categoryid=81 and articleid=a.id) order by  sort_id desc limit 1 [ RunTime:0.0020s ]
SQL: select id,link_url,img_url,title from m_article a where exists( select articleid from m_art_cat_relation acr where categoryid=82 and articleid=a.id) order by  sort_id desc limit 1 [ RunTime:0.0020s ]
SQL: select a.id,a.img_url,b.market_price,b.sell_price,a.title FROM m_article as a,m_article_attribute_value as b  WHERE a.id=b.article_id AND a.channel_id=7 AND status=0 AND is_hot=1 ORDER BY RAND() limit 8 [ RunTime:0.0010s ]
SQL: SELECT * FROM `m_article_category` WHERE `is_rec` = 2 AND `channel_id` = 7 AND `parent_id` = 0 LIMIT 5   [ RunTime:0.0000s ]
SQL: SELECT * FROM `m_article_category` WHERE `is_rec` = 2 AND `channel_id` = 7 AND `parent_id` = 0 LIMIT 5   [ RunTime:0.0000s ]
SQL: SELECT `id`,`title`,`channel_id` FROM `m_article_category` WHERE `parent_id` = 64  [ RunTime:0.0000s ]
NOTIC: [8] Undefined index: child_str D:\wamp\www\hsc_mall\Apps\Home\Model\ArticleModel.class.php 第 77 行.
SQL: SHOW COLUMNS FROM `m_art_cat_relation` [ RunTime:0.0020s ]
SQL: SELECT `articleid` FROM `m_art_cat_relation` WHERE `categoryid` IN ('94')  [ RunTime:0.0010s ]
NOTIC: [8] Undefined index: article_str D:\wamp\www\hsc_mall\Apps\Home\Model\ArticleModel.class.php 第 81 行.
SQL: SHOW COLUMNS FROM `m_article` [ RunTime:0.0010s ]
SQL: SELECT a.id,a.title,b.market_price,a.img_url,b.stock_quantity FROM m_article a,m_article_attribute_value b WHERE ( id in (93) AND a.channel_id=7 AND is_red=1 AND status=0 AND a.id=b.article_id ) LIMIT 24   [ RunTime:0.0010s ]
SQL: SHOW COLUMNS FROM `m_article` [ RunTime:0.0020s ]
SQL: SELECT a.id,a.title,b.market_price,a.img_url,b.stock_quantity FROM m_article a,m_article_attribute_value b WHERE ( id in (93,94) AND a.channel_id=7 AND is_red=1 AND status=0 AND a.id=b.article_id ) LIMIT 24   [ RunTime:0.0000s ]
SQL: SHOW COLUMNS FROM `m_article` [ RunTime:0.0020s ]
SQL: SELECT a.id,a.title,b.market_price,a.img_url,b.stock_quantity FROM m_article a,m_article_attribute_value b WHERE ( id in (93,94,91) AND a.channel_id=7 AND is_red=1 AND status=0 AND a.id=b.article_id ) LIMIT 24   [ RunTime:0.0010s ]
SQL: SHOW COLUMNS FROM `m_article` [ RunTime:0.0020s ]
SQL: SELECT a.id,a.title,b.market_price,a.img_url,b.stock_quantity FROM m_article a,m_article_attribute_value b WHERE ( id in (93,94,91,90) AND a.channel_id=7 AND is_red=1 AND status=0 AND a.id=b.article_id ) LIMIT 24   [ RunTime:0.0000s ]
SQL: SHOW COLUMNS FROM `m_article` [ RunTime:0.0010s ]
SQL: SELECT a.id,a.title,b.market_price,a.img_url,b.stock_quantity FROM m_article a,m_article_attribute_value b WHERE ( id in (93,94,91,90,87) AND a.channel_id=7 AND is_red=1 AND status=0 AND a.id=b.article_id ) LIMIT 24   [ RunTime:0.0000s ]
SQL: SELECT `articleid` FROM `m_art_cat_relation` WHERE `categoryid` IN ('94','95')  [ RunTime:0.0000s ]
SQL: SHOW COLUMNS FROM `m_article` [ RunTime:0.0020s ]
SQL: SELECT a.id,a.title,b.market_price,a.img_url,b.stock_quantity FROM m_article a,m_article_attribute_value b WHERE ( id in (93,94,91,90,87,93) AND a.channel_id=7 AND is_red=1 AND status=0 AND a.id=b.article_id ) LIMIT 24   [ RunTime:0.0000s ]
SQL: SHOW COLUMNS FROM `m_article` [ RunTime:0.0010s ]
SQL: SELECT a.id,a.title,b.market_price,a.img_url,b.stock_quantity FROM m_article a,m_article_attribute_value b WHERE ( id in (93,94,91,90,87,93,93) AND a.channel_id=7 AND is_red=1 AND status=0 AND a.id=b.article_id ) LIMIT 24   [ RunTime:0.0000s ]
SQL: SHOW COLUMNS FROM `m_article` [ RunTime:0.0030s ]
SQL: SELECT a.id,a.title,b.market_price,a.img_url,b.stock_quantity FROM m_article a,m_article_attribute_value b WHERE ( id in (93,94,91,90,87,93,93,94) AND a.channel_id=7 AND is_red=1 AND status=0 AND a.id=b.article_id ) LIMIT 24   [ RunTime:0.0010s ]
SQL: SHOW COLUMNS FROM `m_article` [ RunTime:0.0030s ]
SQL: SELECT a.id,a.title,b.market_price,a.img_url,b.stock_quantity FROM m_article a,m_article_attribute_value b WHERE ( id in (93,94,91,90,87,93,93,94,101) AND a.channel_id=7 AND is_red=1 AND status=0 AND a.id=b.article_id ) LIMIT 24   [ RunTime:0.0010s ]
SQL: SHOW COLUMNS FROM `m_article` [ RunTime:0.0020s ]
SQL: SELECT a.id,a.title,b.market_price,a.img_url,b.stock_quantity FROM m_article a,m_article_attribute_value b WHERE ( id in (93,94,91,90,87,93,93,94,101,91) AND a.channel_id=7 AND is_red=1 AND status=0 AND a.id=b.article_id ) LIMIT 24   [ RunTime:0.0010s ]
SQL: SHOW COLUMNS FROM `m_article` [ RunTime:0.0020s ]
SQL: SELECT a.id,a.title,b.market_price,a.img_url,b.stock_quantity FROM m_article a,m_article_attribute_value b WHERE ( id in (93,94,91,90,87,93,93,94,101,91,92) AND a.channel_id=7 AND is_red=1 AND status=0 AND a.id=b.article_id ) LIMIT 24   [ RunTime:0.0010s ]
SQL: SHOW COLUMNS FROM `m_article` [ RunTime:0.0020s ]
SQL: SELECT a.id,a.title,b.market_price,a.img_url,b.stock_quantity FROM m_article a,m_article_attribute_value b WHERE ( id in (93,94,91,90,87,93,93,94,101,91,92,90) AND a.channel_id=7 AND is_red=1 AND status=0 AND a.id=b.article_id ) LIMIT 24   [ RunTime:0.0000s ]
SQL: SHOW COLUMNS FROM `m_article` [ RunTime:0.0020s ]
SQL: SELECT a.id,a.title,b.market_price,a.img_url,b.stock_quantity FROM m_article a,m_article_attribute_value b WHERE ( id in (93,94,91,90,87,93,93,94,101,91,92,90,90) AND a.channel_id=7 AND is_red=1 AND status=0 AND a.id=b.article_id ) LIMIT 24   [ RunTime:0.0010s ]
SQL: SHOW COLUMNS FROM `m_article` [ RunTime:0.0030s ]
SQL: SELECT a.id,a.title,b.market_price,a.img_url,b.stock_quantity FROM m_article a,m_article_attribute_value b WHERE ( id in (93,94,91,90,87,93,93,94,101,91,92,90,90,87) AND a.channel_id=7 AND is_red=1 AND status=0 AND a.id=b.article_id ) LIMIT 24   [ RunTime:0.0010s ]
SQL: SHOW COLUMNS FROM `m_article` [ RunTime:0.0020s ]
SQL: SELECT a.id,a.title,b.market_price,a.img_url,b.stock_quantity FROM m_article a,m_article_attribute_value b WHERE ( id in (93,94,91,90,87,93,93,94,101,91,92,90,90,87,87) AND a.channel_id=7 AND is_red=1 AND status=0 AND a.id=b.article_id ) LIMIT 24   [ RunTime:0.0000s ]
SQL: SELECT `id`,`title`,`channel_id` FROM `m_article_category` WHERE `parent_id` = 65  [ RunTime:0.0000s ]
NOTIC: [8] Undefined index: child_str D:\wamp\www\hsc_mall\Apps\Home\Model\ArticleModel.class.php 第 77 行.
SQL: SELECT `articleid` FROM `m_art_cat_relation` WHERE `categoryid` IN ('92')  [ RunTime:0.0010s ]
NOTIC: [8] Undefined index: article_str D:\wamp\www\hsc_mall\Apps\Home\Model\ArticleModel.class.php 第 81 行.
SQL: SHOW COLUMNS FROM `m_article` [ RunTime:0.0020s ]
SQL: SELECT a.id,a.title,b.market_price,a.img_url,b.stock_quantity FROM m_article a,m_article_attribute_value b WHERE ( id in (90) AND a.channel_id=7 AND is_red=1 AND status=0 AND a.id=b.article_id ) LIMIT 24   [ RunTime:0.0000s ]
SQL: SHOW COLUMNS FROM `m_article` [ RunTime:0.0020s ]
SQL: SELECT a.id,a.title,b.market_price,a.img_url,b.stock_quantity FROM m_article a,m_article_attribute_value b WHERE ( id in (90,87) AND a.channel_id=7 AND is_red=1 AND status=0 AND a.id=b.article_id ) LIMIT 24   [ RunTime:0.0000s ]
SQL: SELECT `articleid` FROM `m_art_cat_relation` WHERE `categoryid` IN ('92','93')  [ RunTime:0.0010s ]
SQL: SHOW COLUMNS FROM `m_article` [ RunTime:0.0020s ]
SQL: SELECT a.id,a.title,b.market_price,a.img_url,b.stock_quantity FROM m_article a,m_article_attribute_value b WHERE ( id in (90,87,101) AND a.channel_id=7 AND is_red=1 AND status=0 AND a.id=b.article_id ) LIMIT 24   [ RunTime:0.0000s ]
SQL: SHOW COLUMNS FROM `m_article` [ RunTime:0.0020s ]
SQL: SELECT a.id,a.title,b.market_price,a.img_url,b.stock_quantity FROM m_article a,m_article_attribute_value b WHERE ( id in (90,87,101,90) AND a.channel_id=7 AND is_red=1 AND status=0 AND a.id=b.article_id ) LIMIT 24   [ RunTime:0.0000s ]
SQL: SHOW COLUMNS FROM `m_article` [ RunTime:0.0010s ]
SQL: SELECT a.id,a.title,b.market_price,a.img_url,b.stock_quantity FROM m_article a,m_article_attribute_value b WHERE ( id in (90,87,101,90,87) AND a.channel_id=7 AND is_red=1 AND status=0 AND a.id=b.article_id ) LIMIT 24   [ RunTime:0.0000s ]
SQL: SELECT `id`,`title`,`channel_id` FROM `m_article_category` WHERE `parent_id` = 83  [ RunTime:0.0000s ]
NOTIC: [8] Undefined index: child_str D:\wamp\www\hsc_mall\Apps\Home\Model\ArticleModel.class.php 第 77 行.
SQL: SELECT `articleid` FROM `m_art_cat_relation` WHERE `categoryid` IN ('84')  [ RunTime:0.0010s ]
NOTIC: [8] Undefined index: article_str D:\wamp\www\hsc_mall\Apps\Home\Model\ArticleModel.class.php 第 81 行.
SQL: SHOW COLUMNS FROM `m_article` [ RunTime:0.0020s ]
SQL: SELECT a.id,a.title,b.market_price,a.img_url,b.stock_quantity FROM m_article a,m_article_attribute_value b WHERE ( id in (91) AND a.channel_id=7 AND is_red=1 AND status=0 AND a.id=b.article_id ) LIMIT 24   [ RunTime:0.0010s ]
SQL: SHOW COLUMNS FROM `m_article` [ RunTime:0.0020s ]
SQL: SELECT a.id,a.title,b.market_price,a.img_url,b.stock_quantity FROM m_article a,m_article_attribute_value b WHERE ( id in (91,87) AND a.channel_id=7 AND is_red=1 AND status=0 AND a.id=b.article_id ) LIMIT 24   [ RunTime:0.0010s ]
SQL: SELECT `articleid` FROM `m_art_cat_relation` WHERE `categoryid` IN ('84','85')  [ RunTime:0.0000s ]
SQL: SHOW COLUMNS FROM `m_article` [ RunTime:0.0020s ]
SQL: SELECT a.id,a.title,b.market_price,a.img_url,b.stock_quantity FROM m_article a,m_article_attribute_value b WHERE ( id in (91,87,91) AND a.channel_id=7 AND is_red=1 AND status=0 AND a.id=b.article_id ) LIMIT 24   [ RunTime:0.0000s ]
SQL: SHOW COLUMNS FROM `m_article` [ RunTime:0.0020s ]
SQL: SELECT a.id,a.title,b.market_price,a.img_url,b.stock_quantity FROM m_article a,m_article_attribute_value b WHERE ( id in (91,87,91,87) AND a.channel_id=7 AND is_red=1 AND status=0 AND a.id=b.article_id ) LIMIT 24   [ RunTime:0.0000s ]
SQL: SHOW COLUMNS FROM `m_article` [ RunTime:0.0020s ]
SQL: SELECT a.id,a.title,b.market_price,a.img_url,b.stock_quantity FROM m_article a,m_article_attribute_value b WHERE ( id in (91,87,91,87,87) AND a.channel_id=7 AND is_red=1 AND status=0 AND a.id=b.article_id ) LIMIT 24   [ RunTime:0.0000s ]
SQL: SELECT `articleid` FROM `m_art_cat_relation` WHERE `categoryid` IN ('84','85','86')  [ RunTime:0.0000s ]
SQL: SHOW COLUMNS FROM `m_article` [ RunTime:0.0020s ]
SQL: SELECT a.id,a.title,b.market_price,a.img_url,b.stock_quantity FROM m_article a,m_article_attribute_value b WHERE ( id in (91,87,91,87,87,91) AND a.channel_id=7 AND is_red=1 AND status=0 AND a.id=b.article_id ) LIMIT 24   [ RunTime:0.0010s ]
SQL: SHOW COLUMNS FROM `m_article` [ RunTime:0.0030s ]
SQL: SELECT a.id,a.title,b.market_price,a.img_url,b.stock_quantity FROM m_article a,m_article_attribute_value b WHERE ( id in (91,87,91,87,87,91,87) AND a.channel_id=7 AND is_red=1 AND status=0 AND a.id=b.article_id ) LIMIT 24   [ RunTime:0.0010s ]
SQL: SHOW COLUMNS FROM `m_article` [ RunTime:0.0020s ]
SQL: SELECT a.id,a.title,b.market_price,a.img_url,b.stock_quantity FROM m_article a,m_article_attribute_value b WHERE ( id in (91,87,91,87,87,91,87,87) AND a.channel_id=7 AND is_red=1 AND status=0 AND a.id=b.article_id ) LIMIT 24   [ RunTime:0.0010s ]
SQL: SHOW COLUMNS FROM `m_article` [ RunTime:0.0020s ]
SQL: SELECT a.id,a.title,b.market_price,a.img_url,b.stock_quantity FROM m_article a,m_article_attribute_value b WHERE ( id in (91,87,91,87,87,91,87,87,87) AND a.channel_id=7 AND is_red=1 AND status=0 AND a.id=b.article_id ) LIMIT 24   [ RunTime:0.0010s ]
SQL: SELECT `id`,`title`,`channel_id` FROM `m_article_category` WHERE `parent_id` = 87  [ RunTime:0.0000s ]
NOTIC: [8] Undefined index: child_str D:\wamp\www\hsc_mall\Apps\Home\Model\ArticleModel.class.php 第 77 行.
SQL: SELECT `articleid` FROM `m_art_cat_relation` WHERE `categoryid` IN ('88')  [ RunTime:0.0000s ]
NOTIC: [8] Undefined index: article_str D:\wamp\www\hsc_mall\Apps\Home\Model\ArticleModel.class.php 第 81 行.
SQL: SHOW COLUMNS FROM `m_article` [ RunTime:0.0020s ]
SQL: SELECT a.id,a.title,b.market_price,a.img_url,b.stock_quantity FROM m_article a,m_article_attribute_value b WHERE ( id in (90) AND a.channel_id=7 AND is_red=1 AND status=0 AND a.id=b.article_id ) LIMIT 24   [ RunTime:0.0000s ]
SQL: SELECT `articleid` FROM `m_art_cat_relation` WHERE `categoryid` IN ('88','89')  [ RunTime:0.0010s ]
SQL: SHOW COLUMNS FROM `m_article` [ RunTime:0.0020s ]
SQL: SELECT a.id,a.title,b.market_price,a.img_url,b.stock_quantity FROM m_article a,m_article_attribute_value b WHERE ( id in (90,90) AND a.channel_id=7 AND is_red=1 AND status=0 AND a.id=b.article_id ) LIMIT 24   [ RunTime:0.0000s ]
SQL: SELECT `articleid` FROM `m_art_cat_relation` WHERE `categoryid` IN ('88','89','90')  [ RunTime:0.0000s ]
SQL: SHOW COLUMNS FROM `m_article` [ RunTime:0.0020s ]
SQL: SELECT a.id,a.title,b.market_price,a.img_url,b.stock_quantity FROM m_article a,m_article_attribute_value b WHERE ( id in (90,90,90) AND a.channel_id=7 AND is_red=1 AND status=0 AND a.id=b.article_id ) LIMIT 24   [ RunTime:0.0000s ]
SQL: SELECT `articleid` FROM `m_art_cat_relation` WHERE `categoryid` IN ('88','89','90','91')  [ RunTime:0.0000s ]
SQL: SHOW COLUMNS FROM `m_article` [ RunTime:0.0020s ]
SQL: SELECT a.id,a.title,b.market_price,a.img_url,b.stock_quantity FROM m_article a,m_article_attribute_value b WHERE ( id in (90,90,90,90) AND a.channel_id=7 AND is_red=1 AND status=0 AND a.id=b.article_id ) LIMIT 24   [ RunTime:0.0000s ]
SQL: SELECT `id`,`title`,`channel_id` FROM `m_article_category` WHERE `parent_id` = 96  [ RunTime:0.0000s ]
NOTIC: [8] Undefined index: child_str D:\wamp\www\hsc_mall\Apps\Home\Model\ArticleModel.class.php 第 77 行.
SQL: SELECT `articleid` FROM `m_art_cat_relation` WHERE `categoryid` IN ('98')  [ RunTime:0.0000s ]
NOTIC: [8] Undefined index: article_str D:\wamp\www\hsc_mall\Apps\Home\Model\ArticleModel.class.php 第 81 行.
SQL: SHOW COLUMNS FROM `m_article` [ RunTime:0.0020s ]
SQL: SELECT a.id,a.title,b.market_price,a.img_url,b.stock_quantity FROM m_article a,m_article_attribute_value b WHERE ( id in (90) AND a.channel_id=7 AND is_red=1 AND status=0 AND a.id=b.article_id ) LIMIT 24   [ RunTime:0.0010s ]
SQL: SELECT `articleid` FROM `m_art_cat_relation` WHERE `categoryid` IN ('98','99')  [ RunTime:0.0000s ]
SQL: SHOW COLUMNS FROM `m_article` [ RunTime:0.0010s ]
SQL: SELECT a.id,a.title,b.market_price,a.img_url,b.stock_quantity FROM m_article a,m_article_attribute_value b WHERE ( id in (90,101) AND a.channel_id=7 AND is_red=1 AND status=0 AND a.id=b.article_id ) LIMIT 24   [ RunTime:0.0010s ]
SQL: SHOW COLUMNS FROM `m_article` [ RunTime:0.0020s ]
SQL: SELECT a.id,a.title,b.market_price,a.img_url,b.stock_quantity FROM m_article a,m_article_attribute_value b WHERE ( id in (90,101,90) AND a.channel_id=7 AND is_red=1 AND status=0 AND a.id=b.article_id ) LIMIT 24   [ RunTime:0.0000s ]
SQL: SHOW COLUMNS FROM `m_article` [ RunTime:0.0020s ]
SQL: SELECT a.id,a.title,b.market_price,a.img_url,b.stock_quantity FROM m_article a,m_article_attribute_value b WHERE ( id in (90,101,90,87) AND a.channel_id=7 AND is_red=1 AND status=0 AND a.id=b.article_id ) LIMIT 24   [ RunTime:0.0000s ]
INFO: [ view_parse ] --START--
INFO: [ template_filter ] --START--
INFO: Run Behavior\ContentReplaceBehavior [ RunTime:0.001000s ]
INFO: [ template_filter ] --END-- [ RunTime:0.001000s ]
NOTIC: [8] Undefined index: USERS D:\wamp\www\hsc_mall\Apps\Runtime\Cache\Home\400c995c330f1f6ecac6b9102849eb7e.php 第 851 行.
INFO: Run Behavior\ParseTemplateBehavior [ RunTime:0.063004s ]
INFO: [ view_parse ] --END-- [ RunTime:0.063004s ]
INFO: [ view_filter ] --START--
INFO: Run Behavior\WriteHtmlCacheBehavior [ RunTime:0.001000s ]
INFO: [ view_filter ] --END-- [ RunTime:0.001000s ]
INFO: [ app_end ] --START--
INFO: Run Behavior\ShowPageTraceBehavior [ RunTime:0.001000s ]
INFO: [ app_end ] --END-- [ RunTime:0.001000s ]

