[ 2016-08-12T14:45:12+08:00 ] 127.0.0.1 /
INFO: [ app_init ] --START--
INFO: Run Behavior\BuildLiteBehavior [ RunTime:0.000000s ]
INFO: [ app_init ] --END-- [ RunTime:0.001000s ]
INFO: [ app_begin ] --START--
INFO: Run Behavior\ReadHtmlCacheBehavior [ RunTime:0.002000s ]
INFO: [ app_begin ] --END-- [ RunTime:0.002000s ]
SQL: SHOW COLUMNS FROM `m_users` [ RunTime:0.0700s ]
SQL: SHOW COLUMNS FROM `m_users` [ RunTime:0.0800s ]
SQL: SELECT * FROM `m_users` WHERE `id` = null LIMIT 1   [ RunTime:0.0250s ]
SQL: SHOW COLUMNS FROM `m_article_category` [ RunTime:0.0650s ]
SQL: SHOW COLUMNS FROM `m_article_category` [ RunTime:0.0340s ]
SQL: SELECT * FROM `m_article_category` WHERE `channel_id` = 7 AND `parent_id` = 0 AND `is_top` = 2  [ RunTime:0.0290s ]
SQL: SHOW COLUMNS FROM `m_article` [ RunTime:0.0410s ]
SQL: select id,link_url,img_url,title from m_article a where exists( select articleid from m_art_cat_relation acr where categoryid=74 and articleid=a.id) order by  sort_id desc limit 1 [ RunTime:0.0390s ]
SQL: select id,link_url,img_url,title from m_article a where exists( select articleid from m_art_cat_relation acr where categoryid=75 and articleid=a.id) order by  sort_id desc limit 3 [ RunTime:0.0240s ]
SQL: select id,link_url,img_url,title from m_article a where exists( select articleid from m_art_cat_relation acr where categoryid=76 and articleid=a.id) order by  sort_id desc limit 3 [ RunTime:0.0070s ]
SQL: select id,link_url,img_url,title from m_article a where exists( select articleid from m_art_cat_relation acr where categoryid=77 and articleid=a.id) order by  sort_id desc limit 1 [ RunTime:0.0070s ]
SQL: select id,link_url,img_url,title from m_article a where exists( select articleid from m_art_cat_relation acr where categoryid=78 and articleid=a.id) order by  sort_id desc limit 1 [ RunTime:0.0080s ]
SQL: select id,link_url,img_url,title from m_article a where exists( select articleid from m_art_cat_relation acr where categoryid=79 and articleid=a.id) order by  sort_id desc limit 1 [ RunTime:0.0120s ]
SQL: select id,link_url,img_url,title from m_article a where exists( select articleid from m_art_cat_relation acr where categoryid=80 and articleid=a.id) order by  sort_id desc limit 1 [ RunTime:0.0210s ]
SQL: select id,link_url,img_url,title from m_article a where exists( select articleid from m_art_cat_relation acr where categoryid=81 and articleid=a.id) order by  sort_id desc limit 1 [ RunTime:0.0090s ]
SQL: select id,link_url,img_url,title from m_article a where exists( select articleid from m_art_cat_relation acr where categoryid=82 and articleid=a.id) order by  sort_id desc limit 1 [ RunTime:0.0090s ]
SQL: select a.id,a.img_url,b.market_price,b.sell_price,a.title FROM m_article as a,m_article_attribute_value as b  WHERE a.id=b.article_id AND a.channel_id=7 AND status=0 AND is_hot=1 ORDER BY RAND() limit 8 [ RunTime:0.0270s ]
SQL: SELECT * FROM `m_article_category` WHERE `is_rec` = 2 AND `channel_id` = 7 AND `parent_id` = 0 LIMIT 5   [ RunTime:0.0090s ]
SQL: SELECT * FROM `m_article_category` WHERE `is_rec` = 2 AND `channel_id` = 7 AND `parent_id` = 0 LIMIT 5   [ RunTime:0.0100s ]
SQL: SELECT `id`,`title`,`channel_id` FROM `m_article_category` WHERE `parent_id` = 64  [ RunTime:0.0260s ]
NOTIC: [8] Undefined index: child_str D:\WWW\hsc\Apps\Home\Model\ArticleModel.class.php 第 77 行.
SQL: SHOW COLUMNS FROM `m_art_cat_relation` [ RunTime:0.0180s ]
SQL: SELECT `articleid` FROM `m_art_cat_relation` WHERE `categoryid` IN ('94')  [ RunTime:0.0030s ]
NOTIC: [8] Undefined index: article_str D:\WWW\hsc\Apps\Home\Model\ArticleModel.class.php 第 81 行.
SQL: SHOW COLUMNS FROM `m_article` [ RunTime:0.0120s ]
SQL: SELECT a.id,a.title,b.market_price,a.img_url,b.stock_quantity FROM m_article a,m_article_attribute_value b WHERE ( id in (93) AND a.channel_id=7 AND is_red=1 AND status=0 AND a.id=b.article_id ) LIMIT 24   [ RunTime:0.0060s ]
SQL: SHOW COLUMNS FROM `m_article` [ RunTime:0.0140s ]
SQL: SELECT a.id,a.title,b.market_price,a.img_url,b.stock_quantity FROM m_article a,m_article_attribute_value b WHERE ( id in (93,94) AND a.channel_id=7 AND is_red=1 AND status=0 AND a.id=b.article_id ) LIMIT 24   [ RunTime:0.0350s ]
SQL: SHOW COLUMNS FROM `m_article` [ RunTime:0.0320s ]
SQL: SELECT a.id,a.title,b.market_price,a.img_url,b.stock_quantity FROM m_article a,m_article_attribute_value b WHERE ( id in (93,94,91) AND a.channel_id=7 AND is_red=1 AND status=0 AND a.id=b.article_id ) LIMIT 24   [ RunTime:0.0060s ]
SQL: SHOW COLUMNS FROM `m_article` [ RunTime:0.0140s ]
SQL: SELECT a.id,a.title,b.market_price,a.img_url,b.stock_quantity FROM m_article a,m_article_attribute_value b WHERE ( id in (93,94,91,90) AND a.channel_id=7 AND is_red=1 AND status=0 AND a.id=b.article_id ) LIMIT 24   [ RunTime:0.0060s ]
SQL: SHOW COLUMNS FROM `m_article` [ RunTime:0.0140s ]
SQL: SELECT a.id,a.title,b.market_price,a.img_url,b.stock_quantity FROM m_article a,m_article_attribute_value b WHERE ( id in (93,94,91,90,87) AND a.channel_id=7 AND is_red=1 AND status=0 AND a.id=b.article_id ) LIMIT 24   [ RunTime:0.0120s ]
SQL: SELECT `articleid` FROM `m_art_cat_relation` WHERE `categoryid` IN ('94','95')  [ RunTime:0.0090s ]
SQL: SHOW COLUMNS FROM `m_article` [ RunTime:0.0320s ]
SQL: SELECT a.id,a.title,b.market_price,a.img_url,b.stock_quantity FROM m_article a,m_article_attribute_value b WHERE ( id in (93,94,91,90,87,93) AND a.channel_id=7 AND is_red=1 AND status=0 AND a.id=b.article_id ) LIMIT 24   [ RunTime:0.0060s ]
SQL: SHOW COLUMNS FROM `m_article` [ RunTime:0.0170s ]
SQL: SELECT a.id,a.title,b.market_price,a.img_url,b.stock_quantity FROM m_article a,m_article_attribute_value b WHERE ( id in (93,94,91,90,87,93,93) AND a.channel_id=7 AND is_red=1 AND status=0 AND a.id=b.article_id ) LIMIT 24   [ RunTime:0.0060s ]
SQL: SHOW COLUMNS FROM `m_article` [ RunTime:0.0160s ]
SQL: SELECT a.id,a.title,b.market_price,a.img_url,b.stock_quantity FROM m_article a,m_article_attribute_value b WHERE ( id in (93,94,91,90,87,93,93,94) AND a.channel_id=7 AND is_red=1 AND status=0 AND a.id=b.article_id ) LIMIT 24   [ RunTime:0.0090s ]
SQL: SHOW COLUMNS FROM `m_article` [ RunTime:0.0150s ]
SQL: SELECT a.id,a.title,b.market_price,a.img_url,b.stock_quantity FROM m_article a,m_article_attribute_value b WHERE ( id in (93,94,91,90,87,93,93,94,101) AND a.channel_id=7 AND is_red=1 AND status=0 AND a.id=b.article_id ) LIMIT 24   [ RunTime:0.0110s ]
SQL: SHOW COLUMNS FROM `m_article` [ RunTime:0.0220s ]
SQL: SELECT a.id,a.title,b.market_price,a.img_url,b.stock_quantity FROM m_article a,m_article_attribute_value b WHERE ( id in (93,94,91,90,87,93,93,94,101,91) AND a.channel_id=7 AND is_red=1 AND status=0 AND a.id=b.article_id ) LIMIT 24   [ RunTime:0.0100s ]
SQL: SHOW COLUMNS FROM `m_article` [ RunTime:0.0120s ]
SQL: SELECT a.id,a.title,b.market_price,a.img_url,b.stock_quantity FROM m_article a,m_article_attribute_value b WHERE ( id in (93,94,91,90,87,93,93,94,101,91,92) AND a.channel_id=7 AND is_red=1 AND status=0 AND a.id=b.article_id ) LIMIT 24   [ RunTime:0.0050s ]
SQL: SHOW COLUMNS FROM `m_article` [ RunTime:0.0290s ]
SQL: SELECT a.id,a.title,b.market_price,a.img_url,b.stock_quantity FROM m_article a,m_article_attribute_value b WHERE ( id in (93,94,91,90,87,93,93,94,101,91,92,90) AND a.channel_id=7 AND is_red=1 AND status=0 AND a.id=b.article_id ) LIMIT 24   [ RunTime:0.0320s ]
SQL: SHOW COLUMNS FROM `m_article` [ RunTime:0.0200s ]
SQL: SELECT a.id,a.title,b.market_price,a.img_url,b.stock_quantity FROM m_article a,m_article_attribute_value b WHERE ( id in (93,94,91,90,87,93,93,94,101,91,92,90,90) AND a.channel_id=7 AND is_red=1 AND status=0 AND a.id=b.article_id ) LIMIT 24   [ RunTime:0.0100s ]
SQL: SHOW COLUMNS FROM `m_article` [ RunTime:0.0140s ]
SQL: SELECT a.id,a.title,b.market_price,a.img_url,b.stock_quantity FROM m_article a,m_article_attribute_value b WHERE ( id in (93,94,91,90,87,93,93,94,101,91,92,90,90,87) AND a.channel_id=7 AND is_red=1 AND status=0 AND a.id=b.article_id ) LIMIT 24   [ RunTime:0.0040s ]
SQL: SHOW COLUMNS FROM `m_article` [ RunTime:0.0080s ]
SQL: SELECT a.id,a.title,b.market_price,a.img_url,b.stock_quantity FROM m_article a,m_article_attribute_value b WHERE ( id in (93,94,91,90,87,93,93,94,101,91,92,90,90,87,87) AND a.channel_id=7 AND is_red=1 AND status=0 AND a.id=b.article_id ) LIMIT 24   [ RunTime:0.0050s ]
SQL: SELECT `id`,`title`,`channel_id` FROM `m_article_category` WHERE `parent_id` = 65  [ RunTime:0.0070s ]
NOTIC: [8] Undefined index: child_str D:\WWW\hsc\Apps\Home\Model\ArticleModel.class.php 第 77 行.
SQL: SELECT `articleid` FROM `m_art_cat_relation` WHERE `categoryid` IN ('92')  [ RunTime:0.0080s ]
NOTIC: [8] Undefined index: article_str D:\WWW\hsc\Apps\Home\Model\ArticleModel.class.php 第 81 行.
SQL: SHOW COLUMNS FROM `m_article` [ RunTime:0.0140s ]
SQL: SELECT a.id,a.title,b.market_price,a.img_url,b.stock_quantity FROM m_article a,m_article_attribute_value b WHERE ( id in (90) AND a.channel_id=7 AND is_red=1 AND status=0 AND a.id=b.article_id ) LIMIT 24   [ RunTime:0.0050s ]
SQL: SHOW COLUMNS FROM `m_article` [ RunTime:0.0140s ]
SQL: SELECT a.id,a.title,b.market_price,a.img_url,b.stock_quantity FROM m_article a,m_article_attribute_value b WHERE ( id in (90,87) AND a.channel_id=7 AND is_red=1 AND status=0 AND a.id=b.article_id ) LIMIT 24   [ RunTime:0.0060s ]
SQL: SELECT `articleid` FROM `m_art_cat_relation` WHERE `categoryid` IN ('92','93')  [ RunTime:0.0040s ]
SQL: SHOW COLUMNS FROM `m_article` [ RunTime:0.0160s ]
SQL: SELECT a.id,a.title,b.market_price,a.img_url,b.stock_quantity FROM m_article a,m_article_attribute_value b WHERE ( id in (90,87,101) AND a.channel_id=7 AND is_red=1 AND status=0 AND a.id=b.article_id ) LIMIT 24   [ RunTime:0.0050s ]
SQL: SHOW COLUMNS FROM `m_article` [ RunTime:0.0110s ]
SQL: SELECT a.id,a.title,b.market_price,a.img_url,b.stock_quantity FROM m_article a,m_article_attribute_value b WHERE ( id in (90,87,101,90) AND a.channel_id=7 AND is_red=1 AND status=0 AND a.id=b.article_id ) LIMIT 24   [ RunTime:0.0080s ]
SQL: SHOW COLUMNS FROM `m_article` [ RunTime:0.0200s ]
SQL: SELECT a.id,a.title,b.market_price,a.img_url,b.stock_quantity FROM m_article a,m_article_attribute_value b WHERE ( id in (90,87,101,90,87) AND a.channel_id=7 AND is_red=1 AND status=0 AND a.id=b.article_id ) LIMIT 24   [ RunTime:0.0150s ]
SQL: SELECT `id`,`title`,`channel_id` FROM `m_article_category` WHERE `parent_id` = 83  [ RunTime:0.0100s ]
NOTIC: [8] Undefined index: child_str D:\WWW\hsc\Apps\Home\Model\ArticleModel.class.php 第 77 行.
SQL: SELECT `articleid` FROM `m_art_cat_relation` WHERE `categoryid` IN ('84')  [ RunTime:0.0050s ]
NOTIC: [8] Undefined index: article_str D:\WWW\hsc\Apps\Home\Model\ArticleModel.class.php 第 81 行.
SQL: SHOW COLUMNS FROM `m_article` [ RunTime:0.0160s ]
SQL: SELECT a.id,a.title,b.market_price,a.img_url,b.stock_quantity FROM m_article a,m_article_attribute_value b WHERE ( id in (91) AND a.channel_id=7 AND is_red=1 AND status=0 AND a.id=b.article_id ) LIMIT 24   [ RunTime:0.0080s ]
SQL: SHOW COLUMNS FROM `m_article` [ RunTime:0.0150s ]
SQL: SELECT a.id,a.title,b.market_price,a.img_url,b.stock_quantity FROM m_article a,m_article_attribute_value b WHERE ( id in (91,87) AND a.channel_id=7 AND is_red=1 AND status=0 AND a.id=b.article_id ) LIMIT 24   [ RunTime:0.0060s ]
SQL: SELECT `articleid` FROM `m_art_cat_relation` WHERE `categoryid` IN ('84','85')  [ RunTime:0.0110s ]
SQL: SHOW COLUMNS FROM `m_article` [ RunTime:0.0480s ]
SQL: SELECT a.id,a.title,b.market_price,a.img_url,b.stock_quantity FROM m_article a,m_article_attribute_value b WHERE ( id in (91,87,91) AND a.channel_id=7 AND is_red=1 AND status=0 AND a.id=b.article_id ) LIMIT 24   [ RunTime:0.0190s ]
SQL: SHOW COLUMNS FROM `m_article` [ RunTime:0.0160s ]
SQL: SELECT a.id,a.title,b.market_price,a.img_url,b.stock_quantity FROM m_article a,m_article_attribute_value b WHERE ( id in (91,87,91,87) AND a.channel_id=7 AND is_red=1 AND status=0 AND a.id=b.article_id ) LIMIT 24   [ RunTime:0.0210s ]
SQL: SHOW COLUMNS FROM `m_article` [ RunTime:0.0170s ]
SQL: SELECT a.id,a.title,b.market_price,a.img_url,b.stock_quantity FROM m_article a,m_article_attribute_value b WHERE ( id in (91,87,91,87,87) AND a.channel_id=7 AND is_red=1 AND status=0 AND a.id=b.article_id ) LIMIT 24   [ RunTime:0.0060s ]
SQL: SELECT `articleid` FROM `m_art_cat_relation` WHERE `categoryid` IN ('84','85','86')  [ RunTime:0.0050s ]
SQL: SHOW COLUMNS FROM `m_article` [ RunTime:0.0140s ]
SQL: SELECT a.id,a.title,b.market_price,a.img_url,b.stock_quantity FROM m_article a,m_article_attribute_value b WHERE ( id in (91,87,91,87,87,91) AND a.channel_id=7 AND is_red=1 AND status=0 AND a.id=b.article_id ) LIMIT 24   [ RunTime:0.0060s ]
SQL: SHOW COLUMNS FROM `m_article` [ RunTime:0.0130s ]
SQL: SELECT a.id,a.title,b.market_price,a.img_url,b.stock_quantity FROM m_article a,m_article_attribute_value b WHERE ( id in (91,87,91,87,87,91,87) AND a.channel_id=7 AND is_red=1 AND status=0 AND a.id=b.article_id ) LIMIT 24   [ RunTime:0.0130s ]
SQL: SHOW COLUMNS FROM `m_article` [ RunTime:0.0480s ]
SQL: SELECT a.id,a.title,b.market_price,a.img_url,b.stock_quantity FROM m_article a,m_article_attribute_value b WHERE ( id in (91,87,91,87,87,91,87,87) AND a.channel_id=7 AND is_red=1 AND status=0 AND a.id=b.article_id ) LIMIT 24   [ RunTime:0.0090s ]
SQL: SHOW COLUMNS FROM `m_article` [ RunTime:0.0090s ]
SQL: SELECT a.id,a.title,b.market_price,a.img_url,b.stock_quantity FROM m_article a,m_article_attribute_value b WHERE ( id in (91,87,91,87,87,91,87,87,87) AND a.channel_id=7 AND is_red=1 AND status=0 AND a.id=b.article_id ) LIMIT 24   [ RunTime:0.0050s ]
SQL: SELECT `id`,`title`,`channel_id` FROM `m_article_category` WHERE `parent_id` = 87  [ RunTime:0.0080s ]
NOTIC: [8] Undefined index: child_str D:\WWW\hsc\Apps\Home\Model\ArticleModel.class.php 第 77 行.
SQL: SELECT `articleid` FROM `m_art_cat_relation` WHERE `categoryid` IN ('88')  [ RunTime:0.0040s ]
NOTIC: [8] Undefined index: article_str D:\WWW\hsc\Apps\Home\Model\ArticleModel.class.php 第 81 行.
SQL: SHOW COLUMNS FROM `m_article` [ RunTime:0.0070s ]
SQL: SELECT a.id,a.title,b.market_price,a.img_url,b.stock_quantity FROM m_article a,m_article_attribute_value b WHERE ( id in (90) AND a.channel_id=7 AND is_red=1 AND status=0 AND a.id=b.article_id ) LIMIT 24   [ RunTime:0.0070s ]
SQL: SELECT `articleid` FROM `m_art_cat_relation` WHERE `categoryid` IN ('88','89')  [ RunTime:0.0060s ]
SQL: SHOW COLUMNS FROM `m_article` [ RunTime:0.0360s ]
SQL: SELECT a.id,a.title,b.market_price,a.img_url,b.stock_quantity FROM m_article a,m_article_attribute_value b WHERE ( id in (90,90) AND a.channel_id=7 AND is_red=1 AND status=0 AND a.id=b.article_id ) LIMIT 24   [ RunTime:0.0040s ]
SQL: SELECT `articleid` FROM `m_art_cat_relation` WHERE `categoryid` IN ('88','89','90')  [ RunTime:0.0040s ]
SQL: SHOW COLUMNS FROM `m_article` [ RunTime:0.0110s ]
SQL: SELECT a.id,a.title,b.market_price,a.img_url,b.stock_quantity FROM m_article a,m_article_attribute_value b WHERE ( id in (90,90,90) AND a.channel_id=7 AND is_red=1 AND status=0 AND a.id=b.article_id ) LIMIT 24   [ RunTime:0.0060s ]
SQL: SELECT `articleid` FROM `m_art_cat_relation` WHERE `categoryid` IN ('88','89','90','91')  [ RunTime:0.0050s ]
SQL: SHOW COLUMNS FROM `m_article` [ RunTime:0.0140s ]
SQL: SELECT a.id,a.title,b.market_price,a.img_url,b.stock_quantity FROM m_article a,m_article_attribute_value b WHERE ( id in (90,90,90,90) AND a.channel_id=7 AND is_red=1 AND status=0 AND a.id=b.article_id ) LIMIT 24   [ RunTime:0.0060s ]
SQL: SELECT `id`,`title`,`channel_id` FROM `m_article_category` WHERE `parent_id` = 96  [ RunTime:0.0070s ]
NOTIC: [8] Undefined index: child_str D:\WWW\hsc\Apps\Home\Model\ArticleModel.class.php 第 77 行.
SQL: SELECT `articleid` FROM `m_art_cat_relation` WHERE `categoryid` IN ('98')  [ RunTime:0.0050s ]
NOTIC: [8] Undefined index: article_str D:\WWW\hsc\Apps\Home\Model\ArticleModel.class.php 第 81 行.
SQL: SHOW COLUMNS FROM `m_article` [ RunTime:0.0150s ]
SQL: SELECT a.id,a.title,b.market_price,a.img_url,b.stock_quantity FROM m_article a,m_article_attribute_value b WHERE ( id in (90) AND a.channel_id=7 AND is_red=1 AND status=0 AND a.id=b.article_id ) LIMIT 24   [ RunTime:0.0060s ]
SQL: SELECT `articleid` FROM `m_art_cat_relation` WHERE `categoryid` IN ('98','99')  [ RunTime:0.0130s ]
SQL: SHOW COLUMNS FROM `m_article` [ RunTime:0.0120s ]
SQL: SELECT a.id,a.title,b.market_price,a.img_url,b.stock_quantity FROM m_article a,m_article_attribute_value b WHERE ( id in (90,101) AND a.channel_id=7 AND is_red=1 AND status=0 AND a.id=b.article_id ) LIMIT 24   [ RunTime:0.0040s ]
SQL: SHOW COLUMNS FROM `m_article` [ RunTime:0.0110s ]
SQL: SELECT a.id,a.title,b.market_price,a.img_url,b.stock_quantity FROM m_article a,m_article_attribute_value b WHERE ( id in (90,101,90) AND a.channel_id=7 AND is_red=1 AND status=0 AND a.id=b.article_id ) LIMIT 24   [ RunTime:0.0040s ]
SQL: SHOW COLUMNS FROM `m_article` [ RunTime:0.0200s ]
SQL: SELECT a.id,a.title,b.market_price,a.img_url,b.stock_quantity FROM m_article a,m_article_attribute_value b WHERE ( id in (90,101,90,87) AND a.channel_id=7 AND is_red=1 AND status=0 AND a.id=b.article_id ) LIMIT 24   [ RunTime:0.0060s ]
INFO: [ view_parse ] --START--
INFO: [ template_filter ] --START--
INFO: Run Behavior\ContentReplaceBehavior [ RunTime:0.001000s ]
INFO: [ template_filter ] --END-- [ RunTime:0.001000s ]
NOTIC: [8] Undefined index: USERS D:\WWW\hsc\Apps\Runtime\Cache\Home\400c995c330f1f6ecac6b9102849eb7e.php 第 851 行.
INFO: Run Behavior\ParseTemplateBehavior [ RunTime:0.149008s ]
INFO: [ view_parse ] --END-- [ RunTime:0.149008s ]
INFO: [ view_filter ] --START--
INFO: Run Behavior\WriteHtmlCacheBehavior [ RunTime:0.021002s ]
INFO: [ view_filter ] --END-- [ RunTime:0.021002s ]
INFO: [ app_end ] --START--
INFO: Run Behavior\ShowPageTraceBehavior [ RunTime:0.005000s ]
INFO: [ app_end ] --END-- [ RunTime:0.005000s ]

