[ 2016-08-09T09:43:11+08:00 ] 127.0.0.1 /index.php/U('Home/Orders/index').html
INFO: [ app_init ] --START--
INFO: Run Behavior\BuildLiteBehavior [ RunTime:0.000000s ]
INFO: [ app_init ] --END-- [ RunTime:0.000000s ]
ERR: 无法加载模块:U('Home

[ 2016-08-09T09:43:13+08:00 ] 127.0.0.1 /index.php/U('Home/Orders/index').html
INFO: [ app_init ] --START--
INFO: Run Behavior\BuildLiteBehavior [ RunTime:0.000000s ]
INFO: [ app_init ] --END-- [ RunTime:0.001000s ]
ERR: 无法加载模块:U('Home

[ 2016-08-09T09:43:19+08:00 ] 127.0.0.1 /index.php/U('Home/Orders/index').html
INFO: [ app_init ] --START--
INFO: Run Behavior\BuildLiteBehavior [ RunTime:0.000000s ]
INFO: [ app_init ] --END-- [ RunTime:0.001000s ]
ERR: 无法加载模块:U('Home

[ 2016-08-09T09:43:20+08:00 ] 127.0.0.1 /index.php/U('Home/Orders/index').html
INFO: [ app_init ] --START--
INFO: Run Behavior\BuildLiteBehavior [ RunTime:0.000000s ]
INFO: [ app_init ] --END-- [ RunTime:0.001000s ]
ERR: 无法加载模块:U('Home

[ 2016-08-09T09:43:20+08:00 ] 127.0.0.1 /index.php/U('Home/Orders/index').html
INFO: [ app_init ] --START--
INFO: Run Behavior\BuildLiteBehavior [ RunTime:0.000000s ]
INFO: [ app_init ] --END-- [ RunTime:0.002000s ]
ERR: 无法加载模块:U('Home

