[ 2016-08-29T17:13:40+08:00 ] 127.0.0.1 /index.php/MomuAdmin/
INFO: [ app_init ] --START--
INFO: Run Behavior\BuildLiteBehavior [ RunTime:0.000000s ]
INFO: [ app_init ] --END-- [ RunTime:0.001001s ]
INFO: [ app_begin ] --START--
INFO: Run Behavior\ReadHtmlCacheBehavior [ RunTime:0.001000s ]
INFO: [ app_begin ] --END-- [ RunTime:0.001000s ]
SQL: SHOW COLUMNS FROM `m_manager` [ RunTime:0.0010s ]
INFO: [ view_parse ] --START--
INFO: [ template_filter ] --START--
INFO: Run Behavior\ContentReplaceBehavior [ RunTime:0.000000s ]
INFO: [ template_filter ] --END-- [ RunTime:0.000000s ]
INFO: Run Behavior\ParseTemplateBehavior [ RunTime:0.021001s ]
INFO: [ view_parse ] --END-- [ RunTime:0.021001s ]
INFO: [ view_filter ] --START--
INFO: Run Behavior\WriteHtmlCacheBehavior [ RunTime:0.000000s ]
INFO: [ view_filter ] --END-- [ RunTime:0.001000s ]
INFO: [ app_end ] --START--
INFO: Run Behavior\ShowPageTraceBehavior [ RunTime:0.000000s ]
INFO: [ app_end ] --END-- [ RunTime:0.000000s ]

[ 2016-08-29T17:13:46+08:00 ] 127.0.0.1 /index.php/MomuAdmin/Index/index.html
INFO: [ app_init ] --START--
INFO: Run Behavior\BuildLiteBehavior [ RunTime:0.000000s ]
INFO: [ app_init ] --END-- [ RunTime:0.000000s ]
INFO: [ app_begin ] --START--
INFO: Run Behavior\ReadHtmlCacheBehavior [ RunTime:0.000000s ]
INFO: [ app_begin ] --END-- [ RunTime:0.000000s ]
SQL: SHOW COLUMNS FROM `m_manager` [ RunTime:0.0270s ]
SQL: SELECT COUNT(*) AS tp_count FROM `m_manager` WHERE `user_name` = 'admin' AND `password` = 'adcaec3805aa912c0d0b14a81bedb6ff' LIMIT 1   [ RunTime:0.0100s ]
SQL: SELECT * FROM `m_manager` WHERE `user_name` = 'admin' AND `password` = 'adcaec3805aa912c0d0b14a81bedb6ff'  [ RunTime:0.0000s ]
INFO: [ view_parse ] --START--
INFO: [ template_filter ] --START--
INFO: Run Behavior\ContentReplaceBehavior [ RunTime:0.000000s ]
INFO: [ template_filter ] --END-- [ RunTime:0.000000s ]
INFO: Run Behavior\ParseTemplateBehavior [ RunTime:0.013001s ]
INFO: [ view_parse ] --END-- [ RunTime:0.013001s ]
INFO: [ view_filter ] --START--
INFO: Run Behavior\WriteHtmlCacheBehavior [ RunTime:0.001000s ]
INFO: [ view_filter ] --END-- [ RunTime:0.001000s ]

[ 2016-08-29T17:13:51+08:00 ] 127.0.0.1 /index.php/MomuAdmin/Index/index.html
INFO: [ app_init ] --START--
INFO: Run Behavior\BuildLiteBehavior [ RunTime:0.000000s ]
INFO: [ app_init ] --END-- [ RunTime:0.000000s ]
INFO: [ app_begin ] --START--
INFO: Run Behavior\ReadHtmlCacheBehavior [ RunTime:0.001000s ]
INFO: [ app_begin ] --END-- [ RunTime:0.001000s ]
SQL: SHOW COLUMNS FROM `m_manager` [ RunTime:0.0030s ]
SQL: SELECT COUNT(*) AS tp_count FROM `m_manager` WHERE `user_name` = 'admin' AND `password` = 'e10adc3949ba59abbe56e057f20f883e' LIMIT 1   [ RunTime:0.0010s ]
SQL: SELECT * FROM `m_manager` WHERE `user_name` = 'admin' AND `password` = 'e10adc3949ba59abbe56e057f20f883e'  [ RunTime:0.0000s ]

[ 2016-08-29T17:13:51+08:00 ] 127.0.0.1 /index.php/MomuAdmin/Index/LoginIndex.html
INFO: [ app_init ] --START--
INFO: Run Behavior\BuildLiteBehavior [ RunTime:0.000000s ]
INFO: [ app_init ] --END-- [ RunTime:0.000000s ]
INFO: [ app_begin ] --START--
INFO: Run Behavior\ReadHtmlCacheBehavior [ RunTime:0.001001s ]
INFO: [ app_begin ] --END-- [ RunTime:0.001001s ]
SQL: SHOW COLUMNS FROM `m_manager` [ RunTime:0.0020s ]
SQL: SELECT * FROM `m_manager` WHERE `id` = 1 LIMIT 1   [ RunTime:0.0000s ]
INFO: [ view_parse ] --START--
INFO: [ template_filter ] --START--
INFO: Run Behavior\ContentReplaceBehavior [ RunTime:0.000000s ]
INFO: [ template_filter ] --END-- [ RunTime:0.000000s ]
NOTIC: [8] Undefined index: managerrole D:\wamp\www\hsc_mall\Apps\Runtime\Cache\MomuAdmin\aa1881ccbdb5499ac3dbdafa701ad1b8.php 第 68 行.
INFO: Run Behavior\ParseTemplateBehavior [ RunTime:0.034002s ]
INFO: [ view_parse ] --END-- [ RunTime:0.034002s ]
INFO: [ view_filter ] --START--
INFO: Run Behavior\WriteHtmlCacheBehavior [ RunTime:0.001000s ]
INFO: [ view_filter ] --END-- [ RunTime:0.001000s ]
INFO: [ app_end ] --START--
INFO: Run Behavior\ShowPageTraceBehavior [ RunTime:0.001000s ]
INFO: [ app_end ] --END-- [ RunTime:0.001000s ]

[ 2016-08-29T17:13:51+08:00 ] 127.0.0.1 /index.php/MomuAdmin/Index/center.html
INFO: [ app_init ] --START--
INFO: Run Behavior\BuildLiteBehavior [ RunTime:0.001000s ]
INFO: [ app_init ] --END-- [ RunTime:0.001000s ]
INFO: [ app_begin ] --START--
INFO: Run Behavior\ReadHtmlCacheBehavior [ RunTime:0.001000s ]
INFO: [ app_begin ] --END-- [ RunTime:0.001000s ]
INFO: [ view_parse ] --START--
INFO: [ template_filter ] --START--
INFO: Run Behavior\ContentReplaceBehavior [ RunTime:0.000000s ]
INFO: [ template_filter ] --END-- [ RunTime:0.001000s ]
NOTIC: [8] Undefined variable: uploadSetValue D:\wamp\www\hsc_mall\Apps\Runtime\Cache\MomuAdmin\3c2526ec326847e91cf016af4afdfd9f.php 第 32 行.
NOTIC: [8] Undefined variable: uploadSetValue D:\wamp\www\hsc_mall\Apps\Runtime\Cache\MomuAdmin\3c2526ec326847e91cf016af4afdfd9f.php 第 33 行.
NOTIC: [8] Undefined variable: uploadSetValue D:\wamp\www\hsc_mall\Apps\Runtime\Cache\MomuAdmin\3c2526ec326847e91cf016af4afdfd9f.php 第 34 行.
NOTIC: [8] Undefined variable: uploadSetValue D:\wamp\www\hsc_mall\Apps\Runtime\Cache\MomuAdmin\3c2526ec326847e91cf016af4afdfd9f.php 第 35 行.
NOTIC: [8] Undefined variable: uploadSetValue D:\wamp\www\hsc_mall\Apps\Runtime\Cache\MomuAdmin\3c2526ec326847e91cf016af4afdfd9f.php 第 36 行.
NOTIC: [8] Undefined variable: uploadSetValue D:\wamp\www\hsc_mall\Apps\Runtime\Cache\MomuAdmin\3c2526ec326847e91cf016af4afdfd9f.php 第 37 行.
INFO: Run Behavior\ParseTemplateBehavior [ RunTime:0.064003s ]
INFO: [ view_parse ] --END-- [ RunTime:0.065003s ]
INFO: [ view_filter ] --START--
INFO: Run Behavior\WriteHtmlCacheBehavior [ RunTime:0.000000s ]
INFO: [ view_filter ] --END-- [ RunTime:0.000000s ]
INFO: [ app_end ] --START--
INFO: Run Behavior\ShowPageTraceBehavior [ RunTime:0.001000s ]
INFO: [ app_end ] --END-- [ RunTime:0.001000s ]

[ 2016-08-29T17:13:52+08:00 ] 127.0.0.1 /index.php/MomuAdmin/Tools/Index.html?action=get_navigation_list&time=0.8682078737765551
INFO: [ app_init ] --START--
INFO: Run Behavior\BuildLiteBehavior [ RunTime:0.000000s ]
INFO: [ app_init ] --END-- [ RunTime:0.001000s ]
INFO: [ app_begin ] --START--
INFO: Run Behavior\ReadHtmlCacheBehavior [ RunTime:0.001000s ]
INFO: [ app_begin ] --END-- [ RunTime:0.001000s ]
NOTIC: [8] Use of undefined constant context - assumed 'context' D:\wamp\www\hsc_mall\Apps\MomuAdmin\Action\ToolsAction.class.php 第 32 行.
SQL: SHOW COLUMNS FROM `m_navigation` [ RunTime:0.2690s ]
SQL: SELECT * FROM `m_navigation` WHERE ( parent_id=0 and is_lock=0 ) ORDER BY sort_id asc  [ RunTime:0.0010s ]
NOTIC: [8] Undefined index: userRole D:\wamp\www\hsc_mall\Apps\MomuAdmin\Action\ToolsAction.class.php 第 57 行.
SQL: SELECT * FROM `m_navigation` WHERE ( parent_id=1 and is_lock=0 ) ORDER BY sort_id asc  [ RunTime:0.0010s ]
NOTIC: [8] Undefined index: userRole D:\wamp\www\hsc_mall\Apps\MomuAdmin\Action\ToolsAction.class.php 第 79 行.
SQL: SELECT * FROM `m_navigation` WHERE ( parent_id=22 and is_lock=0 )  [ RunTime:0.0020s ]
SQL: SELECT * FROM `m_navigation` WHERE ( parent_id=24 and is_lock=0 )  [ RunTime:0.0010s ]
NOTIC: [8] Undefined index: userRole D:\wamp\www\hsc_mall\Apps\MomuAdmin\Action\ToolsAction.class.php 第 102 行.
SQL: SELECT * FROM `m_navigation` WHERE ( parent_id=24 and is_lock=0 )  [ RunTime:0.0000s ]
NOTIC: [8] Undefined index: userRole D:\wamp\www\hsc_mall\Apps\MomuAdmin\Action\ToolsAction.class.php 第 139 行.
NOTIC: [8] Undefined index: userRole D:\wamp\www\hsc_mall\Apps\MomuAdmin\Action\ToolsAction.class.php 第 139 行.
NOTIC: [8] Undefined index: userRole D:\wamp\www\hsc_mall\Apps\MomuAdmin\Action\ToolsAction.class.php 第 139 行.
SQL: SELECT * FROM `m_navigation` WHERE ( parent_id=53 and is_lock=0 )  [ RunTime:0.0000s ]
NOTIC: [8] Undefined index: userRole D:\wamp\www\hsc_mall\Apps\MomuAdmin\Action\ToolsAction.class.php 第 102 行.
SQL: SELECT * FROM `m_navigation` WHERE ( parent_id=53 and is_lock=0 )  [ RunTime:0.0010s ]
NOTIC: [8] Undefined index: userRole D:\wamp\www\hsc_mall\Apps\MomuAdmin\Action\ToolsAction.class.php 第 139 行.
NOTIC: [8] Undefined index: userRole D:\wamp\www\hsc_mall\Apps\MomuAdmin\Action\ToolsAction.class.php 第 139 行.
NOTIC: [8] Undefined index: userRole D:\wamp\www\hsc_mall\Apps\MomuAdmin\Action\ToolsAction.class.php 第 139 行.
SQL: SELECT * FROM `m_navigation` WHERE ( parent_id=57 and is_lock=0 )  [ RunTime:0.0010s ]
NOTIC: [8] Undefined index: userRole D:\wamp\www\hsc_mall\Apps\MomuAdmin\Action\ToolsAction.class.php 第 102 行.
SQL: SELECT * FROM `m_navigation` WHERE ( parent_id=57 and is_lock=0 )  [ RunTime:0.0010s ]
NOTIC: [8] Undefined index: userRole D:\wamp\www\hsc_mall\Apps\MomuAdmin\Action\ToolsAction.class.php 第 139 行.
NOTIC: [8] Undefined index: userRole D:\wamp\www\hsc_mall\Apps\MomuAdmin\Action\ToolsAction.class.php 第 139 行.
NOTIC: [8] Undefined index: userRole D:\wamp\www\hsc_mall\Apps\MomuAdmin\Action\ToolsAction.class.php 第 139 行.
SQL: SELECT * FROM `m_navigation` WHERE ( parent_id=61 and is_lock=0 )  [ RunTime:0.0000s ]
NOTIC: [8] Undefined index: userRole D:\wamp\www\hsc_mall\Apps\MomuAdmin\Action\ToolsAction.class.php 第 102 行.
SQL: SELECT * FROM `m_navigation` WHERE ( parent_id=61 and is_lock=0 )  [ RunTime:0.0010s ]
NOTIC: [8] Undefined index: userRole D:\wamp\www\hsc_mall\Apps\MomuAdmin\Action\ToolsAction.class.php 第 139 行.
NOTIC: [8] Undefined index: userRole D:\wamp\www\hsc_mall\Apps\MomuAdmin\Action\ToolsAction.class.php 第 139 行.
NOTIC: [8] Undefined index: userRole D:\wamp\www\hsc_mall\Apps\MomuAdmin\Action\ToolsAction.class.php 第 139 行.
SQL: SELECT * FROM `m_navigation` WHERE ( parent_id=65 and is_lock=0 )  [ RunTime:0.0010s ]
NOTIC: [8] Undefined index: userRole D:\wamp\www\hsc_mall\Apps\MomuAdmin\Action\ToolsAction.class.php 第 102 行.
SQL: SELECT * FROM `m_navigation` WHERE ( parent_id=65 and is_lock=0 )  [ RunTime:0.0010s ]
NOTIC: [8] Undefined index: userRole D:\wamp\www\hsc_mall\Apps\MomuAdmin\Action\ToolsAction.class.php 第 139 行.
NOTIC: [8] Undefined index: userRole D:\wamp\www\hsc_mall\Apps\MomuAdmin\Action\ToolsAction.class.php 第 139 行.
NOTIC: [8] Undefined index: userRole D:\wamp\www\hsc_mall\Apps\MomuAdmin\Action\ToolsAction.class.php 第 139 行.
SQL: SELECT * FROM `m_navigation` WHERE ( parent_id=69 and is_lock=0 )  [ RunTime:0.0000s ]
NOTIC: [8] Undefined index: userRole D:\wamp\www\hsc_mall\Apps\MomuAdmin\Action\ToolsAction.class.php 第 102 行.
SQL: SELECT * FROM `m_navigation` WHERE ( parent_id=69 and is_lock=0 )  [ RunTime:0.0010s ]
NOTIC: [8] Undefined index: userRole D:\wamp\www\hsc_mall\Apps\MomuAdmin\Action\ToolsAction.class.php 第 139 行.
NOTIC: [8] Undefined index: userRole D:\wamp\www\hsc_mall\Apps\MomuAdmin\Action\ToolsAction.class.php 第 139 行.
NOTIC: [8] Undefined index: userRole D:\wamp\www\hsc_mall\Apps\MomuAdmin\Action\ToolsAction.class.php 第 139 行.
SQL: SELECT * FROM `m_navigation` WHERE ( parent_id=86 and is_lock=0 )  [ RunTime:0.0010s ]
NOTIC: [8] Undefined index: userRole D:\wamp\www\hsc_mall\Apps\MomuAdmin\Action\ToolsAction.class.php 第 102 行.
SQL: SELECT * FROM `m_navigation` WHERE ( parent_id=86 and is_lock=0 )  [ RunTime:0.0010s ]
NOTIC: [8] Undefined index: userRole D:\wamp\www\hsc_mall\Apps\MomuAdmin\Action\ToolsAction.class.php 第 139 行.
NOTIC: [8] Undefined index: userRole D:\wamp\www\hsc_mall\Apps\MomuAdmin\Action\ToolsAction.class.php 第 139 行.
NOTIC: [8] Undefined index: userRole D:\wamp\www\hsc_mall\Apps\MomuAdmin\Action\ToolsAction.class.php 第 139 行.
NOTIC: [8] Undefined variable: html D:\wamp\www\hsc_mall\Apps\MomuAdmin\Action\ToolsAction.class.php 第 65 行.
NOTIC: [8] Undefined index: userRole D:\wamp\www\hsc_mall\Apps\MomuAdmin\Action\ToolsAction.class.php 第 57 行.
SQL: SELECT * FROM `m_navigation` WHERE ( parent_id=3 and is_lock=0 ) ORDER BY sort_id asc  [ RunTime:0.0000s ]
NOTIC: [8] Undefined index: userRole D:\wamp\www\hsc_mall\Apps\MomuAdmin\Action\ToolsAction.class.php 第 79 行.
SQL: SELECT * FROM `m_navigation` WHERE ( parent_id=36 and is_lock=0 )  [ RunTime:0.0000s ]
SQL: SELECT * FROM `m_navigation` WHERE ( parent_id=37 and is_lock=0 )  [ RunTime:0.0010s ]
NOTIC: [8] Undefined index: userRole D:\wamp\www\hsc_mall\Apps\MomuAdmin\Action\ToolsAction.class.php 第 113 行.
SQL: SELECT * FROM `m_navigation` WHERE ( parent_id=38 and is_lock=0 )  [ RunTime:0.0010s ]
NOTIC: [8] Undefined index: userRole D:\wamp\www\hsc_mall\Apps\MomuAdmin\Action\ToolsAction.class.php 第 113 行.
SQL: SELECT * FROM `m_navigation` WHERE ( parent_id=39 and is_lock=0 )  [ RunTime:0.0010s ]
NOTIC: [8] Undefined index: userRole D:\wamp\www\hsc_mall\Apps\MomuAdmin\Action\ToolsAction.class.php 第 113 行.
NOTIC: [8] Undefined index: userRole D:\wamp\www\hsc_mall\Apps\MomuAdmin\Action\ToolsAction.class.php 第 79 行.
SQL: SELECT * FROM `m_navigation` WHERE ( parent_id=40 and is_lock=0 )  [ RunTime:0.0010s ]
SQL: SELECT * FROM `m_navigation` WHERE ( parent_id=41 and is_lock=0 )  [ RunTime:0.0000s ]
NOTIC: [8] Undefined index: userRole D:\wamp\www\hsc_mall\Apps\MomuAdmin\Action\ToolsAction.class.php 第 113 行.
SQL: SELECT * FROM `m_navigation` WHERE ( parent_id=42 and is_lock=0 )  [ RunTime:0.0000s ]
NOTIC: [8] Undefined index: userRole D:\wamp\www\hsc_mall\Apps\MomuAdmin\Action\ToolsAction.class.php 第 113 行.
SQL: SELECT * FROM `m_navigation` WHERE ( parent_id=43 and is_lock=0 )  [ RunTime:0.0010s ]
NOTIC: [8] Undefined index: userRole D:\wamp\www\hsc_mall\Apps\MomuAdmin\Action\ToolsAction.class.php 第 113 行.
SQL: SELECT * FROM `m_navigation` WHERE ( parent_id=44 and is_lock=0 )  [ RunTime:0.0000s ]
NOTIC: [8] Undefined index: userRole D:\wamp\www\hsc_mall\Apps\MomuAdmin\Action\ToolsAction.class.php 第 113 行.
SQL: SELECT * FROM `m_navigation` WHERE ( parent_id=45 and is_lock=0 )  [ RunTime:0.0010s ]
NOTIC: [8] Undefined index: userRole D:\wamp\www\hsc_mall\Apps\MomuAdmin\Action\ToolsAction.class.php 第 113 行.
NOTIC: [8] Undefined index: userRole D:\wamp\www\hsc_mall\Apps\MomuAdmin\Action\ToolsAction.class.php 第 79 行.
SQL: SELECT * FROM `m_navigation` WHERE ( parent_id=46 and is_lock=0 )  [ RunTime:0.0010s ]
SQL: SELECT * FROM `m_navigation` WHERE ( parent_id=47 and is_lock=0 )  [ RunTime:0.0000s ]
NOTIC: [8] Undefined index: userRole D:\wamp\www\hsc_mall\Apps\MomuAdmin\Action\ToolsAction.class.php 第 113 行.
SQL: SELECT * FROM `m_navigation` WHERE ( parent_id=48 and is_lock=0 )  [ RunTime:0.0010s ]
NOTIC: [8] Undefined index: userRole D:\wamp\www\hsc_mall\Apps\MomuAdmin\Action\ToolsAction.class.php 第 113 行.
SQL: SELECT * FROM `m_navigation` WHERE ( parent_id=49 and is_lock=0 )  [ RunTime:0.0000s ]
NOTIC: [8] Undefined index: userRole D:\wamp\www\hsc_mall\Apps\MomuAdmin\Action\ToolsAction.class.php 第 113 行.
SQL: SELECT * FROM `m_navigation` WHERE ( parent_id=50 and is_lock=0 )  [ RunTime:0.0000s ]
NOTIC: [8] Undefined index: userRole D:\wamp\www\hsc_mall\Apps\MomuAdmin\Action\ToolsAction.class.php 第 113 行.
NOTIC: [8] Undefined index: userRole D:\wamp\www\hsc_mall\Apps\MomuAdmin\Action\ToolsAction.class.php 第 57 行.
SQL: SELECT * FROM `m_navigation` WHERE ( parent_id=21 and is_lock=0 ) ORDER BY sort_id asc  [ RunTime:0.0010s ]
NOTIC: [8] Undefined index: userRole D:\wamp\www\hsc_mall\Apps\MomuAdmin\Action\ToolsAction.class.php 第 79 行.
SQL: SELECT * FROM `m_navigation` WHERE ( parent_id=28 and is_lock=0 )  [ RunTime:0.0010s ]
SQL: SELECT * FROM `m_navigation` WHERE ( parent_id=35 and is_lock=0 )  [ RunTime:0.0000s ]
NOTIC: [8] Undefined index: userRole D:\wamp\www\hsc_mall\Apps\MomuAdmin\Action\ToolsAction.class.php 第 113 行.
NOTIC: [8] Undefined index: userRole D:\wamp\www\hsc_mall\Apps\MomuAdmin\Action\ToolsAction.class.php 第 79 行.
SQL: SELECT * FROM `m_navigation` WHERE ( parent_id=29 and is_lock=0 )  [ RunTime:0.0000s ]
SQL: SELECT * FROM `m_navigation` WHERE ( parent_id=30 and is_lock=0 )  [ RunTime:0.0000s ]
NOTIC: [8] Undefined index: userRole D:\wamp\www\hsc_mall\Apps\MomuAdmin\Action\ToolsAction.class.php 第 113 行.
SQL: SELECT * FROM `m_navigation` WHERE ( parent_id=31 and is_lock=0 )  [ RunTime:0.0000s ]
NOTIC: [8] Undefined index: userRole D:\wamp\www\hsc_mall\Apps\MomuAdmin\Action\ToolsAction.class.php 第 113 行.
SQL: SELECT * FROM `m_navigation` WHERE ( parent_id=32 and is_lock=0 )  [ RunTime:0.0010s ]
NOTIC: [8] Undefined index: userRole D:\wamp\www\hsc_mall\Apps\MomuAdmin\Action\ToolsAction.class.php 第 113 行.
NOTIC: [8] Undefined index: userRole D:\wamp\www\hsc_mall\Apps\MomuAdmin\Action\ToolsAction.class.php 第 57 行.
SQL: SELECT * FROM `m_navigation` WHERE ( parent_id=4 and is_lock=0 ) ORDER BY sort_id asc  [ RunTime:0.0010s ]
NOTIC: [8] Undefined index: userRole D:\wamp\www\hsc_mall\Apps\MomuAdmin\Action\ToolsAction.class.php 第 79 行.
SQL: SELECT * FROM `m_navigation` WHERE ( parent_id=9 and is_lock=0 )  [ RunTime:0.0000s ]
SQL: SELECT * FROM `m_navigation` WHERE ( parent_id=10 and is_lock=0 )  [ RunTime:0.0000s ]
NOTIC: [8] Undefined index: userRole D:\wamp\www\hsc_mall\Apps\MomuAdmin\Action\ToolsAction.class.php 第 113 行.
NOTIC: [8] Undefined index: userRole D:\wamp\www\hsc_mall\Apps\MomuAdmin\Action\ToolsAction.class.php 第 79 行.
SQL: SELECT * FROM `m_navigation` WHERE ( parent_id=13 and is_lock=0 )  [ RunTime:0.0000s ]
SQL: SELECT * FROM `m_navigation` WHERE ( parent_id=15 and is_lock=0 )  [ RunTime:0.0000s ]
NOTIC: [8] Undefined index: userRole D:\wamp\www\hsc_mall\Apps\MomuAdmin\Action\ToolsAction.class.php 第 113 行.
SQL: SELECT * FROM `m_navigation` WHERE ( parent_id=16 and is_lock=0 )  [ RunTime:0.0000s ]
NOTIC: [8] Undefined index: userRole D:\wamp\www\hsc_mall\Apps\MomuAdmin\Action\ToolsAction.class.php 第 113 行.
NOTIC: [8] Undefined index: userRole D:\wamp\www\hsc_mall\Apps\MomuAdmin\Action\ToolsAction.class.php 第 79 行.
SQL: SELECT * FROM `m_navigation` WHERE ( parent_id=17 and is_lock=0 )  [ RunTime:0.0000s ]
SQL: SELECT * FROM `m_navigation` WHERE ( parent_id=20 and is_lock=0 )  [ RunTime:0.0000s ]
NOTIC: [8] Undefined index: userRole D:\wamp\www\hsc_mall\Apps\MomuAdmin\Action\ToolsAction.class.php 第 113 行.
NOTIC: [8] Undefined index: userRole D:\wamp\www\hsc_mall\Apps\MomuAdmin\Action\ToolsAction.class.php 第 79 行.
SQL: SELECT * FROM `m_navigation` WHERE ( parent_id=5 and is_lock=0 )  [ RunTime:0.0000s ]
SQL: SELECT * FROM `m_navigation` WHERE ( parent_id=6 and is_lock=0 )  [ RunTime:0.0000s ]
NOTIC: [8] Undefined index: userRole D:\wamp\www\hsc_mall\Apps\MomuAdmin\Action\ToolsAction.class.php 第 113 行.
INFO: [ app_end ] --START--
INFO: Run Behavior\ShowPageTraceBehavior [ RunTime:0.001000s ]
INFO: [ app_end ] --END-- [ RunTime:0.001000s ]

[ 2016-08-29T17:14:08+08:00 ] 127.0.0.1 /index.php/MomuAdmin/Users/user_audit
INFO: [ app_init ] --START--
INFO: Run Behavior\BuildLiteBehavior [ RunTime:0.000000s ]
INFO: [ app_init ] --END-- [ RunTime:0.000000s ]
INFO: [ app_begin ] --START--
INFO: Run Behavior\ReadHtmlCacheBehavior [ RunTime:0.000000s ]
INFO: [ app_begin ] --END-- [ RunTime:0.000000s ]
SQL: SHOW COLUMNS FROM `m_users` [ RunTime:0.0020s ]
SQL: SHOW COLUMNS FROM `m_users` [ RunTime:0.0020s ]
NOTIC: [2] implode(): Invalid arguments passed D:\wamp\www\hsc_mall\Apps\MomuAdmin\Model\CommonModel.class.php 第 19 行.
NOTIC: [8] Trying to get property of non-object D:\wamp\www\hsc_mall\Apps\MomuAdmin\Model\CommonModel.class.php 第 31 行.
NOTIC: [8] Trying to get property of non-object D:\wamp\www\hsc_mall\Apps\MomuAdmin\Model\CommonModel.class.php 第 31 行.
SQL: SELECT * FROM `m_users` WHERE `status` = 2 ORDER BY reg_time desc  [ RunTime:0.0010s ]
NOTIC: [2] implode(): Invalid arguments passed D:\wamp\www\hsc_mall\Apps\MomuAdmin\Model\CommonModel.class.php 第 19 行.
SQL: SELECT * FROM `m_users` WHERE `status` = 2 ORDER BY reg_time desc LIMIT 0,15   [ RunTime:0.0000s ]
INFO: [ view_parse ] --START--
INFO: [ template_filter ] --START--
INFO: Run Behavior\ContentReplaceBehavior [ RunTime:0.000000s ]
INFO: [ template_filter ] --END-- [ RunTime:0.000000s ]
NOTIC: [8] Undefined index: txtKeywords D:\wamp\www\hsc_mall\Apps\Runtime\Cache\MomuAdmin\23730836d18eb2d0f5eafa9097f51c40.php 第 23 行.
NOTIC: [8] Undefined index: txtKeywords D:\wamp\www\hsc_mall\Apps\Runtime\Cache\MomuAdmin\23730836d18eb2d0f5eafa9097f51c40.php 第 71 行.
SQL: SHOW COLUMNS FROM `m_user_groups` [ RunTime:0.0020s ]
SQL: SELECT `title` FROM `m_user_groups` WHERE `id` = 1 LIMIT 1   [ RunTime:0.0000s ]
INFO: Run Behavior\ParseTemplateBehavior [ RunTime:0.027001s ]
INFO: [ view_parse ] --END-- [ RunTime:0.027001s ]
INFO: [ view_filter ] --START--
INFO: Run Behavior\WriteHtmlCacheBehavior [ RunTime:0.000000s ]
INFO: [ view_filter ] --END-- [ RunTime:0.001000s ]
INFO: [ app_end ] --START--
INFO: Run Behavior\ShowPageTraceBehavior [ RunTime:0.000000s ]
INFO: [ app_end ] --END-- [ RunTime:0.000000s ]

[ 2016-08-29T17:14:09+08:00 ] 127.0.0.1 /index.php/MomuAdmin/Users/user_list
INFO: [ app_init ] --START--
INFO: Run Behavior\BuildLiteBehavior [ RunTime:0.000000s ]
INFO: [ app_init ] --END-- [ RunTime:0.001000s ]
INFO: [ app_begin ] --START--
INFO: Run Behavior\ReadHtmlCacheBehavior [ RunTime:0.001000s ]
INFO: [ app_begin ] --END-- [ RunTime:0.001000s ]
SQL: SHOW COLUMNS FROM `m_users` [ RunTime:0.0040s ]
SQL: SHOW COLUMNS FROM `m_users` [ RunTime:0.0010s ]
NOTIC: [2] implode(): Invalid arguments passed D:\wamp\www\hsc_mall\Apps\MomuAdmin\Model\CommonModel.class.php 第 19 行.
SQL: SELECT * FROM `m_users` ORDER BY reg_time desc  [ RunTime:0.0000s ]
NOTIC: [2] implode(): Invalid arguments passed D:\wamp\www\hsc_mall\Apps\MomuAdmin\Model\CommonModel.class.php 第 19 行.
SQL: SELECT * FROM `m_users` ORDER BY reg_time desc LIMIT 0,15   [ RunTime:0.0000s ]
SQL: SHOW COLUMNS FROM `m_user_groups` [ RunTime:0.0020s ]
SQL: SHOW COLUMNS FROM `m_user_groups` [ RunTime:0.0010s ]
SQL: SELECT `id`,`title` FROM `m_user_groups` ORDER BY id asc  [ RunTime:0.0000s ]
INFO: [ view_parse ] --START--
INFO: [ template_filter ] --START--
INFO: Run Behavior\ContentReplaceBehavior [ RunTime:0.000000s ]
INFO: [ template_filter ] --END-- [ RunTime:0.000000s ]
NOTIC: [8] Undefined index: txtKeywords D:\wamp\www\hsc_mall\Apps\Runtime\Cache\MomuAdmin\5ebefdf226a9862a4a7001c19ad64070.php 第 104 行.
NOTIC: [8] Undefined index: ddlGroupId D:\wamp\www\hsc_mall\Apps\Runtime\Cache\MomuAdmin\5ebefdf226a9862a4a7001c19ad64070.php 第 105 行.
NOTIC: [8] Undefined index: ddlGroupId D:\wamp\www\hsc_mall\Apps\Runtime\Cache\MomuAdmin\5ebefdf226a9862a4a7001c19ad64070.php 第 157 行.
NOTIC: [8] Undefined index: ddlGroupId D:\wamp\www\hsc_mall\Apps\Runtime\Cache\MomuAdmin\5ebefdf226a9862a4a7001c19ad64070.php 第 157 行.
NOTIC: [8] Undefined index: ddlGroupId D:\wamp\www\hsc_mall\Apps\Runtime\Cache\MomuAdmin\5ebefdf226a9862a4a7001c19ad64070.php 第 157 行.
NOTIC: [8] Undefined index: ddlGroupId D:\wamp\www\hsc_mall\Apps\Runtime\Cache\MomuAdmin\5ebefdf226a9862a4a7001c19ad64070.php 第 157 行.
NOTIC: [8] Undefined index: txtKeywords D:\wamp\www\hsc_mall\Apps\Runtime\Cache\MomuAdmin\5ebefdf226a9862a4a7001c19ad64070.php 第 164 行.
SQL: SELECT `title` FROM `m_user_groups` WHERE `id` = null LIMIT 1   [ RunTime:0.0000s ]
SQL: SELECT `title` FROM `m_user_groups` WHERE `id` = null LIMIT 1   [ RunTime:0.0000s ]
SQL: SELECT `title` FROM `m_user_groups` WHERE `id` = 2 LIMIT 1   [ RunTime:0.0010s ]
SQL: SELECT `title` FROM `m_user_groups` WHERE `id` = 2 LIMIT 1   [ RunTime:0.0000s ]
SQL: SELECT `title` FROM `m_user_groups` WHERE `id` = 1 LIMIT 1   [ RunTime:0.0000s ]
SQL: SELECT `title` FROM `m_user_groups` WHERE `id` = 1 LIMIT 1   [ RunTime:0.0010s ]
INFO: Run Behavior\ParseTemplateBehavior [ RunTime:0.032002s ]
INFO: [ view_parse ] --END-- [ RunTime:0.032002s ]
INFO: [ view_filter ] --START--
INFO: Run Behavior\WriteHtmlCacheBehavior [ RunTime:0.000000s ]
INFO: [ view_filter ] --END-- [ RunTime:0.000000s ]
INFO: [ app_end ] --START--
INFO: Run Behavior\ShowPageTraceBehavior [ RunTime:0.000000s ]
INFO: [ app_end ] --END-- [ RunTime:0.000000s ]

[ 2016-08-29T17:14:20+08:00 ] 127.0.0.1 /index.php/MomuAdmin/Users/group_list
INFO: [ app_init ] --START--
INFO: Run Behavior\BuildLiteBehavior [ RunTime:0.000000s ]
INFO: [ app_init ] --END-- [ RunTime:0.001000s ]
INFO: [ app_begin ] --START--
INFO: Run Behavior\ReadHtmlCacheBehavior [ RunTime:0.000000s ]
INFO: [ app_begin ] --END-- [ RunTime:0.001000s ]
SQL: SHOW COLUMNS FROM `m_user_groups` [ RunTime:0.0020s ]
SQL: SHOW COLUMNS FROM `m_user_groups` [ RunTime:0.0020s ]
NOTIC: [2] implode(): Invalid arguments passed D:\wamp\www\hsc_mall\Apps\MomuAdmin\Model\CommonModel.class.php 第 19 行.
SQL: SELECT * FROM `m_user_groups` ORDER BY grade desc  [ RunTime:0.0000s ]
INFO: [ view_parse ] --START--
INFO: [ template_filter ] --START--
INFO: Run Behavior\ContentReplaceBehavior [ RunTime:0.001000s ]
INFO: [ template_filter ] --END-- [ RunTime:0.001000s ]
NOTIC: [8] Undefined index: txtKeywords D:\wamp\www\hsc_mall\Apps\Runtime\Cache\MomuAdmin\53338efdc3d527694d7917ccaa382c28.php 第 64 行.
INFO: Run Behavior\ParseTemplateBehavior [ RunTime:0.026001s ]
INFO: [ view_parse ] --END-- [ RunTime:0.026001s ]
INFO: [ view_filter ] --START--
INFO: Run Behavior\WriteHtmlCacheBehavior [ RunTime:0.001000s ]
INFO: [ view_filter ] --END-- [ RunTime:0.001000s ]
INFO: [ app_end ] --START--
INFO: Run Behavior\ShowPageTraceBehavior [ RunTime:0.000000s ]
INFO: [ app_end ] --END-- [ RunTime:0.001000s ]

[ 2016-08-29T17:14:23+08:00 ] 127.0.0.1 /index.php/MomuAdmin/Order/order_config
INFO: [ app_init ] --START--
INFO: Run Behavior\BuildLiteBehavior [ RunTime:0.000000s ]
INFO: [ app_init ] --END-- [ RunTime:0.001000s ]
INFO: [ app_begin ] --START--
INFO: Run Behavior\ReadHtmlCacheBehavior [ RunTime:0.001000s ]
INFO: [ app_begin ] --END-- [ RunTime:0.001000s ]
INFO: [ view_parse ] --START--
INFO: [ template_filter ] --START--
INFO: Run Behavior\ContentReplaceBehavior [ RunTime:0.000000s ]
INFO: [ template_filter ] --END-- [ RunTime:0.001000s ]
INFO: Run Behavior\ParseTemplateBehavior [ RunTime:0.021001s ]
INFO: [ view_parse ] --END-- [ RunTime:0.021001s ]
INFO: [ view_filter ] --START--
INFO: Run Behavior\WriteHtmlCacheBehavior [ RunTime:0.000000s ]
INFO: [ view_filter ] --END-- [ RunTime:0.000000s ]
INFO: [ app_end ] --START--
INFO: Run Behavior\ShowPageTraceBehavior [ RunTime:0.000000s ]
INFO: [ app_end ] --END-- [ RunTime:0.002000s ]

[ 2016-08-29T17:14:24+08:00 ] 127.0.0.1 /index.php/MomuAdmin/Order/payment_list
INFO: [ app_init ] --START--
INFO: Run Behavior\BuildLiteBehavior [ RunTime:0.000000s ]
INFO: [ app_init ] --END-- [ RunTime:0.000000s ]
INFO: [ app_begin ] --START--
INFO: Run Behavior\ReadHtmlCacheBehavior [ RunTime:0.000000s ]
INFO: [ app_begin ] --END-- [ RunTime:0.000000s ]
SQL: SHOW COLUMNS FROM `m_payment` [ RunTime:0.0130s ]
SQL: SHOW COLUMNS FROM `m_payment` [ RunTime:0.0010s ]
NOTIC: [2] implode(): Invalid arguments passed D:\wamp\www\hsc_mall\Apps\MomuAdmin\Model\CommonModel.class.php 第 19 行.
SQL: SELECT * FROM `m_payment` ORDER BY sort_id desc  [ RunTime:0.0010s ]
INFO: [ view_parse ] --START--
INFO: [ template_filter ] --START--
INFO: Run Behavior\ContentReplaceBehavior [ RunTime:0.000000s ]
INFO: [ template_filter ] --END-- [ RunTime:0.000000s ]
INFO: Run Behavior\ParseTemplateBehavior [ RunTime:0.046003s ]
INFO: [ view_parse ] --END-- [ RunTime:0.046003s ]
INFO: [ view_filter ] --START--
INFO: Run Behavior\WriteHtmlCacheBehavior [ RunTime:0.000000s ]
INFO: [ view_filter ] --END-- [ RunTime:0.000000s ]
INFO: [ app_end ] --START--
INFO: Run Behavior\ShowPageTraceBehavior [ RunTime:0.000000s ]
INFO: [ app_end ] --END-- [ RunTime:0.001000s ]

[ 2016-08-29T17:14:25+08:00 ] 127.0.0.1 /index.php/MomuAdmin/Order/express_list
INFO: [ app_init ] --START--
INFO: Run Behavior\BuildLiteBehavior [ RunTime:0.000000s ]
INFO: [ app_init ] --END-- [ RunTime:0.000000s ]
INFO: [ app_begin ] --START--
INFO: Run Behavior\ReadHtmlCacheBehavior [ RunTime:0.000000s ]
INFO: [ app_begin ] --END-- [ RunTime:0.000000s ]
SQL: SHOW COLUMNS FROM `m_express` [ RunTime:0.0020s ]
SQL: SHOW COLUMNS FROM `m_express` [ RunTime:0.0020s ]
NOTIC: [2] implode(): Invalid arguments passed D:\wamp\www\hsc_mall\Apps\MomuAdmin\Model\CommonModel.class.php 第 19 行.
SQL: SELECT * FROM `m_express` ORDER BY sort_id desc  [ RunTime:0.0000s ]
NOTIC: [2] implode(): Invalid arguments passed D:\wamp\www\hsc_mall\Apps\MomuAdmin\Model\CommonModel.class.php 第 19 行.
SQL: SELECT * FROM `m_express` ORDER BY sort_id desc LIMIT 0,15   [ RunTime:0.0000s ]
INFO: [ view_parse ] --START--
INFO: [ template_filter ] --START--
INFO: Run Behavior\ContentReplaceBehavior [ RunTime:0.000000s ]
INFO: [ template_filter ] --END-- [ RunTime:0.000000s ]
INFO: Run Behavior\ParseTemplateBehavior [ RunTime:0.010000s ]
INFO: [ view_parse ] --END-- [ RunTime:0.010000s ]
INFO: [ view_filter ] --START--
INFO: Run Behavior\WriteHtmlCacheBehavior [ RunTime:0.001000s ]
INFO: [ view_filter ] --END-- [ RunTime:0.001000s ]
INFO: [ app_end ] --START--
INFO: Run Behavior\ShowPageTraceBehavior [ RunTime:0.000000s ]
INFO: [ app_end ] --END-- [ RunTime:0.000000s ]

