[ 2016-10-28T08:57:52+08:00 ] 127.0.0.1 /index.php/MomuAdmin/
INFO: [ app_init ] --START--
INFO: Run Behavior\BuildLiteBehavior [ RunTime:0.000000s ]
INFO: [ app_init ] --END-- [ RunTime:0.003000s ]
INFO: [ app_begin ] --START--
INFO: Run Behavior\ReadHtmlCacheBehavior [ RunTime:0.001000s ]
INFO: [ app_begin ] --END-- [ RunTime:0.001000s ]
SQL: SHOW COLUMNS FROM `m_manager` [ RunTime:0.0170s ]
INFO: [ view_parse ] --START--
INFO: [ template_filter ] --START--
INFO: Run Behavior\ContentReplaceBehavior [ RunTime:0.000000s ]
INFO: [ template_filter ] --END-- [ RunTime:0.000000s ]
INFO: Run Behavior\ParseTemplateBehavior [ RunTime:0.115007s ]
INFO: [ view_parse ] --END-- [ RunTime:0.117007s ]
INFO: [ view_filter ] --START--
INFO: Run Behavior\WriteHtmlCacheBehavior [ RunTime:0.001000s ]
INFO: [ view_filter ] --END-- [ RunTime:0.001000s ]
INFO: [ app_end ] --START--
INFO: Run Behavior\ShowPageTraceBehavior [ RunTime:0.001000s ]
INFO: [ app_end ] --END-- [ RunTime:0.002000s ]

[ 2016-10-28T08:57:58+08:00 ] 127.0.0.1 /index.php/MomuAdmin/Index/index.html
INFO: [ app_init ] --START--
INFO: Run Behavior\BuildLiteBehavior [ RunTime:0.000000s ]
INFO: [ app_init ] --END-- [ RunTime:0.001000s ]
INFO: [ app_begin ] --START--
INFO: Run Behavior\ReadHtmlCacheBehavior [ RunTime:0.001000s ]
INFO: [ app_begin ] --END-- [ RunTime:0.001000s ]
SQL: SHOW COLUMNS FROM `m_manager` [ RunTime:0.0020s ]
SQL: SELECT COUNT(*) AS tp_count FROM `m_manager` WHERE `user_name` = 'zht123' AND `password` = 'e10adc3949ba59abbe56e057f20f883e' LIMIT 1   [ RunTime:0.0000s ]
SQL: SELECT * FROM `m_manager` WHERE `user_name` = 'zht123' AND `password` = 'e10adc3949ba59abbe56e057f20f883e'  [ RunTime:0.0000s ]
INFO: [ view_parse ] --START--
INFO: [ template_filter ] --START--
INFO: Run Behavior\ContentReplaceBehavior [ RunTime:0.000000s ]
INFO: [ template_filter ] --END-- [ RunTime:0.000000s ]
INFO: Run Behavior\ParseTemplateBehavior [ RunTime:0.048002s ]
INFO: [ view_parse ] --END-- [ RunTime:0.048002s ]
INFO: [ view_filter ] --START--
INFO: Run Behavior\WriteHtmlCacheBehavior [ RunTime:0.001000s ]
INFO: [ view_filter ] --END-- [ RunTime:0.001000s ]

[ 2016-10-28T08:58:57+08:00 ] 127.0.0.1 /index.php/MomuAdmin/Index/index.html
INFO: [ app_init ] --START--
INFO: Run Behavior\BuildLiteBehavior [ RunTime:0.000000s ]
INFO: [ app_init ] --END-- [ RunTime:0.000000s ]
INFO: [ app_begin ] --START--
INFO: Run Behavior\ReadHtmlCacheBehavior [ RunTime:0.000000s ]
INFO: [ app_begin ] --END-- [ RunTime:0.000000s ]
SQL: SHOW COLUMNS FROM `m_manager` [ RunTime:0.0000s ]
SQL: SELECT COUNT(*) AS tp_count FROM `m_manager` WHERE `user_name` = '\'or 1=1#' AND `password` = 'd41d8cd98f00b204e9800998ecf8427e' LIMIT 1   [ RunTime:0.0000s ]
SQL: SELECT * FROM `m_manager` WHERE `user_name` = '\'or 1=1#' AND `password` = 'd41d8cd98f00b204e9800998ecf8427e'  [ RunTime:0.0000s ]
INFO: [ view_parse ] --START--
INFO: [ template_filter ] --START--
INFO: Run Behavior\ContentReplaceBehavior [ RunTime:0.000000s ]
INFO: [ template_filter ] --END-- [ RunTime:0.000000s ]
INFO: Run Behavior\ParseTemplateBehavior [ RunTime:0.000000s ]
INFO: [ view_parse ] --END-- [ RunTime:0.000000s ]
INFO: [ view_filter ] --START--
INFO: Run Behavior\WriteHtmlCacheBehavior [ RunTime:0.000000s ]
INFO: [ view_filter ] --END-- [ RunTime:0.000000s ]

[ 2016-10-28T08:59:09+08:00 ] 127.0.0.1 /index.php/MomuAdmin/Index/index.html
INFO: [ app_init ] --START--
INFO: Run Behavior\BuildLiteBehavior [ RunTime:0.000000s ]
INFO: [ app_init ] --END-- [ RunTime:0.000000s ]
INFO: [ app_begin ] --START--
INFO: Run Behavior\ReadHtmlCacheBehavior [ RunTime:0.000000s ]
INFO: [ app_begin ] --END-- [ RunTime:0.000000s ]
SQL: SHOW COLUMNS FROM `m_manager` [ RunTime:0.0156s ]
SQL: SELECT COUNT(*) AS tp_count FROM `m_manager` WHERE `user_name` = 'admin' AND `password` = 'e10adc3949ba59abbe56e057f20f883e' LIMIT 1   [ RunTime:0.0000s ]
SQL: SELECT * FROM `m_manager` WHERE `user_name` = 'admin' AND `password` = 'e10adc3949ba59abbe56e057f20f883e'  [ RunTime:0.0000s ]
SQL: SHOW COLUMNS FROM `m_manager_role_value` [ RunTime:0.0312s ]
SQL: SELECT * FROM `m_manager_role_value` WHERE `role_id` = 1  [ RunTime:0.0000s ]

[ 2016-10-28T08:59:09+08:00 ] 127.0.0.1 /index.php/MomuAdmin/Index/LoginIndex.html
INFO: [ app_init ] --START--
INFO: Run Behavior\BuildLiteBehavior [ RunTime:0.000000s ]
INFO: [ app_init ] --END-- [ RunTime:0.000000s ]
INFO: [ app_begin ] --START--
INFO: Run Behavior\ReadHtmlCacheBehavior [ RunTime:0.000000s ]
INFO: [ app_begin ] --END-- [ RunTime:0.000000s ]
SQL: SHOW COLUMNS FROM `m_manager` [ RunTime:0.0000s ]
SQL: SELECT * FROM `m_manager` WHERE `id` = 1 LIMIT 1   [ RunTime:0.0000s ]
INFO: [ view_parse ] --START--
INFO: [ template_filter ] --START--
INFO: Run Behavior\ContentReplaceBehavior [ RunTime:0.000000s ]
INFO: [ template_filter ] --END-- [ RunTime:0.000000s ]
NOTIC: [8] Undefined index: managerrole D:\wamp\www\aiyue\Apps\Runtime\Cache\MomuAdmin\aa1881ccbdb5499ac3dbdafa701ad1b8.php 第 68 行.
INFO: Run Behavior\ParseTemplateBehavior [ RunTime:0.031200s ]
INFO: [ view_parse ] --END-- [ RunTime:0.031200s ]
INFO: [ view_filter ] --START--
INFO: Run Behavior\WriteHtmlCacheBehavior [ RunTime:0.000000s ]
INFO: [ view_filter ] --END-- [ RunTime:0.015600s ]
INFO: [ app_end ] --START--
INFO: Run Behavior\ShowPageTraceBehavior [ RunTime:0.000000s ]
INFO: [ app_end ] --END-- [ RunTime:0.000000s ]

[ 2016-10-28T08:59:10+08:00 ] 127.0.0.1 /index.php/MomuAdmin/Tools/Index.html?action=get_navigation_list&time=0.5494799765167663
INFO: [ app_init ] --START--
INFO: Run Behavior\BuildLiteBehavior [ RunTime:0.000000s ]
INFO: [ app_init ] --END-- [ RunTime:0.000000s ]
INFO: [ app_begin ] --START--
INFO: Run Behavior\ReadHtmlCacheBehavior [ RunTime:0.000000s ]
INFO: [ app_begin ] --END-- [ RunTime:0.000000s ]
NOTIC: [8] Use of undefined constant context - assumed 'context' D:\wamp\www\aiyue\Apps\MomuAdmin\Action\ToolsAction.class.php 第 32 行.
SQL: SHOW COLUMNS FROM `m_navigation` [ RunTime:0.0156s ]
SQL: SELECT * FROM `m_navigation` WHERE ( parent_id=0 and is_lock=0 ) ORDER BY sort_id asc  [ RunTime:0.0000s ]
SQL: SELECT * FROM `m_navigation` WHERE ( parent_id=90 and is_lock=0 ) ORDER BY sort_id asc  [ RunTime:0.0000s ]
SQL: SELECT * FROM `m_navigation` WHERE ( parent_id=91 and is_lock=0 )  [ RunTime:0.0156s ]
SQL: SELECT * FROM `m_navigation` WHERE ( parent_id=142 and is_lock=0 )  [ RunTime:0.0000s ]
SQL: SELECT * FROM `m_navigation` WHERE ( parent_id=142 and is_lock=0 )  [ RunTime:0.0000s ]
SQL: SELECT * FROM `m_navigation` WHERE ( parent_id=146 and is_lock=0 )  [ RunTime:0.0000s ]
SQL: SELECT * FROM `m_navigation` WHERE ( parent_id=146 and is_lock=0 )  [ RunTime:0.0000s ]
NOTIC: [8] Undefined variable: html D:\wamp\www\aiyue\Apps\MomuAdmin\Action\ToolsAction.class.php 第 65 行.
SQL: SELECT * FROM `m_navigation` WHERE ( parent_id=92 and is_lock=0 ) ORDER BY sort_id asc  [ RunTime:0.0000s ]
SQL: SELECT * FROM `m_navigation` WHERE ( parent_id=93 and is_lock=0 )  [ RunTime:0.0000s ]
SQL: SELECT * FROM `m_navigation` WHERE ( parent_id=96 and is_lock=0 ) ORDER BY sort_id asc  [ RunTime:0.0000s ]
SQL: SELECT * FROM `m_navigation` WHERE ( parent_id=97 and is_lock=0 )  [ RunTime:0.0000s ]
SQL: SELECT * FROM `m_navigation` WHERE ( parent_id=3 and is_lock=0 ) ORDER BY sort_id asc  [ RunTime:0.0000s ]
SQL: SELECT * FROM `m_navigation` WHERE ( parent_id=36 and is_lock=0 )  [ RunTime:0.0000s ]
SQL: SELECT * FROM `m_navigation` WHERE ( parent_id=37 and is_lock=0 )  [ RunTime:0.0000s ]
SQL: SELECT * FROM `m_navigation` WHERE ( parent_id=38 and is_lock=0 )  [ RunTime:0.0000s ]
SQL: SELECT * FROM `m_navigation` WHERE ( parent_id=39 and is_lock=0 )  [ RunTime:0.0000s ]
SQL: SELECT * FROM `m_navigation` WHERE ( parent_id=40 and is_lock=0 )  [ RunTime:0.0000s ]
SQL: SELECT * FROM `m_navigation` WHERE ( parent_id=41 and is_lock=0 )  [ RunTime:0.0000s ]
SQL: SELECT * FROM `m_navigation` WHERE ( parent_id=42 and is_lock=0 )  [ RunTime:0.0000s ]
SQL: SELECT * FROM `m_navigation` WHERE ( parent_id=43 and is_lock=0 )  [ RunTime:0.0000s ]
SQL: SELECT * FROM `m_navigation` WHERE ( parent_id=44 and is_lock=0 )  [ RunTime:0.0000s ]
SQL: SELECT * FROM `m_navigation` WHERE ( parent_id=45 and is_lock=0 )  [ RunTime:0.0000s ]
SQL: SELECT * FROM `m_navigation` WHERE ( parent_id=46 and is_lock=0 )  [ RunTime:0.0000s ]
SQL: SELECT * FROM `m_navigation` WHERE ( parent_id=47 and is_lock=0 )  [ RunTime:0.0000s ]
SQL: SELECT * FROM `m_navigation` WHERE ( parent_id=48 and is_lock=0 )  [ RunTime:0.0000s ]
SQL: SELECT * FROM `m_navigation` WHERE ( parent_id=49 and is_lock=0 )  [ RunTime:0.0000s ]
SQL: SELECT * FROM `m_navigation` WHERE ( parent_id=50 and is_lock=0 )  [ RunTime:0.0000s ]
SQL: SELECT * FROM `m_navigation` WHERE ( parent_id=4 and is_lock=0 ) ORDER BY sort_id asc  [ RunTime:0.0000s ]
SQL: SELECT * FROM `m_navigation` WHERE ( parent_id=9 and is_lock=0 )  [ RunTime:0.0000s ]
SQL: SELECT * FROM `m_navigation` WHERE ( parent_id=10 and is_lock=0 )  [ RunTime:0.0000s ]
SQL: SELECT * FROM `m_navigation` WHERE ( parent_id=13 and is_lock=0 )  [ RunTime:0.0000s ]
SQL: SELECT * FROM `m_navigation` WHERE ( parent_id=15 and is_lock=0 )  [ RunTime:0.0000s ]
SQL: SELECT * FROM `m_navigation` WHERE ( parent_id=16 and is_lock=0 )  [ RunTime:0.0000s ]
SQL: SELECT * FROM `m_navigation` WHERE ( parent_id=17 and is_lock=0 )  [ RunTime:0.0000s ]
SQL: SELECT * FROM `m_navigation` WHERE ( parent_id=20 and is_lock=0 )  [ RunTime:0.0000s ]
SQL: SELECT * FROM `m_navigation` WHERE ( parent_id=5 and is_lock=0 )  [ RunTime:0.0000s ]
SQL: SELECT * FROM `m_navigation` WHERE ( parent_id=6 and is_lock=0 )  [ RunTime:0.0000s ]
INFO: [ app_end ] --START--
INFO: Run Behavior\ShowPageTraceBehavior [ RunTime:0.000000s ]
INFO: [ app_end ] --END-- [ RunTime:0.000000s ]

[ 2016-10-28T08:59:10+08:00 ] 127.0.0.1 /index.php/MomuAdmin/Index/center.html
INFO: [ app_init ] --START--
INFO: Run Behavior\BuildLiteBehavior [ RunTime:0.000000s ]
INFO: [ app_init ] --END-- [ RunTime:0.000000s ]
INFO: [ app_begin ] --START--
INFO: Run Behavior\ReadHtmlCacheBehavior [ RunTime:0.000000s ]
INFO: [ app_begin ] --END-- [ RunTime:0.000000s ]
INFO: [ view_parse ] --START--
INFO: [ template_filter ] --START--
INFO: Run Behavior\ContentReplaceBehavior [ RunTime:0.000000s ]
INFO: [ template_filter ] --END-- [ RunTime:0.000000s ]
NOTIC: [8] Undefined variable: uploadSetValue D:\wamp\www\aiyue\Apps\Runtime\Cache\MomuAdmin\3c2526ec326847e91cf016af4afdfd9f.php 第 32 行.
NOTIC: [8] Undefined variable: uploadSetValue D:\wamp\www\aiyue\Apps\Runtime\Cache\MomuAdmin\3c2526ec326847e91cf016af4afdfd9f.php 第 33 行.
NOTIC: [8] Undefined variable: uploadSetValue D:\wamp\www\aiyue\Apps\Runtime\Cache\MomuAdmin\3c2526ec326847e91cf016af4afdfd9f.php 第 34 行.
NOTIC: [8] Undefined variable: uploadSetValue D:\wamp\www\aiyue\Apps\Runtime\Cache\MomuAdmin\3c2526ec326847e91cf016af4afdfd9f.php 第 35 行.
NOTIC: [8] Undefined variable: uploadSetValue D:\wamp\www\aiyue\Apps\Runtime\Cache\MomuAdmin\3c2526ec326847e91cf016af4afdfd9f.php 第 36 行.
NOTIC: [8] Undefined variable: uploadSetValue D:\wamp\www\aiyue\Apps\Runtime\Cache\MomuAdmin\3c2526ec326847e91cf016af4afdfd9f.php 第 37 行.
INFO: Run Behavior\ParseTemplateBehavior [ RunTime:0.031200s ]
INFO: [ view_parse ] --END-- [ RunTime:0.031200s ]
INFO: [ view_filter ] --START--
INFO: Run Behavior\WriteHtmlCacheBehavior [ RunTime:0.000000s ]
INFO: [ view_filter ] --END-- [ RunTime:0.000000s ]
INFO: [ app_end ] --START--
INFO: Run Behavior\ShowPageTraceBehavior [ RunTime:0.000000s ]
INFO: [ app_end ] --END-- [ RunTime:0.015600s ]

[ 2016-10-28T08:59:10+08:00 ] 127.0.0.1 /index.php/MomuAdmin/News/article_list/channel_id/25.html
INFO: [ app_init ] --START--
INFO: Run Behavior\BuildLiteBehavior [ RunTime:0.000000s ]
INFO: [ app_init ] --END-- [ RunTime:0.000000s ]
INFO: [ app_begin ] --START--
INFO: Run Behavior\ReadHtmlCacheBehavior [ RunTime:0.000000s ]
INFO: [ app_begin ] --END-- [ RunTime:0.000000s ]
SQL: SHOW COLUMNS FROM `m_search_field` [ RunTime:0.0312s ]
SQL: SHOW COLUMNS FROM `m_search_field` [ RunTime:0.0000s ]
SQL: SELECT aaf.name,aaf.title FROM m_search_field sf INNER JOIN m_article_attribute_field aaf on sf.field_id=aaf.id  WHERE sf.channel_id = '25' ORDER BY aaf.sort_id desc  [ RunTime:0.0312s ]
SQL: SHOW COLUMNS FROM `m_news_field` [ RunTime:0.0000s ]
SQL: SHOW COLUMNS FROM `m_news_field` [ RunTime:0.0156s ]
SQL: SELECT aaf.name,aaf.title FROM m_news_field nf INNER JOIN m_article_attribute_field aaf on nf.field_id=aaf.id  WHERE nf.channel_id = '25' ORDER BY aaf.sort_id desc  [ RunTime:0.0000s ]
SQL: SHOW COLUMNS FROM `m_news_value` [ RunTime:0.0000s ]
SQL: SHOW COLUMNS FROM `m_news_value` [ RunTime:0.0000s ]
SQL: SELECT COUNT(*) AS tp_count FROM `m_news_value` WHERE `channel_id` = 25 LIMIT 1   [ RunTime:0.0000s ]
NOTIC: [2] implode(): Invalid arguments passed D:\wamp\www\aiyue\Apps\MomuAdmin\Model\CommonModel.class.php 第 19 行.
SQL: SELECT * FROM `m_news_value` WHERE `channel_id` = 25 ORDER BY id desc LIMIT 0,15   [ RunTime:0.0000s ]
SQL: SHOW COLUMNS FROM `m_news_category` [ RunTime:0.0312s ]
SQL: SHOW COLUMNS FROM `m_news_category` [ RunTime:0.0000s ]
SQL: SELECT `id`,`title` FROM `m_news_category` WHERE `channel_id` = 25 AND `parent_id` = 0 ORDER BY sort_id asc  [ RunTime:0.0000s ]
NOTIC: [2] implode(): Invalid arguments passed D:\wamp\www\aiyue\Apps\MomuAdmin\Model\CommonModel.class.php 第 19 行.
NOTIC: [8] Trying to get property of non-object D:\wamp\www\aiyue\Apps\MomuAdmin\Model\CommonModel.class.php 第 31 行.
NOTIC: [8] Trying to get property of non-object D:\wamp\www\aiyue\Apps\MomuAdmin\Model\CommonModel.class.php 第 31 行.
SQL: SELECT * FROM `m_news_category` WHERE `parent_id` = 15  [ RunTime:0.0000s ]
NOTIC: [2] implode(): Invalid arguments passed D:\wamp\www\aiyue\Apps\MomuAdmin\Model\CommonModel.class.php 第 19 行.
NOTIC: [8] Trying to get property of non-object D:\wamp\www\aiyue\Apps\MomuAdmin\Model\CommonModel.class.php 第 31 行.
NOTIC: [8] Trying to get property of non-object D:\wamp\www\aiyue\Apps\MomuAdmin\Model\CommonModel.class.php 第 31 行.
SQL: SELECT * FROM `m_news_category` WHERE `parent_id` = 16  [ RunTime:0.0000s ]
NOTIC: [2] implode(): Invalid arguments passed D:\wamp\www\aiyue\Apps\MomuAdmin\Model\CommonModel.class.php 第 19 行.
NOTIC: [8] Trying to get property of non-object D:\wamp\www\aiyue\Apps\MomuAdmin\Model\CommonModel.class.php 第 31 行.
NOTIC: [8] Trying to get property of non-object D:\wamp\www\aiyue\Apps\MomuAdmin\Model\CommonModel.class.php 第 31 行.
SQL: SELECT * FROM `m_news_category` WHERE `parent_id` = 17  [ RunTime:0.0000s ]
NOTIC: [2] implode(): Invalid arguments passed D:\wamp\www\aiyue\Apps\MomuAdmin\Model\CommonModel.class.php 第 19 行.
NOTIC: [8] Trying to get property of non-object D:\wamp\www\aiyue\Apps\MomuAdmin\Model\CommonModel.class.php 第 31 行.
NOTIC: [8] Trying to get property of non-object D:\wamp\www\aiyue\Apps\MomuAdmin\Model\CommonModel.class.php 第 31 行.
SQL: SELECT * FROM `m_news_category` WHERE `parent_id` = 18  [ RunTime:0.0000s ]
NOTIC: [2] implode(): Invalid arguments passed D:\wamp\www\aiyue\Apps\MomuAdmin\Model\CommonModel.class.php 第 19 行.
NOTIC: [8] Trying to get property of non-object D:\wamp\www\aiyue\Apps\MomuAdmin\Model\CommonModel.class.php 第 31 行.
NOTIC: [8] Trying to get property of non-object D:\wamp\www\aiyue\Apps\MomuAdmin\Model\CommonModel.class.php 第 31 行.
SQL: SELECT * FROM `m_news_category` WHERE `parent_id` = 19  [ RunTime:0.0000s ]
NOTIC: [2] implode(): Invalid arguments passed D:\wamp\www\aiyue\Apps\MomuAdmin\Model\CommonModel.class.php 第 19 行.
NOTIC: [8] Trying to get property of non-object D:\wamp\www\aiyue\Apps\MomuAdmin\Model\CommonModel.class.php 第 31 行.
NOTIC: [8] Trying to get property of non-object D:\wamp\www\aiyue\Apps\MomuAdmin\Model\CommonModel.class.php 第 31 行.
SQL: SELECT * FROM `m_news_category` WHERE `parent_id` = 20  [ RunTime:0.0000s ]
INFO: [ view_parse ] --START--
INFO: [ template_filter ] --START--
INFO: Run Behavior\ContentReplaceBehavior [ RunTime:0.000000s ]
INFO: [ template_filter ] --END-- [ RunTime:0.000000s ]
NOTIC: [8] Undefined index: txtKeywords D:\wamp\www\aiyue\Apps\Runtime\Cache\MomuAdmin\d73855e6c653982bc4d4006e8c902f4e.php 第 68 行.
NOTIC: [8] Undefined index: ddlCategoryId D:\wamp\www\aiyue\Apps\Runtime\Cache\MomuAdmin\d73855e6c653982bc4d4006e8c902f4e.php 第 69 行.
NOTIC: [8] Undefined index: startt D:\wamp\www\aiyue\Apps\Runtime\Cache\MomuAdmin\d73855e6c653982bc4d4006e8c902f4e.php 第 70 行.
NOTIC: [8] Undefined index: deadlinet D:\wamp\www\aiyue\Apps\Runtime\Cache\MomuAdmin\d73855e6c653982bc4d4006e8c902f4e.php 第 71 行.
NOTIC: [8] Undefined index: ddlCategoryId D:\wamp\www\aiyue\Apps\Runtime\Cache\MomuAdmin\d73855e6c653982bc4d4006e8c902f4e.php 第 138 行.
NOTIC: [8] Undefined index: ddlCategoryId D:\wamp\www\aiyue\Apps\Runtime\Cache\MomuAdmin\d73855e6c653982bc4d4006e8c902f4e.php 第 138 行.
NOTIC: [8] Undefined index: ddlCategoryId D:\wamp\www\aiyue\Apps\Runtime\Cache\MomuAdmin\d73855e6c653982bc4d4006e8c902f4e.php 第 138 行.
NOTIC: [8] Undefined index: ddlCategoryId D:\wamp\www\aiyue\Apps\Runtime\Cache\MomuAdmin\d73855e6c653982bc4d4006e8c902f4e.php 第 138 行.
NOTIC: [8] Undefined index: ddlCategoryId D:\wamp\www\aiyue\Apps\Runtime\Cache\MomuAdmin\d73855e6c653982bc4d4006e8c902f4e.php 第 138 行.
NOTIC: [8] Undefined index: ddlCategoryId D:\wamp\www\aiyue\Apps\Runtime\Cache\MomuAdmin\d73855e6c653982bc4d4006e8c902f4e.php 第 138 行.
NOTIC: [8] Undefined index: ddlProperty D:\wamp\www\aiyue\Apps\Runtime\Cache\MomuAdmin\d73855e6c653982bc4d4006e8c902f4e.php 第 145 行.
NOTIC: [8] Undefined index: ddlProperty D:\wamp\www\aiyue\Apps\Runtime\Cache\MomuAdmin\d73855e6c653982bc4d4006e8c902f4e.php 第 146 行.
NOTIC: [8] Undefined index: ddlProperty D:\wamp\www\aiyue\Apps\Runtime\Cache\MomuAdmin\d73855e6c653982bc4d4006e8c902f4e.php 第 147 行.
NOTIC: [8] Undefined index: ddlProperty D:\wamp\www\aiyue\Apps\Runtime\Cache\MomuAdmin\d73855e6c653982bc4d4006e8c902f4e.php 第 148 行.
NOTIC: [8] Undefined index: ddlProperty D:\wamp\www\aiyue\Apps\Runtime\Cache\MomuAdmin\d73855e6c653982bc4d4006e8c902f4e.php 第 149 行.
NOTIC: [8] Undefined index: startt D:\wamp\www\aiyue\Apps\Runtime\Cache\MomuAdmin\d73855e6c653982bc4d4006e8c902f4e.php 第 155 行.
NOTIC: [8] Undefined index: deadlinet D:\wamp\www\aiyue\Apps\Runtime\Cache\MomuAdmin\d73855e6c653982bc4d4006e8c902f4e.php 第 156 行.
NOTIC: [8] Undefined index: txtKeywords D:\wamp\www\aiyue\Apps\Runtime\Cache\MomuAdmin\d73855e6c653982bc4d4006e8c902f4e.php 第 162 行.
NOTIC: [8] Undefined index: v['name'] D:\wamp\www\aiyue\Apps\Runtime\Cache\MomuAdmin\d73855e6c653982bc4d4006e8c902f4e.php 第 192 行.
NOTIC: [8] Undefined index: v['name'] D:\wamp\www\aiyue\Apps\Runtime\Cache\MomuAdmin\d73855e6c653982bc4d4006e8c902f4e.php 第 192 行.
NOTIC: [8] Undefined index: v['name'] D:\wamp\www\aiyue\Apps\Runtime\Cache\MomuAdmin\d73855e6c653982bc4d4006e8c902f4e.php 第 192 行.
NOTIC: [8] Undefined index: v['name'] D:\wamp\www\aiyue\Apps\Runtime\Cache\MomuAdmin\d73855e6c653982bc4d4006e8c902f4e.php 第 192 行.
NOTIC: [8] Undefined index: v['name'] D:\wamp\www\aiyue\Apps\Runtime\Cache\MomuAdmin\d73855e6c653982bc4d4006e8c902f4e.php 第 192 行.
NOTIC: [8] Undefined index: add_time D:\wamp\www\aiyue\Apps\Runtime\Cache\MomuAdmin\d73855e6c653982bc4d4006e8c902f4e.php 第 194 行.
NOTIC: [8] Undefined index: v['name'] D:\wamp\www\aiyue\Apps\Runtime\Cache\MomuAdmin\d73855e6c653982bc4d4006e8c902f4e.php 第 192 行.
NOTIC: [8] Undefined index: v['name'] D:\wamp\www\aiyue\Apps\Runtime\Cache\MomuAdmin\d73855e6c653982bc4d4006e8c902f4e.php 第 192 行.
NOTIC: [8] Undefined index: v['name'] D:\wamp\www\aiyue\Apps\Runtime\Cache\MomuAdmin\d73855e6c653982bc4d4006e8c902f4e.php 第 192 行.
NOTIC: [8] Undefined index: v['name'] D:\wamp\www\aiyue\Apps\Runtime\Cache\MomuAdmin\d73855e6c653982bc4d4006e8c902f4e.php 第 192 行.
NOTIC: [8] Undefined index: v['name'] D:\wamp\www\aiyue\Apps\Runtime\Cache\MomuAdmin\d73855e6c653982bc4d4006e8c902f4e.php 第 192 行.
NOTIC: [8] Undefined index: add_time D:\wamp\www\aiyue\Apps\Runtime\Cache\MomuAdmin\d73855e6c653982bc4d4006e8c902f4e.php 第 194 行.
NOTIC: [8] Undefined index: v['name'] D:\wamp\www\aiyue\Apps\Runtime\Cache\MomuAdmin\d73855e6c653982bc4d4006e8c902f4e.php 第 192 行.
NOTIC: [8] Undefined index: v['name'] D:\wamp\www\aiyue\Apps\Runtime\Cache\MomuAdmin\d73855e6c653982bc4d4006e8c902f4e.php 第 192 行.
NOTIC: [8] Undefined index: v['name'] D:\wamp\www\aiyue\Apps\Runtime\Cache\MomuAdmin\d73855e6c653982bc4d4006e8c902f4e.php 第 192 行.
NOTIC: [8] Undefined index: v['name'] D:\wamp\www\aiyue\Apps\Runtime\Cache\MomuAdmin\d73855e6c653982bc4d4006e8c902f4e.php 第 192 行.
NOTIC: [8] Undefined index: v['name'] D:\wamp\www\aiyue\Apps\Runtime\Cache\MomuAdmin\d73855e6c653982bc4d4006e8c902f4e.php 第 192 行.
NOTIC: [8] Undefined index: add_time D:\wamp\www\aiyue\Apps\Runtime\Cache\MomuAdmin\d73855e6c653982bc4d4006e8c902f4e.php 第 194 行.
NOTIC: [8] Undefined index: v['name'] D:\wamp\www\aiyue\Apps\Runtime\Cache\MomuAdmin\d73855e6c653982bc4d4006e8c902f4e.php 第 192 行.
NOTIC: [8] Undefined index: v['name'] D:\wamp\www\aiyue\Apps\Runtime\Cache\MomuAdmin\d73855e6c653982bc4d4006e8c902f4e.php 第 192 行.
NOTIC: [8] Undefined index: v['name'] D:\wamp\www\aiyue\Apps\Runtime\Cache\MomuAdmin\d73855e6c653982bc4d4006e8c902f4e.php 第 192 行.
NOTIC: [8] Undefined index: v['name'] D:\wamp\www\aiyue\Apps\Runtime\Cache\MomuAdmin\d73855e6c653982bc4d4006e8c902f4e.php 第 192 行.
NOTIC: [8] Undefined index: v['name'] D:\wamp\www\aiyue\Apps\Runtime\Cache\MomuAdmin\d73855e6c653982bc4d4006e8c902f4e.php 第 192 行.
NOTIC: [8] Undefined index: add_time D:\wamp\www\aiyue\Apps\Runtime\Cache\MomuAdmin\d73855e6c653982bc4d4006e8c902f4e.php 第 194 行.
NOTIC: [8] Undefined index: v['name'] D:\wamp\www\aiyue\Apps\Runtime\Cache\MomuAdmin\d73855e6c653982bc4d4006e8c902f4e.php 第 192 行.
NOTIC: [8] Undefined index: v['name'] D:\wamp\www\aiyue\Apps\Runtime\Cache\MomuAdmin\d73855e6c653982bc4d4006e8c902f4e.php 第 192 行.
NOTIC: [8] Undefined index: v['name'] D:\wamp\www\aiyue\Apps\Runtime\Cache\MomuAdmin\d73855e6c653982bc4d4006e8c902f4e.php 第 192 行.
NOTIC: [8] Undefined index: v['name'] D:\wamp\www\aiyue\Apps\Runtime\Cache\MomuAdmin\d73855e6c653982bc4d4006e8c902f4e.php 第 192 行.
NOTIC: [8] Undefined index: v['name'] D:\wamp\www\aiyue\Apps\Runtime\Cache\MomuAdmin\d73855e6c653982bc4d4006e8c902f4e.php 第 192 行.
NOTIC: [8] Undefined index: add_time D:\wamp\www\aiyue\Apps\Runtime\Cache\MomuAdmin\d73855e6c653982bc4d4006e8c902f4e.php 第 194 行.
NOTIC: [8] Undefined index: v['name'] D:\wamp\www\aiyue\Apps\Runtime\Cache\MomuAdmin\d73855e6c653982bc4d4006e8c902f4e.php 第 192 行.
NOTIC: [8] Undefined index: v['name'] D:\wamp\www\aiyue\Apps\Runtime\Cache\MomuAdmin\d73855e6c653982bc4d4006e8c902f4e.php 第 192 行.
NOTIC: [8] Undefined index: v['name'] D:\wamp\www\aiyue\Apps\Runtime\Cache\MomuAdmin\d73855e6c653982bc4d4006e8c902f4e.php 第 192 行.
NOTIC: [8] Undefined index: v['name'] D:\wamp\www\aiyue\Apps\Runtime\Cache\MomuAdmin\d73855e6c653982bc4d4006e8c902f4e.php 第 192 行.
NOTIC: [8] Undefined index: v['name'] D:\wamp\www\aiyue\Apps\Runtime\Cache\MomuAdmin\d73855e6c653982bc4d4006e8c902f4e.php 第 192 行.
NOTIC: [8] Undefined index: add_time D:\wamp\www\aiyue\Apps\Runtime\Cache\MomuAdmin\d73855e6c653982bc4d4006e8c902f4e.php 第 194 行.
NOTIC: [8] Undefined index: v['name'] D:\wamp\www\aiyue\Apps\Runtime\Cache\MomuAdmin\d73855e6c653982bc4d4006e8c902f4e.php 第 192 行.
NOTIC: [8] Undefined index: v['name'] D:\wamp\www\aiyue\Apps\Runtime\Cache\MomuAdmin\d73855e6c653982bc4d4006e8c902f4e.php 第 192 行.
NOTIC: [8] Undefined index: v['name'] D:\wamp\www\aiyue\Apps\Runtime\Cache\MomuAdmin\d73855e6c653982bc4d4006e8c902f4e.php 第 192 行.
NOTIC: [8] Undefined index: v['name'] D:\wamp\www\aiyue\Apps\Runtime\Cache\MomuAdmin\d73855e6c653982bc4d4006e8c902f4e.php 第 192 行.
NOTIC: [8] Undefined index: v['name'] D:\wamp\www\aiyue\Apps\Runtime\Cache\MomuAdmin\d73855e6c653982bc4d4006e8c902f4e.php 第 192 行.
NOTIC: [8] Undefined index: add_time D:\wamp\www\aiyue\Apps\Runtime\Cache\MomuAdmin\d73855e6c653982bc4d4006e8c902f4e.php 第 194 行.
NOTIC: [8] Undefined index: v['name'] D:\wamp\www\aiyue\Apps\Runtime\Cache\MomuAdmin\d73855e6c653982bc4d4006e8c902f4e.php 第 192 行.
NOTIC: [8] Undefined index: v['name'] D:\wamp\www\aiyue\Apps\Runtime\Cache\MomuAdmin\d73855e6c653982bc4d4006e8c902f4e.php 第 192 行.
NOTIC: [8] Undefined index: v['name'] D:\wamp\www\aiyue\Apps\Runtime\Cache\MomuAdmin\d73855e6c653982bc4d4006e8c902f4e.php 第 192 行.
NOTIC: [8] Undefined index: v['name'] D:\wamp\www\aiyue\Apps\Runtime\Cache\MomuAdmin\d73855e6c653982bc4d4006e8c902f4e.php 第 192 行.
NOTIC: [8] Undefined index: v['name'] D:\wamp\www\aiyue\Apps\Runtime\Cache\MomuAdmin\d73855e6c653982bc4d4006e8c902f4e.php 第 192 行.
NOTIC: [8] Undefined index: add_time D:\wamp\www\aiyue\Apps\Runtime\Cache\MomuAdmin\d73855e6c653982bc4d4006e8c902f4e.php 第 194 行.
NOTIC: [8] Undefined index: v['name'] D:\wamp\www\aiyue\Apps\Runtime\Cache\MomuAdmin\d73855e6c653982bc4d4006e8c902f4e.php 第 192 行.
NOTIC: [8] Undefined index: v['name'] D:\wamp\www\aiyue\Apps\Runtime\Cache\MomuAdmin\d73855e6c653982bc4d4006e8c902f4e.php 第 192 行.
NOTIC: [8] Undefined index: v['name'] D:\wamp\www\aiyue\Apps\Runtime\Cache\MomuAdmin\d73855e6c653982bc4d4006e8c902f4e.php 第 192 行.
NOTIC: [8] Undefined index: v['name'] D:\wamp\www\aiyue\Apps\Runtime\Cache\MomuAdmin\d73855e6c653982bc4d4006e8c902f4e.php 第 192 行.
NOTIC: [8] Undefined index: v['name'] D:\wamp\www\aiyue\Apps\Runtime\Cache\MomuAdmin\d73855e6c653982bc4d4006e8c902f4e.php 第 192 行.
NOTIC: [8] Undefined index: add_time D:\wamp\www\aiyue\Apps\Runtime\Cache\MomuAdmin\d73855e6c653982bc4d4006e8c902f4e.php 第 194 行.
NOTIC: [8] Undefined index: v['name'] D:\wamp\www\aiyue\Apps\Runtime\Cache\MomuAdmin\d73855e6c653982bc4d4006e8c902f4e.php 第 192 行.
NOTIC: [8] Undefined index: v['name'] D:\wamp\www\aiyue\Apps\Runtime\Cache\MomuAdmin\d73855e6c653982bc4d4006e8c902f4e.php 第 192 行.
NOTIC: [8] Undefined index: v['name'] D:\wamp\www\aiyue\Apps\Runtime\Cache\MomuAdmin\d73855e6c653982bc4d4006e8c902f4e.php 第 192 行.
NOTIC: [8] Undefined index: v['name'] D:\wamp\www\aiyue\Apps\Runtime\Cache\MomuAdmin\d73855e6c653982bc4d4006e8c902f4e.php 第 192 行.
NOTIC: [8] Undefined index: v['name'] D:\wamp\www\aiyue\Apps\Runtime\Cache\MomuAdmin\d73855e6c653982bc4d4006e8c902f4e.php 第 192 行.
NOTIC: [8] Undefined index: add_time D:\wamp\www\aiyue\Apps\Runtime\Cache\MomuAdmin\d73855e6c653982bc4d4006e8c902f4e.php 第 194 行.
NOTIC: [8] Undefined index: v['name'] D:\wamp\www\aiyue\Apps\Runtime\Cache\MomuAdmin\d73855e6c653982bc4d4006e8c902f4e.php 第 192 行.
NOTIC: [8] Undefined index: v['name'] D:\wamp\www\aiyue\Apps\Runtime\Cache\MomuAdmin\d73855e6c653982bc4d4006e8c902f4e.php 第 192 行.
NOTIC: [8] Undefined index: v['name'] D:\wamp\www\aiyue\Apps\Runtime\Cache\MomuAdmin\d73855e6c653982bc4d4006e8c902f4e.php 第 192 行.
NOTIC: [8] Undefined index: v['name'] D:\wamp\www\aiyue\Apps\Runtime\Cache\MomuAdmin\d73855e6c653982bc4d4006e8c902f4e.php 第 192 行.
NOTIC: [8] Undefined index: v['name'] D:\wamp\www\aiyue\Apps\Runtime\Cache\MomuAdmin\d73855e6c653982bc4d4006e8c902f4e.php 第 192 行.
NOTIC: [8] Undefined index: add_time D:\wamp\www\aiyue\Apps\Runtime\Cache\MomuAdmin\d73855e6c653982bc4d4006e8c902f4e.php 第 194 行.
NOTIC: [8] Undefined index: v['name'] D:\wamp\www\aiyue\Apps\Runtime\Cache\MomuAdmin\d73855e6c653982bc4d4006e8c902f4e.php 第 192 行.
NOTIC: [8] Undefined index: v['name'] D:\wamp\www\aiyue\Apps\Runtime\Cache\MomuAdmin\d73855e6c653982bc4d4006e8c902f4e.php 第 192 行.
NOTIC: [8] Undefined index: v['name'] D:\wamp\www\aiyue\Apps\Runtime\Cache\MomuAdmin\d73855e6c653982bc4d4006e8c902f4e.php 第 192 行.
NOTIC: [8] Undefined index: v['name'] D:\wamp\www\aiyue\Apps\Runtime\Cache\MomuAdmin\d73855e6c653982bc4d4006e8c902f4e.php 第 192 行.
NOTIC: [8] Undefined index: v['name'] D:\wamp\www\aiyue\Apps\Runtime\Cache\MomuAdmin\d73855e6c653982bc4d4006e8c902f4e.php 第 192 行.
NOTIC: [8] Undefined index: add_time D:\wamp\www\aiyue\Apps\Runtime\Cache\MomuAdmin\d73855e6c653982bc4d4006e8c902f4e.php 第 194 行.
NOTIC: [8] Undefined index: v['name'] D:\wamp\www\aiyue\Apps\Runtime\Cache\MomuAdmin\d73855e6c653982bc4d4006e8c902f4e.php 第 192 行.
NOTIC: [8] Undefined index: v['name'] D:\wamp\www\aiyue\Apps\Runtime\Cache\MomuAdmin\d73855e6c653982bc4d4006e8c902f4e.php 第 192 行.
NOTIC: [8] Undefined index: v['name'] D:\wamp\www\aiyue\Apps\Runtime\Cache\MomuAdmin\d73855e6c653982bc4d4006e8c902f4e.php 第 192 行.
NOTIC: [8] Undefined index: v['name'] D:\wamp\www\aiyue\Apps\Runtime\Cache\MomuAdmin\d73855e6c653982bc4d4006e8c902f4e.php 第 192 行.
NOTIC: [8] Undefined index: v['name'] D:\wamp\www\aiyue\Apps\Runtime\Cache\MomuAdmin\d73855e6c653982bc4d4006e8c902f4e.php 第 192 行.
NOTIC: [8] Undefined index: add_time D:\wamp\www\aiyue\Apps\Runtime\Cache\MomuAdmin\d73855e6c653982bc4d4006e8c902f4e.php 第 194 行.
NOTIC: [8] Undefined index: v['name'] D:\wamp\www\aiyue\Apps\Runtime\Cache\MomuAdmin\d73855e6c653982bc4d4006e8c902f4e.php 第 192 行.
NOTIC: [8] Undefined index: v['name'] D:\wamp\www\aiyue\Apps\Runtime\Cache\MomuAdmin\d73855e6c653982bc4d4006e8c902f4e.php 第 192 行.
NOTIC: [8] Undefined index: v['name'] D:\wamp\www\aiyue\Apps\Runtime\Cache\MomuAdmin\d73855e6c653982bc4d4006e8c902f4e.php 第 192 行.
NOTIC: [8] Undefined index: v['name'] D:\wamp\www\aiyue\Apps\Runtime\Cache\MomuAdmin\d73855e6c653982bc4d4006e8c902f4e.php 第 192 行.
NOTIC: [8] Undefined index: v['name'] D:\wamp\www\aiyue\Apps\Runtime\Cache\MomuAdmin\d73855e6c653982bc4d4006e8c902f4e.php 第 192 行.
NOTIC: [8] Undefined index: add_time D:\wamp\www\aiyue\Apps\Runtime\Cache\MomuAdmin\d73855e6c653982bc4d4006e8c902f4e.php 第 194 行.
NOTIC: [8] Undefined index: v['name'] D:\wamp\www\aiyue\Apps\Runtime\Cache\MomuAdmin\d73855e6c653982bc4d4006e8c902f4e.php 第 192 行.
NOTIC: [8] Undefined index: v['name'] D:\wamp\www\aiyue\Apps\Runtime\Cache\MomuAdmin\d73855e6c653982bc4d4006e8c902f4e.php 第 192 行.
NOTIC: [8] Undefined index: v['name'] D:\wamp\www\aiyue\Apps\Runtime\Cache\MomuAdmin\d73855e6c653982bc4d4006e8c902f4e.php 第 192 行.
NOTIC: [8] Undefined index: v['name'] D:\wamp\www\aiyue\Apps\Runtime\Cache\MomuAdmin\d73855e6c653982bc4d4006e8c902f4e.php 第 192 行.
NOTIC: [8] Undefined index: v['name'] D:\wamp\www\aiyue\Apps\Runtime\Cache\MomuAdmin\d73855e6c653982bc4d4006e8c902f4e.php 第 192 行.
NOTIC: [8] Undefined index: add_time D:\wamp\www\aiyue\Apps\Runtime\Cache\MomuAdmin\d73855e6c653982bc4d4006e8c902f4e.php 第 194 行.
INFO: Run Behavior\ParseTemplateBehavior [ RunTime:0.046800s ]
INFO: [ view_parse ] --END-- [ RunTime:0.062400s ]
INFO: [ view_filter ] --START--
INFO: Run Behavior\WriteHtmlCacheBehavior [ RunTime:0.000000s ]
INFO: [ view_filter ] --END-- [ RunTime:0.000000s ]
INFO: [ app_end ] --START--
INFO: Run Behavior\ShowPageTraceBehavior [ RunTime:0.000000s ]
INFO: [ app_end ] --END-- [ RunTime:0.000000s ]

[ 2016-10-28T08:59:18+08:00 ] 127.0.0.1 /index.php/MomuAdmin/News/article_add/channel_id/25
INFO: [ app_init ] --START--
INFO: Run Behavior\BuildLiteBehavior [ RunTime:0.000000s ]
INFO: [ app_init ] --END-- [ RunTime:0.000000s ]
INFO: [ app_begin ] --START--
INFO: Run Behavior\ReadHtmlCacheBehavior [ RunTime:0.000000s ]
INFO: [ app_begin ] --END-- [ RunTime:0.000000s ]
SQL: SHOW COLUMNS FROM `m_channel` [ RunTime:0.0000s ]
SQL: SHOW COLUMNS FROM `m_channel` [ RunTime:0.0000s ]
SQL: SELECT `is_albums`,`is_attach`,`is_spec` FROM `m_channel` WHERE `id` = 25 ORDER BY id asc LIMIT 1   [ RunTime:0.0000s ]
SQL: SHOW COLUMNS FROM `m_channel_field` [ RunTime:0.0312s ]
SQL: SHOW COLUMNS FROM `m_channel_field` [ RunTime:0.0000s ]
SQL: SELECT `field_id` FROM `m_channel_field` WHERE `channel_id` = 25  [ RunTime:0.0000s ]
SQL: SHOW COLUMNS FROM `m_article_attribute_field` [ RunTime:0.0000s ]
SQL: SHOW COLUMNS FROM `m_article_attribute_field` [ RunTime:0.0000s ]
NOTIC: [2] implode(): Invalid arguments passed D:\wamp\www\aiyue\Apps\MomuAdmin\Model\CommonModel.class.php 第 19 行.
NOTIC: [8] Trying to get property of non-object D:\wamp\www\aiyue\Apps\MomuAdmin\Model\CommonModel.class.php 第 31 行.
NOTIC: [8] Trying to get property of non-object D:\wamp\www\aiyue\Apps\MomuAdmin\Model\CommonModel.class.php 第 31 行.
SQL: SELECT * FROM `m_article_attribute_field` WHERE `id` IN ('145','146','147','148','149','150','151','152','153','154','155','156','157','158','160') ORDER BY sort_id desc  [ RunTime:0.0156s ]
NOTIC: [8] Use of undefined constant name - assumed 'name' D:\wamp\www\aiyue\Apps\MomuAdmin\Action\NewsAction.class.php 第 259 行.
NOTIC: [8] Use of undefined constant name - assumed 'name' D:\wamp\www\aiyue\Apps\MomuAdmin\Action\NewsAction.class.php 第 255 行.
NOTIC: [8] Use of undefined constant name - assumed 'name' D:\wamp\www\aiyue\Apps\MomuAdmin\Action\NewsAction.class.php 第 255 行.
NOTIC: [8] Use of undefined constant name - assumed 'name' D:\wamp\www\aiyue\Apps\MomuAdmin\Action\NewsAction.class.php 第 255 行.
NOTIC: [8] Use of undefined constant name - assumed 'name' D:\wamp\www\aiyue\Apps\MomuAdmin\Action\NewsAction.class.php 第 255 行.
NOTIC: [8] Use of undefined constant name - assumed 'name' D:\wamp\www\aiyue\Apps\MomuAdmin\Action\NewsAction.class.php 第 255 行.
NOTIC: [8] Use of undefined constant name - assumed 'name' D:\wamp\www\aiyue\Apps\MomuAdmin\Action\NewsAction.class.php 第 255 行.
NOTIC: [8] Use of undefined constant name - assumed 'name' D:\wamp\www\aiyue\Apps\MomuAdmin\Action\NewsAction.class.php 第 255 行.
NOTIC: [8] Use of undefined constant name - assumed 'name' D:\wamp\www\aiyue\Apps\MomuAdmin\Action\NewsAction.class.php 第 255 行.
NOTIC: [8] Use of undefined constant name - assumed 'name' D:\wamp\www\aiyue\Apps\MomuAdmin\Action\NewsAction.class.php 第 255 行.
NOTIC: [8] Use of undefined constant name - assumed 'name' D:\wamp\www\aiyue\Apps\MomuAdmin\Action\NewsAction.class.php 第 255 行.
NOTIC: [8] Use of undefined constant name - assumed 'name' D:\wamp\www\aiyue\Apps\MomuAdmin\Action\NewsAction.class.php 第 255 行.
SQL: SHOW COLUMNS FROM `m_news_category` [ RunTime:0.0000s ]
SQL: SHOW COLUMNS FROM `m_news_category` [ RunTime:0.0000s ]
SQL: SELECT `id`,`title` FROM `m_news_category` WHERE `channel_id` = 25 AND `parent_id` = 0 ORDER BY id asc  [ RunTime:0.0000s ]
SQL: SELECT `id`,`title` FROM `m_news_category` WHERE `parent_id` = 15 ORDER BY id asc  [ RunTime:0.0000s ]
SQL: SELECT `id`,`title` FROM `m_news_category` WHERE `parent_id` = 16 ORDER BY id asc  [ RunTime:0.0000s ]
SQL: SELECT `id`,`title` FROM `m_news_category` WHERE `parent_id` = 17 ORDER BY id asc  [ RunTime:0.0000s ]
SQL: SELECT `id`,`title` FROM `m_news_category` WHERE `parent_id` = 18 ORDER BY id asc  [ RunTime:0.0156s ]
SQL: SELECT `id`,`title` FROM `m_news_category` WHERE `parent_id` = 19 ORDER BY id asc  [ RunTime:0.0000s ]
SQL: SELECT `id`,`title` FROM `m_news_category` WHERE `parent_id` = 20 ORDER BY id asc  [ RunTime:0.0000s ]
NOTIC: [8] Undefined index: viewtype D:\wamp\www\aiyue\Apps\MomuAdmin\Action\NewsAction.class.php 第 355 行.
INFO: [ view_parse ] --START--
INFO: [ template_filter ] --START--
INFO: Run Behavior\ContentReplaceBehavior [ RunTime:0.000000s ]
INFO: [ template_filter ] --END-- [ RunTime:0.000000s ]
NOTIC: [8] Undefined index: id D:\wamp\www\aiyue\Apps\Runtime\Cache\MomuAdmin\b3f8ccbddc48afcea0052745ef46ed5d.php 第 125 行.
NOTIC: [8] Undefined index: befor D:\wamp\www\aiyue\Apps\Runtime\Cache\MomuAdmin\b3f8ccbddc48afcea0052745ef46ed5d.php 第 125 行.
NOTIC: [8] Undefined index: title D:\wamp\www\aiyue\Apps\Runtime\Cache\MomuAdmin\b3f8ccbddc48afcea0052745ef46ed5d.php 第 125 行.
NOTIC: [8] Undefined index: id D:\wamp\www\aiyue\Apps\Runtime\Cache\MomuAdmin\b3f8ccbddc48afcea0052745ef46ed5d.php 第 125 行.
NOTIC: [8] Undefined index: befor D:\wamp\www\aiyue\Apps\Runtime\Cache\MomuAdmin\b3f8ccbddc48afcea0052745ef46ed5d.php 第 125 行.
NOTIC: [8] Undefined index: title D:\wamp\www\aiyue\Apps\Runtime\Cache\MomuAdmin\b3f8ccbddc48afcea0052745ef46ed5d.php 第 125 行.
NOTIC: [8] Undefined index: id D:\wamp\www\aiyue\Apps\Runtime\Cache\MomuAdmin\b3f8ccbddc48afcea0052745ef46ed5d.php 第 125 行.
NOTIC: [8] Undefined index: befor D:\wamp\www\aiyue\Apps\Runtime\Cache\MomuAdmin\b3f8ccbddc48afcea0052745ef46ed5d.php 第 125 行.
NOTIC: [8] Undefined index: title D:\wamp\www\aiyue\Apps\Runtime\Cache\MomuAdmin\b3f8ccbddc48afcea0052745ef46ed5d.php 第 125 行.
NOTIC: [8] Undefined index: id D:\wamp\www\aiyue\Apps\Runtime\Cache\MomuAdmin\b3f8ccbddc48afcea0052745ef46ed5d.php 第 125 行.
NOTIC: [8] Undefined index: befor D:\wamp\www\aiyue\Apps\Runtime\Cache\MomuAdmin\b3f8ccbddc48afcea0052745ef46ed5d.php 第 125 行.
NOTIC: [8] Undefined index: title D:\wamp\www\aiyue\Apps\Runtime\Cache\MomuAdmin\b3f8ccbddc48afcea0052745ef46ed5d.php 第 125 行.
NOTIC: [8] Undefined index: id D:\wamp\www\aiyue\Apps\Runtime\Cache\MomuAdmin\b3f8ccbddc48afcea0052745ef46ed5d.php 第 125 行.
NOTIC: [8] Undefined index: befor D:\wamp\www\aiyue\Apps\Runtime\Cache\MomuAdmin\b3f8ccbddc48afcea0052745ef46ed5d.php 第 125 行.
NOTIC: [8] Undefined index: title D:\wamp\www\aiyue\Apps\Runtime\Cache\MomuAdmin\b3f8ccbddc48afcea0052745ef46ed5d.php 第 125 行.
NOTIC: [8] Undefined index: id D:\wamp\www\aiyue\Apps\Runtime\Cache\MomuAdmin\b3f8ccbddc48afcea0052745ef46ed5d.php 第 125 行.
NOTIC: [8] Undefined index: befor D:\wamp\www\aiyue\Apps\Runtime\Cache\MomuAdmin\b3f8ccbddc48afcea0052745ef46ed5d.php 第 125 行.
NOTIC: [8] Undefined index: title D:\wamp\www\aiyue\Apps\Runtime\Cache\MomuAdmin\b3f8ccbddc48afcea0052745ef46ed5d.php 第 125 行.
INFO: Run Behavior\ParseTemplateBehavior [ RunTime:0.046800s ]
INFO: [ view_parse ] --END-- [ RunTime:0.046800s ]
INFO: [ view_filter ] --START--
INFO: Run Behavior\WriteHtmlCacheBehavior [ RunTime:0.000000s ]
INFO: [ view_filter ] --END-- [ RunTime:0.000000s ]
INFO: [ app_end ] --START--
INFO: Run Behavior\ShowPageTraceBehavior [ RunTime:0.000000s ]
INFO: [ app_end ] --END-- [ RunTime:0.000000s ]

[ 2016-10-28T09:00:42+08:00 ] 127.0.0.1 /index.php/MomuAdmin/News/category_list/channel_id/25.html
INFO: [ app_init ] --START--
INFO: Run Behavior\BuildLiteBehavior [ RunTime:0.000000s ]
INFO: [ app_init ] --END-- [ RunTime:0.000000s ]
INFO: [ app_begin ] --START--
INFO: Run Behavior\ReadHtmlCacheBehavior [ RunTime:0.000000s ]
INFO: [ app_begin ] --END-- [ RunTime:0.000000s ]
SQL: SHOW COLUMNS FROM `m_news_category` [ RunTime:0.0000s ]
SQL: SHOW COLUMNS FROM `m_news_category` [ RunTime:0.0000s ]
NOTIC: [2] implode(): Invalid arguments passed D:\wamp\www\aiyue\Apps\MomuAdmin\Model\CommonModel.class.php 第 19 行.
NOTIC: [8] Trying to get property of non-object D:\wamp\www\aiyue\Apps\MomuAdmin\Model\CommonModel.class.php 第 31 行.
NOTIC: [8] Trying to get property of non-object D:\wamp\www\aiyue\Apps\MomuAdmin\Model\CommonModel.class.php 第 31 行.
SQL: SELECT * FROM `m_news_category` WHERE `channel_id` = 25 AND `parent_id` = 0 ORDER BY sort_id asc  [ RunTime:0.0000s ]
NOTIC: [2] implode(): Invalid arguments passed D:\wamp\www\aiyue\Apps\MomuAdmin\Model\CommonModel.class.php 第 19 行.
NOTIC: [8] Trying to get property of non-object D:\wamp\www\aiyue\Apps\MomuAdmin\Model\CommonModel.class.php 第 31 行.
NOTIC: [8] Trying to get property of non-object D:\wamp\www\aiyue\Apps\MomuAdmin\Model\CommonModel.class.php 第 31 行.
SQL: SELECT * FROM `m_news_category` WHERE `parent_id` = 15  [ RunTime:0.0000s ]
NOTIC: [2] implode(): Invalid arguments passed D:\wamp\www\aiyue\Apps\MomuAdmin\Model\CommonModel.class.php 第 19 行.
NOTIC: [8] Trying to get property of non-object D:\wamp\www\aiyue\Apps\MomuAdmin\Model\CommonModel.class.php 第 31 行.
NOTIC: [8] Trying to get property of non-object D:\wamp\www\aiyue\Apps\MomuAdmin\Model\CommonModel.class.php 第 31 行.
SQL: SELECT * FROM `m_news_category` WHERE `parent_id` = 16  [ RunTime:0.0000s ]
NOTIC: [2] implode(): Invalid arguments passed D:\wamp\www\aiyue\Apps\MomuAdmin\Model\CommonModel.class.php 第 19 行.
NOTIC: [8] Trying to get property of non-object D:\wamp\www\aiyue\Apps\MomuAdmin\Model\CommonModel.class.php 第 31 行.
NOTIC: [8] Trying to get property of non-object D:\wamp\www\aiyue\Apps\MomuAdmin\Model\CommonModel.class.php 第 31 行.
SQL: SELECT * FROM `m_news_category` WHERE `parent_id` = 17  [ RunTime:0.0000s ]
NOTIC: [2] implode(): Invalid arguments passed D:\wamp\www\aiyue\Apps\MomuAdmin\Model\CommonModel.class.php 第 19 行.
NOTIC: [8] Trying to get property of non-object D:\wamp\www\aiyue\Apps\MomuAdmin\Model\CommonModel.class.php 第 31 行.
NOTIC: [8] Trying to get property of non-object D:\wamp\www\aiyue\Apps\MomuAdmin\Model\CommonModel.class.php 第 31 行.
SQL: SELECT * FROM `m_news_category` WHERE `parent_id` = 18  [ RunTime:0.0000s ]
NOTIC: [2] implode(): Invalid arguments passed D:\wamp\www\aiyue\Apps\MomuAdmin\Model\CommonModel.class.php 第 19 行.
NOTIC: [8] Trying to get property of non-object D:\wamp\www\aiyue\Apps\MomuAdmin\Model\CommonModel.class.php 第 31 行.
NOTIC: [8] Trying to get property of non-object D:\wamp\www\aiyue\Apps\MomuAdmin\Model\CommonModel.class.php 第 31 行.
SQL: SELECT * FROM `m_news_category` WHERE `parent_id` = 19  [ RunTime:0.0000s ]
NOTIC: [2] implode(): Invalid arguments passed D:\wamp\www\aiyue\Apps\MomuAdmin\Model\CommonModel.class.php 第 19 行.
NOTIC: [8] Trying to get property of non-object D:\wamp\www\aiyue\Apps\MomuAdmin\Model\CommonModel.class.php 第 31 行.
NOTIC: [8] Trying to get property of non-object D:\wamp\www\aiyue\Apps\MomuAdmin\Model\CommonModel.class.php 第 31 行.
SQL: SELECT * FROM `m_news_category` WHERE `parent_id` = 20  [ RunTime:0.0000s ]
INFO: [ view_parse ] --START--
INFO: [ template_filter ] --START--
INFO: Run Behavior\ContentReplaceBehavior [ RunTime:0.000000s ]
INFO: [ template_filter ] --END-- [ RunTime:0.000000s ]
INFO: Run Behavior\ParseTemplateBehavior [ RunTime:0.031200s ]
INFO: [ view_parse ] --END-- [ RunTime:0.031200s ]
INFO: [ view_filter ] --START--
INFO: Run Behavior\WriteHtmlCacheBehavior [ RunTime:0.000000s ]
INFO: [ view_filter ] --END-- [ RunTime:0.000000s ]
INFO: [ app_end ] --START--
INFO: Run Behavior\ShowPageTraceBehavior [ RunTime:0.000000s ]
INFO: [ app_end ] --END-- [ RunTime:0.000000s ]

[ 2016-10-28T09:00:45+08:00 ] 127.0.0.1 /index.php/MomuAdmin/News/category_edit/channel_id/25/id/15
INFO: [ app_init ] --START--
INFO: Run Behavior\BuildLiteBehavior [ RunTime:0.000000s ]
INFO: [ app_init ] --END-- [ RunTime:0.000000s ]
INFO: [ app_begin ] --START--
INFO: Run Behavior\ReadHtmlCacheBehavior [ RunTime:0.000000s ]
INFO: [ app_begin ] --END-- [ RunTime:0.000000s ]
SQL: SHOW COLUMNS FROM `m_news_category` [ RunTime:0.0000s ]
SQL: SHOW COLUMNS FROM `m_news_category` [ RunTime:0.0000s ]
NOTIC: [2] implode(): Invalid arguments passed D:\wamp\www\aiyue\Apps\MomuAdmin\Model\CommonModel.class.php 第 19 行.
SQL: SELECT * FROM `m_news_category` WHERE `id` = 15 LIMIT 1   [ RunTime:0.0000s ]
SQL: SELECT `id`,`title` FROM `m_news_category` WHERE `channel_id` = 25 AND `parent_id` = 0 ORDER BY sort_id asc  [ RunTime:0.0000s ]
NOTIC: [2] implode(): Invalid arguments passed D:\wamp\www\aiyue\Apps\MomuAdmin\Model\CommonModel.class.php 第 19 行.
NOTIC: [8] Trying to get property of non-object D:\wamp\www\aiyue\Apps\MomuAdmin\Model\CommonModel.class.php 第 31 行.
NOTIC: [8] Trying to get property of non-object D:\wamp\www\aiyue\Apps\MomuAdmin\Model\CommonModel.class.php 第 31 行.
SQL: SELECT * FROM `m_news_category` WHERE `parent_id` = 15  [ RunTime:0.0000s ]
NOTIC: [2] implode(): Invalid arguments passed D:\wamp\www\aiyue\Apps\MomuAdmin\Model\CommonModel.class.php 第 19 行.
NOTIC: [8] Trying to get property of non-object D:\wamp\www\aiyue\Apps\MomuAdmin\Model\CommonModel.class.php 第 31 行.
NOTIC: [8] Trying to get property of non-object D:\wamp\www\aiyue\Apps\MomuAdmin\Model\CommonModel.class.php 第 31 行.
SQL: SELECT * FROM `m_news_category` WHERE `parent_id` = 16  [ RunTime:0.0000s ]
NOTIC: [2] implode(): Invalid arguments passed D:\wamp\www\aiyue\Apps\MomuAdmin\Model\CommonModel.class.php 第 19 行.
NOTIC: [8] Trying to get property of non-object D:\wamp\www\aiyue\Apps\MomuAdmin\Model\CommonModel.class.php 第 31 行.
NOTIC: [8] Trying to get property of non-object D:\wamp\www\aiyue\Apps\MomuAdmin\Model\CommonModel.class.php 第 31 行.
SQL: SELECT * FROM `m_news_category` WHERE `parent_id` = 17  [ RunTime:0.0000s ]
NOTIC: [2] implode(): Invalid arguments passed D:\wamp\www\aiyue\Apps\MomuAdmin\Model\CommonModel.class.php 第 19 行.
NOTIC: [8] Trying to get property of non-object D:\wamp\www\aiyue\Apps\MomuAdmin\Model\CommonModel.class.php 第 31 行.
NOTIC: [8] Trying to get property of non-object D:\wamp\www\aiyue\Apps\MomuAdmin\Model\CommonModel.class.php 第 31 行.
SQL: SELECT * FROM `m_news_category` WHERE `parent_id` = 18  [ RunTime:0.0000s ]
NOTIC: [2] implode(): Invalid arguments passed D:\wamp\www\aiyue\Apps\MomuAdmin\Model\CommonModel.class.php 第 19 行.
NOTIC: [8] Trying to get property of non-object D:\wamp\www\aiyue\Apps\MomuAdmin\Model\CommonModel.class.php 第 31 行.
NOTIC: [8] Trying to get property of non-object D:\wamp\www\aiyue\Apps\MomuAdmin\Model\CommonModel.class.php 第 31 行.
SQL: SELECT * FROM `m_news_category` WHERE `parent_id` = 19  [ RunTime:0.0000s ]
NOTIC: [2] implode(): Invalid arguments passed D:\wamp\www\aiyue\Apps\MomuAdmin\Model\CommonModel.class.php 第 19 行.
NOTIC: [8] Trying to get property of non-object D:\wamp\www\aiyue\Apps\MomuAdmin\Model\CommonModel.class.php 第 31 行.
NOTIC: [8] Trying to get property of non-object D:\wamp\www\aiyue\Apps\MomuAdmin\Model\CommonModel.class.php 第 31 行.
SQL: SELECT * FROM `m_news_category` WHERE `parent_id` = 20  [ RunTime:0.0000s ]
INFO: [ view_parse ] --START--
INFO: [ template_filter ] --START--
INFO: Run Behavior\ContentReplaceBehavior [ RunTime:0.000000s ]
INFO: [ template_filter ] --END-- [ RunTime:0.000000s ]
INFO: Run Behavior\ParseTemplateBehavior [ RunTime:0.062401s ]
INFO: [ view_parse ] --END-- [ RunTime:0.062401s ]
INFO: [ view_filter ] --START--
INFO: Run Behavior\WriteHtmlCacheBehavior [ RunTime:0.000000s ]
INFO: [ view_filter ] --END-- [ RunTime:0.000000s ]
INFO: [ app_end ] --START--
INFO: Run Behavior\ShowPageTraceBehavior [ RunTime:0.000000s ]
INFO: [ app_end ] --END-- [ RunTime:0.000000s ]

[ 2016-10-28T09:03:49+08:00 ] 127.0.0.1 /index.php/MomuAdmin/News/article_list/channel_id/25.html
INFO: [ app_init ] --START--
INFO: Run Behavior\BuildLiteBehavior [ RunTime:0.000000s ]
INFO: [ app_init ] --END-- [ RunTime:0.000000s ]
INFO: [ app_begin ] --START--
INFO: Run Behavior\ReadHtmlCacheBehavior [ RunTime:0.000000s ]
INFO: [ app_begin ] --END-- [ RunTime:0.000000s ]
SQL: SHOW COLUMNS FROM `m_search_field` [ RunTime:0.0000s ]
SQL: SHOW COLUMNS FROM `m_search_field` [ RunTime:0.0000s ]
SQL: SELECT aaf.name,aaf.title FROM m_search_field sf INNER JOIN m_article_attribute_field aaf on sf.field_id=aaf.id  WHERE sf.channel_id = '25' ORDER BY aaf.sort_id desc  [ RunTime:0.0000s ]
SQL: SHOW COLUMNS FROM `m_news_field` [ RunTime:0.0156s ]
SQL: SHOW COLUMNS FROM `m_news_field` [ RunTime:0.0000s ]
SQL: SELECT aaf.name,aaf.title FROM m_news_field nf INNER JOIN m_article_attribute_field aaf on nf.field_id=aaf.id  WHERE nf.channel_id = '25' ORDER BY aaf.sort_id desc  [ RunTime:0.0000s ]
SQL: SHOW COLUMNS FROM `m_news_value` [ RunTime:0.0000s ]
SQL: SHOW COLUMNS FROM `m_news_value` [ RunTime:0.0156s ]
SQL: SELECT COUNT(*) AS tp_count FROM `m_news_value` WHERE `channel_id` = 25 LIMIT 1   [ RunTime:0.0000s ]
NOTIC: [2] implode(): Invalid arguments passed D:\wamp\www\aiyue\Apps\MomuAdmin\Model\CommonModel.class.php 第 19 行.
SQL: SELECT * FROM `m_news_value` WHERE `channel_id` = 25 ORDER BY id desc LIMIT 0,15   [ RunTime:0.0000s ]
SQL: SHOW COLUMNS FROM `m_news_category` [ RunTime:0.0000s ]
SQL: SHOW COLUMNS FROM `m_news_category` [ RunTime:0.0000s ]
SQL: SELECT `id`,`title` FROM `m_news_category` WHERE `channel_id` = 25 AND `parent_id` = 0 ORDER BY sort_id asc  [ RunTime:0.0000s ]
NOTIC: [2] implode(): Invalid arguments passed D:\wamp\www\aiyue\Apps\MomuAdmin\Model\CommonModel.class.php 第 19 行.
NOTIC: [8] Trying to get property of non-object D:\wamp\www\aiyue\Apps\MomuAdmin\Model\CommonModel.class.php 第 31 行.
NOTIC: [8] Trying to get property of non-object D:\wamp\www\aiyue\Apps\MomuAdmin\Model\CommonModel.class.php 第 31 行.
SQL: SELECT * FROM `m_news_category` WHERE `parent_id` = 15  [ RunTime:0.0000s ]
NOTIC: [2] implode(): Invalid arguments passed D:\wamp\www\aiyue\Apps\MomuAdmin\Model\CommonModel.class.php 第 19 行.
NOTIC: [8] Trying to get property of non-object D:\wamp\www\aiyue\Apps\MomuAdmin\Model\CommonModel.class.php 第 31 行.
NOTIC: [8] Trying to get property of non-object D:\wamp\www\aiyue\Apps\MomuAdmin\Model\CommonModel.class.php 第 31 行.
SQL: SELECT * FROM `m_news_category` WHERE `parent_id` = 16  [ RunTime:0.0000s ]
NOTIC: [2] implode(): Invalid arguments passed D:\wamp\www\aiyue\Apps\MomuAdmin\Model\CommonModel.class.php 第 19 行.
NOTIC: [8] Trying to get property of non-object D:\wamp\www\aiyue\Apps\MomuAdmin\Model\CommonModel.class.php 第 31 行.
NOTIC: [8] Trying to get property of non-object D:\wamp\www\aiyue\Apps\MomuAdmin\Model\CommonModel.class.php 第 31 行.
SQL: SELECT * FROM `m_news_category` WHERE `parent_id` = 17  [ RunTime:0.0000s ]
NOTIC: [2] implode(): Invalid arguments passed D:\wamp\www\aiyue\Apps\MomuAdmin\Model\CommonModel.class.php 第 19 行.
NOTIC: [8] Trying to get property of non-object D:\wamp\www\aiyue\Apps\MomuAdmin\Model\CommonModel.class.php 第 31 行.
NOTIC: [8] Trying to get property of non-object D:\wamp\www\aiyue\Apps\MomuAdmin\Model\CommonModel.class.php 第 31 行.
SQL: SELECT * FROM `m_news_category` WHERE `parent_id` = 18  [ RunTime:0.0000s ]
NOTIC: [2] implode(): Invalid arguments passed D:\wamp\www\aiyue\Apps\MomuAdmin\Model\CommonModel.class.php 第 19 行.
NOTIC: [8] Trying to get property of non-object D:\wamp\www\aiyue\Apps\MomuAdmin\Model\CommonModel.class.php 第 31 行.
NOTIC: [8] Trying to get property of non-object D:\wamp\www\aiyue\Apps\MomuAdmin\Model\CommonModel.class.php 第 31 行.
SQL: SELECT * FROM `m_news_category` WHERE `parent_id` = 19  [ RunTime:0.0000s ]
NOTIC: [2] implode(): Invalid arguments passed D:\wamp\www\aiyue\Apps\MomuAdmin\Model\CommonModel.class.php 第 19 行.
NOTIC: [8] Trying to get property of non-object D:\wamp\www\aiyue\Apps\MomuAdmin\Model\CommonModel.class.php 第 31 行.
NOTIC: [8] Trying to get property of non-object D:\wamp\www\aiyue\Apps\MomuAdmin\Model\CommonModel.class.php 第 31 行.
SQL: SELECT * FROM `m_news_category` WHERE `parent_id` = 20  [ RunTime:0.0000s ]
INFO: [ view_parse ] --START--
INFO: [ template_filter ] --START--
INFO: Run Behavior\ContentReplaceBehavior [ RunTime:0.000000s ]
INFO: [ template_filter ] --END-- [ RunTime:0.000000s ]
NOTIC: [8] Undefined index: txtKeywords D:\wamp\www\aiyue\Apps\Runtime\Cache\MomuAdmin\d73855e6c653982bc4d4006e8c902f4e.php 第 68 行.
NOTIC: [8] Undefined index: ddlCategoryId D:\wamp\www\aiyue\Apps\Runtime\Cache\MomuAdmin\d73855e6c653982bc4d4006e8c902f4e.php 第 69 行.
NOTIC: [8] Undefined index: startt D:\wamp\www\aiyue\Apps\Runtime\Cache\MomuAdmin\d73855e6c653982bc4d4006e8c902f4e.php 第 70 行.
NOTIC: [8] Undefined index: deadlinet D:\wamp\www\aiyue\Apps\Runtime\Cache\MomuAdmin\d73855e6c653982bc4d4006e8c902f4e.php 第 71 行.
NOTIC: [8] Undefined index: ddlCategoryId D:\wamp\www\aiyue\Apps\Runtime\Cache\MomuAdmin\d73855e6c653982bc4d4006e8c902f4e.php 第 138 行.
NOTIC: [8] Undefined index: ddlCategoryId D:\wamp\www\aiyue\Apps\Runtime\Cache\MomuAdmin\d73855e6c653982bc4d4006e8c902f4e.php 第 138 行.
NOTIC: [8] Undefined index: ddlCategoryId D:\wamp\www\aiyue\Apps\Runtime\Cache\MomuAdmin\d73855e6c653982bc4d4006e8c902f4e.php 第 138 行.
NOTIC: [8] Undefined index: ddlCategoryId D:\wamp\www\aiyue\Apps\Runtime\Cache\MomuAdmin\d73855e6c653982bc4d4006e8c902f4e.php 第 138 行.
NOTIC: [8] Undefined index: ddlCategoryId D:\wamp\www\aiyue\Apps\Runtime\Cache\MomuAdmin\d73855e6c653982bc4d4006e8c902f4e.php 第 138 行.
NOTIC: [8] Undefined index: ddlCategoryId D:\wamp\www\aiyue\Apps\Runtime\Cache\MomuAdmin\d73855e6c653982bc4d4006e8c902f4e.php 第 138 行.
NOTIC: [8] Undefined index: ddlProperty D:\wamp\www\aiyue\Apps\Runtime\Cache\MomuAdmin\d73855e6c653982bc4d4006e8c902f4e.php 第 145 行.
NOTIC: [8] Undefined index: ddlProperty D:\wamp\www\aiyue\Apps\Runtime\Cache\MomuAdmin\d73855e6c653982bc4d4006e8c902f4e.php 第 146 行.
NOTIC: [8] Undefined index: ddlProperty D:\wamp\www\aiyue\Apps\Runtime\Cache\MomuAdmin\d73855e6c653982bc4d4006e8c902f4e.php 第 147 行.
NOTIC: [8] Undefined index: ddlProperty D:\wamp\www\aiyue\Apps\Runtime\Cache\MomuAdmin\d73855e6c653982bc4d4006e8c902f4e.php 第 148 行.
NOTIC: [8] Undefined index: ddlProperty D:\wamp\www\aiyue\Apps\Runtime\Cache\MomuAdmin\d73855e6c653982bc4d4006e8c902f4e.php 第 149 行.
NOTIC: [8] Undefined index: startt D:\wamp\www\aiyue\Apps\Runtime\Cache\MomuAdmin\d73855e6c653982bc4d4006e8c902f4e.php 第 155 行.
NOTIC: [8] Undefined index: deadlinet D:\wamp\www\aiyue\Apps\Runtime\Cache\MomuAdmin\d73855e6c653982bc4d4006e8c902f4e.php 第 156 行.
NOTIC: [8] Undefined index: txtKeywords D:\wamp\www\aiyue\Apps\Runtime\Cache\MomuAdmin\d73855e6c653982bc4d4006e8c902f4e.php 第 162 行.
NOTIC: [8] Undefined index: v['name'] D:\wamp\www\aiyue\Apps\Runtime\Cache\MomuAdmin\d73855e6c653982bc4d4006e8c902f4e.php 第 192 行.
NOTIC: [8] Undefined index: v['name'] D:\wamp\www\aiyue\Apps\Runtime\Cache\MomuAdmin\d73855e6c653982bc4d4006e8c902f4e.php 第 192 行.
NOTIC: [8] Undefined index: v['name'] D:\wamp\www\aiyue\Apps\Runtime\Cache\MomuAdmin\d73855e6c653982bc4d4006e8c902f4e.php 第 192 行.
NOTIC: [8] Undefined index: v['name'] D:\wamp\www\aiyue\Apps\Runtime\Cache\MomuAdmin\d73855e6c653982bc4d4006e8c902f4e.php 第 192 行.
NOTIC: [8] Undefined index: v['name'] D:\wamp\www\aiyue\Apps\Runtime\Cache\MomuAdmin\d73855e6c653982bc4d4006e8c902f4e.php 第 192 行.
NOTIC: [8] Undefined index: add_time D:\wamp\www\aiyue\Apps\Runtime\Cache\MomuAdmin\d73855e6c653982bc4d4006e8c902f4e.php 第 194 行.
NOTIC: [8] Undefined index: v['name'] D:\wamp\www\aiyue\Apps\Runtime\Cache\MomuAdmin\d73855e6c653982bc4d4006e8c902f4e.php 第 192 行.
NOTIC: [8] Undefined index: v['name'] D:\wamp\www\aiyue\Apps\Runtime\Cache\MomuAdmin\d73855e6c653982bc4d4006e8c902f4e.php 第 192 行.
NOTIC: [8] Undefined index: v['name'] D:\wamp\www\aiyue\Apps\Runtime\Cache\MomuAdmin\d73855e6c653982bc4d4006e8c902f4e.php 第 192 行.
NOTIC: [8] Undefined index: v['name'] D:\wamp\www\aiyue\Apps\Runtime\Cache\MomuAdmin\d73855e6c653982bc4d4006e8c902f4e.php 第 192 行.
NOTIC: [8] Undefined index: v['name'] D:\wamp\www\aiyue\Apps\Runtime\Cache\MomuAdmin\d73855e6c653982bc4d4006e8c902f4e.php 第 192 行.
NOTIC: [8] Undefined index: add_time D:\wamp\www\aiyue\Apps\Runtime\Cache\MomuAdmin\d73855e6c653982bc4d4006e8c902f4e.php 第 194 行.
NOTIC: [8] Undefined index: v['name'] D:\wamp\www\aiyue\Apps\Runtime\Cache\MomuAdmin\d73855e6c653982bc4d4006e8c902f4e.php 第 192 行.
NOTIC: [8] Undefined index: v['name'] D:\wamp\www\aiyue\Apps\Runtime\Cache\MomuAdmin\d73855e6c653982bc4d4006e8c902f4e.php 第 192 行.
NOTIC: [8] Undefined index: v['name'] D:\wamp\www\aiyue\Apps\Runtime\Cache\MomuAdmin\d73855e6c653982bc4d4006e8c902f4e.php 第 192 行.
NOTIC: [8] Undefined index: v['name'] D:\wamp\www\aiyue\Apps\Runtime\Cache\MomuAdmin\d73855e6c653982bc4d4006e8c902f4e.php 第 192 行.
NOTIC: [8] Undefined index: v['name'] D:\wamp\www\aiyue\Apps\Runtime\Cache\MomuAdmin\d73855e6c653982bc4d4006e8c902f4e.php 第 192 行.
NOTIC: [8] Undefined index: add_time D:\wamp\www\aiyue\Apps\Runtime\Cache\MomuAdmin\d73855e6c653982bc4d4006e8c902f4e.php 第 194 行.
NOTIC: [8] Undefined index: v['name'] D:\wamp\www\aiyue\Apps\Runtime\Cache\MomuAdmin\d73855e6c653982bc4d4006e8c902f4e.php 第 192 行.
NOTIC: [8] Undefined index: v['name'] D:\wamp\www\aiyue\Apps\Runtime\Cache\MomuAdmin\d73855e6c653982bc4d4006e8c902f4e.php 第 192 行.
NOTIC: [8] Undefined index: v['name'] D:\wamp\www\aiyue\Apps\Runtime\Cache\MomuAdmin\d73855e6c653982bc4d4006e8c902f4e.php 第 192 行.
NOTIC: [8] Undefined index: v['name'] D:\wamp\www\aiyue\Apps\Runtime\Cache\MomuAdmin\d73855e6c653982bc4d4006e8c902f4e.php 第 192 行.
NOTIC: [8] Undefined index: v['name'] D:\wamp\www\aiyue\Apps\Runtime\Cache\MomuAdmin\d73855e6c653982bc4d4006e8c902f4e.php 第 192 行.
NOTIC: [8] Undefined index: add_time D:\wamp\www\aiyue\Apps\Runtime\Cache\MomuAdmin\d73855e6c653982bc4d4006e8c902f4e.php 第 194 行.
NOTIC: [8] Undefined index: v['name'] D:\wamp\www\aiyue\Apps\Runtime\Cache\MomuAdmin\d73855e6c653982bc4d4006e8c902f4e.php 第 192 行.
NOTIC: [8] Undefined index: v['name'] D:\wamp\www\aiyue\Apps\Runtime\Cache\MomuAdmin\d73855e6c653982bc4d4006e8c902f4e.php 第 192 行.
NOTIC: [8] Undefined index: v['name'] D:\wamp\www\aiyue\Apps\Runtime\Cache\MomuAdmin\d73855e6c653982bc4d4006e8c902f4e.php 第 192 行.
NOTIC: [8] Undefined index: v['name'] D:\wamp\www\aiyue\Apps\Runtime\Cache\MomuAdmin\d73855e6c653982bc4d4006e8c902f4e.php 第 192 行.
NOTIC: [8] Undefined index: v['name'] D:\wamp\www\aiyue\Apps\Runtime\Cache\MomuAdmin\d73855e6c653982bc4d4006e8c902f4e.php 第 192 行.
NOTIC: [8] Undefined index: add_time D:\wamp\www\aiyue\Apps\Runtime\Cache\MomuAdmin\d73855e6c653982bc4d4006e8c902f4e.php 第 194 行.
NOTIC: [8] Undefined index: v['name'] D:\wamp\www\aiyue\Apps\Runtime\Cache\MomuAdmin\d73855e6c653982bc4d4006e8c902f4e.php 第 192 行.
NOTIC: [8] Undefined index: v['name'] D:\wamp\www\aiyue\Apps\Runtime\Cache\MomuAdmin\d73855e6c653982bc4d4006e8c902f4e.php 第 192 行.
NOTIC: [8] Undefined index: v['name'] D:\wamp\www\aiyue\Apps\Runtime\Cache\MomuAdmin\d73855e6c653982bc4d4006e8c902f4e.php 第 192 行.
NOTIC: [8] Undefined index: v['name'] D:\wamp\www\aiyue\Apps\Runtime\Cache\MomuAdmin\d73855e6c653982bc4d4006e8c902f4e.php 第 192 行.
NOTIC: [8] Undefined index: v['name'] D:\wamp\www\aiyue\Apps\Runtime\Cache\MomuAdmin\d73855e6c653982bc4d4006e8c902f4e.php 第 192 行.
NOTIC: [8] Undefined index: add_time D:\wamp\www\aiyue\Apps\Runtime\Cache\MomuAdmin\d73855e6c653982bc4d4006e8c902f4e.php 第 194 行.
NOTIC: [8] Undefined index: v['name'] D:\wamp\www\aiyue\Apps\Runtime\Cache\MomuAdmin\d73855e6c653982bc4d4006e8c902f4e.php 第 192 行.
NOTIC: [8] Undefined index: v['name'] D:\wamp\www\aiyue\Apps\Runtime\Cache\MomuAdmin\d73855e6c653982bc4d4006e8c902f4e.php 第 192 行.
NOTIC: [8] Undefined index: v['name'] D:\wamp\www\aiyue\Apps\Runtime\Cache\MomuAdmin\d73855e6c653982bc4d4006e8c902f4e.php 第 192 行.
NOTIC: [8] Undefined index: v['name'] D:\wamp\www\aiyue\Apps\Runtime\Cache\MomuAdmin\d73855e6c653982bc4d4006e8c902f4e.php 第 192 行.
NOTIC: [8] Undefined index: v['name'] D:\wamp\www\aiyue\Apps\Runtime\Cache\MomuAdmin\d73855e6c653982bc4d4006e8c902f4e.php 第 192 行.
NOTIC: [8] Undefined index: add_time D:\wamp\www\aiyue\Apps\Runtime\Cache\MomuAdmin\d73855e6c653982bc4d4006e8c902f4e.php 第 194 行.
NOTIC: [8] Undefined index: v['name'] D:\wamp\www\aiyue\Apps\Runtime\Cache\MomuAdmin\d73855e6c653982bc4d4006e8c902f4e.php 第 192 行.
NOTIC: [8] Undefined index: v['name'] D:\wamp\www\aiyue\Apps\Runtime\Cache\MomuAdmin\d73855e6c653982bc4d4006e8c902f4e.php 第 192 行.
NOTIC: [8] Undefined index: v['name'] D:\wamp\www\aiyue\Apps\Runtime\Cache\MomuAdmin\d73855e6c653982bc4d4006e8c902f4e.php 第 192 行.
NOTIC: [8] Undefined index: v['name'] D:\wamp\www\aiyue\Apps\Runtime\Cache\MomuAdmin\d73855e6c653982bc4d4006e8c902f4e.php 第 192 行.
NOTIC: [8] Undefined index: v['name'] D:\wamp\www\aiyue\Apps\Runtime\Cache\MomuAdmin\d73855e6c653982bc4d4006e8c902f4e.php 第 192 行.
NOTIC: [8] Undefined index: add_time D:\wamp\www\aiyue\Apps\Runtime\Cache\MomuAdmin\d73855e6c653982bc4d4006e8c902f4e.php 第 194 行.
NOTIC: [8] Undefined index: v['name'] D:\wamp\www\aiyue\Apps\Runtime\Cache\MomuAdmin\d73855e6c653982bc4d4006e8c902f4e.php 第 192 行.
NOTIC: [8] Undefined index: v['name'] D:\wamp\www\aiyue\Apps\Runtime\Cache\MomuAdmin\d73855e6c653982bc4d4006e8c902f4e.php 第 192 行.
NOTIC: [8] Undefined index: v['name'] D:\wamp\www\aiyue\Apps\Runtime\Cache\MomuAdmin\d73855e6c653982bc4d4006e8c902f4e.php 第 192 行.
NOTIC: [8] Undefined index: v['name'] D:\wamp\www\aiyue\Apps\Runtime\Cache\MomuAdmin\d73855e6c653982bc4d4006e8c902f4e.php 第 192 行.
NOTIC: [8] Undefined index: v['name'] D:\wamp\www\aiyue\Apps\Runtime\Cache\MomuAdmin\d73855e6c653982bc4d4006e8c902f4e.php 第 192 行.
NOTIC: [8] Undefined index: add_time D:\wamp\www\aiyue\Apps\Runtime\Cache\MomuAdmin\d73855e6c653982bc4d4006e8c902f4e.php 第 194 行.
NOTIC: [8] Undefined index: v['name'] D:\wamp\www\aiyue\Apps\Runtime\Cache\MomuAdmin\d73855e6c653982bc4d4006e8c902f4e.php 第 192 行.
NOTIC: [8] Undefined index: v['name'] D:\wamp\www\aiyue\Apps\Runtime\Cache\MomuAdmin\d73855e6c653982bc4d4006e8c902f4e.php 第 192 行.
NOTIC: [8] Undefined index: v['name'] D:\wamp\www\aiyue\Apps\Runtime\Cache\MomuAdmin\d73855e6c653982bc4d4006e8c902f4e.php 第 192 行.
NOTIC: [8] Undefined index: v['name'] D:\wamp\www\aiyue\Apps\Runtime\Cache\MomuAdmin\d73855e6c653982bc4d4006e8c902f4e.php 第 192 行.
NOTIC: [8] Undefined index: v['name'] D:\wamp\www\aiyue\Apps\Runtime\Cache\MomuAdmin\d73855e6c653982bc4d4006e8c902f4e.php 第 192 行.
NOTIC: [8] Undefined index: add_time D:\wamp\www\aiyue\Apps\Runtime\Cache\MomuAdmin\d73855e6c653982bc4d4006e8c902f4e.php 第 194 行.
NOTIC: [8] Undefined index: v['name'] D:\wamp\www\aiyue\Apps\Runtime\Cache\MomuAdmin\d73855e6c653982bc4d4006e8c902f4e.php 第 192 行.
NOTIC: [8] Undefined index: v['name'] D:\wamp\www\aiyue\Apps\Runtime\Cache\MomuAdmin\d73855e6c653982bc4d4006e8c902f4e.php 第 192 行.
NOTIC: [8] Undefined index: v['name'] D:\wamp\www\aiyue\Apps\Runtime\Cache\MomuAdmin\d73855e6c653982bc4d4006e8c902f4e.php 第 192 行.
NOTIC: [8] Undefined index: v['name'] D:\wamp\www\aiyue\Apps\Runtime\Cache\MomuAdmin\d73855e6c653982bc4d4006e8c902f4e.php 第 192 行.
NOTIC: [8] Undefined index: v['name'] D:\wamp\www\aiyue\Apps\Runtime\Cache\MomuAdmin\d73855e6c653982bc4d4006e8c902f4e.php 第 192 行.
NOTIC: [8] Undefined index: add_time D:\wamp\www\aiyue\Apps\Runtime\Cache\MomuAdmin\d73855e6c653982bc4d4006e8c902f4e.php 第 194 行.
NOTIC: [8] Undefined index: v['name'] D:\wamp\www\aiyue\Apps\Runtime\Cache\MomuAdmin\d73855e6c653982bc4d4006e8c902f4e.php 第 192 行.
NOTIC: [8] Undefined index: v['name'] D:\wamp\www\aiyue\Apps\Runtime\Cache\MomuAdmin\d73855e6c653982bc4d4006e8c902f4e.php 第 192 行.
NOTIC: [8] Undefined index: v['name'] D:\wamp\www\aiyue\Apps\Runtime\Cache\MomuAdmin\d73855e6c653982bc4d4006e8c902f4e.php 第 192 行.
NOTIC: [8] Undefined index: v['name'] D:\wamp\www\aiyue\Apps\Runtime\Cache\MomuAdmin\d73855e6c653982bc4d4006e8c902f4e.php 第 192 行.
NOTIC: [8] Undefined index: v['name'] D:\wamp\www\aiyue\Apps\Runtime\Cache\MomuAdmin\d73855e6c653982bc4d4006e8c902f4e.php 第 192 行.
NOTIC: [8] Undefined index: add_time D:\wamp\www\aiyue\Apps\Runtime\Cache\MomuAdmin\d73855e6c653982bc4d4006e8c902f4e.php 第 194 行.
NOTIC: [8] Undefined index: v['name'] D:\wamp\www\aiyue\Apps\Runtime\Cache\MomuAdmin\d73855e6c653982bc4d4006e8c902f4e.php 第 192 行.
NOTIC: [8] Undefined index: v['name'] D:\wamp\www\aiyue\Apps\Runtime\Cache\MomuAdmin\d73855e6c653982bc4d4006e8c902f4e.php 第 192 行.
NOTIC: [8] Undefined index: v['name'] D:\wamp\www\aiyue\Apps\Runtime\Cache\MomuAdmin\d73855e6c653982bc4d4006e8c902f4e.php 第 192 行.
NOTIC: [8] Undefined index: v['name'] D:\wamp\www\aiyue\Apps\Runtime\Cache\MomuAdmin\d73855e6c653982bc4d4006e8c902f4e.php 第 192 行.
NOTIC: [8] Undefined index: v['name'] D:\wamp\www\aiyue\Apps\Runtime\Cache\MomuAdmin\d73855e6c653982bc4d4006e8c902f4e.php 第 192 行.
NOTIC: [8] Undefined index: add_time D:\wamp\www\aiyue\Apps\Runtime\Cache\MomuAdmin\d73855e6c653982bc4d4006e8c902f4e.php 第 194 行.
NOTIC: [8] Undefined index: v['name'] D:\wamp\www\aiyue\Apps\Runtime\Cache\MomuAdmin\d73855e6c653982bc4d4006e8c902f4e.php 第 192 行.
NOTIC: [8] Undefined index: v['name'] D:\wamp\www\aiyue\Apps\Runtime\Cache\MomuAdmin\d73855e6c653982bc4d4006e8c902f4e.php 第 192 行.
NOTIC: [8] Undefined index: v['name'] D:\wamp\www\aiyue\Apps\Runtime\Cache\MomuAdmin\d73855e6c653982bc4d4006e8c902f4e.php 第 192 行.
NOTIC: [8] Undefined index: v['name'] D:\wamp\www\aiyue\Apps\Runtime\Cache\MomuAdmin\d73855e6c653982bc4d4006e8c902f4e.php 第 192 行.
NOTIC: [8] Undefined index: v['name'] D:\wamp\www\aiyue\Apps\Runtime\Cache\MomuAdmin\d73855e6c653982bc4d4006e8c902f4e.php 第 192 行.
NOTIC: [8] Undefined index: add_time D:\wamp\www\aiyue\Apps\Runtime\Cache\MomuAdmin\d73855e6c653982bc4d4006e8c902f4e.php 第 194 行.
NOTIC: [8] Undefined index: v['name'] D:\wamp\www\aiyue\Apps\Runtime\Cache\MomuAdmin\d73855e6c653982bc4d4006e8c902f4e.php 第 192 行.
NOTIC: [8] Undefined index: v['name'] D:\wamp\www\aiyue\Apps\Runtime\Cache\MomuAdmin\d73855e6c653982bc4d4006e8c902f4e.php 第 192 行.
NOTIC: [8] Undefined index: v['name'] D:\wamp\www\aiyue\Apps\Runtime\Cache\MomuAdmin\d73855e6c653982bc4d4006e8c902f4e.php 第 192 行.
NOTIC: [8] Undefined index: v['name'] D:\wamp\www\aiyue\Apps\Runtime\Cache\MomuAdmin\d73855e6c653982bc4d4006e8c902f4e.php 第 192 行.
NOTIC: [8] Undefined index: v['name'] D:\wamp\www\aiyue\Apps\Runtime\Cache\MomuAdmin\d73855e6c653982bc4d4006e8c902f4e.php 第 192 行.
NOTIC: [8] Undefined index: add_time D:\wamp\www\aiyue\Apps\Runtime\Cache\MomuAdmin\d73855e6c653982bc4d4006e8c902f4e.php 第 194 行.
INFO: Run Behavior\ParseTemplateBehavior [ RunTime:0.031200s ]
INFO: [ view_parse ] --END-- [ RunTime:0.031200s ]
INFO: [ view_filter ] --START--
INFO: Run Behavior\WriteHtmlCacheBehavior [ RunTime:0.000000s ]
INFO: [ view_filter ] --END-- [ RunTime:0.000000s ]
INFO: [ app_end ] --START--
INFO: Run Behavior\ShowPageTraceBehavior [ RunTime:0.000000s ]
INFO: [ app_end ] --END-- [ RunTime:0.000000s ]

