[ 2016-10-10T10:24:43+08:00 ] 127.0.0.1 /index.php/MomuAdmin
INFO: [ app_init ] --START--
INFO: Run Behavior\BuildLiteBehavior [ RunTime:0.000000s ]
INFO: [ app_init ] --END-- [ RunTime:0.000000s ]
INFO: [ app_begin ] --START--
INFO: Run Behavior\ReadHtmlCacheBehavior [ RunTime:0.001000s ]
INFO: [ app_begin ] --END-- [ RunTime:0.001000s ]
SQL: SHOW COLUMNS FROM `m_manager` [ RunTime:0.0270s ]
INFO: [ view_parse ] --START--
INFO: [ template_filter ] --START--
INFO: Run Behavior\ContentReplaceBehavior [ RunTime:0.000000s ]
INFO: [ template_filter ] --END-- [ RunTime:0.001000s ]
INFO: Run Behavior\ParseTemplateBehavior [ RunTime:0.017001s ]
INFO: [ view_parse ] --END-- [ RunTime:0.017001s ]
INFO: [ view_filter ] --START--
INFO: Run Behavior\WriteHtmlCacheBehavior [ RunTime:0.000000s ]
INFO: [ view_filter ] --END-- [ RunTime:0.000000s ]
INFO: [ app_end ] --START--
INFO: Run Behavior\ShowPageTraceBehavior [ RunTime:0.000000s ]
INFO: [ app_end ] --END-- [ RunTime:0.001000s ]

[ 2016-10-10T10:24:49+08:00 ] 127.0.0.1 /index.php/MomuAdmin/Index/index.html
INFO: [ app_init ] --START--
INFO: Run Behavior\BuildLiteBehavior [ RunTime:0.000000s ]
INFO: [ app_init ] --END-- [ RunTime:0.001000s ]
INFO: [ app_begin ] --START--
INFO: Run Behavior\ReadHtmlCacheBehavior [ RunTime:0.001000s ]
INFO: [ app_begin ] --END-- [ RunTime:0.001000s ]
SQL: SHOW COLUMNS FROM `m_manager` [ RunTime:0.0020s ]
SQL: SELECT COUNT(*) AS tp_count FROM `m_manager` WHERE `user_name` = 'admin' AND `password` = 'e10adc3949ba59abbe56e057f20f883e' LIMIT 1   [ RunTime:0.0000s ]
SQL: SELECT * FROM `m_manager` WHERE `user_name` = 'admin' AND `password` = 'e10adc3949ba59abbe56e057f20f883e'  [ RunTime:0.0000s ]
SQL: SHOW COLUMNS FROM `m_manager_role_value` [ RunTime:0.0400s ]
SQL: SELECT * FROM `m_manager_role_value` WHERE `role_id` = 1  [ RunTime:0.0010s ]

[ 2016-10-10T10:24:49+08:00 ] 127.0.0.1 /index.php/MomuAdmin/Index/LoginIndex.html
INFO: [ app_init ] --START--
INFO: Run Behavior\BuildLiteBehavior [ RunTime:0.000000s ]
INFO: [ app_init ] --END-- [ RunTime:0.000000s ]
INFO: [ app_begin ] --START--
INFO: Run Behavior\ReadHtmlCacheBehavior [ RunTime:0.001000s ]
INFO: [ app_begin ] --END-- [ RunTime:0.001000s ]
SQL: SHOW COLUMNS FROM `m_manager` [ RunTime:0.0020s ]
SQL: SELECT * FROM `m_manager` WHERE `id` = 1 LIMIT 1   [ RunTime:0.0010s ]
INFO: [ view_parse ] --START--
INFO: [ template_filter ] --START--
INFO: Run Behavior\ContentReplaceBehavior [ RunTime:0.000000s ]
INFO: [ template_filter ] --END-- [ RunTime:0.000000s ]
NOTIC: [8] Undefined index: managerrole D:\wamp\www\hsc_mall\Apps\Runtime\Cache\MomuAdmin\aa1881ccbdb5499ac3dbdafa701ad1b8.php 第 68 行.
INFO: Run Behavior\ParseTemplateBehavior [ RunTime:0.015001s ]
INFO: [ view_parse ] --END-- [ RunTime:0.015001s ]
INFO: [ view_filter ] --START--
INFO: Run Behavior\WriteHtmlCacheBehavior [ RunTime:0.000000s ]
INFO: [ view_filter ] --END-- [ RunTime:0.000000s ]
INFO: [ app_end ] --START--
INFO: Run Behavior\ShowPageTraceBehavior [ RunTime:0.000000s ]
INFO: [ app_end ] --END-- [ RunTime:0.000000s ]

[ 2016-10-10T10:24:49+08:00 ] 127.0.0.1 /index.php/MomuAdmin/Index/center.html
INFO: [ app_init ] --START--
INFO: Run Behavior\BuildLiteBehavior [ RunTime:0.000000s ]
INFO: [ app_init ] --END-- [ RunTime:0.001000s ]
INFO: [ app_begin ] --START--
INFO: Run Behavior\ReadHtmlCacheBehavior [ RunTime:0.001000s ]
INFO: [ app_begin ] --END-- [ RunTime:0.001000s ]
INFO: [ view_parse ] --START--
INFO: [ template_filter ] --START--
INFO: Run Behavior\ContentReplaceBehavior [ RunTime:0.000000s ]
INFO: [ template_filter ] --END-- [ RunTime:0.001000s ]
NOTIC: [8] Undefined variable: uploadSetValue D:\wamp\www\hsc_mall\Apps\Runtime\Cache\MomuAdmin\3c2526ec326847e91cf016af4afdfd9f.php 第 32 行.
NOTIC: [8] Undefined variable: uploadSetValue D:\wamp\www\hsc_mall\Apps\Runtime\Cache\MomuAdmin\3c2526ec326847e91cf016af4afdfd9f.php 第 33 行.
NOTIC: [8] Undefined variable: uploadSetValue D:\wamp\www\hsc_mall\Apps\Runtime\Cache\MomuAdmin\3c2526ec326847e91cf016af4afdfd9f.php 第 34 行.
NOTIC: [8] Undefined variable: uploadSetValue D:\wamp\www\hsc_mall\Apps\Runtime\Cache\MomuAdmin\3c2526ec326847e91cf016af4afdfd9f.php 第 35 行.
NOTIC: [8] Undefined variable: uploadSetValue D:\wamp\www\hsc_mall\Apps\Runtime\Cache\MomuAdmin\3c2526ec326847e91cf016af4afdfd9f.php 第 36 行.
NOTIC: [8] Undefined variable: uploadSetValue D:\wamp\www\hsc_mall\Apps\Runtime\Cache\MomuAdmin\3c2526ec326847e91cf016af4afdfd9f.php 第 37 行.
INFO: Run Behavior\ParseTemplateBehavior [ RunTime:0.017001s ]
INFO: [ view_parse ] --END-- [ RunTime:0.017001s ]
INFO: [ view_filter ] --START--
INFO: Run Behavior\WriteHtmlCacheBehavior [ RunTime:0.000000s ]
INFO: [ view_filter ] --END-- [ RunTime:0.000000s ]
INFO: [ app_end ] --START--
INFO: Run Behavior\ShowPageTraceBehavior [ RunTime:0.000000s ]
INFO: [ app_end ] --END-- [ RunTime:0.001000s ]

[ 2016-10-10T10:24:49+08:00 ] 127.0.0.1 /index.php/MomuAdmin/Tools/Index.html?action=get_navigation_list&time=0.34128583199344575
INFO: [ app_init ] --START--
INFO: Run Behavior\BuildLiteBehavior [ RunTime:0.000000s ]
INFO: [ app_init ] --END-- [ RunTime:0.001000s ]
INFO: [ app_begin ] --START--
INFO: Run Behavior\ReadHtmlCacheBehavior [ RunTime:0.001000s ]
INFO: [ app_begin ] --END-- [ RunTime:0.001000s ]
NOTIC: [8] Use of undefined constant context - assumed 'context' D:\wamp\www\hsc_mall\Apps\MomuAdmin\Action\ToolsAction.class.php 第 32 行.
SQL: SHOW COLUMNS FROM `m_navigation` [ RunTime:0.1050s ]
SQL: SELECT * FROM `m_navigation` WHERE ( parent_id=0 and is_lock=0 ) ORDER BY sort_id asc  [ RunTime:0.0010s ]
SQL: SELECT * FROM `m_navigation` WHERE ( parent_id=90 and is_lock=0 ) ORDER BY sort_id asc  [ RunTime:0.0020s ]
SQL: SELECT * FROM `m_navigation` WHERE ( parent_id=91 and is_lock=0 )  [ RunTime:0.0010s ]
SQL: SELECT * FROM `m_navigation` WHERE ( parent_id=98 and is_lock=0 )  [ RunTime:0.0010s ]
SQL: SELECT * FROM `m_navigation` WHERE ( parent_id=98 and is_lock=0 )  [ RunTime:0.0010s ]
SQL: SELECT * FROM `m_navigation` WHERE ( parent_id=118 and is_lock=0 )  [ RunTime:0.0000s ]
SQL: SELECT * FROM `m_navigation` WHERE ( parent_id=118 and is_lock=0 )  [ RunTime:0.0000s ]
SQL: SELECT * FROM `m_navigation` WHERE ( parent_id=122 and is_lock=0 )  [ RunTime:0.0010s ]
SQL: SELECT * FROM `m_navigation` WHERE ( parent_id=122 and is_lock=0 )  [ RunTime:0.0010s ]
NOTIC: [8] Undefined variable: html D:\wamp\www\hsc_mall\Apps\MomuAdmin\Action\ToolsAction.class.php 第 65 行.
SQL: SELECT * FROM `m_navigation` WHERE ( parent_id=92 and is_lock=0 ) ORDER BY sort_id asc  [ RunTime:0.0000s ]
SQL: SELECT * FROM `m_navigation` WHERE ( parent_id=93 and is_lock=0 )  [ RunTime:0.0000s ]
SQL: SELECT * FROM `m_navigation` WHERE ( parent_id=130 and is_lock=0 )  [ RunTime:0.0000s ]
SQL: SELECT * FROM `m_navigation` WHERE ( parent_id=130 and is_lock=0 )  [ RunTime:0.0010s ]
SQL: SELECT * FROM `m_navigation` WHERE ( parent_id=138 and is_lock=0 )  [ RunTime:0.0010s ]
SQL: SELECT * FROM `m_navigation` WHERE ( parent_id=138 and is_lock=0 )  [ RunTime:0.0010s ]
SQL: SELECT * FROM `m_navigation` WHERE ( parent_id=94 and is_lock=0 ) ORDER BY sort_id asc  [ RunTime:0.0010s ]
SQL: SELECT * FROM `m_navigation` WHERE ( parent_id=95 and is_lock=0 )  [ RunTime:0.0020s ]
SQL: SELECT * FROM `m_navigation` WHERE ( parent_id=134 and is_lock=0 )  [ RunTime:0.0010s ]
SQL: SELECT * FROM `m_navigation` WHERE ( parent_id=134 and is_lock=0 )  [ RunTime:0.0010s ]
SQL: SELECT * FROM `m_navigation` WHERE ( parent_id=96 and is_lock=0 ) ORDER BY sort_id asc  [ RunTime:0.0000s ]
SQL: SELECT * FROM `m_navigation` WHERE ( parent_id=97 and is_lock=0 )  [ RunTime:0.0000s ]
SQL: SELECT * FROM `m_navigation` WHERE ( parent_id=3 and is_lock=0 ) ORDER BY sort_id asc  [ RunTime:0.0000s ]
SQL: SELECT * FROM `m_navigation` WHERE ( parent_id=36 and is_lock=0 )  [ RunTime:0.0010s ]
SQL: SELECT * FROM `m_navigation` WHERE ( parent_id=37 and is_lock=0 )  [ RunTime:0.0010s ]
SQL: SELECT * FROM `m_navigation` WHERE ( parent_id=38 and is_lock=0 )  [ RunTime:0.0000s ]
SQL: SELECT * FROM `m_navigation` WHERE ( parent_id=39 and is_lock=0 )  [ RunTime:0.0000s ]
SQL: SELECT * FROM `m_navigation` WHERE ( parent_id=40 and is_lock=0 )  [ RunTime:0.0010s ]
SQL: SELECT * FROM `m_navigation` WHERE ( parent_id=41 and is_lock=0 )  [ RunTime:0.0010s ]
SQL: SELECT * FROM `m_navigation` WHERE ( parent_id=42 and is_lock=0 )  [ RunTime:0.0000s ]
SQL: SELECT * FROM `m_navigation` WHERE ( parent_id=43 and is_lock=0 )  [ RunTime:0.0000s ]
SQL: SELECT * FROM `m_navigation` WHERE ( parent_id=44 and is_lock=0 )  [ RunTime:0.0010s ]
SQL: SELECT * FROM `m_navigation` WHERE ( parent_id=45 and is_lock=0 )  [ RunTime:0.0000s ]
SQL: SELECT * FROM `m_navigation` WHERE ( parent_id=46 and is_lock=0 )  [ RunTime:0.0000s ]
SQL: SELECT * FROM `m_navigation` WHERE ( parent_id=47 and is_lock=0 )  [ RunTime:0.0000s ]
SQL: SELECT * FROM `m_navigation` WHERE ( parent_id=48 and is_lock=0 )  [ RunTime:0.0010s ]
SQL: SELECT * FROM `m_navigation` WHERE ( parent_id=49 and is_lock=0 )  [ RunTime:0.0000s ]
SQL: SELECT * FROM `m_navigation` WHERE ( parent_id=50 and is_lock=0 )  [ RunTime:0.0010s ]
SQL: SELECT * FROM `m_navigation` WHERE ( parent_id=21 and is_lock=0 ) ORDER BY sort_id asc  [ RunTime:0.0000s ]
SQL: SELECT * FROM `m_navigation` WHERE ( parent_id=28 and is_lock=0 )  [ RunTime:0.0000s ]
SQL: SELECT * FROM `m_navigation` WHERE ( parent_id=35 and is_lock=0 )  [ RunTime:0.0000s ]
SQL: SELECT * FROM `m_navigation` WHERE ( parent_id=29 and is_lock=0 )  [ RunTime:0.0010s ]
SQL: SELECT * FROM `m_navigation` WHERE ( parent_id=30 and is_lock=0 )  [ RunTime:0.0000s ]
SQL: SELECT * FROM `m_navigation` WHERE ( parent_id=31 and is_lock=0 )  [ RunTime:0.0000s ]
SQL: SELECT * FROM `m_navigation` WHERE ( parent_id=32 and is_lock=0 )  [ RunTime:0.0000s ]
SQL: SELECT * FROM `m_navigation` WHERE ( parent_id=4 and is_lock=0 ) ORDER BY sort_id asc  [ RunTime:0.0010s ]
SQL: SELECT * FROM `m_navigation` WHERE ( parent_id=9 and is_lock=0 )  [ RunTime:0.0000s ]
SQL: SELECT * FROM `m_navigation` WHERE ( parent_id=10 and is_lock=0 )  [ RunTime:0.0000s ]
SQL: SELECT * FROM `m_navigation` WHERE ( parent_id=13 and is_lock=0 )  [ RunTime:0.0000s ]
SQL: SELECT * FROM `m_navigation` WHERE ( parent_id=15 and is_lock=0 )  [ RunTime:0.0010s ]
SQL: SELECT * FROM `m_navigation` WHERE ( parent_id=16 and is_lock=0 )  [ RunTime:0.0000s ]
SQL: SELECT * FROM `m_navigation` WHERE ( parent_id=17 and is_lock=0 )  [ RunTime:0.0000s ]
SQL: SELECT * FROM `m_navigation` WHERE ( parent_id=20 and is_lock=0 )  [ RunTime:0.0000s ]
SQL: SELECT * FROM `m_navigation` WHERE ( parent_id=5 and is_lock=0 )  [ RunTime:0.0010s ]
SQL: SELECT * FROM `m_navigation` WHERE ( parent_id=6 and is_lock=0 )  [ RunTime:0.0000s ]
INFO: [ app_end ] --START--
INFO: Run Behavior\ShowPageTraceBehavior [ RunTime:0.001000s ]
INFO: [ app_end ] --END-- [ RunTime:0.001000s ]

[ 2016-10-10T10:24:55+08:00 ] 127.0.0.1 /index.php/MomuAdmin/Order/order_list
INFO: [ app_init ] --START--
INFO: Run Behavior\BuildLiteBehavior [ RunTime:0.000000s ]
INFO: [ app_init ] --END-- [ RunTime:0.001000s ]
INFO: [ app_begin ] --START--
INFO: Run Behavior\ReadHtmlCacheBehavior [ RunTime:0.001000s ]
INFO: [ app_begin ] --END-- [ RunTime:0.001000s ]
NOTIC: [8] Undefined index: recusername D:\wamp\www\hsc_mall\Apps\MomuAdmin\Action\OrderAction.class.php 第 60 行.
NOTIC: [8] Undefined index: recphone D:\wamp\www\hsc_mall\Apps\MomuAdmin\Action\OrderAction.class.php 第 60 行.
NOTIC: [8] Undefined index: recaddress D:\wamp\www\hsc_mall\Apps\MomuAdmin\Action\OrderAction.class.php 第 60 行.
SQL: SHOW COLUMNS FROM `m_message` [ RunTime:0.0360s ]
SQL: SELECT * FROM `m_message`  [ RunTime:0.0000s ]
SQL: SHOW COLUMNS FROM `m_orders` [ RunTime:0.0040s ]
SQL: SELECT COUNT(*) AS tp_count FROM `m_orders` LIMIT 1   [ RunTime:0.0010s ]
SQL: SELECT COUNT(*) AS tp_count FROM `m_orders` WHERE ( isShow=0 ) LIMIT 1   [ RunTime:0.0010s ]
SQL: SELECT COUNT(*) AS tp_count FROM `m_orders` WHERE ( isShow=1 and orderStatus=0 ) LIMIT 1   [ RunTime:0.0000s ]
SQL: SELECT COUNT(*) AS tp_count FROM `m_orders` WHERE ( isShow=1 and orderStatus=1 ) LIMIT 1   [ RunTime:0.0010s ]
SQL: SELECT COUNT(*) AS tp_count FROM `m_orders` WHERE ( isShow=1 and orderStatus=2 ) LIMIT 1   [ RunTime:0.0010s ]
SQL: SELECT COUNT(*) AS tp_count FROM `m_orders` WHERE ( isShow=1 and orderStatus=3 ) LIMIT 1   [ RunTime:0.0010s ]
SQL: SELECT COUNT(*) AS tp_count FROM `m_orders` WHERE ( isShow=1 and orderStatus=5 ) LIMIT 1   [ RunTime:0.0010s ]
SQL: SELECT COUNT(*) AS tp_count FROM `m_orders` WHERE ( isShow=1 and orderStatus=6 ) LIMIT 1   [ RunTime:0.0000s ]
SQL: SELECT COUNT(*) AS tp_count FROM `m_orders` WHERE ( isShow=1 and orderStatus=7 ) LIMIT 1   [ RunTime:0.0010s ]
SQL: SELECT COUNT(*) AS tp_count FROM `m_orders` WHERE ( isShow=1 and orderStatus=8 ) LIMIT 1   [ RunTime:0.0010s ]
SQL: SELECT COUNT(*) AS tp_count FROM `m_orders` WHERE ( isShow=1 and orderStatus=9 ) LIMIT 1   [ RunTime:0.0010s ]
SQL: SELECT COUNT(*) AS tp_count FROM `m_orders` WHERE ( isShow=1 and orderStatus=10 ) LIMIT 1   [ RunTime:0.0010s ]
SQL: SELECT COUNT(*) AS tp_count FROM `m_orders` WHERE ( isShow=1 and orderStatus=11 ) LIMIT 1   [ RunTime:0.0010s ]
SQL: SELECT COUNT(*) AS tp_count FROM `m_orders` WHERE ( isShow=1 and orderStatus=14 ) LIMIT 1   [ RunTime:0.0010s ]
SQL: SELECT COUNT(*) AS tp_count FROM `m_orders` WHERE ( isShow=1 and orderStatus=15 ) LIMIT 1   [ RunTime:0.0010s ]
SQL: SELECT COUNT(*) AS tp_count FROM `m_orders` LIMIT 1   [ RunTime:0.0000s ]
SQL: SHOW COLUMNS FROM `m_orders` [ RunTime:0.0030s ]
NOTIC: [2] implode(): Invalid arguments passed D:\wamp\www\hsc_mall\Apps\MomuAdmin\Model\CommonModel.class.php 第 19 行.
SQL: SELECT * FROM `m_orders` ORDER BY createTime desc LIMIT 0,15   [ RunTime:0.0010s ]
SQL: SHOW COLUMNS FROM `m_order_goods` [ RunTime:0.0020s ]
SQL: SHOW COLUMNS FROM `m_order_goods` [ RunTime:0.0030s ]
NOTIC: [2] implode(): Invalid arguments passed D:\wamp\www\hsc_mall\Apps\MomuAdmin\Model\CommonModel.class.php 第 19 行.
NOTIC: [8] Trying to get property of non-object D:\wamp\www\hsc_mall\Apps\MomuAdmin\Model\CommonModel.class.php 第 31 行.
NOTIC: [8] Trying to get property of non-object D:\wamp\www\hsc_mall\Apps\MomuAdmin\Model\CommonModel.class.php 第 31 行.
SQL: SELECT * FROM `m_order_goods` WHERE `order_id` = 196 ORDER BY id desc  [ RunTime:0.0000s ]
SQL: SHOW COLUMNS FROM `m_userorderlog` [ RunTime:0.0220s ]
SQL: SHOW COLUMNS FROM `m_userorderlog` [ RunTime:0.0030s ]
NOTIC: [2] implode(): Invalid arguments passed D:\wamp\www\hsc_mall\Apps\MomuAdmin\Model\CommonModel.class.php 第 19 行.
NOTIC: [8] Trying to get property of non-object D:\wamp\www\hsc_mall\Apps\MomuAdmin\Model\CommonModel.class.php 第 31 行.
NOTIC: [8] Trying to get property of non-object D:\wamp\www\hsc_mall\Apps\MomuAdmin\Model\CommonModel.class.php 第 31 行.
SQL: SELECT * FROM `m_userorderlog` WHERE `orderId` = 196 ORDER BY id desc  [ RunTime:0.0330s ]
SQL: SHOW COLUMNS FROM `m_users` [ RunTime:0.0030s ]
SQL: SHOW COLUMNS FROM `m_users` [ RunTime:0.0020s ]
NOTIC: [2] implode(): Invalid arguments passed D:\wamp\www\hsc_mall\Apps\MomuAdmin\Model\CommonModel.class.php 第 19 行.
SQL: SELECT * FROM `m_users` WHERE `id` = 1 ORDER BY id desc LIMIT 1   [ RunTime:0.0010s ]
NOTIC: [2] implode(): Invalid arguments passed D:\wamp\www\hsc_mall\Apps\MomuAdmin\Model\CommonModel.class.php 第 19 行.
NOTIC: [8] Trying to get property of non-object D:\wamp\www\hsc_mall\Apps\MomuAdmin\Model\CommonModel.class.php 第 31 行.
NOTIC: [8] Trying to get property of non-object D:\wamp\www\hsc_mall\Apps\MomuAdmin\Model\CommonModel.class.php 第 31 行.
SQL: SELECT * FROM `m_order_goods` WHERE `order_id` = 195 ORDER BY id desc  [ RunTime:0.0000s ]
NOTIC: [2] implode(): Invalid arguments passed D:\wamp\www\hsc_mall\Apps\MomuAdmin\Model\CommonModel.class.php 第 19 行.
NOTIC: [8] Trying to get property of non-object D:\wamp\www\hsc_mall\Apps\MomuAdmin\Model\CommonModel.class.php 第 31 行.
NOTIC: [8] Trying to get property of non-object D:\wamp\www\hsc_mall\Apps\MomuAdmin\Model\CommonModel.class.php 第 31 行.
SQL: SELECT * FROM `m_userorderlog` WHERE `orderId` = 195 ORDER BY id desc  [ RunTime:0.0010s ]
NOTIC: [2] implode(): Invalid arguments passed D:\wamp\www\hsc_mall\Apps\MomuAdmin\Model\CommonModel.class.php 第 19 行.
SQL: SELECT * FROM `m_users` WHERE `id` = 1 ORDER BY id desc LIMIT 1   [ RunTime:0.0010s ]
NOTIC: [2] implode(): Invalid arguments passed D:\wamp\www\hsc_mall\Apps\MomuAdmin\Model\CommonModel.class.php 第 19 行.
NOTIC: [8] Trying to get property of non-object D:\wamp\www\hsc_mall\Apps\MomuAdmin\Model\CommonModel.class.php 第 31 行.
NOTIC: [8] Trying to get property of non-object D:\wamp\www\hsc_mall\Apps\MomuAdmin\Model\CommonModel.class.php 第 31 行.
SQL: SELECT * FROM `m_order_goods` WHERE `order_id` = 194 ORDER BY id desc  [ RunTime:0.0000s ]
NOTIC: [2] implode(): Invalid arguments passed D:\wamp\www\hsc_mall\Apps\MomuAdmin\Model\CommonModel.class.php 第 19 行.
NOTIC: [8] Trying to get property of non-object D:\wamp\www\hsc_mall\Apps\MomuAdmin\Model\CommonModel.class.php 第 31 行.
NOTIC: [8] Trying to get property of non-object D:\wamp\www\hsc_mall\Apps\MomuAdmin\Model\CommonModel.class.php 第 31 行.
SQL: SELECT * FROM `m_userorderlog` WHERE `orderId` = 194 ORDER BY id desc  [ RunTime:0.0010s ]
NOTIC: [2] implode(): Invalid arguments passed D:\wamp\www\hsc_mall\Apps\MomuAdmin\Model\CommonModel.class.php 第 19 行.
SQL: SELECT * FROM `m_users` WHERE `id` = 1 ORDER BY id desc LIMIT 1   [ RunTime:0.0010s ]
NOTIC: [2] implode(): Invalid arguments passed D:\wamp\www\hsc_mall\Apps\MomuAdmin\Model\CommonModel.class.php 第 19 行.
NOTIC: [8] Trying to get property of non-object D:\wamp\www\hsc_mall\Apps\MomuAdmin\Model\CommonModel.class.php 第 31 行.
NOTIC: [8] Trying to get property of non-object D:\wamp\www\hsc_mall\Apps\MomuAdmin\Model\CommonModel.class.php 第 31 行.
SQL: SELECT * FROM `m_order_goods` WHERE `order_id` = 128 ORDER BY id desc  [ RunTime:0.0000s ]
NOTIC: [2] implode(): Invalid arguments passed D:\wamp\www\hsc_mall\Apps\MomuAdmin\Model\CommonModel.class.php 第 19 行.
NOTIC: [8] Trying to get property of non-object D:\wamp\www\hsc_mall\Apps\MomuAdmin\Model\CommonModel.class.php 第 31 行.
NOTIC: [8] Trying to get property of non-object D:\wamp\www\hsc_mall\Apps\MomuAdmin\Model\CommonModel.class.php 第 31 行.
SQL: SELECT * FROM `m_userorderlog` WHERE `orderId` = 128 ORDER BY id desc  [ RunTime:0.0000s ]
NOTIC: [2] implode(): Invalid arguments passed D:\wamp\www\hsc_mall\Apps\MomuAdmin\Model\CommonModel.class.php 第 19 行.
SQL: SELECT * FROM `m_users` WHERE `id` = 1 ORDER BY id desc LIMIT 1   [ RunTime:0.0010s ]
NOTIC: [2] implode(): Invalid arguments passed D:\wamp\www\hsc_mall\Apps\MomuAdmin\Model\CommonModel.class.php 第 19 行.
NOTIC: [8] Trying to get property of non-object D:\wamp\www\hsc_mall\Apps\MomuAdmin\Model\CommonModel.class.php 第 31 行.
NOTIC: [8] Trying to get property of non-object D:\wamp\www\hsc_mall\Apps\MomuAdmin\Model\CommonModel.class.php 第 31 行.
SQL: SELECT * FROM `m_order_goods` WHERE `order_id` = 127 ORDER BY id desc  [ RunTime:0.0000s ]
NOTIC: [2] implode(): Invalid arguments passed D:\wamp\www\hsc_mall\Apps\MomuAdmin\Model\CommonModel.class.php 第 19 行.
NOTIC: [8] Trying to get property of non-object D:\wamp\www\hsc_mall\Apps\MomuAdmin\Model\CommonModel.class.php 第 31 行.
NOTIC: [8] Trying to get property of non-object D:\wamp\www\hsc_mall\Apps\MomuAdmin\Model\CommonModel.class.php 第 31 行.
SQL: SELECT * FROM `m_userorderlog` WHERE `orderId` = 127 ORDER BY id desc  [ RunTime:0.0010s ]
NOTIC: [2] implode(): Invalid arguments passed D:\wamp\www\hsc_mall\Apps\MomuAdmin\Model\CommonModel.class.php 第 19 行.
SQL: SELECT * FROM `m_users` WHERE `id` = 1 ORDER BY id desc LIMIT 1   [ RunTime:0.0010s ]
NOTIC: [2] implode(): Invalid arguments passed D:\wamp\www\hsc_mall\Apps\MomuAdmin\Model\CommonModel.class.php 第 19 行.
NOTIC: [8] Trying to get property of non-object D:\wamp\www\hsc_mall\Apps\MomuAdmin\Model\CommonModel.class.php 第 31 行.
NOTIC: [8] Trying to get property of non-object D:\wamp\www\hsc_mall\Apps\MomuAdmin\Model\CommonModel.class.php 第 31 行.
SQL: SELECT * FROM `m_order_goods` WHERE `order_id` = 126 ORDER BY id desc  [ RunTime:0.0000s ]
NOTIC: [2] implode(): Invalid arguments passed D:\wamp\www\hsc_mall\Apps\MomuAdmin\Model\CommonModel.class.php 第 19 行.
NOTIC: [8] Trying to get property of non-object D:\wamp\www\hsc_mall\Apps\MomuAdmin\Model\CommonModel.class.php 第 31 行.
NOTIC: [8] Trying to get property of non-object D:\wamp\www\hsc_mall\Apps\MomuAdmin\Model\CommonModel.class.php 第 31 行.
SQL: SELECT * FROM `m_userorderlog` WHERE `orderId` = 126 ORDER BY id desc  [ RunTime:0.0010s ]
NOTIC: [2] implode(): Invalid arguments passed D:\wamp\www\hsc_mall\Apps\MomuAdmin\Model\CommonModel.class.php 第 19 行.
SQL: SELECT * FROM `m_users` WHERE `id` = 1 ORDER BY id desc LIMIT 1   [ RunTime:0.0010s ]
NOTIC: [2] implode(): Invalid arguments passed D:\wamp\www\hsc_mall\Apps\MomuAdmin\Model\CommonModel.class.php 第 19 行.
NOTIC: [8] Trying to get property of non-object D:\wamp\www\hsc_mall\Apps\MomuAdmin\Model\CommonModel.class.php 第 31 行.
NOTIC: [8] Trying to get property of non-object D:\wamp\www\hsc_mall\Apps\MomuAdmin\Model\CommonModel.class.php 第 31 行.
SQL: SELECT * FROM `m_order_goods` WHERE `order_id` = 125 ORDER BY id desc  [ RunTime:0.0000s ]
NOTIC: [2] implode(): Invalid arguments passed D:\wamp\www\hsc_mall\Apps\MomuAdmin\Model\CommonModel.class.php 第 19 行.
NOTIC: [8] Trying to get property of non-object D:\wamp\www\hsc_mall\Apps\MomuAdmin\Model\CommonModel.class.php 第 31 行.
NOTIC: [8] Trying to get property of non-object D:\wamp\www\hsc_mall\Apps\MomuAdmin\Model\CommonModel.class.php 第 31 行.
SQL: SELECT * FROM `m_userorderlog` WHERE `orderId` = 125 ORDER BY id desc  [ RunTime:0.0010s ]
NOTIC: [2] implode(): Invalid arguments passed D:\wamp\www\hsc_mall\Apps\MomuAdmin\Model\CommonModel.class.php 第 19 行.
SQL: SELECT * FROM `m_users` WHERE `id` = 1 ORDER BY id desc LIMIT 1   [ RunTime:0.0010s ]
NOTIC: [2] implode(): Invalid arguments passed D:\wamp\www\hsc_mall\Apps\MomuAdmin\Model\CommonModel.class.php 第 19 行.
NOTIC: [8] Trying to get property of non-object D:\wamp\www\hsc_mall\Apps\MomuAdmin\Model\CommonModel.class.php 第 31 行.
NOTIC: [8] Trying to get property of non-object D:\wamp\www\hsc_mall\Apps\MomuAdmin\Model\CommonModel.class.php 第 31 行.
SQL: SELECT * FROM `m_order_goods` WHERE `order_id` = 124 ORDER BY id desc  [ RunTime:0.0010s ]
NOTIC: [2] implode(): Invalid arguments passed D:\wamp\www\hsc_mall\Apps\MomuAdmin\Model\CommonModel.class.php 第 19 行.
NOTIC: [8] Trying to get property of non-object D:\wamp\www\hsc_mall\Apps\MomuAdmin\Model\CommonModel.class.php 第 31 行.
NOTIC: [8] Trying to get property of non-object D:\wamp\www\hsc_mall\Apps\MomuAdmin\Model\CommonModel.class.php 第 31 行.
SQL: SELECT * FROM `m_userorderlog` WHERE `orderId` = 124 ORDER BY id desc  [ RunTime:0.0000s ]
NOTIC: [2] implode(): Invalid arguments passed D:\wamp\www\hsc_mall\Apps\MomuAdmin\Model\CommonModel.class.php 第 19 行.
SQL: SELECT * FROM `m_users` WHERE `id` = 1 ORDER BY id desc LIMIT 1   [ RunTime:0.0010s ]
NOTIC: [2] implode(): Invalid arguments passed D:\wamp\www\hsc_mall\Apps\MomuAdmin\Model\CommonModel.class.php 第 19 行.
NOTIC: [8] Trying to get property of non-object D:\wamp\www\hsc_mall\Apps\MomuAdmin\Model\CommonModel.class.php 第 31 行.
NOTIC: [8] Trying to get property of non-object D:\wamp\www\hsc_mall\Apps\MomuAdmin\Model\CommonModel.class.php 第 31 行.
SQL: SELECT * FROM `m_order_goods` WHERE `order_id` = 123 ORDER BY id desc  [ RunTime:0.0000s ]
NOTIC: [2] implode(): Invalid arguments passed D:\wamp\www\hsc_mall\Apps\MomuAdmin\Model\CommonModel.class.php 第 19 行.
NOTIC: [8] Trying to get property of non-object D:\wamp\www\hsc_mall\Apps\MomuAdmin\Model\CommonModel.class.php 第 31 行.
NOTIC: [8] Trying to get property of non-object D:\wamp\www\hsc_mall\Apps\MomuAdmin\Model\CommonModel.class.php 第 31 行.
SQL: SELECT * FROM `m_userorderlog` WHERE `orderId` = 123 ORDER BY id desc  [ RunTime:0.0010s ]
NOTIC: [2] implode(): Invalid arguments passed D:\wamp\www\hsc_mall\Apps\MomuAdmin\Model\CommonModel.class.php 第 19 行.
SQL: SELECT * FROM `m_users` WHERE `id` = 1 ORDER BY id desc LIMIT 1   [ RunTime:0.0010s ]
NOTIC: [2] implode(): Invalid arguments passed D:\wamp\www\hsc_mall\Apps\MomuAdmin\Model\CommonModel.class.php 第 19 行.
NOTIC: [8] Trying to get property of non-object D:\wamp\www\hsc_mall\Apps\MomuAdmin\Model\CommonModel.class.php 第 31 行.
NOTIC: [8] Trying to get property of non-object D:\wamp\www\hsc_mall\Apps\MomuAdmin\Model\CommonModel.class.php 第 31 行.
SQL: SELECT * FROM `m_order_goods` WHERE `order_id` = 122 ORDER BY id desc  [ RunTime:0.0000s ]
NOTIC: [2] implode(): Invalid arguments passed D:\wamp\www\hsc_mall\Apps\MomuAdmin\Model\CommonModel.class.php 第 19 行.
NOTIC: [8] Trying to get property of non-object D:\wamp\www\hsc_mall\Apps\MomuAdmin\Model\CommonModel.class.php 第 31 行.
NOTIC: [8] Trying to get property of non-object D:\wamp\www\hsc_mall\Apps\MomuAdmin\Model\CommonModel.class.php 第 31 行.
SQL: SELECT * FROM `m_userorderlog` WHERE `orderId` = 122 ORDER BY id desc  [ RunTime:0.0010s ]
NOTIC: [2] implode(): Invalid arguments passed D:\wamp\www\hsc_mall\Apps\MomuAdmin\Model\CommonModel.class.php 第 19 行.
SQL: SELECT * FROM `m_users` WHERE `id` = 1 ORDER BY id desc LIMIT 1   [ RunTime:0.0010s ]
NOTIC: [8] Undefined index: countGoods D:\wamp\www\hsc_mall\Apps\MomuAdmin\Action\OrderAction.class.php 第 180 行.
NOTIC: [8] Undefined index: countGoods D:\wamp\www\hsc_mall\Apps\MomuAdmin\Action\OrderAction.class.php 第 180 行.
NOTIC: [8] Undefined index: countGoods D:\wamp\www\hsc_mall\Apps\MomuAdmin\Action\OrderAction.class.php 第 180 行.
NOTIC: [8] Undefined index: countGoods D:\wamp\www\hsc_mall\Apps\MomuAdmin\Action\OrderAction.class.php 第 180 行.
NOTIC: [8] Undefined index: countGoods D:\wamp\www\hsc_mall\Apps\MomuAdmin\Action\OrderAction.class.php 第 180 行.
NOTIC: [8] Undefined index: countGoods D:\wamp\www\hsc_mall\Apps\MomuAdmin\Action\OrderAction.class.php 第 180 行.
NOTIC: [8] Undefined index: countGoods D:\wamp\www\hsc_mall\Apps\MomuAdmin\Action\OrderAction.class.php 第 180 行.
NOTIC: [8] Undefined index: countGoods D:\wamp\www\hsc_mall\Apps\MomuAdmin\Action\OrderAction.class.php 第 180 行.
NOTIC: [8] Undefined index: countGoods D:\wamp\www\hsc_mall\Apps\MomuAdmin\Action\OrderAction.class.php 第 180 行.
NOTIC: [8] Undefined index: countGoods D:\wamp\www\hsc_mall\Apps\MomuAdmin\Action\OrderAction.class.php 第 180 行.
SQL: SHOW COLUMNS FROM `m_areas` [ RunTime:0.0190s ]
SQL: SELECT * FROM `m_areas` WHERE ( area_type=1 )  [ RunTime:0.0340s ]
SQL: SHOW COLUMNS FROM `m_express` [ RunTime:0.0210s ]
SQL: SELECT * FROM `m_express` WHERE `is_lock` = 0  [ RunTime:0.0010s ]
NOTIC: [8] Undefined variable: s D:\wamp\www\hsc_mall\Apps\MomuAdmin\Action\OrderAction.class.php 第 192 行.
INFO: [ view_parse ] --START--
INFO: [ template_filter ] --START--
INFO: Run Behavior\ContentReplaceBehavior [ RunTime:0.001000s ]
INFO: [ template_filter ] --END-- [ RunTime:0.001000s ]
NOTIC: [8] Undefined index: orderStatus D:\wamp\www\hsc_mall\Apps\Runtime\Cache\MomuAdmin\74d2185249f0bbd8291d9abd783cbe85.php 第 142 行.
NOTIC: [8] Undefined index: orderStatus D:\wamp\www\hsc_mall\Apps\Runtime\Cache\MomuAdmin\74d2185249f0bbd8291d9abd783cbe85.php 第 143 行.
NOTIC: [8] Undefined index: orderStatus D:\wamp\www\hsc_mall\Apps\Runtime\Cache\MomuAdmin\74d2185249f0bbd8291d9abd783cbe85.php 第 144 行.
NOTIC: [8] Undefined index: orderStatus D:\wamp\www\hsc_mall\Apps\Runtime\Cache\MomuAdmin\74d2185249f0bbd8291d9abd783cbe85.php 第 145 行.
NOTIC: [8] Undefined index: orderStatus D:\wamp\www\hsc_mall\Apps\Runtime\Cache\MomuAdmin\74d2185249f0bbd8291d9abd783cbe85.php 第 146 行.
NOTIC: [8] Undefined index: orderStatus D:\wamp\www\hsc_mall\Apps\Runtime\Cache\MomuAdmin\74d2185249f0bbd8291d9abd783cbe85.php 第 147 行.
NOTIC: [8] Undefined index: orderStatus D:\wamp\www\hsc_mall\Apps\Runtime\Cache\MomuAdmin\74d2185249f0bbd8291d9abd783cbe85.php 第 148 行.
NOTIC: [8] Undefined index: orderStatus D:\wamp\www\hsc_mall\Apps\Runtime\Cache\MomuAdmin\74d2185249f0bbd8291d9abd783cbe85.php 第 149 行.
NOTIC: [8] Undefined index: orderStatus D:\wamp\www\hsc_mall\Apps\Runtime\Cache\MomuAdmin\74d2185249f0bbd8291d9abd783cbe85.php 第 150 行.
NOTIC: [8] Undefined index: orderStatus D:\wamp\www\hsc_mall\Apps\Runtime\Cache\MomuAdmin\74d2185249f0bbd8291d9abd783cbe85.php 第 151 行.
NOTIC: [8] Undefined index: orderStatus D:\wamp\www\hsc_mall\Apps\Runtime\Cache\MomuAdmin\74d2185249f0bbd8291d9abd783cbe85.php 第 152 行.
NOTIC: [8] Undefined index: orderStatus D:\wamp\www\hsc_mall\Apps\Runtime\Cache\MomuAdmin\74d2185249f0bbd8291d9abd783cbe85.php 第 153 行.
NOTIC: [8] Undefined index: orderStatus D:\wamp\www\hsc_mall\Apps\Runtime\Cache\MomuAdmin\74d2185249f0bbd8291d9abd783cbe85.php 第 154 行.
NOTIC: [8] Undefined index: orderStatus D:\wamp\www\hsc_mall\Apps\Runtime\Cache\MomuAdmin\74d2185249f0bbd8291d9abd783cbe85.php 第 155 行.
NOTIC: [8] Undefined index: orderStatus D:\wamp\www\hsc_mall\Apps\Runtime\Cache\MomuAdmin\74d2185249f0bbd8291d9abd783cbe85.php 第 156 行.
NOTIC: [8] Undefined index: userName D:\wamp\www\hsc_mall\Apps\Runtime\Cache\MomuAdmin\74d2185249f0bbd8291d9abd783cbe85.php 第 174 行.
NOTIC: [8] Undefined index: mobile D:\wamp\www\hsc_mall\Apps\Runtime\Cache\MomuAdmin\74d2185249f0bbd8291d9abd783cbe85.php 第 175 行.
NOTIC: [8] Undefined index: txtKeywords D:\wamp\www\hsc_mall\Apps\Runtime\Cache\MomuAdmin\74d2185249f0bbd8291d9abd783cbe85.php 第 176 行.
NOTIC: [8] Undefined index: orderId D:\wamp\www\hsc_mall\Apps\Runtime\Cache\MomuAdmin\74d2185249f0bbd8291d9abd783cbe85.php 第 196 行.
NOTIC: [8] Undefined index: goodsStatus D:\wamp\www\hsc_mall\Apps\Runtime\Cache\MomuAdmin\74d2185249f0bbd8291d9abd783cbe85.php 第 219 行.
NOTIC: [8] Undefined index: orderId D:\wamp\www\hsc_mall\Apps\Runtime\Cache\MomuAdmin\74d2185249f0bbd8291d9abd783cbe85.php 第 196 行.
NOTIC: [8] Undefined index: goodsStatus D:\wamp\www\hsc_mall\Apps\Runtime\Cache\MomuAdmin\74d2185249f0bbd8291d9abd783cbe85.php 第 219 行.
NOTIC: [8] Undefined index: orderId D:\wamp\www\hsc_mall\Apps\Runtime\Cache\MomuAdmin\74d2185249f0bbd8291d9abd783cbe85.php 第 196 行.
NOTIC: [8] Undefined index: goodsStatus D:\wamp\www\hsc_mall\Apps\Runtime\Cache\MomuAdmin\74d2185249f0bbd8291d9abd783cbe85.php 第 219 行.
NOTIC: [8] Undefined index: orderId D:\wamp\www\hsc_mall\Apps\Runtime\Cache\MomuAdmin\74d2185249f0bbd8291d9abd783cbe85.php 第 196 行.
NOTIC: [8] Undefined index: goodsStatus D:\wamp\www\hsc_mall\Apps\Runtime\Cache\MomuAdmin\74d2185249f0bbd8291d9abd783cbe85.php 第 219 行.
NOTIC: [8] Undefined index: orderId D:\wamp\www\hsc_mall\Apps\Runtime\Cache\MomuAdmin\74d2185249f0bbd8291d9abd783cbe85.php 第 196 行.
NOTIC: [8] Undefined index: goodsStatus D:\wamp\www\hsc_mall\Apps\Runtime\Cache\MomuAdmin\74d2185249f0bbd8291d9abd783cbe85.php 第 219 行.
NOTIC: [8] Undefined index: orderId D:\wamp\www\hsc_mall\Apps\Runtime\Cache\MomuAdmin\74d2185249f0bbd8291d9abd783cbe85.php 第 196 行.
NOTIC: [8] Undefined index: goodsStatus D:\wamp\www\hsc_mall\Apps\Runtime\Cache\MomuAdmin\74d2185249f0bbd8291d9abd783cbe85.php 第 219 行.
NOTIC: [8] Undefined index: orderId D:\wamp\www\hsc_mall\Apps\Runtime\Cache\MomuAdmin\74d2185249f0bbd8291d9abd783cbe85.php 第 196 行.
NOTIC: [8] Undefined index: goodsStatus D:\wamp\www\hsc_mall\Apps\Runtime\Cache\MomuAdmin\74d2185249f0bbd8291d9abd783cbe85.php 第 219 行.
NOTIC: [8] Undefined index: orderId D:\wamp\www\hsc_mall\Apps\Runtime\Cache\MomuAdmin\74d2185249f0bbd8291d9abd783cbe85.php 第 196 行.
NOTIC: [8] Undefined index: goodsStatus D:\wamp\www\hsc_mall\Apps\Runtime\Cache\MomuAdmin\74d2185249f0bbd8291d9abd783cbe85.php 第 219 行.
NOTIC: [8] Undefined index: orderId D:\wamp\www\hsc_mall\Apps\Runtime\Cache\MomuAdmin\74d2185249f0bbd8291d9abd783cbe85.php 第 196 行.
NOTIC: [8] Undefined index: goodsStatus D:\wamp\www\hsc_mall\Apps\Runtime\Cache\MomuAdmin\74d2185249f0bbd8291d9abd783cbe85.php 第 219 行.
NOTIC: [8] Undefined index: goodsStatus D:\wamp\www\hsc_mall\Apps\Runtime\Cache\MomuAdmin\74d2185249f0bbd8291d9abd783cbe85.php 第 219 行.
NOTIC: [8] Undefined index: orderId D:\wamp\www\hsc_mall\Apps\Runtime\Cache\MomuAdmin\74d2185249f0bbd8291d9abd783cbe85.php 第 196 行.
NOTIC: [8] Undefined index: goodsStatus D:\wamp\www\hsc_mall\Apps\Runtime\Cache\MomuAdmin\74d2185249f0bbd8291d9abd783cbe85.php 第 219 行.
INFO: Run Behavior\ParseTemplateBehavior [ RunTime:0.110006s ]
INFO: [ view_parse ] --END-- [ RunTime:0.110006s ]
INFO: [ view_filter ] --START--
INFO: Run Behavior\WriteHtmlCacheBehavior [ RunTime:0.000000s ]
INFO: [ view_filter ] --END-- [ RunTime:0.001000s ]
INFO: [ app_end ] --START--
INFO: Run Behavior\ShowPageTraceBehavior [ RunTime:0.002000s ]
INFO: [ app_end ] --END-- [ RunTime:0.002000s ]

[ 2016-10-10T10:25:30+08:00 ] 127.0.0.1 /index.php/MomuAdmin/Order/order_list.html
INFO: [ app_init ] --START--
INFO: Run Behavior\BuildLiteBehavior [ RunTime:0.000000s ]
INFO: [ app_init ] --END-- [ RunTime:0.001000s ]
INFO: [ app_begin ] --START--
INFO: Run Behavior\ReadHtmlCacheBehavior [ RunTime:0.000000s ]
INFO: [ app_begin ] --END-- [ RunTime:0.001000s ]
NOTIC: [8] Undefined index: recusername D:\wamp\www\hsc_mall\Apps\MomuAdmin\Action\OrderAction.class.php 第 60 行.
NOTIC: [8] Undefined index: recphone D:\wamp\www\hsc_mall\Apps\MomuAdmin\Action\OrderAction.class.php 第 60 行.
NOTIC: [8] Undefined index: recaddress D:\wamp\www\hsc_mall\Apps\MomuAdmin\Action\OrderAction.class.php 第 60 行.
SQL: SHOW COLUMNS FROM `m_message` [ RunTime:0.0020s ]
SQL: SELECT * FROM `m_message`  [ RunTime:0.0010s ]
SQL: SHOW COLUMNS FROM `m_orders` [ RunTime:0.0040s ]
SQL: SELECT COUNT(*) AS tp_count FROM `m_orders` LIMIT 1   [ RunTime:0.0010s ]
SQL: SELECT COUNT(*) AS tp_count FROM `m_orders` WHERE ( isShow=0 ) LIMIT 1   [ RunTime:0.0010s ]
SQL: SELECT COUNT(*) AS tp_count FROM `m_orders` WHERE ( isShow=1 and orderStatus=0 ) LIMIT 1   [ RunTime:0.0000s ]
SQL: SELECT COUNT(*) AS tp_count FROM `m_orders` WHERE ( isShow=1 and orderStatus=1 ) LIMIT 1   [ RunTime:0.0000s ]
SQL: SELECT COUNT(*) AS tp_count FROM `m_orders` WHERE ( isShow=1 and orderStatus=2 ) LIMIT 1   [ RunTime:0.0000s ]
SQL: SELECT COUNT(*) AS tp_count FROM `m_orders` WHERE ( isShow=1 and orderStatus=3 ) LIMIT 1   [ RunTime:0.0000s ]
SQL: SELECT COUNT(*) AS tp_count FROM `m_orders` WHERE ( isShow=1 and orderStatus=5 ) LIMIT 1   [ RunTime:0.0000s ]
SQL: SELECT COUNT(*) AS tp_count FROM `m_orders` WHERE ( isShow=1 and orderStatus=6 ) LIMIT 1   [ RunTime:0.0010s ]
SQL: SELECT COUNT(*) AS tp_count FROM `m_orders` WHERE ( isShow=1 and orderStatus=7 ) LIMIT 1   [ RunTime:0.0000s ]
SQL: SELECT COUNT(*) AS tp_count FROM `m_orders` WHERE ( isShow=1 and orderStatus=8 ) LIMIT 1   [ RunTime:0.0000s ]
SQL: SELECT COUNT(*) AS tp_count FROM `m_orders` WHERE ( isShow=1 and orderStatus=9 ) LIMIT 1   [ RunTime:0.0000s ]
SQL: SELECT COUNT(*) AS tp_count FROM `m_orders` WHERE ( isShow=1 and orderStatus=10 ) LIMIT 1   [ RunTime:0.0000s ]
SQL: SELECT COUNT(*) AS tp_count FROM `m_orders` WHERE ( isShow=1 and orderStatus=11 ) LIMIT 1   [ RunTime:0.0000s ]
SQL: SELECT COUNT(*) AS tp_count FROM `m_orders` WHERE ( isShow=1 and orderStatus=14 ) LIMIT 1   [ RunTime:0.0010s ]
SQL: SELECT COUNT(*) AS tp_count FROM `m_orders` WHERE ( isShow=1 and orderStatus=15 ) LIMIT 1   [ RunTime:0.0000s ]
SQL: UPDATE `m_orders` SET `isShow`='0' WHERE `orderId` IN ('','','','') [ RunTime:0.0010s ]
INFO: [ view_parse ] --START--
INFO: [ template_filter ] --START--
INFO: Run Behavior\ContentReplaceBehavior [ RunTime:0.000000s ]
INFO: [ template_filter ] --END-- [ RunTime:0.001000s ]
INFO: Run Behavior\ParseTemplateBehavior [ RunTime:0.034002s ]
INFO: [ view_parse ] --END-- [ RunTime:0.035002s ]
INFO: [ view_filter ] --START--
INFO: Run Behavior\WriteHtmlCacheBehavior [ RunTime:0.000000s ]
INFO: [ view_filter ] --END-- [ RunTime:0.000000s ]

[ 2016-10-10T10:25:31+08:00 ] 127.0.0.1 /index.php/MomuAdmin/Order/order_list.html
INFO: [ app_init ] --START--
INFO: Run Behavior\BuildLiteBehavior [ RunTime:0.000000s ]
INFO: [ app_init ] --END-- [ RunTime:0.000000s ]
INFO: [ app_begin ] --START--
INFO: Run Behavior\ReadHtmlCacheBehavior [ RunTime:0.000000s ]
INFO: [ app_begin ] --END-- [ RunTime:0.000000s ]
NOTIC: [8] Undefined index: recusername D:\wamp\www\hsc_mall\Apps\MomuAdmin\Action\OrderAction.class.php 第 60 行.
NOTIC: [8] Undefined index: recphone D:\wamp\www\hsc_mall\Apps\MomuAdmin\Action\OrderAction.class.php 第 60 行.
NOTIC: [8] Undefined index: recaddress D:\wamp\www\hsc_mall\Apps\MomuAdmin\Action\OrderAction.class.php 第 60 行.
SQL: SHOW COLUMNS FROM `m_message` [ RunTime:0.0020s ]
SQL: SELECT * FROM `m_message`  [ RunTime:0.0010s ]
SQL: SHOW COLUMNS FROM `m_orders` [ RunTime:0.0020s ]
SQL: SELECT COUNT(*) AS tp_count FROM `m_orders` LIMIT 1   [ RunTime:0.0000s ]
SQL: SELECT COUNT(*) AS tp_count FROM `m_orders` WHERE ( isShow=0 ) LIMIT 1   [ RunTime:0.0010s ]
SQL: SELECT COUNT(*) AS tp_count FROM `m_orders` WHERE ( isShow=1 and orderStatus=0 ) LIMIT 1   [ RunTime:0.0000s ]
SQL: SELECT COUNT(*) AS tp_count FROM `m_orders` WHERE ( isShow=1 and orderStatus=1 ) LIMIT 1   [ RunTime:0.0000s ]
SQL: SELECT COUNT(*) AS tp_count FROM `m_orders` WHERE ( isShow=1 and orderStatus=2 ) LIMIT 1   [ RunTime:0.0010s ]
SQL: SELECT COUNT(*) AS tp_count FROM `m_orders` WHERE ( isShow=1 and orderStatus=3 ) LIMIT 1   [ RunTime:0.0000s ]
SQL: SELECT COUNT(*) AS tp_count FROM `m_orders` WHERE ( isShow=1 and orderStatus=5 ) LIMIT 1   [ RunTime:0.0000s ]
SQL: SELECT COUNT(*) AS tp_count FROM `m_orders` WHERE ( isShow=1 and orderStatus=6 ) LIMIT 1   [ RunTime:0.0000s ]
SQL: SELECT COUNT(*) AS tp_count FROM `m_orders` WHERE ( isShow=1 and orderStatus=7 ) LIMIT 1   [ RunTime:0.0000s ]
SQL: SELECT COUNT(*) AS tp_count FROM `m_orders` WHERE ( isShow=1 and orderStatus=8 ) LIMIT 1   [ RunTime:0.0000s ]
SQL: SELECT COUNT(*) AS tp_count FROM `m_orders` WHERE ( isShow=1 and orderStatus=9 ) LIMIT 1   [ RunTime:0.0000s ]
SQL: SELECT COUNT(*) AS tp_count FROM `m_orders` WHERE ( isShow=1 and orderStatus=10 ) LIMIT 1   [ RunTime:0.0010s ]
SQL: SELECT COUNT(*) AS tp_count FROM `m_orders` WHERE ( isShow=1 and orderStatus=11 ) LIMIT 1   [ RunTime:0.0000s ]
SQL: SELECT COUNT(*) AS tp_count FROM `m_orders` WHERE ( isShow=1 and orderStatus=14 ) LIMIT 1   [ RunTime:0.0000s ]
SQL: SELECT COUNT(*) AS tp_count FROM `m_orders` WHERE ( isShow=1 and orderStatus=15 ) LIMIT 1   [ RunTime:0.0000s ]
SQL: SELECT COUNT(*) AS tp_count FROM `m_orders` LIMIT 1   [ RunTime:0.0000s ]
SQL: SHOW COLUMNS FROM `m_orders` [ RunTime:0.0020s ]
NOTIC: [2] implode(): Invalid arguments passed D:\wamp\www\hsc_mall\Apps\MomuAdmin\Model\CommonModel.class.php 第 19 行.
SQL: SELECT * FROM `m_orders` ORDER BY createTime desc LIMIT 0,15   [ RunTime:0.0010s ]
SQL: SHOW COLUMNS FROM `m_order_goods` [ RunTime:0.0020s ]
SQL: SHOW COLUMNS FROM `m_order_goods` [ RunTime:0.0020s ]
NOTIC: [2] implode(): Invalid arguments passed D:\wamp\www\hsc_mall\Apps\MomuAdmin\Model\CommonModel.class.php 第 19 行.
NOTIC: [8] Trying to get property of non-object D:\wamp\www\hsc_mall\Apps\MomuAdmin\Model\CommonModel.class.php 第 31 行.
NOTIC: [8] Trying to get property of non-object D:\wamp\www\hsc_mall\Apps\MomuAdmin\Model\CommonModel.class.php 第 31 行.
SQL: SELECT * FROM `m_order_goods` WHERE `order_id` = 196 ORDER BY id desc  [ RunTime:0.0000s ]
SQL: SHOW COLUMNS FROM `m_userorderlog` [ RunTime:0.0020s ]
SQL: SHOW COLUMNS FROM `m_userorderlog` [ RunTime:0.0020s ]
NOTIC: [2] implode(): Invalid arguments passed D:\wamp\www\hsc_mall\Apps\MomuAdmin\Model\CommonModel.class.php 第 19 行.
NOTIC: [8] Trying to get property of non-object D:\wamp\www\hsc_mall\Apps\MomuAdmin\Model\CommonModel.class.php 第 31 行.
NOTIC: [8] Trying to get property of non-object D:\wamp\www\hsc_mall\Apps\MomuAdmin\Model\CommonModel.class.php 第 31 行.
SQL: SELECT * FROM `m_userorderlog` WHERE `orderId` = 196 ORDER BY id desc  [ RunTime:0.0010s ]
SQL: SHOW COLUMNS FROM `m_users` [ RunTime:0.0010s ]
SQL: SHOW COLUMNS FROM `m_users` [ RunTime:0.0020s ]
NOTIC: [2] implode(): Invalid arguments passed D:\wamp\www\hsc_mall\Apps\MomuAdmin\Model\CommonModel.class.php 第 19 行.
SQL: SELECT * FROM `m_users` WHERE `id` = 1 ORDER BY id desc LIMIT 1   [ RunTime:0.0000s ]
NOTIC: [2] implode(): Invalid arguments passed D:\wamp\www\hsc_mall\Apps\MomuAdmin\Model\CommonModel.class.php 第 19 行.
NOTIC: [8] Trying to get property of non-object D:\wamp\www\hsc_mall\Apps\MomuAdmin\Model\CommonModel.class.php 第 31 行.
NOTIC: [8] Trying to get property of non-object D:\wamp\www\hsc_mall\Apps\MomuAdmin\Model\CommonModel.class.php 第 31 行.
SQL: SELECT * FROM `m_order_goods` WHERE `order_id` = 195 ORDER BY id desc  [ RunTime:0.0010s ]
NOTIC: [2] implode(): Invalid arguments passed D:\wamp\www\hsc_mall\Apps\MomuAdmin\Model\CommonModel.class.php 第 19 行.
NOTIC: [8] Trying to get property of non-object D:\wamp\www\hsc_mall\Apps\MomuAdmin\Model\CommonModel.class.php 第 31 行.
NOTIC: [8] Trying to get property of non-object D:\wamp\www\hsc_mall\Apps\MomuAdmin\Model\CommonModel.class.php 第 31 行.
SQL: SELECT * FROM `m_userorderlog` WHERE `orderId` = 195 ORDER BY id desc  [ RunTime:0.0000s ]
NOTIC: [2] implode(): Invalid arguments passed D:\wamp\www\hsc_mall\Apps\MomuAdmin\Model\CommonModel.class.php 第 19 行.
SQL: SELECT * FROM `m_users` WHERE `id` = 1 ORDER BY id desc LIMIT 1   [ RunTime:0.0000s ]
NOTIC: [2] implode(): Invalid arguments passed D:\wamp\www\hsc_mall\Apps\MomuAdmin\Model\CommonModel.class.php 第 19 行.
NOTIC: [8] Trying to get property of non-object D:\wamp\www\hsc_mall\Apps\MomuAdmin\Model\CommonModel.class.php 第 31 行.
NOTIC: [8] Trying to get property of non-object D:\wamp\www\hsc_mall\Apps\MomuAdmin\Model\CommonModel.class.php 第 31 行.
SQL: SELECT * FROM `m_order_goods` WHERE `order_id` = 194 ORDER BY id desc  [ RunTime:0.0000s ]
NOTIC: [2] implode(): Invalid arguments passed D:\wamp\www\hsc_mall\Apps\MomuAdmin\Model\CommonModel.class.php 第 19 行.
NOTIC: [8] Trying to get property of non-object D:\wamp\www\hsc_mall\Apps\MomuAdmin\Model\CommonModel.class.php 第 31 行.
NOTIC: [8] Trying to get property of non-object D:\wamp\www\hsc_mall\Apps\MomuAdmin\Model\CommonModel.class.php 第 31 行.
SQL: SELECT * FROM `m_userorderlog` WHERE `orderId` = 194 ORDER BY id desc  [ RunTime:0.0000s ]
NOTIC: [2] implode(): Invalid arguments passed D:\wamp\www\hsc_mall\Apps\MomuAdmin\Model\CommonModel.class.php 第 19 行.
SQL: SELECT * FROM `m_users` WHERE `id` = 1 ORDER BY id desc LIMIT 1   [ RunTime:0.0000s ]
NOTIC: [2] implode(): Invalid arguments passed D:\wamp\www\hsc_mall\Apps\MomuAdmin\Model\CommonModel.class.php 第 19 行.
NOTIC: [8] Trying to get property of non-object D:\wamp\www\hsc_mall\Apps\MomuAdmin\Model\CommonModel.class.php 第 31 行.
NOTIC: [8] Trying to get property of non-object D:\wamp\www\hsc_mall\Apps\MomuAdmin\Model\CommonModel.class.php 第 31 行.
SQL: SELECT * FROM `m_order_goods` WHERE `order_id` = 128 ORDER BY id desc  [ RunTime:0.0000s ]
NOTIC: [2] implode(): Invalid arguments passed D:\wamp\www\hsc_mall\Apps\MomuAdmin\Model\CommonModel.class.php 第 19 行.
NOTIC: [8] Trying to get property of non-object D:\wamp\www\hsc_mall\Apps\MomuAdmin\Model\CommonModel.class.php 第 31 行.
NOTIC: [8] Trying to get property of non-object D:\wamp\www\hsc_mall\Apps\MomuAdmin\Model\CommonModel.class.php 第 31 行.
SQL: SELECT * FROM `m_userorderlog` WHERE `orderId` = 128 ORDER BY id desc  [ RunTime:0.0000s ]
NOTIC: [2] implode(): Invalid arguments passed D:\wamp\www\hsc_mall\Apps\MomuAdmin\Model\CommonModel.class.php 第 19 行.
SQL: SELECT * FROM `m_users` WHERE `id` = 1 ORDER BY id desc LIMIT 1   [ RunTime:0.0010s ]
NOTIC: [2] implode(): Invalid arguments passed D:\wamp\www\hsc_mall\Apps\MomuAdmin\Model\CommonModel.class.php 第 19 行.
NOTIC: [8] Trying to get property of non-object D:\wamp\www\hsc_mall\Apps\MomuAdmin\Model\CommonModel.class.php 第 31 行.
NOTIC: [8] Trying to get property of non-object D:\wamp\www\hsc_mall\Apps\MomuAdmin\Model\CommonModel.class.php 第 31 行.
SQL: SELECT * FROM `m_order_goods` WHERE `order_id` = 127 ORDER BY id desc  [ RunTime:0.0010s ]
NOTIC: [2] implode(): Invalid arguments passed D:\wamp\www\hsc_mall\Apps\MomuAdmin\Model\CommonModel.class.php 第 19 行.
NOTIC: [8] Trying to get property of non-object D:\wamp\www\hsc_mall\Apps\MomuAdmin\Model\CommonModel.class.php 第 31 行.
NOTIC: [8] Trying to get property of non-object D:\wamp\www\hsc_mall\Apps\MomuAdmin\Model\CommonModel.class.php 第 31 行.
SQL: SELECT * FROM `m_userorderlog` WHERE `orderId` = 127 ORDER BY id desc  [ RunTime:0.0000s ]
NOTIC: [2] implode(): Invalid arguments passed D:\wamp\www\hsc_mall\Apps\MomuAdmin\Model\CommonModel.class.php 第 19 行.
SQL: SELECT * FROM `m_users` WHERE `id` = 1 ORDER BY id desc LIMIT 1   [ RunTime:0.0000s ]
NOTIC: [2] implode(): Invalid arguments passed D:\wamp\www\hsc_mall\Apps\MomuAdmin\Model\CommonModel.class.php 第 19 行.
NOTIC: [8] Trying to get property of non-object D:\wamp\www\hsc_mall\Apps\MomuAdmin\Model\CommonModel.class.php 第 31 行.
NOTIC: [8] Trying to get property of non-object D:\wamp\www\hsc_mall\Apps\MomuAdmin\Model\CommonModel.class.php 第 31 行.
SQL: SELECT * FROM `m_order_goods` WHERE `order_id` = 126 ORDER BY id desc  [ RunTime:0.0000s ]
NOTIC: [2] implode(): Invalid arguments passed D:\wamp\www\hsc_mall\Apps\MomuAdmin\Model\CommonModel.class.php 第 19 行.
NOTIC: [8] Trying to get property of non-object D:\wamp\www\hsc_mall\Apps\MomuAdmin\Model\CommonModel.class.php 第 31 行.
NOTIC: [8] Trying to get property of non-object D:\wamp\www\hsc_mall\Apps\MomuAdmin\Model\CommonModel.class.php 第 31 行.
SQL: SELECT * FROM `m_userorderlog` WHERE `orderId` = 126 ORDER BY id desc  [ RunTime:0.0010s ]
NOTIC: [2] implode(): Invalid arguments passed D:\wamp\www\hsc_mall\Apps\MomuAdmin\Model\CommonModel.class.php 第 19 行.
SQL: SELECT * FROM `m_users` WHERE `id` = 1 ORDER BY id desc LIMIT 1   [ RunTime:0.0000s ]
NOTIC: [2] implode(): Invalid arguments passed D:\wamp\www\hsc_mall\Apps\MomuAdmin\Model\CommonModel.class.php 第 19 行.
NOTIC: [8] Trying to get property of non-object D:\wamp\www\hsc_mall\Apps\MomuAdmin\Model\CommonModel.class.php 第 31 行.
NOTIC: [8] Trying to get property of non-object D:\wamp\www\hsc_mall\Apps\MomuAdmin\Model\CommonModel.class.php 第 31 行.
SQL: SELECT * FROM `m_order_goods` WHERE `order_id` = 125 ORDER BY id desc  [ RunTime:0.0010s ]
NOTIC: [2] implode(): Invalid arguments passed D:\wamp\www\hsc_mall\Apps\MomuAdmin\Model\CommonModel.class.php 第 19 行.
NOTIC: [8] Trying to get property of non-object D:\wamp\www\hsc_mall\Apps\MomuAdmin\Model\CommonModel.class.php 第 31 行.
NOTIC: [8] Trying to get property of non-object D:\wamp\www\hsc_mall\Apps\MomuAdmin\Model\CommonModel.class.php 第 31 行.
SQL: SELECT * FROM `m_userorderlog` WHERE `orderId` = 125 ORDER BY id desc  [ RunTime:0.0010s ]
NOTIC: [2] implode(): Invalid arguments passed D:\wamp\www\hsc_mall\Apps\MomuAdmin\Model\CommonModel.class.php 第 19 行.
SQL: SELECT * FROM `m_users` WHERE `id` = 1 ORDER BY id desc LIMIT 1   [ RunTime:0.0010s ]
NOTIC: [2] implode(): Invalid arguments passed D:\wamp\www\hsc_mall\Apps\MomuAdmin\Model\CommonModel.class.php 第 19 行.
NOTIC: [8] Trying to get property of non-object D:\wamp\www\hsc_mall\Apps\MomuAdmin\Model\CommonModel.class.php 第 31 行.
NOTIC: [8] Trying to get property of non-object D:\wamp\www\hsc_mall\Apps\MomuAdmin\Model\CommonModel.class.php 第 31 行.
SQL: SELECT * FROM `m_order_goods` WHERE `order_id` = 124 ORDER BY id desc  [ RunTime:0.0010s ]
NOTIC: [2] implode(): Invalid arguments passed D:\wamp\www\hsc_mall\Apps\MomuAdmin\Model\CommonModel.class.php 第 19 行.
NOTIC: [8] Trying to get property of non-object D:\wamp\www\hsc_mall\Apps\MomuAdmin\Model\CommonModel.class.php 第 31 行.
NOTIC: [8] Trying to get property of non-object D:\wamp\www\hsc_mall\Apps\MomuAdmin\Model\CommonModel.class.php 第 31 行.
SQL: SELECT * FROM `m_userorderlog` WHERE `orderId` = 124 ORDER BY id desc  [ RunTime:0.0000s ]
NOTIC: [2] implode(): Invalid arguments passed D:\wamp\www\hsc_mall\Apps\MomuAdmin\Model\CommonModel.class.php 第 19 行.
SQL: SELECT * FROM `m_users` WHERE `id` = 1 ORDER BY id desc LIMIT 1   [ RunTime:0.0000s ]
NOTIC: [2] implode(): Invalid arguments passed D:\wamp\www\hsc_mall\Apps\MomuAdmin\Model\CommonModel.class.php 第 19 行.
NOTIC: [8] Trying to get property of non-object D:\wamp\www\hsc_mall\Apps\MomuAdmin\Model\CommonModel.class.php 第 31 行.
NOTIC: [8] Trying to get property of non-object D:\wamp\www\hsc_mall\Apps\MomuAdmin\Model\CommonModel.class.php 第 31 行.
SQL: SELECT * FROM `m_order_goods` WHERE `order_id` = 123 ORDER BY id desc  [ RunTime:0.0000s ]
NOTIC: [2] implode(): Invalid arguments passed D:\wamp\www\hsc_mall\Apps\MomuAdmin\Model\CommonModel.class.php 第 19 行.
NOTIC: [8] Trying to get property of non-object D:\wamp\www\hsc_mall\Apps\MomuAdmin\Model\CommonModel.class.php 第 31 行.
NOTIC: [8] Trying to get property of non-object D:\wamp\www\hsc_mall\Apps\MomuAdmin\Model\CommonModel.class.php 第 31 行.
SQL: SELECT * FROM `m_userorderlog` WHERE `orderId` = 123 ORDER BY id desc  [ RunTime:0.0010s ]
NOTIC: [2] implode(): Invalid arguments passed D:\wamp\www\hsc_mall\Apps\MomuAdmin\Model\CommonModel.class.php 第 19 行.
SQL: SELECT * FROM `m_users` WHERE `id` = 1 ORDER BY id desc LIMIT 1   [ RunTime:0.0010s ]
NOTIC: [2] implode(): Invalid arguments passed D:\wamp\www\hsc_mall\Apps\MomuAdmin\Model\CommonModel.class.php 第 19 行.
NOTIC: [8] Trying to get property of non-object D:\wamp\www\hsc_mall\Apps\MomuAdmin\Model\CommonModel.class.php 第 31 行.
NOTIC: [8] Trying to get property of non-object D:\wamp\www\hsc_mall\Apps\MomuAdmin\Model\CommonModel.class.php 第 31 行.
SQL: SELECT * FROM `m_order_goods` WHERE `order_id` = 122 ORDER BY id desc  [ RunTime:0.0010s ]
NOTIC: [2] implode(): Invalid arguments passed D:\wamp\www\hsc_mall\Apps\MomuAdmin\Model\CommonModel.class.php 第 19 行.
NOTIC: [8] Trying to get property of non-object D:\wamp\www\hsc_mall\Apps\MomuAdmin\Model\CommonModel.class.php 第 31 行.
NOTIC: [8] Trying to get property of non-object D:\wamp\www\hsc_mall\Apps\MomuAdmin\Model\CommonModel.class.php 第 31 行.
SQL: SELECT * FROM `m_userorderlog` WHERE `orderId` = 122 ORDER BY id desc  [ RunTime:0.0010s ]
NOTIC: [2] implode(): Invalid arguments passed D:\wamp\www\hsc_mall\Apps\MomuAdmin\Model\CommonModel.class.php 第 19 行.
SQL: SELECT * FROM `m_users` WHERE `id` = 1 ORDER BY id desc LIMIT 1   [ RunTime:0.0000s ]
NOTIC: [8] Undefined index: countGoods D:\wamp\www\hsc_mall\Apps\MomuAdmin\Action\OrderAction.class.php 第 180 行.
NOTIC: [8] Undefined index: countGoods D:\wamp\www\hsc_mall\Apps\MomuAdmin\Action\OrderAction.class.php 第 180 行.
NOTIC: [8] Undefined index: countGoods D:\wamp\www\hsc_mall\Apps\MomuAdmin\Action\OrderAction.class.php 第 180 行.
NOTIC: [8] Undefined index: countGoods D:\wamp\www\hsc_mall\Apps\MomuAdmin\Action\OrderAction.class.php 第 180 行.
NOTIC: [8] Undefined index: countGoods D:\wamp\www\hsc_mall\Apps\MomuAdmin\Action\OrderAction.class.php 第 180 行.
NOTIC: [8] Undefined index: countGoods D:\wamp\www\hsc_mall\Apps\MomuAdmin\Action\OrderAction.class.php 第 180 行.
NOTIC: [8] Undefined index: countGoods D:\wamp\www\hsc_mall\Apps\MomuAdmin\Action\OrderAction.class.php 第 180 行.
NOTIC: [8] Undefined index: countGoods D:\wamp\www\hsc_mall\Apps\MomuAdmin\Action\OrderAction.class.php 第 180 行.
NOTIC: [8] Undefined index: countGoods D:\wamp\www\hsc_mall\Apps\MomuAdmin\Action\OrderAction.class.php 第 180 行.
NOTIC: [8] Undefined index: countGoods D:\wamp\www\hsc_mall\Apps\MomuAdmin\Action\OrderAction.class.php 第 180 行.
SQL: SHOW COLUMNS FROM `m_areas` [ RunTime:0.0020s ]
SQL: SELECT * FROM `m_areas` WHERE ( area_type=1 )  [ RunTime:0.0000s ]
SQL: SHOW COLUMNS FROM `m_express` [ RunTime:0.0010s ]
SQL: SELECT * FROM `m_express` WHERE `is_lock` = 0  [ RunTime:0.0000s ]
NOTIC: [8] Undefined variable: s D:\wamp\www\hsc_mall\Apps\MomuAdmin\Action\OrderAction.class.php 第 192 行.
INFO: [ view_parse ] --START--
INFO: [ template_filter ] --START--
INFO: Run Behavior\ContentReplaceBehavior [ RunTime:0.001000s ]
INFO: [ template_filter ] --END-- [ RunTime:0.001000s ]
NOTIC: [8] Undefined index: orderStatus D:\wamp\www\hsc_mall\Apps\Runtime\Cache\MomuAdmin\74d2185249f0bbd8291d9abd783cbe85.php 第 142 行.
NOTIC: [8] Undefined index: orderStatus D:\wamp\www\hsc_mall\Apps\Runtime\Cache\MomuAdmin\74d2185249f0bbd8291d9abd783cbe85.php 第 143 行.
NOTIC: [8] Undefined index: orderStatus D:\wamp\www\hsc_mall\Apps\Runtime\Cache\MomuAdmin\74d2185249f0bbd8291d9abd783cbe85.php 第 144 行.
NOTIC: [8] Undefined index: orderStatus D:\wamp\www\hsc_mall\Apps\Runtime\Cache\MomuAdmin\74d2185249f0bbd8291d9abd783cbe85.php 第 145 行.
NOTIC: [8] Undefined index: orderStatus D:\wamp\www\hsc_mall\Apps\Runtime\Cache\MomuAdmin\74d2185249f0bbd8291d9abd783cbe85.php 第 146 行.
NOTIC: [8] Undefined index: orderStatus D:\wamp\www\hsc_mall\Apps\Runtime\Cache\MomuAdmin\74d2185249f0bbd8291d9abd783cbe85.php 第 147 行.
NOTIC: [8] Undefined index: orderStatus D:\wamp\www\hsc_mall\Apps\Runtime\Cache\MomuAdmin\74d2185249f0bbd8291d9abd783cbe85.php 第 148 行.
NOTIC: [8] Undefined index: orderStatus D:\wamp\www\hsc_mall\Apps\Runtime\Cache\MomuAdmin\74d2185249f0bbd8291d9abd783cbe85.php 第 149 行.
NOTIC: [8] Undefined index: orderStatus D:\wamp\www\hsc_mall\Apps\Runtime\Cache\MomuAdmin\74d2185249f0bbd8291d9abd783cbe85.php 第 150 行.
NOTIC: [8] Undefined index: orderStatus D:\wamp\www\hsc_mall\Apps\Runtime\Cache\MomuAdmin\74d2185249f0bbd8291d9abd783cbe85.php 第 151 行.
NOTIC: [8] Undefined index: orderStatus D:\wamp\www\hsc_mall\Apps\Runtime\Cache\MomuAdmin\74d2185249f0bbd8291d9abd783cbe85.php 第 152 行.
NOTIC: [8] Undefined index: orderStatus D:\wamp\www\hsc_mall\Apps\Runtime\Cache\MomuAdmin\74d2185249f0bbd8291d9abd783cbe85.php 第 153 行.
NOTIC: [8] Undefined index: orderStatus D:\wamp\www\hsc_mall\Apps\Runtime\Cache\MomuAdmin\74d2185249f0bbd8291d9abd783cbe85.php 第 154 行.
NOTIC: [8] Undefined index: orderStatus D:\wamp\www\hsc_mall\Apps\Runtime\Cache\MomuAdmin\74d2185249f0bbd8291d9abd783cbe85.php 第 155 行.
NOTIC: [8] Undefined index: orderStatus D:\wamp\www\hsc_mall\Apps\Runtime\Cache\MomuAdmin\74d2185249f0bbd8291d9abd783cbe85.php 第 156 行.
NOTIC: [8] Undefined index: userName D:\wamp\www\hsc_mall\Apps\Runtime\Cache\MomuAdmin\74d2185249f0bbd8291d9abd783cbe85.php 第 174 行.
NOTIC: [8] Undefined index: mobile D:\wamp\www\hsc_mall\Apps\Runtime\Cache\MomuAdmin\74d2185249f0bbd8291d9abd783cbe85.php 第 175 行.
NOTIC: [8] Undefined index: txtKeywords D:\wamp\www\hsc_mall\Apps\Runtime\Cache\MomuAdmin\74d2185249f0bbd8291d9abd783cbe85.php 第 176 行.
NOTIC: [8] Undefined index: orderId D:\wamp\www\hsc_mall\Apps\Runtime\Cache\MomuAdmin\74d2185249f0bbd8291d9abd783cbe85.php 第 196 行.
NOTIC: [8] Undefined index: goodsStatus D:\wamp\www\hsc_mall\Apps\Runtime\Cache\MomuAdmin\74d2185249f0bbd8291d9abd783cbe85.php 第 219 行.
NOTIC: [8] Undefined index: orderId D:\wamp\www\hsc_mall\Apps\Runtime\Cache\MomuAdmin\74d2185249f0bbd8291d9abd783cbe85.php 第 196 行.
NOTIC: [8] Undefined index: goodsStatus D:\wamp\www\hsc_mall\Apps\Runtime\Cache\MomuAdmin\74d2185249f0bbd8291d9abd783cbe85.php 第 219 行.
NOTIC: [8] Undefined index: orderId D:\wamp\www\hsc_mall\Apps\Runtime\Cache\MomuAdmin\74d2185249f0bbd8291d9abd783cbe85.php 第 196 行.
NOTIC: [8] Undefined index: goodsStatus D:\wamp\www\hsc_mall\Apps\Runtime\Cache\MomuAdmin\74d2185249f0bbd8291d9abd783cbe85.php 第 219 行.
NOTIC: [8] Undefined index: orderId D:\wamp\www\hsc_mall\Apps\Runtime\Cache\MomuAdmin\74d2185249f0bbd8291d9abd783cbe85.php 第 196 行.
NOTIC: [8] Undefined index: goodsStatus D:\wamp\www\hsc_mall\Apps\Runtime\Cache\MomuAdmin\74d2185249f0bbd8291d9abd783cbe85.php 第 219 行.
NOTIC: [8] Undefined index: orderId D:\wamp\www\hsc_mall\Apps\Runtime\Cache\MomuAdmin\74d2185249f0bbd8291d9abd783cbe85.php 第 196 行.
NOTIC: [8] Undefined index: goodsStatus D:\wamp\www\hsc_mall\Apps\Runtime\Cache\MomuAdmin\74d2185249f0bbd8291d9abd783cbe85.php 第 219 行.
NOTIC: [8] Undefined index: orderId D:\wamp\www\hsc_mall\Apps\Runtime\Cache\MomuAdmin\74d2185249f0bbd8291d9abd783cbe85.php 第 196 行.
NOTIC: [8] Undefined index: goodsStatus D:\wamp\www\hsc_mall\Apps\Runtime\Cache\MomuAdmin\74d2185249f0bbd8291d9abd783cbe85.php 第 219 行.
NOTIC: [8] Undefined index: orderId D:\wamp\www\hsc_mall\Apps\Runtime\Cache\MomuAdmin\74d2185249f0bbd8291d9abd783cbe85.php 第 196 行.
NOTIC: [8] Undefined index: goodsStatus D:\wamp\www\hsc_mall\Apps\Runtime\Cache\MomuAdmin\74d2185249f0bbd8291d9abd783cbe85.php 第 219 行.
NOTIC: [8] Undefined index: orderId D:\wamp\www\hsc_mall\Apps\Runtime\Cache\MomuAdmin\74d2185249f0bbd8291d9abd783cbe85.php 第 196 行.
NOTIC: [8] Undefined index: goodsStatus D:\wamp\www\hsc_mall\Apps\Runtime\Cache\MomuAdmin\74d2185249f0bbd8291d9abd783cbe85.php 第 219 行.
NOTIC: [8] Undefined index: orderId D:\wamp\www\hsc_mall\Apps\Runtime\Cache\MomuAdmin\74d2185249f0bbd8291d9abd783cbe85.php 第 196 行.
NOTIC: [8] Undefined index: goodsStatus D:\wamp\www\hsc_mall\Apps\Runtime\Cache\MomuAdmin\74d2185249f0bbd8291d9abd783cbe85.php 第 219 行.
NOTIC: [8] Undefined index: goodsStatus D:\wamp\www\hsc_mall\Apps\Runtime\Cache\MomuAdmin\74d2185249f0bbd8291d9abd783cbe85.php 第 219 行.
NOTIC: [8] Undefined index: orderId D:\wamp\www\hsc_mall\Apps\Runtime\Cache\MomuAdmin\74d2185249f0bbd8291d9abd783cbe85.php 第 196 行.
NOTIC: [8] Undefined index: goodsStatus D:\wamp\www\hsc_mall\Apps\Runtime\Cache\MomuAdmin\74d2185249f0bbd8291d9abd783cbe85.php 第 219 行.
INFO: Run Behavior\ParseTemplateBehavior [ RunTime:0.053003s ]
INFO: [ view_parse ] --END-- [ RunTime:0.053003s ]
INFO: [ view_filter ] --START--
INFO: Run Behavior\WriteHtmlCacheBehavior [ RunTime:0.001000s ]
INFO: [ view_filter ] --END-- [ RunTime:0.001000s ]
INFO: [ app_end ] --START--
INFO: Run Behavior\ShowPageTraceBehavior [ RunTime:0.002000s ]
INFO: [ app_end ] --END-- [ RunTime:0.002000s ]

