[ 2016-10-19T16:28:39+08:00 ] 127.0.0.1 /index.php/momuadmin
INFO: [ app_init ] --START--
INFO: Run Behavior\BuildLiteBehavior [ RunTime:0.000000s ]
INFO: [ app_init ] --END-- [ RunTime:0.000000s ]
INFO: [ app_begin ] --START--
INFO: Run Behavior\ReadHtmlCacheBehavior [ RunTime:0.000000s ]
INFO: [ app_begin ] --END-- [ RunTime:0.000000s ]
ERR: 无法加载控制器:Index

[ 2016-10-19T16:28:50+08:00 ] 127.0.0.1 /index.php/momuAdmin
INFO: [ app_init ] --START--
INFO: Run Behavior\BuildLiteBehavior [ RunTime:0.000000s ]
INFO: [ app_init ] --END-- [ RunTime:0.000000s ]
INFO: [ app_begin ] --START--
INFO: Run Behavior\ReadHtmlCacheBehavior [ RunTime:0.000000s ]
INFO: [ app_begin ] --END-- [ RunTime:0.000000s ]
SQL: SHOW COLUMNS FROM `m_manager` [ RunTime:0.0000s ]
INFO: [ view_parse ] --START--
INFO: [ template_filter ] --START--
INFO: Run Behavior\ContentReplaceBehavior [ RunTime:0.000000s ]
INFO: [ template_filter ] --END-- [ RunTime:0.000000s ]
INFO: Run Behavior\ParseTemplateBehavior [ RunTime:0.015600s ]
INFO: [ view_parse ] --END-- [ RunTime:0.015600s ]
INFO: [ view_filter ] --START--
INFO: Run Behavior\WriteHtmlCacheBehavior [ RunTime:0.000000s ]
INFO: [ view_filter ] --END-- [ RunTime:0.000000s ]
INFO: [ app_end ] --START--
INFO: Run Behavior\ShowPageTraceBehavior [ RunTime:0.000000s ]
INFO: [ app_end ] --END-- [ RunTime:0.000000s ]

[ 2016-10-19T16:29:01+08:00 ] 127.0.0.1 /index.php/MomuAdmin/Index/index.html
INFO: [ app_init ] --START--
INFO: Run Behavior\BuildLiteBehavior [ RunTime:0.000000s ]
INFO: [ app_init ] --END-- [ RunTime:0.000000s ]
INFO: [ app_begin ] --START--
INFO: Run Behavior\ReadHtmlCacheBehavior [ RunTime:0.000000s ]
INFO: [ app_begin ] --END-- [ RunTime:0.000000s ]
SQL: SHOW COLUMNS FROM `m_manager` [ RunTime:0.0000s ]
SQL: SELECT COUNT(*) AS tp_count FROM `m_manager` WHERE `user_name` = 'admin' AND `password` = 'e10adc3949ba59abbe56e057f20f883e' LIMIT 1   [ RunTime:0.0000s ]
SQL: SELECT * FROM `m_manager` WHERE `user_name` = 'admin' AND `password` = 'e10adc3949ba59abbe56e057f20f883e'  [ RunTime:0.0000s ]
SQL: SHOW COLUMNS FROM `m_manager_role_value` [ RunTime:0.0000s ]
SQL: SELECT * FROM `m_manager_role_value` WHERE `role_id` = 1  [ RunTime:0.0000s ]

[ 2016-10-19T16:29:01+08:00 ] 127.0.0.1 /index.php/MomuAdmin/Index/LoginIndex.html
INFO: [ app_init ] --START--
INFO: Run Behavior\BuildLiteBehavior [ RunTime:0.000000s ]
INFO: [ app_init ] --END-- [ RunTime:0.000000s ]
INFO: [ app_begin ] --START--
INFO: Run Behavior\ReadHtmlCacheBehavior [ RunTime:0.000000s ]
INFO: [ app_begin ] --END-- [ RunTime:0.000000s ]
SQL: SHOW COLUMNS FROM `m_manager` [ RunTime:0.0000s ]
SQL: SELECT * FROM `m_manager` WHERE `id` = 1 LIMIT 1   [ RunTime:0.0000s ]
INFO: [ view_parse ] --START--
INFO: [ template_filter ] --START--
INFO: Run Behavior\ContentReplaceBehavior [ RunTime:0.000000s ]
INFO: [ template_filter ] --END-- [ RunTime:0.000000s ]
NOTIC: [8] Undefined index: managerrole D:\wamp\www\aiyue\Apps\Runtime\Cache\MomuAdmin\aa1881ccbdb5499ac3dbdafa701ad1b8.php 第 68 行.
INFO: Run Behavior\ParseTemplateBehavior [ RunTime:0.000000s ]
INFO: [ view_parse ] --END-- [ RunTime:0.000000s ]
INFO: [ view_filter ] --START--
INFO: Run Behavior\WriteHtmlCacheBehavior [ RunTime:0.000000s ]
INFO: [ view_filter ] --END-- [ RunTime:0.015600s ]
INFO: [ app_end ] --START--
INFO: Run Behavior\ShowPageTraceBehavior [ RunTime:0.000000s ]
INFO: [ app_end ] --END-- [ RunTime:0.000000s ]

[ 2016-10-19T16:29:01+08:00 ] 127.0.0.1 /index.php/MomuAdmin/Index/center.html
INFO: [ app_init ] --START--
INFO: Run Behavior\BuildLiteBehavior [ RunTime:0.000000s ]
INFO: [ app_init ] --END-- [ RunTime:0.000000s ]
INFO: [ app_begin ] --START--
INFO: Run Behavior\ReadHtmlCacheBehavior [ RunTime:0.000000s ]
INFO: [ app_begin ] --END-- [ RunTime:0.000000s ]
INFO: [ view_parse ] --START--
INFO: [ template_filter ] --START--
INFO: Run Behavior\ContentReplaceBehavior [ RunTime:0.000000s ]
INFO: [ template_filter ] --END-- [ RunTime:0.000000s ]
NOTIC: [8] Undefined variable: uploadSetValue D:\wamp\www\aiyue\Apps\Runtime\Cache\MomuAdmin\3c2526ec326847e91cf016af4afdfd9f.php 第 32 行.
NOTIC: [8] Undefined variable: uploadSetValue D:\wamp\www\aiyue\Apps\Runtime\Cache\MomuAdmin\3c2526ec326847e91cf016af4afdfd9f.php 第 33 行.
NOTIC: [8] Undefined variable: uploadSetValue D:\wamp\www\aiyue\Apps\Runtime\Cache\MomuAdmin\3c2526ec326847e91cf016af4afdfd9f.php 第 34 行.
NOTIC: [8] Undefined variable: uploadSetValue D:\wamp\www\aiyue\Apps\Runtime\Cache\MomuAdmin\3c2526ec326847e91cf016af4afdfd9f.php 第 35 行.
NOTIC: [8] Undefined variable: uploadSetValue D:\wamp\www\aiyue\Apps\Runtime\Cache\MomuAdmin\3c2526ec326847e91cf016af4afdfd9f.php 第 36 行.
NOTIC: [8] Undefined variable: uploadSetValue D:\wamp\www\aiyue\Apps\Runtime\Cache\MomuAdmin\3c2526ec326847e91cf016af4afdfd9f.php 第 37 行.
INFO: Run Behavior\ParseTemplateBehavior [ RunTime:0.015600s ]
INFO: [ view_parse ] --END-- [ RunTime:0.015600s ]
INFO: [ view_filter ] --START--
INFO: Run Behavior\WriteHtmlCacheBehavior [ RunTime:0.000000s ]
INFO: [ view_filter ] --END-- [ RunTime:0.000000s ]
INFO: [ app_end ] --START--
INFO: Run Behavior\ShowPageTraceBehavior [ RunTime:0.000000s ]
INFO: [ app_end ] --END-- [ RunTime:0.000000s ]

[ 2016-10-19T16:29:02+08:00 ] 127.0.0.1 /index.php/MomuAdmin/Tools/Index.html?action=get_navigation_list&time=0.048267688319335145
INFO: [ app_init ] --START--
INFO: Run Behavior\BuildLiteBehavior [ RunTime:0.000000s ]
INFO: [ app_init ] --END-- [ RunTime:0.000000s ]
INFO: [ app_begin ] --START--
INFO: Run Behavior\ReadHtmlCacheBehavior [ RunTime:0.000000s ]
INFO: [ app_begin ] --END-- [ RunTime:0.000000s ]
NOTIC: [8] Use of undefined constant context - assumed 'context' D:\wamp\www\aiyue\Apps\MomuAdmin\Action\ToolsAction.class.php 第 32 行.
SQL: SHOW COLUMNS FROM `m_navigation` [ RunTime:0.0000s ]
SQL: SELECT * FROM `m_navigation` WHERE ( parent_id=0 and is_lock=0 ) ORDER BY sort_id asc  [ RunTime:0.0156s ]
SQL: SELECT * FROM `m_navigation` WHERE ( parent_id=90 and is_lock=0 ) ORDER BY sort_id asc  [ RunTime:0.0000s ]
SQL: SELECT * FROM `m_navigation` WHERE ( parent_id=91 and is_lock=0 )  [ RunTime:0.0000s ]
SQL: SELECT * FROM `m_navigation` WHERE ( parent_id=142 and is_lock=0 )  [ RunTime:0.0000s ]
SQL: SELECT * FROM `m_navigation` WHERE ( parent_id=142 and is_lock=0 )  [ RunTime:0.0000s ]
SQL: SELECT * FROM `m_navigation` WHERE ( parent_id=146 and is_lock=0 )  [ RunTime:0.0000s ]
SQL: SELECT * FROM `m_navigation` WHERE ( parent_id=146 and is_lock=0 )  [ RunTime:0.0000s ]
NOTIC: [8] Undefined variable: html D:\wamp\www\aiyue\Apps\MomuAdmin\Action\ToolsAction.class.php 第 65 行.
SQL: SELECT * FROM `m_navigation` WHERE ( parent_id=92 and is_lock=0 ) ORDER BY sort_id asc  [ RunTime:0.0000s ]
SQL: SELECT * FROM `m_navigation` WHERE ( parent_id=93 and is_lock=0 )  [ RunTime:0.0000s ]
SQL: SELECT * FROM `m_navigation` WHERE ( parent_id=96 and is_lock=0 ) ORDER BY sort_id asc  [ RunTime:0.0000s ]
SQL: SELECT * FROM `m_navigation` WHERE ( parent_id=97 and is_lock=0 )  [ RunTime:0.0000s ]
SQL: SELECT * FROM `m_navigation` WHERE ( parent_id=3 and is_lock=0 ) ORDER BY sort_id asc  [ RunTime:0.0000s ]
SQL: SELECT * FROM `m_navigation` WHERE ( parent_id=36 and is_lock=0 )  [ RunTime:0.0000s ]
SQL: SELECT * FROM `m_navigation` WHERE ( parent_id=37 and is_lock=0 )  [ RunTime:0.0000s ]
SQL: SELECT * FROM `m_navigation` WHERE ( parent_id=38 and is_lock=0 )  [ RunTime:0.0000s ]
SQL: SELECT * FROM `m_navigation` WHERE ( parent_id=39 and is_lock=0 )  [ RunTime:0.0000s ]
SQL: SELECT * FROM `m_navigation` WHERE ( parent_id=40 and is_lock=0 )  [ RunTime:0.0000s ]
SQL: SELECT * FROM `m_navigation` WHERE ( parent_id=41 and is_lock=0 )  [ RunTime:0.0000s ]
SQL: SELECT * FROM `m_navigation` WHERE ( parent_id=42 and is_lock=0 )  [ RunTime:0.0000s ]
SQL: SELECT * FROM `m_navigation` WHERE ( parent_id=43 and is_lock=0 )  [ RunTime:0.0000s ]
SQL: SELECT * FROM `m_navigation` WHERE ( parent_id=44 and is_lock=0 )  [ RunTime:0.0000s ]
SQL: SELECT * FROM `m_navigation` WHERE ( parent_id=45 and is_lock=0 )  [ RunTime:0.0000s ]
SQL: SELECT * FROM `m_navigation` WHERE ( parent_id=46 and is_lock=0 )  [ RunTime:0.0000s ]
SQL: SELECT * FROM `m_navigation` WHERE ( parent_id=47 and is_lock=0 )  [ RunTime:0.0000s ]
SQL: SELECT * FROM `m_navigation` WHERE ( parent_id=48 and is_lock=0 )  [ RunTime:0.0000s ]
SQL: SELECT * FROM `m_navigation` WHERE ( parent_id=49 and is_lock=0 )  [ RunTime:0.0000s ]
SQL: SELECT * FROM `m_navigation` WHERE ( parent_id=50 and is_lock=0 )  [ RunTime:0.0156s ]
SQL: SELECT * FROM `m_navigation` WHERE ( parent_id=4 and is_lock=0 ) ORDER BY sort_id asc  [ RunTime:0.0000s ]
SQL: SELECT * FROM `m_navigation` WHERE ( parent_id=9 and is_lock=0 )  [ RunTime:0.0000s ]
SQL: SELECT * FROM `m_navigation` WHERE ( parent_id=10 and is_lock=0 )  [ RunTime:0.0000s ]
SQL: SELECT * FROM `m_navigation` WHERE ( parent_id=13 and is_lock=0 )  [ RunTime:0.0000s ]
SQL: SELECT * FROM `m_navigation` WHERE ( parent_id=15 and is_lock=0 )  [ RunTime:0.0000s ]
SQL: SELECT * FROM `m_navigation` WHERE ( parent_id=16 and is_lock=0 )  [ RunTime:0.0312s ]
SQL: SELECT * FROM `m_navigation` WHERE ( parent_id=17 and is_lock=0 )  [ RunTime:0.0156s ]
SQL: SELECT * FROM `m_navigation` WHERE ( parent_id=20 and is_lock=0 )  [ RunTime:0.0000s ]
SQL: SELECT * FROM `m_navigation` WHERE ( parent_id=5 and is_lock=0 )  [ RunTime:0.0000s ]
SQL: SELECT * FROM `m_navigation` WHERE ( parent_id=6 and is_lock=0 )  [ RunTime:0.0000s ]
INFO: [ app_end ] --START--
INFO: Run Behavior\ShowPageTraceBehavior [ RunTime:0.000000s ]
INFO: [ app_end ] --END-- [ RunTime:0.000000s ]

