[ 2016-10-24T12:01:11+08:00 ] 127.0.0.1 /index.php/momuAdmin
INFO: [ app_init ] --START--
INFO: Run Behavior\BuildLiteBehavior [ RunTime:0.000000s ]
INFO: [ app_init ] --END-- [ RunTime:0.000000s ]
INFO: [ app_begin ] --START--
INFO: Run Behavior\ReadHtmlCacheBehavior [ RunTime:0.000000s ]
INFO: [ app_begin ] --END-- [ RunTime:0.000000s ]
SQL: SHOW COLUMNS FROM `m_manager` [ RunTime:0.0000s ]
INFO: [ view_parse ] --START--
INFO: [ template_filter ] --START--
INFO: Run Behavior\ContentReplaceBehavior [ RunTime:0.000000s ]
INFO: [ template_filter ] --END-- [ RunTime:0.000000s ]
INFO: Run Behavior\ParseTemplateBehavior [ RunTime:0.015600s ]
INFO: [ view_parse ] --END-- [ RunTime:0.015600s ]
INFO: [ view_filter ] --START--
INFO: Run Behavior\WriteHtmlCacheBehavior [ RunTime:0.000000s ]
INFO: [ view_filter ] --END-- [ RunTime:0.000000s ]
INFO: [ app_end ] --START--
INFO: Run Behavior\ShowPageTraceBehavior [ RunTime:0.000000s ]
INFO: [ app_end ] --END-- [ RunTime:0.000000s ]

[ 2016-10-24T12:01:19+08:00 ] 127.0.0.1 /index.php/MomuAdmin/Index/index.html
INFO: [ app_init ] --START--
INFO: Run Behavior\BuildLiteBehavior [ RunTime:0.000000s ]
INFO: [ app_init ] --END-- [ RunTime:0.000000s ]
INFO: [ app_begin ] --START--
INFO: Run Behavior\ReadHtmlCacheBehavior [ RunTime:0.000000s ]
INFO: [ app_begin ] --END-- [ RunTime:0.000000s ]
SQL: SHOW COLUMNS FROM `m_manager` [ RunTime:0.0000s ]
SQL: SELECT COUNT(*) AS tp_count FROM `m_manager` WHERE `user_name` = 'admin' AND `password` = 'e10adc3949ba59abbe56e057f20f883e' LIMIT 1   [ RunTime:0.0000s ]
SQL: SELECT * FROM `m_manager` WHERE `user_name` = 'admin' AND `password` = 'e10adc3949ba59abbe56e057f20f883e'  [ RunTime:0.0000s ]
SQL: SHOW COLUMNS FROM `m_manager_role_value` [ RunTime:0.0000s ]
SQL: SELECT * FROM `m_manager_role_value` WHERE `role_id` = 1  [ RunTime:0.0000s ]

[ 2016-10-24T12:01:19+08:00 ] 127.0.0.1 /index.php/MomuAdmin/Index/LoginIndex.html
INFO: [ app_init ] --START--
INFO: Run Behavior\BuildLiteBehavior [ RunTime:0.000000s ]
INFO: [ app_init ] --END-- [ RunTime:0.000000s ]
INFO: [ app_begin ] --START--
INFO: Run Behavior\ReadHtmlCacheBehavior [ RunTime:0.000000s ]
INFO: [ app_begin ] --END-- [ RunTime:0.000000s ]
SQL: SHOW COLUMNS FROM `m_manager` [ RunTime:0.0000s ]
SQL: SELECT * FROM `m_manager` WHERE `id` = 1 LIMIT 1   [ RunTime:0.0000s ]
INFO: [ view_parse ] --START--
INFO: [ template_filter ] --START--
INFO: Run Behavior\ContentReplaceBehavior [ RunTime:0.000000s ]
INFO: [ template_filter ] --END-- [ RunTime:0.000000s ]
NOTIC: [8] Undefined index: managerrole D:\wamp\www\aiyue\Apps\Runtime\Cache\MomuAdmin\aa1881ccbdb5499ac3dbdafa701ad1b8.php 第 68 行.
INFO: Run Behavior\ParseTemplateBehavior [ RunTime:0.015600s ]
INFO: [ view_parse ] --END-- [ RunTime:0.015600s ]
INFO: [ view_filter ] --START--
INFO: Run Behavior\WriteHtmlCacheBehavior [ RunTime:0.000000s ]
INFO: [ view_filter ] --END-- [ RunTime:0.000000s ]
INFO: [ app_end ] --START--
INFO: Run Behavior\ShowPageTraceBehavior [ RunTime:0.000000s ]
INFO: [ app_end ] --END-- [ RunTime:0.000000s ]

[ 2016-10-24T12:01:19+08:00 ] 127.0.0.1 /index.php/MomuAdmin/Index/center.html
INFO: [ app_init ] --START--
INFO: Run Behavior\BuildLiteBehavior [ RunTime:0.000000s ]
INFO: [ app_init ] --END-- [ RunTime:0.000000s ]
INFO: [ app_begin ] --START--
INFO: Run Behavior\ReadHtmlCacheBehavior [ RunTime:0.000000s ]
INFO: [ app_begin ] --END-- [ RunTime:0.000000s ]
INFO: [ view_parse ] --START--
INFO: [ template_filter ] --START--
INFO: Run Behavior\ContentReplaceBehavior [ RunTime:0.000000s ]
INFO: [ template_filter ] --END-- [ RunTime:0.000000s ]
NOTIC: [8] Undefined variable: uploadSetValue D:\wamp\www\aiyue\Apps\Runtime\Cache\MomuAdmin\3c2526ec326847e91cf016af4afdfd9f.php 第 32 行.
NOTIC: [8] Undefined variable: uploadSetValue D:\wamp\www\aiyue\Apps\Runtime\Cache\MomuAdmin\3c2526ec326847e91cf016af4afdfd9f.php 第 33 行.
NOTIC: [8] Undefined variable: uploadSetValue D:\wamp\www\aiyue\Apps\Runtime\Cache\MomuAdmin\3c2526ec326847e91cf016af4afdfd9f.php 第 34 行.
NOTIC: [8] Undefined variable: uploadSetValue D:\wamp\www\aiyue\Apps\Runtime\Cache\MomuAdmin\3c2526ec326847e91cf016af4afdfd9f.php 第 35 行.
NOTIC: [8] Undefined variable: uploadSetValue D:\wamp\www\aiyue\Apps\Runtime\Cache\MomuAdmin\3c2526ec326847e91cf016af4afdfd9f.php 第 36 行.
NOTIC: [8] Undefined variable: uploadSetValue D:\wamp\www\aiyue\Apps\Runtime\Cache\MomuAdmin\3c2526ec326847e91cf016af4afdfd9f.php 第 37 行.
INFO: Run Behavior\ParseTemplateBehavior [ RunTime:0.031200s ]
INFO: [ view_parse ] --END-- [ RunTime:0.031200s ]
INFO: [ view_filter ] --START--
INFO: Run Behavior\WriteHtmlCacheBehavior [ RunTime:0.000000s ]
INFO: [ view_filter ] --END-- [ RunTime:0.000000s ]
INFO: [ app_end ] --START--
INFO: Run Behavior\ShowPageTraceBehavior [ RunTime:0.000000s ]
INFO: [ app_end ] --END-- [ RunTime:0.000000s ]

[ 2016-10-24T12:01:19+08:00 ] 127.0.0.1 /index.php/MomuAdmin/Tools/Index.html?action=get_navigation_list&time=0.7287568339447641
INFO: [ app_init ] --START--
INFO: Run Behavior\BuildLiteBehavior [ RunTime:0.000000s ]
INFO: [ app_init ] --END-- [ RunTime:0.000000s ]
INFO: [ app_begin ] --START--
INFO: Run Behavior\ReadHtmlCacheBehavior [ RunTime:0.000000s ]
INFO: [ app_begin ] --END-- [ RunTime:0.000000s ]
NOTIC: [8] Use of undefined constant context - assumed 'context' D:\wamp\www\aiyue\Apps\MomuAdmin\Action\ToolsAction.class.php 第 32 行.
SQL: SHOW COLUMNS FROM `m_navigation` [ RunTime:0.0000s ]
SQL: SELECT * FROM `m_navigation` WHERE ( parent_id=0 and is_lock=0 ) ORDER BY sort_id asc  [ RunTime:0.0000s ]
SQL: SELECT * FROM `m_navigation` WHERE ( parent_id=90 and is_lock=0 ) ORDER BY sort_id asc  [ RunTime:0.0000s ]
SQL: SELECT * FROM `m_navigation` WHERE ( parent_id=91 and is_lock=0 )  [ RunTime:0.0000s ]
SQL: SELECT * FROM `m_navigation` WHERE ( parent_id=142 and is_lock=0 )  [ RunTime:0.0000s ]
SQL: SELECT * FROM `m_navigation` WHERE ( parent_id=142 and is_lock=0 )  [ RunTime:0.0000s ]
SQL: SELECT * FROM `m_navigation` WHERE ( parent_id=146 and is_lock=0 )  [ RunTime:0.0000s ]
SQL: SELECT * FROM `m_navigation` WHERE ( parent_id=146 and is_lock=0 )  [ RunTime:0.0000s ]
NOTIC: [8] Undefined variable: html D:\wamp\www\aiyue\Apps\MomuAdmin\Action\ToolsAction.class.php 第 65 行.
SQL: SELECT * FROM `m_navigation` WHERE ( parent_id=92 and is_lock=0 ) ORDER BY sort_id asc  [ RunTime:0.0156s ]
SQL: SELECT * FROM `m_navigation` WHERE ( parent_id=93 and is_lock=0 )  [ RunTime:0.0000s ]
SQL: SELECT * FROM `m_navigation` WHERE ( parent_id=96 and is_lock=0 ) ORDER BY sort_id asc  [ RunTime:0.0000s ]
SQL: SELECT * FROM `m_navigation` WHERE ( parent_id=97 and is_lock=0 )  [ RunTime:0.0000s ]
SQL: SELECT * FROM `m_navigation` WHERE ( parent_id=3 and is_lock=0 ) ORDER BY sort_id asc  [ RunTime:0.0000s ]
SQL: SELECT * FROM `m_navigation` WHERE ( parent_id=36 and is_lock=0 )  [ RunTime:0.0000s ]
SQL: SELECT * FROM `m_navigation` WHERE ( parent_id=37 and is_lock=0 )  [ RunTime:0.0000s ]
SQL: SELECT * FROM `m_navigation` WHERE ( parent_id=38 and is_lock=0 )  [ RunTime:0.0000s ]
SQL: SELECT * FROM `m_navigation` WHERE ( parent_id=39 and is_lock=0 )  [ RunTime:0.0000s ]
SQL: SELECT * FROM `m_navigation` WHERE ( parent_id=40 and is_lock=0 )  [ RunTime:0.0000s ]
SQL: SELECT * FROM `m_navigation` WHERE ( parent_id=41 and is_lock=0 )  [ RunTime:0.0000s ]
SQL: SELECT * FROM `m_navigation` WHERE ( parent_id=42 and is_lock=0 )  [ RunTime:0.0000s ]
SQL: SELECT * FROM `m_navigation` WHERE ( parent_id=43 and is_lock=0 )  [ RunTime:0.0000s ]
SQL: SELECT * FROM `m_navigation` WHERE ( parent_id=44 and is_lock=0 )  [ RunTime:0.0000s ]
SQL: SELECT * FROM `m_navigation` WHERE ( parent_id=45 and is_lock=0 )  [ RunTime:0.0156s ]
SQL: SELECT * FROM `m_navigation` WHERE ( parent_id=46 and is_lock=0 )  [ RunTime:0.0000s ]
SQL: SELECT * FROM `m_navigation` WHERE ( parent_id=47 and is_lock=0 )  [ RunTime:0.0000s ]
SQL: SELECT * FROM `m_navigation` WHERE ( parent_id=48 and is_lock=0 )  [ RunTime:0.0000s ]
SQL: SELECT * FROM `m_navigation` WHERE ( parent_id=49 and is_lock=0 )  [ RunTime:0.0000s ]
SQL: SELECT * FROM `m_navigation` WHERE ( parent_id=50 and is_lock=0 )  [ RunTime:0.0000s ]
SQL: SELECT * FROM `m_navigation` WHERE ( parent_id=4 and is_lock=0 ) ORDER BY sort_id asc  [ RunTime:0.0000s ]
SQL: SELECT * FROM `m_navigation` WHERE ( parent_id=9 and is_lock=0 )  [ RunTime:0.0000s ]
SQL: SELECT * FROM `m_navigation` WHERE ( parent_id=10 and is_lock=0 )  [ RunTime:0.0000s ]
SQL: SELECT * FROM `m_navigation` WHERE ( parent_id=13 and is_lock=0 )  [ RunTime:0.0000s ]
SQL: SELECT * FROM `m_navigation` WHERE ( parent_id=15 and is_lock=0 )  [ RunTime:0.0000s ]
SQL: SELECT * FROM `m_navigation` WHERE ( parent_id=16 and is_lock=0 )  [ RunTime:0.0000s ]
SQL: SELECT * FROM `m_navigation` WHERE ( parent_id=17 and is_lock=0 )  [ RunTime:0.0000s ]
SQL: SELECT * FROM `m_navigation` WHERE ( parent_id=20 and is_lock=0 )  [ RunTime:0.0000s ]
SQL: SELECT * FROM `m_navigation` WHERE ( parent_id=5 and is_lock=0 )  [ RunTime:0.0156s ]
SQL: SELECT * FROM `m_navigation` WHERE ( parent_id=6 and is_lock=0 )  [ RunTime:0.0000s ]
INFO: [ app_end ] --START--
INFO: Run Behavior\ShowPageTraceBehavior [ RunTime:0.000000s ]
INFO: [ app_end ] --END-- [ RunTime:0.000000s ]

[ 2016-10-24T12:01:19+08:00 ] 127.0.0.1 /index.php/MomuAdmin/Users/user_sms
INFO: [ app_init ] --START--
INFO: Run Behavior\BuildLiteBehavior [ RunTime:0.000000s ]
INFO: [ app_init ] --END-- [ RunTime:0.000000s ]
INFO: [ app_begin ] --START--
INFO: Run Behavior\ReadHtmlCacheBehavior [ RunTime:0.000000s ]
INFO: [ app_begin ] --END-- [ RunTime:0.000000s ]
INFO: [ view_parse ] --START--
INFO: [ template_filter ] --START--
INFO: Run Behavior\ContentReplaceBehavior [ RunTime:0.000000s ]
INFO: [ template_filter ] --END-- [ RunTime:0.000000s ]
INFO: Run Behavior\ParseTemplateBehavior [ RunTime:0.015600s ]
INFO: [ view_parse ] --END-- [ RunTime:0.015600s ]
INFO: [ view_filter ] --START--
INFO: Run Behavior\WriteHtmlCacheBehavior [ RunTime:0.000000s ]
INFO: [ view_filter ] --END-- [ RunTime:0.000000s ]
INFO: [ app_end ] --START--
INFO: Run Behavior\ShowPageTraceBehavior [ RunTime:0.000000s ]
INFO: [ app_end ] --END-- [ RunTime:0.000000s ]

[ 2016-10-24T12:01:35+08:00 ] 127.0.0.1 /index.php/MomuAdmin/Users/user_audit
INFO: [ app_init ] --START--
INFO: Run Behavior\BuildLiteBehavior [ RunTime:0.000000s ]
INFO: [ app_init ] --END-- [ RunTime:0.000000s ]
INFO: [ app_begin ] --START--
INFO: Run Behavior\ReadHtmlCacheBehavior [ RunTime:0.000000s ]
INFO: [ app_begin ] --END-- [ RunTime:0.000000s ]
SQL: SHOW COLUMNS FROM `m_users` [ RunTime:0.0000s ]
SQL: SHOW COLUMNS FROM `m_users` [ RunTime:0.0000s ]
NOTIC: [2] implode(): Invalid arguments passed D:\wamp\www\aiyue\Apps\MomuAdmin\Model\CommonModel.class.php 第 19 行.
NOTIC: [8] Trying to get property of non-object D:\wamp\www\aiyue\Apps\MomuAdmin\Model\CommonModel.class.php 第 31 行.
NOTIC: [8] Trying to get property of non-object D:\wamp\www\aiyue\Apps\MomuAdmin\Model\CommonModel.class.php 第 31 行.
SQL: SELECT * FROM `m_users` WHERE `status` = 2 ORDER BY reg_time desc  [ RunTime:0.0000s ]
NOTIC: [2] implode(): Invalid arguments passed D:\wamp\www\aiyue\Apps\MomuAdmin\Model\CommonModel.class.php 第 19 行.
SQL: SELECT * FROM `m_users` WHERE `status` = 2 ORDER BY reg_time desc LIMIT 0,15   [ RunTime:0.0000s ]
INFO: [ view_parse ] --START--
INFO: [ template_filter ] --START--
INFO: Run Behavior\ContentReplaceBehavior [ RunTime:0.000000s ]
INFO: [ template_filter ] --END-- [ RunTime:0.000000s ]
NOTIC: [8] Undefined index: txtKeywords D:\wamp\www\aiyue\Apps\Runtime\Cache\MomuAdmin\23730836d18eb2d0f5eafa9097f51c40.php 第 23 行.
NOTIC: [8] Undefined index: txtKeywords D:\wamp\www\aiyue\Apps\Runtime\Cache\MomuAdmin\23730836d18eb2d0f5eafa9097f51c40.php 第 71 行.
SQL: SHOW COLUMNS FROM `m_user_groups` [ RunTime:0.0000s ]
SQL: SELECT `title` FROM `m_user_groups` WHERE `id` = 1 LIMIT 1   [ RunTime:0.0000s ]
SQL: SELECT `title` FROM `m_user_groups` WHERE `id` = 1 LIMIT 1   [ RunTime:0.0000s ]
INFO: Run Behavior\ParseTemplateBehavior [ RunTime:0.015600s ]
INFO: [ view_parse ] --END-- [ RunTime:0.015600s ]
INFO: [ view_filter ] --START--
INFO: Run Behavior\WriteHtmlCacheBehavior [ RunTime:0.000000s ]
INFO: [ view_filter ] --END-- [ RunTime:0.000000s ]
INFO: [ app_end ] --START--
INFO: Run Behavior\ShowPageTraceBehavior [ RunTime:0.015600s ]
INFO: [ app_end ] --END-- [ RunTime:0.015600s ]

[ 2016-10-24T12:02:02+08:00 ] 127.0.0.1 /index.php/MomuAdmin/Users/user_list
INFO: [ app_init ] --START--
INFO: Run Behavior\BuildLiteBehavior [ RunTime:0.000000s ]
INFO: [ app_init ] --END-- [ RunTime:0.015600s ]
INFO: [ app_begin ] --START--
INFO: Run Behavior\ReadHtmlCacheBehavior [ RunTime:0.000000s ]
INFO: [ app_begin ] --END-- [ RunTime:0.000000s ]
SQL: SHOW COLUMNS FROM `m_users` [ RunTime:0.0000s ]
SQL: SHOW COLUMNS FROM `m_users` [ RunTime:0.0000s ]
NOTIC: [2] implode(): Invalid arguments passed D:\wamp\www\aiyue\Apps\MomuAdmin\Model\CommonModel.class.php 第 19 行.
SQL: SELECT * FROM `m_users` ORDER BY reg_time desc  [ RunTime:0.0000s ]
NOTIC: [2] implode(): Invalid arguments passed D:\wamp\www\aiyue\Apps\MomuAdmin\Model\CommonModel.class.php 第 19 行.
SQL: SELECT * FROM `m_users` ORDER BY reg_time desc LIMIT 0,15   [ RunTime:0.0000s ]
SQL: SHOW COLUMNS FROM `m_user_groups` [ RunTime:0.0000s ]
SQL: SHOW COLUMNS FROM `m_user_groups` [ RunTime:0.0156s ]
SQL: SELECT `id`,`title` FROM `m_user_groups` ORDER BY id asc  [ RunTime:0.0000s ]
INFO: [ view_parse ] --START--
INFO: [ template_filter ] --START--
INFO: Run Behavior\ContentReplaceBehavior [ RunTime:0.000000s ]
INFO: [ template_filter ] --END-- [ RunTime:0.000000s ]
NOTIC: [8] Undefined index: txtKeywords D:\wamp\www\aiyue\Apps\Runtime\Cache\MomuAdmin\5ebefdf226a9862a4a7001c19ad64070.php 第 104 行.
NOTIC: [8] Undefined index: ddlGroupId D:\wamp\www\aiyue\Apps\Runtime\Cache\MomuAdmin\5ebefdf226a9862a4a7001c19ad64070.php 第 105 行.
NOTIC: [8] Undefined index: ddlGroupId D:\wamp\www\aiyue\Apps\Runtime\Cache\MomuAdmin\5ebefdf226a9862a4a7001c19ad64070.php 第 157 行.
NOTIC: [8] Undefined index: ddlGroupId D:\wamp\www\aiyue\Apps\Runtime\Cache\MomuAdmin\5ebefdf226a9862a4a7001c19ad64070.php 第 157 行.
NOTIC: [8] Undefined index: ddlGroupId D:\wamp\www\aiyue\Apps\Runtime\Cache\MomuAdmin\5ebefdf226a9862a4a7001c19ad64070.php 第 157 行.
NOTIC: [8] Undefined index: ddlGroupId D:\wamp\www\aiyue\Apps\Runtime\Cache\MomuAdmin\5ebefdf226a9862a4a7001c19ad64070.php 第 157 行.
NOTIC: [8] Undefined index: txtKeywords D:\wamp\www\aiyue\Apps\Runtime\Cache\MomuAdmin\5ebefdf226a9862a4a7001c19ad64070.php 第 164 行.
SQL: SELECT `title` FROM `m_user_groups` WHERE `id` = 1 LIMIT 1   [ RunTime:0.0000s ]
SQL: SELECT `title` FROM `m_user_groups` WHERE `id` = 1 LIMIT 1   [ RunTime:0.0000s ]
SQL: SELECT `title` FROM `m_user_groups` WHERE `id` = 1 LIMIT 1   [ RunTime:0.0000s ]
SQL: SELECT `title` FROM `m_user_groups` WHERE `id` = 1 LIMIT 1   [ RunTime:0.0000s ]
SQL: SELECT `title` FROM `m_user_groups` WHERE `id` = 1 LIMIT 1   [ RunTime:0.0000s ]
INFO: Run Behavior\ParseTemplateBehavior [ RunTime:0.031201s ]
INFO: [ view_parse ] --END-- [ RunTime:0.031201s ]
INFO: [ view_filter ] --START--
INFO: Run Behavior\WriteHtmlCacheBehavior [ RunTime:0.000000s ]
INFO: [ view_filter ] --END-- [ RunTime:0.000000s ]
INFO: [ app_end ] --START--
INFO: Run Behavior\ShowPageTraceBehavior [ RunTime:0.000000s ]
INFO: [ app_end ] --END-- [ RunTime:0.000000s ]

[ 2016-10-24T12:02:03+08:00 ] 127.0.0.1 /index.php/MomuAdmin/Users/group_list
INFO: [ app_init ] --START--
INFO: Run Behavior\BuildLiteBehavior [ RunTime:0.000000s ]
INFO: [ app_init ] --END-- [ RunTime:0.015600s ]
INFO: [ app_begin ] --START--
INFO: Run Behavior\ReadHtmlCacheBehavior [ RunTime:0.000000s ]
INFO: [ app_begin ] --END-- [ RunTime:0.000000s ]
SQL: SHOW COLUMNS FROM `m_user_groups` [ RunTime:0.0000s ]
SQL: SHOW COLUMNS FROM `m_user_groups` [ RunTime:0.0000s ]
NOTIC: [2] implode(): Invalid arguments passed D:\wamp\www\aiyue\Apps\MomuAdmin\Model\CommonModel.class.php 第 19 行.
SQL: SELECT * FROM `m_user_groups` ORDER BY grade desc  [ RunTime:0.0000s ]
INFO: [ view_parse ] --START--
INFO: [ template_filter ] --START--
INFO: Run Behavior\ContentReplaceBehavior [ RunTime:0.000000s ]
INFO: [ template_filter ] --END-- [ RunTime:0.000000s ]
NOTIC: [8] Undefined index: txtKeywords D:\wamp\www\aiyue\Apps\Runtime\Cache\MomuAdmin\53338efdc3d527694d7917ccaa382c28.php 第 64 行.
INFO: Run Behavior\ParseTemplateBehavior [ RunTime:0.031200s ]
INFO: [ view_parse ] --END-- [ RunTime:0.031200s ]
INFO: [ view_filter ] --START--
INFO: Run Behavior\WriteHtmlCacheBehavior [ RunTime:0.000000s ]
INFO: [ view_filter ] --END-- [ RunTime:0.000000s ]
INFO: [ app_end ] --START--
INFO: Run Behavior\ShowPageTraceBehavior [ RunTime:0.000000s ]
INFO: [ app_end ] --END-- [ RunTime:0.000000s ]

[ 2016-10-24T12:02:08+08:00 ] 127.0.0.1 /index.php/MomuAdmin/Users/group_edit/id/4
INFO: [ app_init ] --START--
INFO: Run Behavior\BuildLiteBehavior [ RunTime:0.000000s ]
INFO: [ app_init ] --END-- [ RunTime:0.015600s ]
INFO: [ app_begin ] --START--
INFO: Run Behavior\ReadHtmlCacheBehavior [ RunTime:0.000000s ]
INFO: [ app_begin ] --END-- [ RunTime:0.000000s ]
SQL: SHOW COLUMNS FROM `m_user_groups` [ RunTime:0.0000s ]
SQL: SHOW COLUMNS FROM `m_user_groups` [ RunTime:0.0000s ]
NOTIC: [2] implode(): Invalid arguments passed D:\wamp\www\aiyue\Apps\MomuAdmin\Model\CommonModel.class.php 第 19 行.
SQL: SELECT * FROM `m_user_groups` WHERE `id` = 4 ORDER BY id asc LIMIT 1   [ RunTime:0.0000s ]
INFO: [ view_parse ] --START--
INFO: [ template_filter ] --START--
INFO: Run Behavior\ContentReplaceBehavior [ RunTime:0.000000s ]
INFO: [ template_filter ] --END-- [ RunTime:0.000000s ]
INFO: Run Behavior\ParseTemplateBehavior [ RunTime:0.031200s ]
INFO: [ view_parse ] --END-- [ RunTime:0.031200s ]
INFO: [ view_filter ] --START--
INFO: Run Behavior\WriteHtmlCacheBehavior [ RunTime:0.000000s ]
INFO: [ view_filter ] --END-- [ RunTime:0.000000s ]
INFO: [ app_end ] --START--
INFO: Run Behavior\ShowPageTraceBehavior [ RunTime:0.000000s ]
INFO: [ app_end ] --END-- [ RunTime:0.000000s ]

[ 2016-10-24T12:02:10+08:00 ] 127.0.0.1 /index.php/MomuAdmin/Users/group_list
INFO: [ app_init ] --START--
INFO: Run Behavior\BuildLiteBehavior [ RunTime:0.000000s ]
INFO: [ app_init ] --END-- [ RunTime:0.000000s ]
INFO: [ app_begin ] --START--
INFO: Run Behavior\ReadHtmlCacheBehavior [ RunTime:0.000000s ]
INFO: [ app_begin ] --END-- [ RunTime:0.000000s ]
SQL: SHOW COLUMNS FROM `m_user_groups` [ RunTime:0.0000s ]
SQL: SHOW COLUMNS FROM `m_user_groups` [ RunTime:0.0000s ]
NOTIC: [2] implode(): Invalid arguments passed D:\wamp\www\aiyue\Apps\MomuAdmin\Model\CommonModel.class.php 第 19 行.
SQL: SELECT * FROM `m_user_groups` ORDER BY grade desc  [ RunTime:0.0000s ]
INFO: [ view_parse ] --START--
INFO: [ template_filter ] --START--
INFO: Run Behavior\ContentReplaceBehavior [ RunTime:0.000000s ]
INFO: [ template_filter ] --END-- [ RunTime:0.000000s ]
NOTIC: [8] Undefined index: txtKeywords D:\wamp\www\aiyue\Apps\Runtime\Cache\MomuAdmin\53338efdc3d527694d7917ccaa382c28.php 第 64 行.
INFO: Run Behavior\ParseTemplateBehavior [ RunTime:0.015600s ]
INFO: [ view_parse ] --END-- [ RunTime:0.015600s ]
INFO: [ view_filter ] --START--
INFO: Run Behavior\WriteHtmlCacheBehavior [ RunTime:0.000000s ]
INFO: [ view_filter ] --END-- [ RunTime:0.000000s ]
INFO: [ app_end ] --START--
INFO: Run Behavior\ShowPageTraceBehavior [ RunTime:0.000000s ]
INFO: [ app_end ] --END-- [ RunTime:0.000000s ]

[ 2016-10-24T12:02:12+08:00 ] 127.0.0.1 /index.php/MomuAdmin/Users/user_audit
INFO: [ app_init ] --START--
INFO: Run Behavior\BuildLiteBehavior [ RunTime:0.000000s ]
INFO: [ app_init ] --END-- [ RunTime:0.000000s ]
INFO: [ app_begin ] --START--
INFO: Run Behavior\ReadHtmlCacheBehavior [ RunTime:0.000000s ]
INFO: [ app_begin ] --END-- [ RunTime:0.000000s ]
SQL: SHOW COLUMNS FROM `m_users` [ RunTime:0.0000s ]
SQL: SHOW COLUMNS FROM `m_users` [ RunTime:0.0156s ]
NOTIC: [2] implode(): Invalid arguments passed D:\wamp\www\aiyue\Apps\MomuAdmin\Model\CommonModel.class.php 第 19 行.
NOTIC: [8] Trying to get property of non-object D:\wamp\www\aiyue\Apps\MomuAdmin\Model\CommonModel.class.php 第 31 行.
NOTIC: [8] Trying to get property of non-object D:\wamp\www\aiyue\Apps\MomuAdmin\Model\CommonModel.class.php 第 31 行.
SQL: SELECT * FROM `m_users` WHERE `status` = 2 ORDER BY reg_time desc  [ RunTime:0.0000s ]
NOTIC: [2] implode(): Invalid arguments passed D:\wamp\www\aiyue\Apps\MomuAdmin\Model\CommonModel.class.php 第 19 行.
SQL: SELECT * FROM `m_users` WHERE `status` = 2 ORDER BY reg_time desc LIMIT 0,15   [ RunTime:0.0000s ]
INFO: [ view_parse ] --START--
INFO: [ template_filter ] --START--
INFO: Run Behavior\ContentReplaceBehavior [ RunTime:0.000000s ]
INFO: [ template_filter ] --END-- [ RunTime:0.000000s ]
NOTIC: [8] Undefined index: txtKeywords D:\wamp\www\aiyue\Apps\Runtime\Cache\MomuAdmin\23730836d18eb2d0f5eafa9097f51c40.php 第 23 行.
NOTIC: [8] Undefined index: txtKeywords D:\wamp\www\aiyue\Apps\Runtime\Cache\MomuAdmin\23730836d18eb2d0f5eafa9097f51c40.php 第 71 行.
SQL: SHOW COLUMNS FROM `m_user_groups` [ RunTime:0.0000s ]
SQL: SELECT `title` FROM `m_user_groups` WHERE `id` = 1 LIMIT 1   [ RunTime:0.0000s ]
SQL: SELECT `title` FROM `m_user_groups` WHERE `id` = 1 LIMIT 1   [ RunTime:0.0000s ]
INFO: Run Behavior\ParseTemplateBehavior [ RunTime:0.015600s ]
INFO: [ view_parse ] --END-- [ RunTime:0.015600s ]
INFO: [ view_filter ] --START--
INFO: Run Behavior\WriteHtmlCacheBehavior [ RunTime:0.000000s ]
INFO: [ view_filter ] --END-- [ RunTime:0.000000s ]
INFO: [ app_end ] --START--
INFO: Run Behavior\ShowPageTraceBehavior [ RunTime:0.000000s ]
INFO: [ app_end ] --END-- [ RunTime:0.000000s ]

[ 2016-10-24T12:02:13+08:00 ] 127.0.0.1 /index.php/MomuAdmin/Users/user_list
INFO: [ app_init ] --START--
INFO: Run Behavior\BuildLiteBehavior [ RunTime:0.000000s ]
INFO: [ app_init ] --END-- [ RunTime:0.000000s ]
INFO: [ app_begin ] --START--
INFO: Run Behavior\ReadHtmlCacheBehavior [ RunTime:0.000000s ]
INFO: [ app_begin ] --END-- [ RunTime:0.000000s ]
SQL: SHOW COLUMNS FROM `m_users` [ RunTime:0.0156s ]
SQL: SHOW COLUMNS FROM `m_users` [ RunTime:0.0000s ]
NOTIC: [2] implode(): Invalid arguments passed D:\wamp\www\aiyue\Apps\MomuAdmin\Model\CommonModel.class.php 第 19 行.
SQL: SELECT * FROM `m_users` ORDER BY reg_time desc  [ RunTime:0.0000s ]
NOTIC: [2] implode(): Invalid arguments passed D:\wamp\www\aiyue\Apps\MomuAdmin\Model\CommonModel.class.php 第 19 行.
SQL: SELECT * FROM `m_users` ORDER BY reg_time desc LIMIT 0,15   [ RunTime:0.0000s ]
SQL: SHOW COLUMNS FROM `m_user_groups` [ RunTime:0.0000s ]
SQL: SHOW COLUMNS FROM `m_user_groups` [ RunTime:0.0000s ]
SQL: SELECT `id`,`title` FROM `m_user_groups` ORDER BY id asc  [ RunTime:0.0000s ]
INFO: [ view_parse ] --START--
INFO: [ template_filter ] --START--
INFO: Run Behavior\ContentReplaceBehavior [ RunTime:0.000000s ]
INFO: [ template_filter ] --END-- [ RunTime:0.000000s ]
NOTIC: [8] Undefined index: txtKeywords D:\wamp\www\aiyue\Apps\Runtime\Cache\MomuAdmin\5ebefdf226a9862a4a7001c19ad64070.php 第 104 行.
NOTIC: [8] Undefined index: ddlGroupId D:\wamp\www\aiyue\Apps\Runtime\Cache\MomuAdmin\5ebefdf226a9862a4a7001c19ad64070.php 第 105 行.
NOTIC: [8] Undefined index: ddlGroupId D:\wamp\www\aiyue\Apps\Runtime\Cache\MomuAdmin\5ebefdf226a9862a4a7001c19ad64070.php 第 157 行.
NOTIC: [8] Undefined index: ddlGroupId D:\wamp\www\aiyue\Apps\Runtime\Cache\MomuAdmin\5ebefdf226a9862a4a7001c19ad64070.php 第 157 行.
NOTIC: [8] Undefined index: ddlGroupId D:\wamp\www\aiyue\Apps\Runtime\Cache\MomuAdmin\5ebefdf226a9862a4a7001c19ad64070.php 第 157 行.
NOTIC: [8] Undefined index: ddlGroupId D:\wamp\www\aiyue\Apps\Runtime\Cache\MomuAdmin\5ebefdf226a9862a4a7001c19ad64070.php 第 157 行.
NOTIC: [8] Undefined index: txtKeywords D:\wamp\www\aiyue\Apps\Runtime\Cache\MomuAdmin\5ebefdf226a9862a4a7001c19ad64070.php 第 164 行.
SQL: SELECT `title` FROM `m_user_groups` WHERE `id` = 1 LIMIT 1   [ RunTime:0.0000s ]
SQL: SELECT `title` FROM `m_user_groups` WHERE `id` = 1 LIMIT 1   [ RunTime:0.0000s ]
SQL: SELECT `title` FROM `m_user_groups` WHERE `id` = 1 LIMIT 1   [ RunTime:0.0000s ]
SQL: SELECT `title` FROM `m_user_groups` WHERE `id` = 1 LIMIT 1   [ RunTime:0.0000s ]
SQL: SELECT `title` FROM `m_user_groups` WHERE `id` = 1 LIMIT 1   [ RunTime:0.0000s ]
INFO: Run Behavior\ParseTemplateBehavior [ RunTime:0.031200s ]
INFO: [ view_parse ] --END-- [ RunTime:0.031200s ]
INFO: [ view_filter ] --START--
INFO: Run Behavior\WriteHtmlCacheBehavior [ RunTime:0.000000s ]
INFO: [ view_filter ] --END-- [ RunTime:0.000000s ]
INFO: [ app_end ] --START--
INFO: Run Behavior\ShowPageTraceBehavior [ RunTime:0.000000s ]
INFO: [ app_end ] --END-- [ RunTime:0.000000s ]

[ 2016-10-24T15:02:59+08:00 ] 127.0.0.1 /index.php/MomuAdmin/
INFO: [ app_init ] --START--
INFO: Run Behavior\BuildLiteBehavior [ RunTime:0.000000s ]
INFO: [ app_init ] --END-- [ RunTime:0.001000s ]
INFO: [ app_begin ] --START--
INFO: Run Behavior\ReadHtmlCacheBehavior [ RunTime:0.001000s ]
INFO: [ app_begin ] --END-- [ RunTime:0.002000s ]
SQL: SHOW COLUMNS FROM `m_manager` [ RunTime:0.0250s ]
INFO: [ view_parse ] --START--
INFO: [ template_filter ] --START--
INFO: Run Behavior\ContentReplaceBehavior [ RunTime:0.000000s ]
INFO: [ template_filter ] --END-- [ RunTime:0.000000s ]
INFO: Run Behavior\ParseTemplateBehavior [ RunTime:0.035002s ]
INFO: [ view_parse ] --END-- [ RunTime:0.035002s ]
INFO: [ view_filter ] --START--
INFO: Run Behavior\WriteHtmlCacheBehavior [ RunTime:0.001001s ]
INFO: [ view_filter ] --END-- [ RunTime:0.001001s ]
INFO: [ app_end ] --START--
INFO: Run Behavior\ShowPageTraceBehavior [ RunTime:0.001000s ]
INFO: [ app_end ] --END-- [ RunTime:0.001000s ]

[ 2016-10-24T15:03:04+08:00 ] 127.0.0.1 /index.php/MomuAdmin/Index/index.html
INFO: [ app_init ] --START--
INFO: Run Behavior\BuildLiteBehavior [ RunTime:0.000000s ]
INFO: [ app_init ] --END-- [ RunTime:0.000000s ]
INFO: [ app_begin ] --START--
INFO: Run Behavior\ReadHtmlCacheBehavior [ RunTime:0.001000s ]
INFO: [ app_begin ] --END-- [ RunTime:0.001000s ]
SQL: SHOW COLUMNS FROM `m_manager` [ RunTime:0.0410s ]
SQL: SELECT COUNT(*) AS tp_count FROM `m_manager` WHERE `user_name` = 'admin' AND `password` = 'e10adc3949ba59abbe56e057f20f883e' LIMIT 1   [ RunTime:0.0000s ]
SQL: SELECT * FROM `m_manager` WHERE `user_name` = 'admin' AND `password` = 'e10adc3949ba59abbe56e057f20f883e'  [ RunTime:0.0000s ]
SQL: SHOW COLUMNS FROM `m_manager_role_value` [ RunTime:0.0340s ]
SQL: SELECT * FROM `m_manager_role_value` WHERE `role_id` = 1  [ RunTime:0.0000s ]

[ 2016-10-24T15:03:04+08:00 ] 127.0.0.1 /index.php/MomuAdmin/Index/LoginIndex.html
INFO: [ app_init ] --START--
INFO: Run Behavior\BuildLiteBehavior [ RunTime:0.000000s ]
INFO: [ app_init ] --END-- [ RunTime:0.001000s ]
INFO: [ app_begin ] --START--
INFO: Run Behavior\ReadHtmlCacheBehavior [ RunTime:0.001000s ]
INFO: [ app_begin ] --END-- [ RunTime:0.001000s ]
SQL: SHOW COLUMNS FROM `m_manager` [ RunTime:0.0020s ]
SQL: SELECT * FROM `m_manager` WHERE `id` = 1 LIMIT 1   [ RunTime:0.0000s ]
INFO: [ view_parse ] --START--
INFO: [ template_filter ] --START--
INFO: Run Behavior\ContentReplaceBehavior [ RunTime:0.001000s ]
INFO: [ template_filter ] --END-- [ RunTime:0.001000s ]
NOTIC: [8] Undefined index: managerrole D:\wamp\www\aiyue\Apps\Runtime\Cache\MomuAdmin\aa1881ccbdb5499ac3dbdafa701ad1b8.php 第 68 行.
INFO: Run Behavior\ParseTemplateBehavior [ RunTime:0.030002s ]
INFO: [ view_parse ] --END-- [ RunTime:0.031002s ]
INFO: [ view_filter ] --START--
INFO: Run Behavior\WriteHtmlCacheBehavior [ RunTime:0.000000s ]
INFO: [ view_filter ] --END-- [ RunTime:0.000000s ]
INFO: [ app_end ] --START--
INFO: Run Behavior\ShowPageTraceBehavior [ RunTime:0.000000s ]
INFO: [ app_end ] --END-- [ RunTime:0.000000s ]

[ 2016-10-24T15:03:04+08:00 ] 127.0.0.1 /index.php/MomuAdmin/Tools/Index.html?action=get_navigation_list&time=0.7336055296915424
INFO: [ app_init ] --START--
INFO: Run Behavior\BuildLiteBehavior [ RunTime:0.000000s ]
INFO: [ app_init ] --END-- [ RunTime:0.001000s ]
INFO: [ app_begin ] --START--
INFO: Run Behavior\ReadHtmlCacheBehavior [ RunTime:0.001000s ]
INFO: [ app_begin ] --END-- [ RunTime:0.001000s ]
NOTIC: [8] Use of undefined constant context - assumed 'context' D:\wamp\www\aiyue\Apps\MomuAdmin\Action\ToolsAction.class.php 第 32 行.
SQL: SHOW COLUMNS FROM `m_navigation` [ RunTime:0.0170s ]
SQL: SELECT * FROM `m_navigation` WHERE ( parent_id=0 and is_lock=0 ) ORDER BY sort_id asc  [ RunTime:0.0000s ]
SQL: SELECT * FROM `m_navigation` WHERE ( parent_id=90 and is_lock=0 ) ORDER BY sort_id asc  [ RunTime:0.0000s ]
SQL: SELECT * FROM `m_navigation` WHERE ( parent_id=91 and is_lock=0 )  [ RunTime:0.0010s ]
SQL: SELECT * FROM `m_navigation` WHERE ( parent_id=142 and is_lock=0 )  [ RunTime:0.0000s ]
SQL: SELECT * FROM `m_navigation` WHERE ( parent_id=142 and is_lock=0 )  [ RunTime:0.0000s ]
SQL: SELECT * FROM `m_navigation` WHERE ( parent_id=146 and is_lock=0 )  [ RunTime:0.0000s ]
SQL: SELECT * FROM `m_navigation` WHERE ( parent_id=146 and is_lock=0 )  [ RunTime:0.0020s ]
NOTIC: [8] Undefined variable: html D:\wamp\www\aiyue\Apps\MomuAdmin\Action\ToolsAction.class.php 第 65 行.
SQL: SELECT * FROM `m_navigation` WHERE ( parent_id=92 and is_lock=0 ) ORDER BY sort_id asc  [ RunTime:0.0000s ]
SQL: SELECT * FROM `m_navigation` WHERE ( parent_id=93 and is_lock=0 )  [ RunTime:0.0010s ]
SQL: SELECT * FROM `m_navigation` WHERE ( parent_id=96 and is_lock=0 ) ORDER BY sort_id asc  [ RunTime:0.0010s ]
SQL: SELECT * FROM `m_navigation` WHERE ( parent_id=97 and is_lock=0 )  [ RunTime:0.0010s ]
SQL: SELECT * FROM `m_navigation` WHERE ( parent_id=3 and is_lock=0 ) ORDER BY sort_id asc  [ RunTime:0.0000s ]
SQL: SELECT * FROM `m_navigation` WHERE ( parent_id=36 and is_lock=0 )  [ RunTime:0.0000s ]
SQL: SELECT * FROM `m_navigation` WHERE ( parent_id=37 and is_lock=0 )  [ RunTime:0.0000s ]
SQL: SELECT * FROM `m_navigation` WHERE ( parent_id=38 and is_lock=0 )  [ RunTime:0.0000s ]
SQL: SELECT * FROM `m_navigation` WHERE ( parent_id=39 and is_lock=0 )  [ RunTime:0.0010s ]
SQL: SELECT * FROM `m_navigation` WHERE ( parent_id=40 and is_lock=0 )  [ RunTime:0.0000s ]
SQL: SELECT * FROM `m_navigation` WHERE ( parent_id=41 and is_lock=0 )  [ RunTime:0.0000s ]
SQL: SELECT * FROM `m_navigation` WHERE ( parent_id=42 and is_lock=0 )  [ RunTime:0.0000s ]
SQL: SELECT * FROM `m_navigation` WHERE ( parent_id=43 and is_lock=0 )  [ RunTime:0.0010s ]
SQL: SELECT * FROM `m_navigation` WHERE ( parent_id=44 and is_lock=0 )  [ RunTime:0.0000s ]
SQL: SELECT * FROM `m_navigation` WHERE ( parent_id=45 and is_lock=0 )  [ RunTime:0.0000s ]
SQL: SELECT * FROM `m_navigation` WHERE ( parent_id=46 and is_lock=0 )  [ RunTime:0.0000s ]
SQL: SELECT * FROM `m_navigation` WHERE ( parent_id=47 and is_lock=0 )  [ RunTime:0.0010s ]
SQL: SELECT * FROM `m_navigation` WHERE ( parent_id=48 and is_lock=0 )  [ RunTime:0.0010s ]
SQL: SELECT * FROM `m_navigation` WHERE ( parent_id=49 and is_lock=0 )  [ RunTime:0.0010s ]
SQL: SELECT * FROM `m_navigation` WHERE ( parent_id=50 and is_lock=0 )  [ RunTime:0.0010s ]
SQL: SELECT * FROM `m_navigation` WHERE ( parent_id=4 and is_lock=0 ) ORDER BY sort_id asc  [ RunTime:0.0010s ]
SQL: SELECT * FROM `m_navigation` WHERE ( parent_id=9 and is_lock=0 )  [ RunTime:0.0000s ]
SQL: SELECT * FROM `m_navigation` WHERE ( parent_id=10 and is_lock=0 )  [ RunTime:0.0000s ]
SQL: SELECT * FROM `m_navigation` WHERE ( parent_id=13 and is_lock=0 )  [ RunTime:0.0000s ]
SQL: SELECT * FROM `m_navigation` WHERE ( parent_id=15 and is_lock=0 )  [ RunTime:0.0010s ]
SQL: SELECT * FROM `m_navigation` WHERE ( parent_id=16 and is_lock=0 )  [ RunTime:0.0000s ]
SQL: SELECT * FROM `m_navigation` WHERE ( parent_id=17 and is_lock=0 )  [ RunTime:0.0000s ]
SQL: SELECT * FROM `m_navigation` WHERE ( parent_id=20 and is_lock=0 )  [ RunTime:0.0010s ]
SQL: SELECT * FROM `m_navigation` WHERE ( parent_id=5 and is_lock=0 )  [ RunTime:0.0000s ]
SQL: SELECT * FROM `m_navigation` WHERE ( parent_id=6 and is_lock=0 )  [ RunTime:0.0000s ]
INFO: [ app_end ] --START--
INFO: Run Behavior\ShowPageTraceBehavior [ RunTime:0.001000s ]
INFO: [ app_end ] --END-- [ RunTime:0.001000s ]

[ 2016-10-24T15:03:04+08:00 ] 127.0.0.1 /index.php/MomuAdmin/Index/center.html
INFO: [ app_init ] --START--
INFO: Run Behavior\BuildLiteBehavior [ RunTime:0.000000s ]
INFO: [ app_init ] --END-- [ RunTime:0.001000s ]
INFO: [ app_begin ] --START--
INFO: Run Behavior\ReadHtmlCacheBehavior [ RunTime:0.001000s ]
INFO: [ app_begin ] --END-- [ RunTime:0.003000s ]
INFO: [ view_parse ] --START--
INFO: [ template_filter ] --START--
INFO: Run Behavior\ContentReplaceBehavior [ RunTime:0.000000s ]
INFO: [ template_filter ] --END-- [ RunTime:0.000000s ]
NOTIC: [8] Undefined variable: uploadSetValue D:\wamp\www\aiyue\Apps\Runtime\Cache\MomuAdmin\3c2526ec326847e91cf016af4afdfd9f.php 第 32 行.
NOTIC: [8] Undefined variable: uploadSetValue D:\wamp\www\aiyue\Apps\Runtime\Cache\MomuAdmin\3c2526ec326847e91cf016af4afdfd9f.php 第 33 行.
NOTIC: [8] Undefined variable: uploadSetValue D:\wamp\www\aiyue\Apps\Runtime\Cache\MomuAdmin\3c2526ec326847e91cf016af4afdfd9f.php 第 34 行.
NOTIC: [8] Undefined variable: uploadSetValue D:\wamp\www\aiyue\Apps\Runtime\Cache\MomuAdmin\3c2526ec326847e91cf016af4afdfd9f.php 第 35 行.
NOTIC: [8] Undefined variable: uploadSetValue D:\wamp\www\aiyue\Apps\Runtime\Cache\MomuAdmin\3c2526ec326847e91cf016af4afdfd9f.php 第 36 行.
NOTIC: [8] Undefined variable: uploadSetValue D:\wamp\www\aiyue\Apps\Runtime\Cache\MomuAdmin\3c2526ec326847e91cf016af4afdfd9f.php 第 37 行.
INFO: Run Behavior\ParseTemplateBehavior [ RunTime:0.023001s ]
INFO: [ view_parse ] --END-- [ RunTime:0.024002s ]
INFO: [ view_filter ] --START--
INFO: Run Behavior\WriteHtmlCacheBehavior [ RunTime:0.001000s ]
INFO: [ view_filter ] --END-- [ RunTime:0.001000s ]
INFO: [ app_end ] --START--
INFO: Run Behavior\ShowPageTraceBehavior [ RunTime:0.001000s ]
INFO: [ app_end ] --END-- [ RunTime:0.002000s ]

[ 2016-10-24T15:03:04+08:00 ] 127.0.0.1 /index.php/MomuAdmin/Users/user_list
INFO: [ app_init ] --START--
INFO: Run Behavior\BuildLiteBehavior [ RunTime:0.000000s ]
INFO: [ app_init ] --END-- [ RunTime:0.001001s ]
INFO: [ app_begin ] --START--
INFO: Run Behavior\ReadHtmlCacheBehavior [ RunTime:0.002000s ]
INFO: [ app_begin ] --END-- [ RunTime:0.002000s ]
SQL: SHOW COLUMNS FROM `m_users` [ RunTime:0.0050s ]
SQL: SHOW COLUMNS FROM `m_users` [ RunTime:0.0050s ]
NOTIC: [2] implode(): Invalid arguments passed D:\wamp\www\aiyue\Apps\MomuAdmin\Model\CommonModel.class.php 第 19 行.
SQL: SELECT * FROM `m_users` ORDER BY reg_time desc  [ RunTime:0.0010s ]
NOTIC: [2] implode(): Invalid arguments passed D:\wamp\www\aiyue\Apps\MomuAdmin\Model\CommonModel.class.php 第 19 行.
SQL: SELECT * FROM `m_users` ORDER BY reg_time desc LIMIT 0,15   [ RunTime:0.0010s ]
SQL: SHOW COLUMNS FROM `m_user_groups` [ RunTime:0.0110s ]
SQL: SHOW COLUMNS FROM `m_user_groups` [ RunTime:0.0040s ]
SQL: SELECT `id`,`title` FROM `m_user_groups` ORDER BY id asc  [ RunTime:0.0010s ]
INFO: [ view_parse ] --START--
INFO: [ template_filter ] --START--
INFO: Run Behavior\ContentReplaceBehavior [ RunTime:0.000000s ]
INFO: [ template_filter ] --END-- [ RunTime:0.000000s ]
NOTIC: [8] Undefined index: txtKeywords D:\wamp\www\aiyue\Apps\Runtime\Cache\MomuAdmin\5ebefdf226a9862a4a7001c19ad64070.php 第 104 行.
NOTIC: [8] Undefined index: ddlGroupId D:\wamp\www\aiyue\Apps\Runtime\Cache\MomuAdmin\5ebefdf226a9862a4a7001c19ad64070.php 第 105 行.
NOTIC: [8] Undefined index: ddlGroupId D:\wamp\www\aiyue\Apps\Runtime\Cache\MomuAdmin\5ebefdf226a9862a4a7001c19ad64070.php 第 157 行.
NOTIC: [8] Undefined index: ddlGroupId D:\wamp\www\aiyue\Apps\Runtime\Cache\MomuAdmin\5ebefdf226a9862a4a7001c19ad64070.php 第 157 行.
NOTIC: [8] Undefined index: ddlGroupId D:\wamp\www\aiyue\Apps\Runtime\Cache\MomuAdmin\5ebefdf226a9862a4a7001c19ad64070.php 第 157 行.
NOTIC: [8] Undefined index: ddlGroupId D:\wamp\www\aiyue\Apps\Runtime\Cache\MomuAdmin\5ebefdf226a9862a4a7001c19ad64070.php 第 157 行.
NOTIC: [8] Undefined index: txtKeywords D:\wamp\www\aiyue\Apps\Runtime\Cache\MomuAdmin\5ebefdf226a9862a4a7001c19ad64070.php 第 164 行.
SQL: SELECT `title` FROM `m_user_groups` WHERE `id` = 1 LIMIT 1   [ RunTime:0.0010s ]
SQL: SELECT `title` FROM `m_user_groups` WHERE `id` = 1 LIMIT 1   [ RunTime:0.0020s ]
SQL: SELECT `title` FROM `m_user_groups` WHERE `id` = 1 LIMIT 1   [ RunTime:0.0010s ]
SQL: SELECT `title` FROM `m_user_groups` WHERE `id` = 1 LIMIT 1   [ RunTime:0.0010s ]
SQL: SELECT `title` FROM `m_user_groups` WHERE `id` = 1 LIMIT 1   [ RunTime:0.0050s ]
INFO: Run Behavior\ParseTemplateBehavior [ RunTime:0.048003s ]
INFO: [ view_parse ] --END-- [ RunTime:0.048003s ]
INFO: [ view_filter ] --START--
INFO: Run Behavior\WriteHtmlCacheBehavior [ RunTime:0.001000s ]
INFO: [ view_filter ] --END-- [ RunTime:0.001000s ]
INFO: [ app_end ] --START--
INFO: Run Behavior\ShowPageTraceBehavior [ RunTime:0.000000s ]
INFO: [ app_end ] --END-- [ RunTime:0.001000s ]

[ 2016-10-24T15:03:23+08:00 ] 127.0.0.1 /index.php/MomuAdmin/Channel/channel_list
INFO: [ app_init ] --START--
INFO: Run Behavior\BuildLiteBehavior [ RunTime:0.000000s ]
INFO: [ app_init ] --END-- [ RunTime:0.001000s ]
INFO: [ app_begin ] --START--
INFO: Run Behavior\ReadHtmlCacheBehavior [ RunTime:0.001000s ]
INFO: [ app_begin ] --END-- [ RunTime:0.001000s ]
NOTIC: [8] Undefined index: channel_id D:\wamp\www\aiyue\Apps\MomuAdmin\Action\ChannelAction.class.php 第 7 行.
SQL: SHOW COLUMNS FROM `m_channel` [ RunTime:0.0130s ]
SQL: SELECT COUNT(*) AS tp_count FROM m_channel c LIMIT 1   [ RunTime:0.0000s ]
SQL: SELECT * FROM m_channel c ORDER BY sort_id desc LIMIT 0,15   [ RunTime:0.0000s ]
NOTIC: [8] Undefined index: channelwords D:\wamp\www\aiyue\Apps\MomuAdmin\Action\ChannelAction.class.php 第 106 行.
INFO: [ view_parse ] --START--
INFO: [ template_filter ] --START--
INFO: Run Behavior\ContentReplaceBehavior [ RunTime:0.001000s ]
INFO: [ template_filter ] --END-- [ RunTime:0.001000s ]
NOTIC: [8] Undefined variable: sites D:\wamp\www\aiyue\Apps\Runtime\Cache\MomuAdmin\a3bac32c5d73b46a86f5a1c0662c1336.php 第 113 行.
NOTIC: [8] Undefined index: channelType D:\wamp\www\aiyue\Apps\Runtime\Cache\MomuAdmin\a3bac32c5d73b46a86f5a1c0662c1336.php 第 121 行.
NOTIC: [8] Undefined index: channelType D:\wamp\www\aiyue\Apps\Runtime\Cache\MomuAdmin\a3bac32c5d73b46a86f5a1c0662c1336.php 第 122 行.
NOTIC: [8] Undefined index: channelType D:\wamp\www\aiyue\Apps\Runtime\Cache\MomuAdmin\a3bac32c5d73b46a86f5a1c0662c1336.php 第 123 行.
INFO: Run Behavior\ParseTemplateBehavior [ RunTime:0.025002s ]
INFO: [ view_parse ] --END-- [ RunTime:0.026002s ]
INFO: [ view_filter ] --START--
INFO: Run Behavior\WriteHtmlCacheBehavior [ RunTime:0.000000s ]
INFO: [ view_filter ] --END-- [ RunTime:0.000000s ]
INFO: [ app_end ] --START--
INFO: Run Behavior\ShowPageTraceBehavior [ RunTime:0.002000s ]
INFO: [ app_end ] --END-- [ RunTime:0.002000s ]

[ 2016-10-24T15:03:28+08:00 ] 127.0.0.1 /index.php/MomuAdmin/Channel/channel_edit/id/24
INFO: [ app_init ] --START--
INFO: Run Behavior\BuildLiteBehavior [ RunTime:0.000000s ]
INFO: [ app_init ] --END-- [ RunTime:0.001000s ]
INFO: [ app_begin ] --START--
INFO: Run Behavior\ReadHtmlCacheBehavior [ RunTime:0.001000s ]
INFO: [ app_begin ] --END-- [ RunTime:0.001000s ]
NOTIC: [8] Undefined index: channel_id D:\wamp\www\aiyue\Apps\MomuAdmin\Action\ChannelAction.class.php 第 7 行.
SQL: SHOW COLUMNS FROM `m_channel` [ RunTime:0.0050s ]
SQL: SHOW COLUMNS FROM `m_channel` [ RunTime:0.0020s ]
NOTIC: [2] implode(): Invalid arguments passed D:\wamp\www\aiyue\Apps\MomuAdmin\Model\CommonModel.class.php 第 19 行.
SQL: SELECT * FROM `m_channel` WHERE `id` = 24 LIMIT 1   [ RunTime:0.0010s ]
SQL: SHOW COLUMNS FROM `m_article_attribute_field` [ RunTime:0.0130s ]
SQL: SHOW COLUMNS FROM `m_article_attribute_field` [ RunTime:0.0030s ]
NOTIC: [2] implode(): Invalid arguments passed D:\wamp\www\aiyue\Apps\MomuAdmin\Model\CommonModel.class.php 第 19 行.
NOTIC: [8] Trying to get property of non-object D:\wamp\www\aiyue\Apps\MomuAdmin\Model\CommonModel.class.php 第 31 行.
NOTIC: [8] Trying to get property of non-object D:\wamp\www\aiyue\Apps\MomuAdmin\Model\CommonModel.class.php 第 31 行.
SQL: SELECT * FROM `m_article_attribute_field` WHERE `belongstab` = 1  [ RunTime:0.0010s ]
INFO: [ view_parse ] --START--
INFO: [ template_filter ] --START--
INFO: Run Behavior\ContentReplaceBehavior [ RunTime:0.000000s ]
INFO: [ template_filter ] --END-- [ RunTime:0.000000s ]
NOTIC: [8] Undefined variable: sites D:\wamp\www\aiyue\Apps\Runtime\Cache\MomuAdmin\148b57e14d03209689039dd9ae8d556a.php 第 94 行.
SQL: SHOW COLUMNS FROM `m_channel_field` [ RunTime:0.0130s ]
SQL: SELECT `field_id` FROM `m_channel_field` WHERE `channel_id` = 24  [ RunTime:0.0010s ]
SQL: SELECT `field_id` FROM `m_channel_field` WHERE `channel_id` = 24  [ RunTime:0.0010s ]
SQL: SELECT `field_id` FROM `m_channel_field` WHERE `channel_id` = 24  [ RunTime:0.0000s ]
SQL: SELECT `field_id` FROM `m_channel_field` WHERE `channel_id` = 24  [ RunTime:0.0000s ]
SQL: SELECT `field_id` FROM `m_channel_field` WHERE `channel_id` = 24  [ RunTime:0.0000s ]
SQL: SELECT `field_id` FROM `m_channel_field` WHERE `channel_id` = 24  [ RunTime:0.0000s ]
SQL: SELECT `field_id` FROM `m_channel_field` WHERE `channel_id` = 24  [ RunTime:0.0000s ]
SQL: SELECT `field_id` FROM `m_channel_field` WHERE `channel_id` = 24  [ RunTime:0.0000s ]
SQL: SELECT `field_id` FROM `m_channel_field` WHERE `channel_id` = 24  [ RunTime:0.0000s ]
SQL: SELECT `field_id` FROM `m_channel_field` WHERE `channel_id` = 24  [ RunTime:0.0010s ]
SQL: SHOW COLUMNS FROM `m_news_field` [ RunTime:0.0080s ]
SQL: SELECT `field_id` FROM `m_news_field` WHERE `channel_id` = 24  [ RunTime:0.0010s ]
SQL: SELECT `field_id` FROM `m_news_field` WHERE `channel_id` = 24  [ RunTime:0.0010s ]
SQL: SELECT `field_id` FROM `m_news_field` WHERE `channel_id` = 24  [ RunTime:0.0000s ]
SQL: SELECT `field_id` FROM `m_news_field` WHERE `channel_id` = 24  [ RunTime:0.0000s ]
SQL: SELECT `field_id` FROM `m_news_field` WHERE `channel_id` = 24  [ RunTime:0.0000s ]
SQL: SELECT `field_id` FROM `m_news_field` WHERE `channel_id` = 24  [ RunTime:0.0000s ]
SQL: SELECT `field_id` FROM `m_news_field` WHERE `channel_id` = 24  [ RunTime:0.0000s ]
SQL: SELECT `field_id` FROM `m_news_field` WHERE `channel_id` = 24  [ RunTime:0.0010s ]
SQL: SELECT `field_id` FROM `m_news_field` WHERE `channel_id` = 24  [ RunTime:0.0000s ]
SQL: SELECT `field_id` FROM `m_news_field` WHERE `channel_id` = 24  [ RunTime:0.0000s ]
SQL: SHOW COLUMNS FROM `m_search_field` [ RunTime:0.0130s ]
SQL: SELECT `field_id` FROM `m_search_field` WHERE `channel_id` = 24  [ RunTime:0.0000s ]
SQL: SELECT `field_id` FROM `m_search_field` WHERE `channel_id` = 24  [ RunTime:0.0000s ]
SQL: SELECT `field_id` FROM `m_search_field` WHERE `channel_id` = 24  [ RunTime:0.0010s ]
SQL: SELECT `field_id` FROM `m_search_field` WHERE `channel_id` = 24  [ RunTime:0.0000s ]
SQL: SELECT `field_id` FROM `m_search_field` WHERE `channel_id` = 24  [ RunTime:0.0000s ]
SQL: SELECT `field_id` FROM `m_search_field` WHERE `channel_id` = 24  [ RunTime:0.0000s ]
SQL: SELECT `field_id` FROM `m_search_field` WHERE `channel_id` = 24  [ RunTime:0.0000s ]
SQL: SELECT `field_id` FROM `m_search_field` WHERE `channel_id` = 24  [ RunTime:0.0000s ]
SQL: SELECT `field_id` FROM `m_search_field` WHERE `channel_id` = 24  [ RunTime:0.0000s ]
SQL: SELECT `field_id` FROM `m_search_field` WHERE `channel_id` = 24  [ RunTime:0.0000s ]
INFO: Run Behavior\ParseTemplateBehavior [ RunTime:0.099006s ]
INFO: [ view_parse ] --END-- [ RunTime:0.101006s ]
INFO: [ view_filter ] --START--
INFO: Run Behavior\WriteHtmlCacheBehavior [ RunTime:0.001000s ]
INFO: [ view_filter ] --END-- [ RunTime:0.001000s ]
INFO: [ app_end ] --START--
INFO: Run Behavior\ShowPageTraceBehavior [ RunTime:0.001000s ]
INFO: [ app_end ] --END-- [ RunTime:0.001000s ]

